2025-11-28 13:57:16.142 [background-preinit] INFO  org.hibernate.validator.internal.util.Version - HV000001: Hibernate Validator 8.0.1.Final
2025-11-28 13:57:16.209 [restartedMain] INFO  org.bem.iot.BemiotApplication - Starting BemiotApplication using Java 17.0.15 with PID 17172 (D:\www\AIOT\bemiot\bemiot\out\production\classes started by bemjsy in D:\www\AIOT\bemiot\bemiot)
2025-11-28 13:57:16.210 [restartedMain] INFO  org.bem.iot.BemiotApplication - The following 1 profile is active: "dev"
2025-11-28 13:57:16.274 [restartedMain] INFO  o.s.boot.devtools.restart.ChangeableUrls - The Class-Path manifest attribute in C:\Users\bemjsy\.m2\repository\org\bytedeco\javacv\1.5.10\javacv-1.5.10.jar referenced one or more files that do not exist: file:/C:/Users/bemjsy/.m2/repository/org/bytedeco/javacv/1.5.10/javacpp.jar,file:/C:/Users/bemjsy/.m2/repository/org/bytedeco/javacv/1.5.10/openblas.jar,file:/C:/Users/bemjsy/.m2/repository/org/bytedeco/javacv/1.5.10/opencv.jar,file:/C:/Users/bemjsy/.m2/repository/org/bytedeco/javacv/1.5.10/ffmpeg.jar,file:/C:/Users/bemjsy/.m2/repository/org/bytedeco/javacv/1.5.10/flycapture.jar,file:/C:/Users/bemjsy/.m2/repository/org/bytedeco/javacv/1.5.10/libdc1394.jar,file:/C:/Users/bemjsy/.m2/repository/org/bytedeco/javacv/1.5.10/libfreenect.jar,file:/C:/Users/bemjsy/.m2/repository/org/bytedeco/javacv/1.5.10/libfreenect2.jar,file:/C:/Users/bemjsy/.m2/repository/org/bytedeco/javacv/1.5.10/librealsense.jar,file:/C:/Users/bemjsy/.m2/repository/org/bytedeco/javacv/1.5.10/librealsense2.jar,file:/C:/Users/bemjsy/.m2/repository/org/bytedeco/javacv/1.5.10/videoinput.jar,file:/C:/Users/bemjsy/.m2/repository/org/bytedeco/javacv/1.5.10/artoolkitplus.jar,file:/C:/Users/bemjsy/.m2/repository/org/bytedeco/javacv/1.5.10/flandmark.jar,file:/C:/Users/bemjsy/.m2/repository/org/bytedeco/javacv/1.5.10/leptonica.jar,file:/C:/Users/bemjsy/.m2/repository/org/bytedeco/javacv/1.5.10/tesseract.jar,file:/C:/Users/bemjsy/.m2/repository/org/bytedeco/javacv/1.5.10/javacpp-1.5.10.jar,file:/C:/Users/bemjsy/.m2/repository/org/bytedeco/javacv/1.5.10/openblas-0.3.26-1.5.10.jar,file:/C:/Users/bemjsy/.m2/repository/org/bytedeco/javacv/1.5.10/opencv-4.9.0-1.5.10.jar,file:/C:/Users/bemjsy/.m2/repository/org/bytedeco/javacv/1.5.10/ffmpeg-6.1.1-1.5.10.jar,file:/C:/Users/bemjsy/.m2/repository/org/bytedeco/javacv/1.5.10/flycapture-2.13.3.31-1.5.9.jar,file:/C:/Users/bemjsy/.m2/repository/org/bytedeco/javacv/1.5.10/libdc1394-2.2.6-1.5.9.jar,file:/C:/Users/bemjsy/.m2/repository/org/bytedeco/javacv/1.5.10/libfreenect-0.5.7-1.5.9.jar,file:/C:/Users/bemjsy/.m2/repository/org/bytedeco/javacv/1.5.10/libfreenect2-0.2.0-1.5.9.jar,file:/C:/Users/bemjsy/.m2/repository/org/bytedeco/javacv/1.5.10/librealsense-1.12.4-1.5.9.jar,file:/C:/Users/bemjsy/.m2/repository/org/bytedeco/javacv/1.5.10/librealsense2-2.53.1-1.5.9.jar,file:/C:/Users/bemjsy/.m2/repository/org/bytedeco/javacv/1.5.10/videoinput-0.200-1.5.9.jar,file:/C:/Users/bemjsy/.m2/repository/org/bytedeco/javacv/1.5.10/artoolkitplus-2.3.1-1.5.9.jar,file:/C:/Users/bemjsy/.m2/repository/org/bytedeco/javacv/1.5.10/leptonica-1.84.1-1.5.10.jar,file:/C:/Users/bemjsy/.m2/repository/org/bytedeco/javacv/1.5.10/tesseract-5.3.4-1.5.10.jar,file:/C:/Users/bemjsy/.m2/repository/org/bytedeco/javacv/1.5.10/android-4.1.1.4.jar,file:/C:/Users/bemjsy/.m2/repository/org/bytedeco/javacv/1.5.10/gluegen-rt-main-2.3.2.jar,file:/C:/Users/bemjsy/.m2/repository/org/bytedeco/javacv/1.5.10/gluegen-rt-2.3.2.jar,file:/C:/Users/bemjsy/.m2/repository/org/bytedeco/javacv/1.5.10/gluegen-rt-2.3.2-natives-android-aarch64.jar,file:/C:/Users/bemjsy/.m2/repository/org/bytedeco/javacv/1.5.10/gluegen-rt-2.3.2-natives-android-armv6.jar,file:/C:/Users/bemjsy/.m2/repository/org/bytedeco/javacv/1.5.10/gluegen-rt-2.3.2-natives-linux-amd64.jar,file:/C:/Users/bemjsy/.m2/repository/org/bytedeco/javacv/1.5.10/gluegen-rt-2.3.2-natives-linux-armv6.jar,file:/C:/Users/bemjsy/.m2/repository/org/bytedeco/javacv/1.5.10/gluegen-rt-2.3.2-natives-linux-armv6hf.jar,file:/C:/Users/bemjsy/.m2/repository/org/bytedeco/javacv/1.5.10/gluegen-rt-2.3.2-natives-linux-i586.jar,file:/C:/Users/bemjsy/.m2/repository/org/bytedeco/javacv/1.5.10/gluegen-rt-2.3.2-natives-macosx-universal.jar,file:/C:/Users/bemjsy/.m2/repository/org/bytedeco/javacv/1.5.10/gluegen-rt-2.3.2-natives-solaris-amd64.jar,file:/C:/Users/bemjsy/.m2/repository/org/bytedeco/javacv/1.5.10/gluegen-rt-2.3.2-natives-solaris-i586.jar,file:/C:/Users/bemjsy/.m2/repository/org/bytedeco/javacv/1.5.10/gluegen-rt-2.3.2-natives-windows-amd64.jar,file:/C:/Users/bemjsy/.m2/repository/org/bytedeco/javacv/1.5.10/gluegen-rt-2.3.2-natives-windows-i586.jar,file:/C:/Users/bemjsy/.m2/repository/org/bytedeco/javacv/1.5.10/jogl-all-main-2.3.2.jar,file:/C:/Users/bemjsy/.m2/repository/org/bytedeco/javacv/1.5.10/jogl-all-2.3.2.jar,file:/C:/Users/bemjsy/.m2/repository/org/bytedeco/javacv/1.5.10/jogl-all-2.3.2-natives-android-aarch64.jar,file:/C:/Users/bemjsy/.m2/repository/org/bytedeco/javacv/1.5.10/jogl-all-2.3.2-natives-android-armv6.jar,file:/C:/Users/bemjsy/.m2/repository/org/bytedeco/javacv/1.5.10/jogl-all-2.3.2-natives-linux-amd64.jar,file:/C:/Users/bemjsy/.m2/repository/org/bytedeco/javacv/1.5.10/jogl-all-2.3.2-natives-linux-armv6.jar,file:/C:/Users/bemjsy/.m2/repository/org/bytedeco/javacv/1.5.10/jogl-all-2.3.2-natives-linux-armv6hf.jar,file:/C:/Users/bemjsy/.m2/repository/org/bytedeco/javacv/1.5.10/jogl-all-2.3.2-natives-linux-i586.jar,file:/C:/Users/bemjsy/.m2/repository/org/bytedeco/javacv/1.5.10/jogl-all-2.3.2-natives-macosx-universal.jar,file:/C:/Users/bemjsy/.m2/repository/org/bytedeco/javacv/1.5.10/jogl-all-2.3.2-natives-solaris-amd64.jar,file:/C:/Users/bemjsy/.m2/repository/org/bytedeco/javacv/1.5.10/jogl-all-2.3.2-natives-solaris-i586.jar,file:/C:/Users/bemjsy/.m2/repository/org/bytedeco/javacv/1.5.10/jogl-all-2.3.2-natives-windows-amd64.jar,file:/C:/Users/bemjsy/.m2/repository/org/bytedeco/javacv/1.5.10/jogl-all-2.3.2-natives-windows-i586.jar,file:/C:/Users/bemjsy/.m2/repository/org/bytedeco/javacv/1.5.10/jocl-main-2.3.2.jar,file:/C:/Users/bemjsy/.m2/repository/org/bytedeco/javacv/1.5.10/jocl-2.3.2.jar,file:/C:/Users/bemjsy/.m2/repository/org/bytedeco/javacv/1.5.10/jocl-2.3.2-natives-android-aarch64.jar,file:/C:/Users/bemjsy/.m2/repository/org/bytedeco/javacv/1.5.10/jocl-2.3.2-natives-android-armv6.jar,file:/C:/Users/bemjsy/.m2/repository/org/bytedeco/javacv/1.5.10/jocl-2.3.2-natives-linux-amd64.jar,file:/C:/Users/bemjsy/.m2/repository/org/bytedeco/javacv/1.5.10/jocl-2.3.2-natives-linux-armv6.jar,file:/C:/Users/bemjsy/.m2/repository/org/bytedeco/javacv/1.5.10/jocl-2.3.2-natives-linux-armv6hf.jar,file:/C:/Users/bemjsy/.m2/repository/org/bytedeco/javacv/1.5.10/jocl-2.3.2-natives-linux-i586.jar,file:/C:/Users/bemjsy/.m2/repository/org/bytedeco/javacv/1.5.10/jocl-2.3.2-natives-macosx-universal.jar,file:/C:/Users/bemjsy/.m2/repository/org/bytedeco/javacv/1.5.10/jocl-2.3.2-natives-solaris-amd64.jar,file:/C:/Users/bemjsy/.m2/repository/org/bytedeco/javacv/1.5.10/jocl-2.3.2-natives-solaris-i586.jar,file:/C:/Users/bemjsy/.m2/repository/org/bytedeco/javacv/1.5.10/jocl-2.3.2-natives-windows-amd64.jar,file:/C:/Users/bemjsy/.m2/repository/org/bytedeco/javacv/1.5.10/jocl-2.3.2-natives-windows-i586.jar
2025-11-28 13:57:16.274 [restartedMain] INFO  o.s.boot.devtools.restart.ChangeableUrls - The Class-Path manifest attribute in C:\Users\bemjsy\.m2\repository\org\bytedeco\ffmpeg\6.1.1-1.5.10\ffmpeg-6.1.1-1.5.10.jar referenced one or more files that do not exist: file:/C:/Users/bemjsy/.m2/repository/org/bytedeco/ffmpeg/6.1.1-1.5.10/javacpp.jar
2025-11-28 13:57:16.274 [restartedMain] INFO  o.s.boot.devtools.restart.ChangeableUrls - The Class-Path manifest attribute in C:\Users\bemjsy\.m2\repository\org\bytedeco\opencv\4.9.0-1.5.10\opencv-4.9.0-1.5.10.jar referenced one or more files that do not exist: file:/C:/Users/bemjsy/.m2/repository/org/bytedeco/opencv/4.9.0-1.5.10/javacpp.jar
2025-11-28 13:57:16.274 [restartedMain] INFO  o.s.boot.devtools.restart.ChangeableUrls - The Class-Path manifest attribute in C:\Users\bemjsy\.m2\repository\org\bytedeco\openblas\0.3.26-1.5.10\openblas-0.3.26-1.5.10.jar referenced one or more files that do not exist: file:/C:/Users/bemjsy/.m2/repository/org/bytedeco/openblas/0.3.26-1.5.10/javacpp.jar
2025-11-28 13:57:16.274 [restartedMain] INFO  o.s.boot.devtools.restart.ChangeableUrls - The Class-Path manifest attribute in C:\Users\bemjsy\.m2\repository\org\bytedeco\flycapture\2.13.3.31-1.5.9\flycapture-2.13.3.31-1.5.9.jar referenced one or more files that do not exist: file:/C:/Users/bemjsy/.m2/repository/org/bytedeco/flycapture/2.13.3.31-1.5.9/javacpp.jar
2025-11-28 13:57:16.274 [restartedMain] INFO  o.s.boot.devtools.restart.ChangeableUrls - The Class-Path manifest attribute in C:\Users\bemjsy\.m2\repository\org\bytedeco\libdc1394\2.2.6-1.5.9\libdc1394-2.2.6-1.5.9.jar referenced one or more files that do not exist: file:/C:/Users/bemjsy/.m2/repository/org/bytedeco/libdc1394/2.2.6-1.5.9/javacpp.jar
2025-11-28 13:57:16.274 [restartedMain] INFO  o.s.boot.devtools.restart.ChangeableUrls - The Class-Path manifest attribute in C:\Users\bemjsy\.m2\repository\org\bytedeco\libfreenect\0.5.7-1.5.9\libfreenect-0.5.7-1.5.9.jar referenced one or more files that do not exist: file:/C:/Users/bemjsy/.m2/repository/org/bytedeco/libfreenect/0.5.7-1.5.9/javacpp.jar
2025-11-28 13:57:16.274 [restartedMain] INFO  o.s.boot.devtools.restart.ChangeableUrls - The Class-Path manifest attribute in C:\Users\bemjsy\.m2\repository\org\bytedeco\libfreenect2\0.2.0-1.5.9\libfreenect2-0.2.0-1.5.9.jar referenced one or more files that do not exist: file:/C:/Users/bemjsy/.m2/repository/org/bytedeco/libfreenect2/0.2.0-1.5.9/javacpp.jar
2025-11-28 13:57:16.274 [restartedMain] INFO  o.s.boot.devtools.restart.ChangeableUrls - The Class-Path manifest attribute in C:\Users\bemjsy\.m2\repository\org\bytedeco\librealsense\1.12.4-1.5.9\librealsense-1.12.4-1.5.9.jar referenced one or more files that do not exist: file:/C:/Users/bemjsy/.m2/repository/org/bytedeco/librealsense/1.12.4-1.5.9/javacpp.jar
2025-11-28 13:57:16.274 [restartedMain] INFO  o.s.boot.devtools.restart.ChangeableUrls - The Class-Path manifest attribute in C:\Users\bemjsy\.m2\repository\org\bytedeco\librealsense2\2.53.1-1.5.9\librealsense2-2.53.1-1.5.9.jar referenced one or more files that do not exist: file:/C:/Users/bemjsy/.m2/repository/org/bytedeco/librealsense2/2.53.1-1.5.9/javacpp.jar
2025-11-28 13:57:16.275 [restartedMain] INFO  o.s.boot.devtools.restart.ChangeableUrls - The Class-Path manifest attribute in C:\Users\bemjsy\.m2\repository\org\bytedeco\videoinput\0.200-1.5.9\videoinput-0.200-1.5.9.jar referenced one or more files that do not exist: file:/C:/Users/bemjsy/.m2/repository/org/bytedeco/videoinput/0.200-1.5.9/javacpp.jar
2025-11-28 13:57:16.275 [restartedMain] INFO  o.s.boot.devtools.restart.ChangeableUrls - The Class-Path manifest attribute in C:\Users\bemjsy\.m2\repository\org\bytedeco\artoolkitplus\2.3.1-1.5.9\artoolkitplus-2.3.1-1.5.9.jar referenced one or more files that do not exist: file:/C:/Users/bemjsy/.m2/repository/org/bytedeco/artoolkitplus/2.3.1-1.5.9/javacpp.jar
2025-11-28 13:57:16.275 [restartedMain] INFO  o.s.boot.devtools.restart.ChangeableUrls - The Class-Path manifest attribute in C:\Users\bemjsy\.m2\repository\org\bytedeco\tesseract\5.3.4-1.5.10\tesseract-5.3.4-1.5.10.jar referenced one or more files that do not exist: file:/C:/Users/bemjsy/.m2/repository/org/bytedeco/tesseract/5.3.4-1.5.10/javacpp.jar
2025-11-28 13:57:16.275 [restartedMain] INFO  o.s.boot.devtools.restart.ChangeableUrls - The Class-Path manifest attribute in C:\Users\bemjsy\.m2\repository\org\bytedeco\leptonica\1.84.1-1.5.10\leptonica-1.84.1-1.5.10.jar referenced one or more files that do not exist: file:/C:/Users/bemjsy/.m2/repository/org/bytedeco/leptonica/1.84.1-1.5.10/javacpp.jar
2025-11-28 13:57:16.275 [restartedMain] INFO  o.s.b.d.env.DevToolsPropertyDefaultsPostProcessor - Devtools property defaults active! Set 'spring.devtools.add-properties' to 'false' to disable
2025-11-28 13:57:16.275 [restartedMain] INFO  o.s.b.d.env.DevToolsPropertyDefaultsPostProcessor - For additional web related logging consider setting the 'logging.level.web' property to 'DEBUG'
2025-11-28 13:57:17.480 [restartedMain] INFO  o.s.d.r.config.RepositoryConfigurationDelegate - Multiple Spring Data modules found, entering strict repository configuration mode
2025-11-28 13:57:17.481 [restartedMain] INFO  o.s.d.r.config.RepositoryConfigurationDelegate - Bootstrapping Spring Data JDBC repositories in DEFAULT mode.
2025-11-28 13:57:17.531 [restartedMain] INFO  o.s.d.r.config.RepositoryConfigurationDelegate - Finished Spring Data repository scanning in 42 ms. Found 0 JDBC repository interfaces.
2025-11-28 13:57:17.549 [restartedMain] INFO  o.s.d.r.config.RepositoryConfigurationDelegate - Multiple Spring Data modules found, entering strict repository configuration mode
2025-11-28 13:57:17.550 [restartedMain] INFO  o.s.d.r.config.RepositoryConfigurationDelegate - Bootstrapping Spring Data Redis repositories in DEFAULT mode.
2025-11-28 13:57:17.571 [restartedMain] INFO  o.s.d.r.config.RepositoryConfigurationDelegate - Finished Spring Data repository scanning in 11 ms. Found 0 Redis repository interfaces.
2025-11-28 13:57:18.204 [restartedMain] WARN  o.s.c.s.PostProcessorRegistrationDelegate$BeanPostProcessorChecker - Bean 'redisCacheConfig' of type [org.bem.iot.config.RedisCacheConfig$$SpringCGLIB$$0] is not eligible for getting processed by all BeanPostProcessors (for example: not eligible for auto-proxying). Is this bean getting eagerly injected into a currently created BeanPostProcessor [projectingArgumentResolverBeanPostProcessor]? Check the corresponding BeanPostProcessor declaration and its dependencies.
2025-11-28 13:57:18.566 [restartedMain] WARN  io.undertow.websockets.jsr - UT026010: Buffer pool was not set on WebSocketDeploymentInfo, the default pool will be used
2025-11-28 13:57:18.598 [restartedMain] INFO  io.undertow.servlet - Initializing Spring embedded WebApplicationContext
2025-11-28 13:57:18.599 [restartedMain] INFO  o.s.b.w.s.c.ServletWebServerApplicationContext - Root WebApplicationContext: initialization completed in 2323 ms
2025-11-28 13:57:18.834 [restartedMain] DEBUG c.b.m.e.spring.MybatisSqlSessionFactoryBean - Registered plugin: 'com.baomidou.mybatisplus.extension.plugins.MybatisPlusInterceptor@71ee4561'
2025-11-28 13:57:18.836 [restartedMain] DEBUG c.b.m.e.spring.MybatisSqlSessionFactoryBean - Property 'mapperLocations' was not specified.
2025-11-28 13:57:21.039 [restartedMain] INFO  org.bem.iot.media.context.MediaServerContext - 【MediaServer】HTTP流媒体服务启动：成功，端口：7080
2025-11-28 13:57:21.041 [restartedMain] INFO  org.bem.iot.media.context.MediaServerContext - 【MediaServer】RTSP流媒体服务启动：成功，端口：7554
2025-11-28 13:57:21.042 [restartedMain] INFO  org.bem.iot.media.context.MediaServerContext - 【MediaServer】RTMP流媒体服务启动：成功，端口：7935
2025-11-28 13:57:21.044 [restartedMain] INFO  org.bem.iot.media.context.MediaServerContext - 【MediaServer】RTC流媒体服务启动：成功，端口：8000
2025-11-28 13:57:21.044 [restartedMain] INFO  org.bem.iot.media.context.MediaServerContext - 【MediaServer】初始化MediaServer程序成功
2025-11-28 13:57:21.884 [restartedMain] INFO  com.zaxxer.hikari.HikariDataSource - HikariPool-1 - Starting...
2025-11-28 13:57:22.141 [restartedMain] INFO  com.zaxxer.hikari.pool.HikariPool - HikariPool-1 - Added connection org.postgresql.jdbc.PgConnection@6ff1d6d2
2025-11-28 13:57:22.143 [restartedMain] INFO  com.zaxxer.hikari.HikariDataSource - HikariPool-1 - Start completed.
2025-11-28 13:57:22.459 [restartedMain] INFO  o.s.b.d.autoconfigure.OptionalLiveReloadServer - LiveReload server is running on port 35729
2025-11-28 13:57:22.529 [restartedMain] INFO  io.undertow - starting server: Undertow - 2.3.12.Final
2025-11-28 13:57:22.542 [restartedMain] INFO  org.xnio - XNIO version 3.8.8.Final
2025-11-28 13:57:22.553 [restartedMain] INFO  org.xnio.nio - XNIO NIO Implementation Version 3.8.8.Final
2025-11-28 13:57:22.587 [restartedMain] INFO  org.jboss.threads - JBoss Threads version 3.5.0.Final
2025-11-28 13:57:22.960 [restartedMain] INFO  o.s.boot.web.embedded.undertow.UndertowWebServer - Undertow started on port 8010 (http)
2025-11-28 13:57:22.973 [restartedMain] INFO  org.bem.iot.BemiotApplication - Started BemiotApplication in 7.314 seconds (process running for 9.681)
2025-11-28 13:57:22.977 [restartedMain] DEBUG c.b.mybatisplus.autoconfigure.DdlApplicationRunner -   ...  DDL start create  ...  
2025-11-28 13:57:22.978 [restartedMain] DEBUG c.b.mybatisplus.autoconfigure.DdlApplicationRunner -   ...  DDL end create  ...  
2025-11-28 13:58:18.164 [XNIO-1 task-2] INFO  io.undertow.servlet - Initializing Spring DispatcherServlet 'dispatcherServlet'
2025-11-28 13:58:18.165 [XNIO-1 task-2] INFO  org.springframework.web.servlet.DispatcherServlet - Initializing Servlet 'dispatcherServlet'
2025-11-28 13:58:18.172 [XNIO-1 task-2] INFO  org.springframework.web.servlet.DispatcherServlet - Completed initialization in 6 ms
2025-11-28 13:58:58.030 [lettuce-nioEventLoop-4-1] INFO  io.lettuce.core.protocol.CommandHandler - null Unexpected exception during request: java.net.SocketException: Connection reset
java.net.SocketException: Connection reset
	at java.base/sun.nio.ch.SocketChannelImpl.throwConnectionReset(SocketChannelImpl.java:394)
	at java.base/sun.nio.ch.SocketChannelImpl.read(SocketChannelImpl.java:426)
	at io.netty.buffer.PooledByteBuf.setBytes(PooledByteBuf.java:255)
	at io.netty.buffer.AbstractByteBuf.writeBytes(AbstractByteBuf.java:1132)
	at io.netty.channel.socket.nio.NioSocketChannel.doReadBytes(NioSocketChannel.java:357)
	at io.netty.channel.nio.AbstractNioByteChannel$NioByteUnsafe.read(AbstractNioByteChannel.java:151)
	at io.netty.channel.nio.NioEventLoop.processSelectedKey(NioEventLoop.java:788)
	at io.netty.channel.nio.NioEventLoop.processSelectedKeysOptimized(NioEventLoop.java:724)
	at io.netty.channel.nio.NioEventLoop.processSelectedKeys(NioEventLoop.java:650)
	at io.netty.channel.nio.NioEventLoop.run(NioEventLoop.java:562)
	at io.netty.util.concurrent.SingleThreadEventExecutor$4.run(SingleThreadEventExecutor.java:997)
	at io.netty.util.internal.ThreadExecutorMap$2.run(ThreadExecutorMap.java:74)
	at io.netty.util.concurrent.FastThreadLocalRunnable.run(FastThreadLocalRunnable.java:30)
	at java.base/java.lang.Thread.run(Thread.java:840)
2025-11-28 13:58:58.103 [lettuce-eventExecutorLoop-1-1] INFO  io.lettuce.core.protocol.ConnectionWatchdog - Reconnecting, last destination was /127.0.0.1:6379
2025-11-28 13:58:58.111 [lettuce-nioEventLoop-4-2] WARN  io.lettuce.core.protocol.ConnectionWatchdog - Cannot reconnect to [127.0.0.1/<unresolved>:6379]: Connection refused: getsockopt: /127.0.0.1:6379
2025-11-28 13:58:59.806 [lettuce-nioEventLoop-4-3] INFO  io.lettuce.core.protocol.ReconnectionHandler - Reconnected to 127.0.0.1/<unresolved>:6379
2025-11-28 13:59:06.993 [XNIO-1 task-3] WARN  com.zaxxer.hikari.pool.PoolBase - HikariPool-1 - Failed to validate connection org.postgresql.jdbc.PgConnection@6929491 (This connection has been closed.). Possibly consider using a shorter maxLifetime value.
2025-11-28 13:59:06.995 [XNIO-1 task-3] WARN  com.zaxxer.hikari.pool.PoolBase - HikariPool-1 - Failed to validate connection org.postgresql.jdbc.PgConnection@6ff1d6d2 (This connection has been closed.). Possibly consider using a shorter maxLifetime value.
2025-11-28 13:59:06.996 [XNIO-1 task-3] WARN  com.zaxxer.hikari.pool.PoolBase - HikariPool-1 - Failed to validate connection org.postgresql.jdbc.PgConnection@7104e48 (This connection has been closed.). Possibly consider using a shorter maxLifetime value.
2025-11-28 13:59:06.998 [XNIO-1 task-3] WARN  com.zaxxer.hikari.pool.PoolBase - HikariPool-1 - Failed to validate connection org.postgresql.jdbc.PgConnection@486a6187 (This connection has been closed.). Possibly consider using a shorter maxLifetime value.
2025-11-28 13:59:07.000 [XNIO-1 task-3] WARN  com.zaxxer.hikari.pool.PoolBase - HikariPool-1 - Failed to validate connection org.postgresql.jdbc.PgConnection@764b2d8c (This connection has been closed.). Possibly consider using a shorter maxLifetime value.
2025-11-28 13:59:07.001 [XNIO-1 task-3] WARN  com.zaxxer.hikari.pool.PoolBase - HikariPool-1 - Failed to validate connection org.postgresql.jdbc.PgConnection@585050ac (This connection has been closed.). Possibly consider using a shorter maxLifetime value.
2025-11-28 13:59:07.002 [XNIO-1 task-3] WARN  com.zaxxer.hikari.pool.PoolBase - HikariPool-1 - Failed to validate connection org.postgresql.jdbc.PgConnection@f058d49 (This connection has been closed.). Possibly consider using a shorter maxLifetime value.
2025-11-28 13:59:07.004 [XNIO-1 task-3] WARN  com.zaxxer.hikari.pool.PoolBase - HikariPool-1 - Failed to validate connection org.postgresql.jdbc.PgConnection@221461e7 (This connection has been closed.). Possibly consider using a shorter maxLifetime value.
2025-11-28 13:59:07.005 [XNIO-1 task-3] WARN  com.zaxxer.hikari.pool.PoolBase - HikariPool-1 - Failed to validate connection org.postgresql.jdbc.PgConnection@41a46809 (This connection has been closed.). Possibly consider using a shorter maxLifetime value.
2025-11-28 13:59:07.006 [XNIO-1 task-3] WARN  com.zaxxer.hikari.pool.PoolBase - HikariPool-1 - Failed to validate connection org.postgresql.jdbc.PgConnection@1b2b85a1 (This connection has been closed.). Possibly consider using a shorter maxLifetime value.
2025-11-28 16:36:58.052 [SpringApplicationShutdownHook] INFO  io.undertow - stopping server: Undertow - 2.3.12.Final
2025-11-28 16:36:58.058 [SpringApplicationShutdownHook] INFO  io.undertow.servlet - Destroying Spring FrameworkServlet 'dispatcherServlet'
2025-11-28 16:36:58.221 [SpringApplicationShutdownHook] INFO  org.bem.iot.media.context.MediaServerContext - 【MediaServer】关闭所有流媒体服务
2025-11-28 16:36:58.233 [SpringApplicationShutdownHook] INFO  com.zaxxer.hikari.HikariDataSource - HikariPool-1 - Shutdown initiated...
2025-11-28 16:36:58.244 [SpringApplicationShutdownHook] INFO  com.zaxxer.hikari.HikariDataSource - HikariPool-1 - Shutdown completed.
2025-11-28 16:41:23.540 [background-preinit] INFO  org.hibernate.validator.internal.util.Version - HV000001: Hibernate Validator 8.0.1.Final
2025-11-28 16:41:23.593 [restartedMain] INFO  org.bem.iot.BemiotApplication - Starting BemiotApplication using Java 17.0.15 with PID 18164 (D:\www\AIOT\bemiot\bemiot\out\production\classes started by bemjsy in D:\www\AIOT\bemiot\bemiot)
2025-11-28 16:41:23.594 [restartedMain] INFO  org.bem.iot.BemiotApplication - The following 1 profile is active: "dev"
2025-11-28 16:41:23.648 [restartedMain] INFO  o.s.boot.devtools.restart.ChangeableUrls - The Class-Path manifest attribute in C:\Users\bemjsy\.m2\repository\org\bytedeco\javacv\1.5.10\javacv-1.5.10.jar referenced one or more files that do not exist: file:/C:/Users/bemjsy/.m2/repository/org/bytedeco/javacv/1.5.10/javacpp.jar,file:/C:/Users/bemjsy/.m2/repository/org/bytedeco/javacv/1.5.10/openblas.jar,file:/C:/Users/bemjsy/.m2/repository/org/bytedeco/javacv/1.5.10/opencv.jar,file:/C:/Users/bemjsy/.m2/repository/org/bytedeco/javacv/1.5.10/ffmpeg.jar,file:/C:/Users/bemjsy/.m2/repository/org/bytedeco/javacv/1.5.10/flycapture.jar,file:/C:/Users/bemjsy/.m2/repository/org/bytedeco/javacv/1.5.10/libdc1394.jar,file:/C:/Users/bemjsy/.m2/repository/org/bytedeco/javacv/1.5.10/libfreenect.jar,file:/C:/Users/bemjsy/.m2/repository/org/bytedeco/javacv/1.5.10/libfreenect2.jar,file:/C:/Users/bemjsy/.m2/repository/org/bytedeco/javacv/1.5.10/librealsense.jar,file:/C:/Users/bemjsy/.m2/repository/org/bytedeco/javacv/1.5.10/librealsense2.jar,file:/C:/Users/bemjsy/.m2/repository/org/bytedeco/javacv/1.5.10/videoinput.jar,file:/C:/Users/bemjsy/.m2/repository/org/bytedeco/javacv/1.5.10/artoolkitplus.jar,file:/C:/Users/bemjsy/.m2/repository/org/bytedeco/javacv/1.5.10/flandmark.jar,file:/C:/Users/bemjsy/.m2/repository/org/bytedeco/javacv/1.5.10/leptonica.jar,file:/C:/Users/bemjsy/.m2/repository/org/bytedeco/javacv/1.5.10/tesseract.jar,file:/C:/Users/bemjsy/.m2/repository/org/bytedeco/javacv/1.5.10/javacpp-1.5.10.jar,file:/C:/Users/bemjsy/.m2/repository/org/bytedeco/javacv/1.5.10/openblas-0.3.26-1.5.10.jar,file:/C:/Users/bemjsy/.m2/repository/org/bytedeco/javacv/1.5.10/opencv-4.9.0-1.5.10.jar,file:/C:/Users/bemjsy/.m2/repository/org/bytedeco/javacv/1.5.10/ffmpeg-6.1.1-1.5.10.jar,file:/C:/Users/bemjsy/.m2/repository/org/bytedeco/javacv/1.5.10/flycapture-2.13.3.31-1.5.9.jar,file:/C:/Users/bemjsy/.m2/repository/org/bytedeco/javacv/1.5.10/libdc1394-2.2.6-1.5.9.jar,file:/C:/Users/bemjsy/.m2/repository/org/bytedeco/javacv/1.5.10/libfreenect-0.5.7-1.5.9.jar,file:/C:/Users/bemjsy/.m2/repository/org/bytedeco/javacv/1.5.10/libfreenect2-0.2.0-1.5.9.jar,file:/C:/Users/bemjsy/.m2/repository/org/bytedeco/javacv/1.5.10/librealsense-1.12.4-1.5.9.jar,file:/C:/Users/bemjsy/.m2/repository/org/bytedeco/javacv/1.5.10/librealsense2-2.53.1-1.5.9.jar,file:/C:/Users/bemjsy/.m2/repository/org/bytedeco/javacv/1.5.10/videoinput-0.200-1.5.9.jar,file:/C:/Users/bemjsy/.m2/repository/org/bytedeco/javacv/1.5.10/artoolkitplus-2.3.1-1.5.9.jar,file:/C:/Users/bemjsy/.m2/repository/org/bytedeco/javacv/1.5.10/leptonica-1.84.1-1.5.10.jar,file:/C:/Users/bemjsy/.m2/repository/org/bytedeco/javacv/1.5.10/tesseract-5.3.4-1.5.10.jar,file:/C:/Users/bemjsy/.m2/repository/org/bytedeco/javacv/1.5.10/android-4.1.1.4.jar,file:/C:/Users/bemjsy/.m2/repository/org/bytedeco/javacv/1.5.10/gluegen-rt-main-2.3.2.jar,file:/C:/Users/bemjsy/.m2/repository/org/bytedeco/javacv/1.5.10/gluegen-rt-2.3.2.jar,file:/C:/Users/bemjsy/.m2/repository/org/bytedeco/javacv/1.5.10/gluegen-rt-2.3.2-natives-android-aarch64.jar,file:/C:/Users/bemjsy/.m2/repository/org/bytedeco/javacv/1.5.10/gluegen-rt-2.3.2-natives-android-armv6.jar,file:/C:/Users/bemjsy/.m2/repository/org/bytedeco/javacv/1.5.10/gluegen-rt-2.3.2-natives-linux-amd64.jar,file:/C:/Users/bemjsy/.m2/repository/org/bytedeco/javacv/1.5.10/gluegen-rt-2.3.2-natives-linux-armv6.jar,file:/C:/Users/bemjsy/.m2/repository/org/bytedeco/javacv/1.5.10/gluegen-rt-2.3.2-natives-linux-armv6hf.jar,file:/C:/Users/bemjsy/.m2/repository/org/bytedeco/javacv/1.5.10/gluegen-rt-2.3.2-natives-linux-i586.jar,file:/C:/Users/bemjsy/.m2/repository/org/bytedeco/javacv/1.5.10/gluegen-rt-2.3.2-natives-macosx-universal.jar,file:/C:/Users/bemjsy/.m2/repository/org/bytedeco/javacv/1.5.10/gluegen-rt-2.3.2-natives-solaris-amd64.jar,file:/C:/Users/bemjsy/.m2/repository/org/bytedeco/javacv/1.5.10/gluegen-rt-2.3.2-natives-solaris-i586.jar,file:/C:/Users/bemjsy/.m2/repository/org/bytedeco/javacv/1.5.10/gluegen-rt-2.3.2-natives-windows-amd64.jar,file:/C:/Users/bemjsy/.m2/repository/org/bytedeco/javacv/1.5.10/gluegen-rt-2.3.2-natives-windows-i586.jar,file:/C:/Users/bemjsy/.m2/repository/org/bytedeco/javacv/1.5.10/jogl-all-main-2.3.2.jar,file:/C:/Users/bemjsy/.m2/repository/org/bytedeco/javacv/1.5.10/jogl-all-2.3.2.jar,file:/C:/Users/bemjsy/.m2/repository/org/bytedeco/javacv/1.5.10/jogl-all-2.3.2-natives-android-aarch64.jar,file:/C:/Users/bemjsy/.m2/repository/org/bytedeco/javacv/1.5.10/jogl-all-2.3.2-natives-android-armv6.jar,file:/C:/Users/bemjsy/.m2/repository/org/bytedeco/javacv/1.5.10/jogl-all-2.3.2-natives-linux-amd64.jar,file:/C:/Users/bemjsy/.m2/repository/org/bytedeco/javacv/1.5.10/jogl-all-2.3.2-natives-linux-armv6.jar,file:/C:/Users/bemjsy/.m2/repository/org/bytedeco/javacv/1.5.10/jogl-all-2.3.2-natives-linux-armv6hf.jar,file:/C:/Users/bemjsy/.m2/repository/org/bytedeco/javacv/1.5.10/jogl-all-2.3.2-natives-linux-i586.jar,file:/C:/Users/bemjsy/.m2/repository/org/bytedeco/javacv/1.5.10/jogl-all-2.3.2-natives-macosx-universal.jar,file:/C:/Users/bemjsy/.m2/repository/org/bytedeco/javacv/1.5.10/jogl-all-2.3.2-natives-solaris-amd64.jar,file:/C:/Users/bemjsy/.m2/repository/org/bytedeco/javacv/1.5.10/jogl-all-2.3.2-natives-solaris-i586.jar,file:/C:/Users/bemjsy/.m2/repository/org/bytedeco/javacv/1.5.10/jogl-all-2.3.2-natives-windows-amd64.jar,file:/C:/Users/bemjsy/.m2/repository/org/bytedeco/javacv/1.5.10/jogl-all-2.3.2-natives-windows-i586.jar,file:/C:/Users/bemjsy/.m2/repository/org/bytedeco/javacv/1.5.10/jocl-main-2.3.2.jar,file:/C:/Users/bemjsy/.m2/repository/org/bytedeco/javacv/1.5.10/jocl-2.3.2.jar,file:/C:/Users/bemjsy/.m2/repository/org/bytedeco/javacv/1.5.10/jocl-2.3.2-natives-android-aarch64.jar,file:/C:/Users/bemjsy/.m2/repository/org/bytedeco/javacv/1.5.10/jocl-2.3.2-natives-android-armv6.jar,file:/C:/Users/bemjsy/.m2/repository/org/bytedeco/javacv/1.5.10/jocl-2.3.2-natives-linux-amd64.jar,file:/C:/Users/bemjsy/.m2/repository/org/bytedeco/javacv/1.5.10/jocl-2.3.2-natives-linux-armv6.jar,file:/C:/Users/bemjsy/.m2/repository/org/bytedeco/javacv/1.5.10/jocl-2.3.2-natives-linux-armv6hf.jar,file:/C:/Users/bemjsy/.m2/repository/org/bytedeco/javacv/1.5.10/jocl-2.3.2-natives-linux-i586.jar,file:/C:/Users/bemjsy/.m2/repository/org/bytedeco/javacv/1.5.10/jocl-2.3.2-natives-macosx-universal.jar,file:/C:/Users/bemjsy/.m2/repository/org/bytedeco/javacv/1.5.10/jocl-2.3.2-natives-solaris-amd64.jar,file:/C:/Users/bemjsy/.m2/repository/org/bytedeco/javacv/1.5.10/jocl-2.3.2-natives-solaris-i586.jar,file:/C:/Users/bemjsy/.m2/repository/org/bytedeco/javacv/1.5.10/jocl-2.3.2-natives-windows-amd64.jar,file:/C:/Users/bemjsy/.m2/repository/org/bytedeco/javacv/1.5.10/jocl-2.3.2-natives-windows-i586.jar
2025-11-28 16:41:23.648 [restartedMain] INFO  o.s.boot.devtools.restart.ChangeableUrls - The Class-Path manifest attribute in C:\Users\bemjsy\.m2\repository\org\bytedeco\ffmpeg\6.1.1-1.5.10\ffmpeg-6.1.1-1.5.10.jar referenced one or more files that do not exist: file:/C:/Users/bemjsy/.m2/repository/org/bytedeco/ffmpeg/6.1.1-1.5.10/javacpp.jar
2025-11-28 16:41:23.648 [restartedMain] INFO  o.s.boot.devtools.restart.ChangeableUrls - The Class-Path manifest attribute in C:\Users\bemjsy\.m2\repository\org\bytedeco\opencv\4.9.0-1.5.10\opencv-4.9.0-1.5.10.jar referenced one or more files that do not exist: file:/C:/Users/bemjsy/.m2/repository/org/bytedeco/opencv/4.9.0-1.5.10/javacpp.jar
2025-11-28 16:41:23.648 [restartedMain] INFO  o.s.boot.devtools.restart.ChangeableUrls - The Class-Path manifest attribute in C:\Users\bemjsy\.m2\repository\org\bytedeco\openblas\0.3.26-1.5.10\openblas-0.3.26-1.5.10.jar referenced one or more files that do not exist: file:/C:/Users/bemjsy/.m2/repository/org/bytedeco/openblas/0.3.26-1.5.10/javacpp.jar
2025-11-28 16:41:23.648 [restartedMain] INFO  o.s.boot.devtools.restart.ChangeableUrls - The Class-Path manifest attribute in C:\Users\bemjsy\.m2\repository\org\bytedeco\flycapture\2.13.3.31-1.5.9\flycapture-2.13.3.31-1.5.9.jar referenced one or more files that do not exist: file:/C:/Users/bemjsy/.m2/repository/org/bytedeco/flycapture/2.13.3.31-1.5.9/javacpp.jar
2025-11-28 16:41:23.648 [restartedMain] INFO  o.s.boot.devtools.restart.ChangeableUrls - The Class-Path manifest attribute in C:\Users\bemjsy\.m2\repository\org\bytedeco\libdc1394\2.2.6-1.5.9\libdc1394-2.2.6-1.5.9.jar referenced one or more files that do not exist: file:/C:/Users/bemjsy/.m2/repository/org/bytedeco/libdc1394/2.2.6-1.5.9/javacpp.jar
2025-11-28 16:41:23.648 [restartedMain] INFO  o.s.boot.devtools.restart.ChangeableUrls - The Class-Path manifest attribute in C:\Users\bemjsy\.m2\repository\org\bytedeco\libfreenect\0.5.7-1.5.9\libfreenect-0.5.7-1.5.9.jar referenced one or more files that do not exist: file:/C:/Users/bemjsy/.m2/repository/org/bytedeco/libfreenect/0.5.7-1.5.9/javacpp.jar
2025-11-28 16:41:23.649 [restartedMain] INFO  o.s.boot.devtools.restart.ChangeableUrls - The Class-Path manifest attribute in C:\Users\bemjsy\.m2\repository\org\bytedeco\libfreenect2\0.2.0-1.5.9\libfreenect2-0.2.0-1.5.9.jar referenced one or more files that do not exist: file:/C:/Users/bemjsy/.m2/repository/org/bytedeco/libfreenect2/0.2.0-1.5.9/javacpp.jar
2025-11-28 16:41:23.649 [restartedMain] INFO  o.s.boot.devtools.restart.ChangeableUrls - The Class-Path manifest attribute in C:\Users\bemjsy\.m2\repository\org\bytedeco\librealsense\1.12.4-1.5.9\librealsense-1.12.4-1.5.9.jar referenced one or more files that do not exist: file:/C:/Users/bemjsy/.m2/repository/org/bytedeco/librealsense/1.12.4-1.5.9/javacpp.jar
2025-11-28 16:41:23.649 [restartedMain] INFO  o.s.boot.devtools.restart.ChangeableUrls - The Class-Path manifest attribute in C:\Users\bemjsy\.m2\repository\org\bytedeco\librealsense2\2.53.1-1.5.9\librealsense2-2.53.1-1.5.9.jar referenced one or more files that do not exist: file:/C:/Users/bemjsy/.m2/repository/org/bytedeco/librealsense2/2.53.1-1.5.9/javacpp.jar
2025-11-28 16:41:23.649 [restartedMain] INFO  o.s.boot.devtools.restart.ChangeableUrls - The Class-Path manifest attribute in C:\Users\bemjsy\.m2\repository\org\bytedeco\videoinput\0.200-1.5.9\videoinput-0.200-1.5.9.jar referenced one or more files that do not exist: file:/C:/Users/bemjsy/.m2/repository/org/bytedeco/videoinput/0.200-1.5.9/javacpp.jar
2025-11-28 16:41:23.649 [restartedMain] INFO  o.s.boot.devtools.restart.ChangeableUrls - The Class-Path manifest attribute in C:\Users\bemjsy\.m2\repository\org\bytedeco\artoolkitplus\2.3.1-1.5.9\artoolkitplus-2.3.1-1.5.9.jar referenced one or more files that do not exist: file:/C:/Users/bemjsy/.m2/repository/org/bytedeco/artoolkitplus/2.3.1-1.5.9/javacpp.jar
2025-11-28 16:41:23.649 [restartedMain] INFO  o.s.boot.devtools.restart.ChangeableUrls - The Class-Path manifest attribute in C:\Users\bemjsy\.m2\repository\org\bytedeco\tesseract\5.3.4-1.5.10\tesseract-5.3.4-1.5.10.jar referenced one or more files that do not exist: file:/C:/Users/bemjsy/.m2/repository/org/bytedeco/tesseract/5.3.4-1.5.10/javacpp.jar
2025-11-28 16:41:23.650 [restartedMain] INFO  o.s.boot.devtools.restart.ChangeableUrls - The Class-Path manifest attribute in C:\Users\bemjsy\.m2\repository\org\bytedeco\leptonica\1.84.1-1.5.10\leptonica-1.84.1-1.5.10.jar referenced one or more files that do not exist: file:/C:/Users/bemjsy/.m2/repository/org/bytedeco/leptonica/1.84.1-1.5.10/javacpp.jar
2025-11-28 16:41:23.650 [restartedMain] INFO  o.s.b.d.env.DevToolsPropertyDefaultsPostProcessor - Devtools property defaults active! Set 'spring.devtools.add-properties' to 'false' to disable
2025-11-28 16:41:23.650 [restartedMain] INFO  o.s.b.d.env.DevToolsPropertyDefaultsPostProcessor - For additional web related logging consider setting the 'logging.level.web' property to 'DEBUG'
2025-11-28 16:41:24.729 [restartedMain] INFO  o.s.d.r.config.RepositoryConfigurationDelegate - Multiple Spring Data modules found, entering strict repository configuration mode
2025-11-28 16:41:24.731 [restartedMain] INFO  o.s.d.r.config.RepositoryConfigurationDelegate - Bootstrapping Spring Data JDBC repositories in DEFAULT mode.
2025-11-28 16:41:24.761 [restartedMain] INFO  o.s.d.r.config.RepositoryConfigurationDelegate - Finished Spring Data repository scanning in 25 ms. Found 0 JDBC repository interfaces.
2025-11-28 16:41:24.782 [restartedMain] INFO  o.s.d.r.config.RepositoryConfigurationDelegate - Multiple Spring Data modules found, entering strict repository configuration mode
2025-11-28 16:41:24.784 [restartedMain] INFO  o.s.d.r.config.RepositoryConfigurationDelegate - Bootstrapping Spring Data Redis repositories in DEFAULT mode.
2025-11-28 16:41:24.806 [restartedMain] INFO  o.s.d.r.config.RepositoryConfigurationDelegate - Finished Spring Data repository scanning in 12 ms. Found 0 Redis repository interfaces.
2025-11-28 16:41:25.336 [restartedMain] WARN  o.s.c.s.PostProcessorRegistrationDelegate$BeanPostProcessorChecker - Bean 'redisCacheConfig' of type [org.bem.iot.config.RedisCacheConfig$$SpringCGLIB$$0] is not eligible for getting processed by all BeanPostProcessors (for example: not eligible for auto-proxying). Is this bean getting eagerly injected into a currently created BeanPostProcessor [projectingArgumentResolverBeanPostProcessor]? Check the corresponding BeanPostProcessor declaration and its dependencies.
2025-11-28 16:41:25.692 [restartedMain] WARN  io.undertow.websockets.jsr - UT026010: Buffer pool was not set on WebSocketDeploymentInfo, the default pool will be used
2025-11-28 16:41:25.723 [restartedMain] INFO  io.undertow.servlet - Initializing Spring embedded WebApplicationContext
2025-11-28 16:41:25.725 [restartedMain] INFO  o.s.b.w.s.c.ServletWebServerApplicationContext - Root WebApplicationContext: initialization completed in 2074 ms
2025-11-28 16:41:25.962 [restartedMain] DEBUG c.b.m.e.spring.MybatisSqlSessionFactoryBean - Registered plugin: 'com.baomidou.mybatisplus.extension.plugins.MybatisPlusInterceptor@7a2eca6b'
2025-11-28 16:41:25.965 [restartedMain] DEBUG c.b.m.e.spring.MybatisSqlSessionFactoryBean - Property 'mapperLocations' was not specified.
2025-11-28 16:41:27.770 [restartedMain] INFO  org.bem.iot.media.context.MediaServerContext - 【MediaServer】HTTP流媒体服务启动：成功，端口：7080
2025-11-28 16:41:27.772 [restartedMain] INFO  org.bem.iot.media.context.MediaServerContext - 【MediaServer】RTSP流媒体服务启动：成功，端口：7554
2025-11-28 16:41:27.773 [restartedMain] INFO  org.bem.iot.media.context.MediaServerContext - 【MediaServer】RTMP流媒体服务启动：成功，端口：7935
2025-11-28 16:41:27.774 [restartedMain] INFO  org.bem.iot.media.context.MediaServerContext - 【MediaServer】RTC流媒体服务启动：成功，端口：8000
2025-11-28 16:41:27.775 [restartedMain] INFO  org.bem.iot.media.context.MediaServerContext - 【MediaServer】初始化MediaServer程序成功
2025-11-28 16:41:28.596 [restartedMain] INFO  com.zaxxer.hikari.HikariDataSource - HikariPool-1 - Starting...
2025-11-28 16:41:28.965 [restartedMain] INFO  com.zaxxer.hikari.pool.HikariPool - HikariPool-1 - Added connection org.postgresql.jdbc.PgConnection@13f69b4f
2025-11-28 16:41:28.967 [restartedMain] INFO  com.zaxxer.hikari.HikariDataSource - HikariPool-1 - Start completed.
2025-11-28 16:41:29.240 [restartedMain] INFO  o.s.b.d.autoconfigure.OptionalLiveReloadServer - LiveReload server is running on port 35729
2025-11-28 16:41:29.316 [restartedMain] INFO  io.undertow - starting server: Undertow - 2.3.12.Final
2025-11-28 16:41:29.327 [restartedMain] INFO  org.xnio - XNIO version 3.8.8.Final
2025-11-28 16:41:29.338 [restartedMain] INFO  org.xnio.nio - XNIO NIO Implementation Version 3.8.8.Final
2025-11-28 16:41:29.379 [restartedMain] INFO  org.jboss.threads - JBoss Threads version 3.5.0.Final
2025-11-28 16:41:29.857 [restartedMain] INFO  o.s.boot.web.embedded.undertow.UndertowWebServer - Undertow started on port 8010 (http)
2025-11-28 16:41:29.869 [restartedMain] INFO  org.bem.iot.BemiotApplication - Started BemiotApplication in 6.75 seconds (process running for 8.418)
2025-11-28 16:41:29.873 [restartedMain] DEBUG c.b.mybatisplus.autoconfigure.DdlApplicationRunner -   ...  DDL start create  ...  
2025-11-28 16:41:29.874 [restartedMain] DEBUG c.b.mybatisplus.autoconfigure.DdlApplicationRunner -   ...  DDL end create  ...  
2025-11-28 16:54:34.456 [XNIO-1 task-2] INFO  io.undertow.servlet - Initializing Spring DispatcherServlet 'dispatcherServlet'
2025-11-28 16:54:34.457 [XNIO-1 task-2] INFO  org.springframework.web.servlet.DispatcherServlet - Initializing Servlet 'dispatcherServlet'
2025-11-28 16:54:34.459 [XNIO-1 task-2] INFO  org.springframework.web.servlet.DispatcherServlet - Completed initialization in 2 ms
2025-11-28 17:04:12.715 [SpringApplicationShutdownHook] INFO  io.undertow - stopping server: Undertow - 2.3.12.Final
2025-11-28 17:04:12.731 [SpringApplicationShutdownHook] INFO  io.undertow.servlet - Destroying Spring FrameworkServlet 'dispatcherServlet'
2025-11-28 17:04:12.877 [SpringApplicationShutdownHook] INFO  org.bem.iot.media.context.MediaServerContext - 【MediaServer】关闭所有流媒体服务
2025-11-28 17:04:12.893 [SpringApplicationShutdownHook] INFO  com.zaxxer.hikari.HikariDataSource - HikariPool-1 - Shutdown initiated...
2025-11-28 17:04:12.899 [SpringApplicationShutdownHook] INFO  com.zaxxer.hikari.HikariDataSource - HikariPool-1 - Shutdown completed.
2025-11-28 17:04:22.042 [main] INFO  o.s.t.c.support.AnnotationConfigContextLoaderUtils - Could not detect default configuration classes for test class [org.bem.iot.BemiotApplicationTests]: BemiotApplicationTests does not declare any static, non-private, non-final, nested classes annotated with @Configuration.
2025-11-28 17:04:22.201 [main] INFO  o.s.b.t.context.SpringBootTestContextBootstrapper - Found @SpringBootConfiguration org.bem.iot.BemiotApplication for test class org.bem.iot.BemiotApplicationTests
2025-11-28 17:04:22.452 [main] INFO  o.s.b.devtools.restart.RestartApplicationListener - Restart disabled due to context in which it is running
2025-11-28 17:04:22.827 [background-preinit] INFO  org.hibernate.validator.internal.util.Version - HV000001: Hibernate Validator 8.0.1.Final
2025-11-28 17:04:22.862 [main] INFO  org.bem.iot.BemiotApplicationTests - Starting BemiotApplicationTests using Java 17.0.15 with PID 2372 (started by bemjsy in D:\www\AIOT\bemiot\bemiot)
2025-11-28 17:04:22.863 [main] INFO  org.bem.iot.BemiotApplicationTests - The following 1 profile is active: "dev"
2025-11-28 17:04:24.207 [main] INFO  o.s.d.r.config.RepositoryConfigurationDelegate - Multiple Spring Data modules found, entering strict repository configuration mode
2025-11-28 17:04:24.209 [main] INFO  o.s.d.r.config.RepositoryConfigurationDelegate - Bootstrapping Spring Data JDBC repositories in DEFAULT mode.
2025-11-28 17:04:24.256 [main] INFO  o.s.d.r.config.RepositoryConfigurationDelegate - Finished Spring Data repository scanning in 39 ms. Found 0 JDBC repository interfaces.
2025-11-28 17:04:24.282 [main] INFO  o.s.d.r.config.RepositoryConfigurationDelegate - Multiple Spring Data modules found, entering strict repository configuration mode
2025-11-28 17:04:24.284 [main] INFO  o.s.d.r.config.RepositoryConfigurationDelegate - Bootstrapping Spring Data Redis repositories in DEFAULT mode.
2025-11-28 17:04:24.307 [main] INFO  o.s.d.r.config.RepositoryConfigurationDelegate - Finished Spring Data repository scanning in 12 ms. Found 0 Redis repository interfaces.
2025-11-28 17:04:25.059 [main] WARN  o.s.c.s.PostProcessorRegistrationDelegate$BeanPostProcessorChecker - Bean 'redisCacheConfig' of type [org.bem.iot.config.RedisCacheConfig$$SpringCGLIB$$0] is not eligible for getting processed by all BeanPostProcessors (for example: not eligible for auto-proxying). Is this bean getting eagerly injected into a currently created BeanPostProcessor [projectingArgumentResolverBeanPostProcessor]? Check the corresponding BeanPostProcessor declaration and its dependencies.
2025-11-28 17:04:25.254 [main] DEBUG c.b.m.e.spring.MybatisSqlSessionFactoryBean - Registered plugin: 'com.baomidou.mybatisplus.extension.plugins.MybatisPlusInterceptor@13aed42b'
2025-11-28 17:04:25.256 [main] DEBUG c.b.m.e.spring.MybatisSqlSessionFactoryBean - Property 'mapperLocations' was not specified.
2025-11-28 17:04:27.876 [main] INFO  org.bem.iot.media.context.MediaServerContext - 【MediaServer】HTTP流媒体服务启动：成功，端口：7080
2025-11-28 17:04:27.878 [main] INFO  org.bem.iot.media.context.MediaServerContext - 【MediaServer】RTSP流媒体服务启动：成功，端口：7554
2025-11-28 17:04:27.879 [main] INFO  org.bem.iot.media.context.MediaServerContext - 【MediaServer】RTMP流媒体服务启动：成功，端口：7935
2025-11-28 17:04:27.881 [main] INFO  org.bem.iot.media.context.MediaServerContext - 【MediaServer】RTC流媒体服务启动：成功，端口：8000
2025-11-28 17:04:27.882 [main] INFO  org.bem.iot.media.context.MediaServerContext - 【MediaServer】初始化MediaServer程序成功
2025-11-28 17:04:29.045 [main] INFO  com.zaxxer.hikari.HikariDataSource - HikariPool-1 - Starting...
2025-11-28 17:04:29.347 [main] INFO  com.zaxxer.hikari.pool.HikariPool - HikariPool-1 - Added connection org.postgresql.jdbc.PgConnection@bd09a26
2025-11-28 17:04:29.350 [main] INFO  com.zaxxer.hikari.HikariDataSource - HikariPool-1 - Start completed.
2025-11-28 17:04:29.726 [main] INFO  org.bem.iot.BemiotApplicationTests - Started BemiotApplicationTests in 7.292 seconds (process running for 9.454)
2025-11-28 17:04:29.732 [main] DEBUG c.b.mybatisplus.autoconfigure.DdlApplicationRunner -   ...  DDL start create  ...  
2025-11-28 17:04:29.734 [main] DEBUG c.b.mybatisplus.autoconfigure.DdlApplicationRunner -   ...  DDL end create  ...  
2025-11-28 17:04:31.677 [SpringApplicationShutdownHook] INFO  org.bem.iot.media.context.MediaServerContext - 【MediaServer】关闭所有流媒体服务
2025-11-28 17:04:31.687 [SpringApplicationShutdownHook] INFO  com.zaxxer.hikari.HikariDataSource - HikariPool-1 - Shutdown initiated...
2025-11-28 17:04:31.693 [SpringApplicationShutdownHook] INFO  com.zaxxer.hikari.HikariDataSource - HikariPool-1 - Shutdown completed.
2025-11-28 17:04:40.429 [background-preinit] INFO  org.hibernate.validator.internal.util.Version - HV000001: Hibernate Validator 8.0.1.Final
2025-11-28 17:04:40.481 [restartedMain] INFO  org.bem.iot.BemiotApplication - Starting BemiotApplication using Java 17.0.15 with PID 17272 (D:\www\AIOT\bemiot\bemiot\out\production\classes started by bemjsy in D:\www\AIOT\bemiot\bemiot)
2025-11-28 17:04:40.483 [restartedMain] INFO  org.bem.iot.BemiotApplication - The following 1 profile is active: "dev"
2025-11-28 17:04:40.538 [restartedMain] INFO  o.s.boot.devtools.restart.ChangeableUrls - The Class-Path manifest attribute in C:\Users\bemjsy\.m2\repository\org\bytedeco\javacv\1.5.10\javacv-1.5.10.jar referenced one or more files that do not exist: file:/C:/Users/bemjsy/.m2/repository/org/bytedeco/javacv/1.5.10/javacpp.jar,file:/C:/Users/bemjsy/.m2/repository/org/bytedeco/javacv/1.5.10/openblas.jar,file:/C:/Users/bemjsy/.m2/repository/org/bytedeco/javacv/1.5.10/opencv.jar,file:/C:/Users/bemjsy/.m2/repository/org/bytedeco/javacv/1.5.10/ffmpeg.jar,file:/C:/Users/bemjsy/.m2/repository/org/bytedeco/javacv/1.5.10/flycapture.jar,file:/C:/Users/bemjsy/.m2/repository/org/bytedeco/javacv/1.5.10/libdc1394.jar,file:/C:/Users/bemjsy/.m2/repository/org/bytedeco/javacv/1.5.10/libfreenect.jar,file:/C:/Users/bemjsy/.m2/repository/org/bytedeco/javacv/1.5.10/libfreenect2.jar,file:/C:/Users/bemjsy/.m2/repository/org/bytedeco/javacv/1.5.10/librealsense.jar,file:/C:/Users/bemjsy/.m2/repository/org/bytedeco/javacv/1.5.10/librealsense2.jar,file:/C:/Users/bemjsy/.m2/repository/org/bytedeco/javacv/1.5.10/videoinput.jar,file:/C:/Users/bemjsy/.m2/repository/org/bytedeco/javacv/1.5.10/artoolkitplus.jar,file:/C:/Users/bemjsy/.m2/repository/org/bytedeco/javacv/1.5.10/flandmark.jar,file:/C:/Users/bemjsy/.m2/repository/org/bytedeco/javacv/1.5.10/leptonica.jar,file:/C:/Users/bemjsy/.m2/repository/org/bytedeco/javacv/1.5.10/tesseract.jar,file:/C:/Users/bemjsy/.m2/repository/org/bytedeco/javacv/1.5.10/javacpp-1.5.10.jar,file:/C:/Users/bemjsy/.m2/repository/org/bytedeco/javacv/1.5.10/openblas-0.3.26-1.5.10.jar,file:/C:/Users/bemjsy/.m2/repository/org/bytedeco/javacv/1.5.10/opencv-4.9.0-1.5.10.jar,file:/C:/Users/bemjsy/.m2/repository/org/bytedeco/javacv/1.5.10/ffmpeg-6.1.1-1.5.10.jar,file:/C:/Users/bemjsy/.m2/repository/org/bytedeco/javacv/1.5.10/flycapture-2.13.3.31-1.5.9.jar,file:/C:/Users/bemjsy/.m2/repository/org/bytedeco/javacv/1.5.10/libdc1394-2.2.6-1.5.9.jar,file:/C:/Users/bemjsy/.m2/repository/org/bytedeco/javacv/1.5.10/libfreenect-0.5.7-1.5.9.jar,file:/C:/Users/bemjsy/.m2/repository/org/bytedeco/javacv/1.5.10/libfreenect2-0.2.0-1.5.9.jar,file:/C:/Users/bemjsy/.m2/repository/org/bytedeco/javacv/1.5.10/librealsense-1.12.4-1.5.9.jar,file:/C:/Users/bemjsy/.m2/repository/org/bytedeco/javacv/1.5.10/librealsense2-2.53.1-1.5.9.jar,file:/C:/Users/bemjsy/.m2/repository/org/bytedeco/javacv/1.5.10/videoinput-0.200-1.5.9.jar,file:/C:/Users/bemjsy/.m2/repository/org/bytedeco/javacv/1.5.10/artoolkitplus-2.3.1-1.5.9.jar,file:/C:/Users/bemjsy/.m2/repository/org/bytedeco/javacv/1.5.10/leptonica-1.84.1-1.5.10.jar,file:/C:/Users/bemjsy/.m2/repository/org/bytedeco/javacv/1.5.10/tesseract-5.3.4-1.5.10.jar,file:/C:/Users/bemjsy/.m2/repository/org/bytedeco/javacv/1.5.10/android-4.1.1.4.jar,file:/C:/Users/bemjsy/.m2/repository/org/bytedeco/javacv/1.5.10/gluegen-rt-main-2.3.2.jar,file:/C:/Users/bemjsy/.m2/repository/org/bytedeco/javacv/1.5.10/gluegen-rt-2.3.2.jar,file:/C:/Users/bemjsy/.m2/repository/org/bytedeco/javacv/1.5.10/gluegen-rt-2.3.2-natives-android-aarch64.jar,file:/C:/Users/bemjsy/.m2/repository/org/bytedeco/javacv/1.5.10/gluegen-rt-2.3.2-natives-android-armv6.jar,file:/C:/Users/bemjsy/.m2/repository/org/bytedeco/javacv/1.5.10/gluegen-rt-2.3.2-natives-linux-amd64.jar,file:/C:/Users/bemjsy/.m2/repository/org/bytedeco/javacv/1.5.10/gluegen-rt-2.3.2-natives-linux-armv6.jar,file:/C:/Users/bemjsy/.m2/repository/org/bytedeco/javacv/1.5.10/gluegen-rt-2.3.2-natives-linux-armv6hf.jar,file:/C:/Users/bemjsy/.m2/repository/org/bytedeco/javacv/1.5.10/gluegen-rt-2.3.2-natives-linux-i586.jar,file:/C:/Users/bemjsy/.m2/repository/org/bytedeco/javacv/1.5.10/gluegen-rt-2.3.2-natives-macosx-universal.jar,file:/C:/Users/bemjsy/.m2/repository/org/bytedeco/javacv/1.5.10/gluegen-rt-2.3.2-natives-solaris-amd64.jar,file:/C:/Users/bemjsy/.m2/repository/org/bytedeco/javacv/1.5.10/gluegen-rt-2.3.2-natives-solaris-i586.jar,file:/C:/Users/bemjsy/.m2/repository/org/bytedeco/javacv/1.5.10/gluegen-rt-2.3.2-natives-windows-amd64.jar,file:/C:/Users/bemjsy/.m2/repository/org/bytedeco/javacv/1.5.10/gluegen-rt-2.3.2-natives-windows-i586.jar,file:/C:/Users/bemjsy/.m2/repository/org/bytedeco/javacv/1.5.10/jogl-all-main-2.3.2.jar,file:/C:/Users/bemjsy/.m2/repository/org/bytedeco/javacv/1.5.10/jogl-all-2.3.2.jar,file:/C:/Users/bemjsy/.m2/repository/org/bytedeco/javacv/1.5.10/jogl-all-2.3.2-natives-android-aarch64.jar,file:/C:/Users/bemjsy/.m2/repository/org/bytedeco/javacv/1.5.10/jogl-all-2.3.2-natives-android-armv6.jar,file:/C:/Users/bemjsy/.m2/repository/org/bytedeco/javacv/1.5.10/jogl-all-2.3.2-natives-linux-amd64.jar,file:/C:/Users/bemjsy/.m2/repository/org/bytedeco/javacv/1.5.10/jogl-all-2.3.2-natives-linux-armv6.jar,file:/C:/Users/bemjsy/.m2/repository/org/bytedeco/javacv/1.5.10/jogl-all-2.3.2-natives-linux-armv6hf.jar,file:/C:/Users/bemjsy/.m2/repository/org/bytedeco/javacv/1.5.10/jogl-all-2.3.2-natives-linux-i586.jar,file:/C:/Users/bemjsy/.m2/repository/org/bytedeco/javacv/1.5.10/jogl-all-2.3.2-natives-macosx-universal.jar,file:/C:/Users/bemjsy/.m2/repository/org/bytedeco/javacv/1.5.10/jogl-all-2.3.2-natives-solaris-amd64.jar,file:/C:/Users/bemjsy/.m2/repository/org/bytedeco/javacv/1.5.10/jogl-all-2.3.2-natives-solaris-i586.jar,file:/C:/Users/bemjsy/.m2/repository/org/bytedeco/javacv/1.5.10/jogl-all-2.3.2-natives-windows-amd64.jar,file:/C:/Users/bemjsy/.m2/repository/org/bytedeco/javacv/1.5.10/jogl-all-2.3.2-natives-windows-i586.jar,file:/C:/Users/bemjsy/.m2/repository/org/bytedeco/javacv/1.5.10/jocl-main-2.3.2.jar,file:/C:/Users/bemjsy/.m2/repository/org/bytedeco/javacv/1.5.10/jocl-2.3.2.jar,file:/C:/Users/bemjsy/.m2/repository/org/bytedeco/javacv/1.5.10/jocl-2.3.2-natives-android-aarch64.jar,file:/C:/Users/bemjsy/.m2/repository/org/bytedeco/javacv/1.5.10/jocl-2.3.2-natives-android-armv6.jar,file:/C:/Users/bemjsy/.m2/repository/org/bytedeco/javacv/1.5.10/jocl-2.3.2-natives-linux-amd64.jar,file:/C:/Users/bemjsy/.m2/repository/org/bytedeco/javacv/1.5.10/jocl-2.3.2-natives-linux-armv6.jar,file:/C:/Users/bemjsy/.m2/repository/org/bytedeco/javacv/1.5.10/jocl-2.3.2-natives-linux-armv6hf.jar,file:/C:/Users/bemjsy/.m2/repository/org/bytedeco/javacv/1.5.10/jocl-2.3.2-natives-linux-i586.jar,file:/C:/Users/bemjsy/.m2/repository/org/bytedeco/javacv/1.5.10/jocl-2.3.2-natives-macosx-universal.jar,file:/C:/Users/bemjsy/.m2/repository/org/bytedeco/javacv/1.5.10/jocl-2.3.2-natives-solaris-amd64.jar,file:/C:/Users/bemjsy/.m2/repository/org/bytedeco/javacv/1.5.10/jocl-2.3.2-natives-solaris-i586.jar,file:/C:/Users/bemjsy/.m2/repository/org/bytedeco/javacv/1.5.10/jocl-2.3.2-natives-windows-amd64.jar,file:/C:/Users/bemjsy/.m2/repository/org/bytedeco/javacv/1.5.10/jocl-2.3.2-natives-windows-i586.jar
2025-11-28 17:04:40.538 [restartedMain] INFO  o.s.boot.devtools.restart.ChangeableUrls - The Class-Path manifest attribute in C:\Users\bemjsy\.m2\repository\org\bytedeco\ffmpeg\6.1.1-1.5.10\ffmpeg-6.1.1-1.5.10.jar referenced one or more files that do not exist: file:/C:/Users/bemjsy/.m2/repository/org/bytedeco/ffmpeg/6.1.1-1.5.10/javacpp.jar
2025-11-28 17:04:40.539 [restartedMain] INFO  o.s.boot.devtools.restart.ChangeableUrls - The Class-Path manifest attribute in C:\Users\bemjsy\.m2\repository\org\bytedeco\opencv\4.9.0-1.5.10\opencv-4.9.0-1.5.10.jar referenced one or more files that do not exist: file:/C:/Users/bemjsy/.m2/repository/org/bytedeco/opencv/4.9.0-1.5.10/javacpp.jar
2025-11-28 17:04:40.539 [restartedMain] INFO  o.s.boot.devtools.restart.ChangeableUrls - The Class-Path manifest attribute in C:\Users\bemjsy\.m2\repository\org\bytedeco\openblas\0.3.26-1.5.10\openblas-0.3.26-1.5.10.jar referenced one or more files that do not exist: file:/C:/Users/bemjsy/.m2/repository/org/bytedeco/openblas/0.3.26-1.5.10/javacpp.jar
2025-11-28 17:04:40.539 [restartedMain] INFO  o.s.boot.devtools.restart.ChangeableUrls - The Class-Path manifest attribute in C:\Users\bemjsy\.m2\repository\org\bytedeco\flycapture\2.13.3.31-1.5.9\flycapture-2.13.3.31-1.5.9.jar referenced one or more files that do not exist: file:/C:/Users/bemjsy/.m2/repository/org/bytedeco/flycapture/2.13.3.31-1.5.9/javacpp.jar
2025-11-28 17:04:40.539 [restartedMain] INFO  o.s.boot.devtools.restart.ChangeableUrls - The Class-Path manifest attribute in C:\Users\bemjsy\.m2\repository\org\bytedeco\libdc1394\2.2.6-1.5.9\libdc1394-2.2.6-1.5.9.jar referenced one or more files that do not exist: file:/C:/Users/bemjsy/.m2/repository/org/bytedeco/libdc1394/2.2.6-1.5.9/javacpp.jar
2025-11-28 17:04:40.539 [restartedMain] INFO  o.s.boot.devtools.restart.ChangeableUrls - The Class-Path manifest attribute in C:\Users\bemjsy\.m2\repository\org\bytedeco\libfreenect\0.5.7-1.5.9\libfreenect-0.5.7-1.5.9.jar referenced one or more files that do not exist: file:/C:/Users/bemjsy/.m2/repository/org/bytedeco/libfreenect/0.5.7-1.5.9/javacpp.jar
2025-11-28 17:04:40.539 [restartedMain] INFO  o.s.boot.devtools.restart.ChangeableUrls - The Class-Path manifest attribute in C:\Users\bemjsy\.m2\repository\org\bytedeco\libfreenect2\0.2.0-1.5.9\libfreenect2-0.2.0-1.5.9.jar referenced one or more files that do not exist: file:/C:/Users/bemjsy/.m2/repository/org/bytedeco/libfreenect2/0.2.0-1.5.9/javacpp.jar
2025-11-28 17:04:40.539 [restartedMain] INFO  o.s.boot.devtools.restart.ChangeableUrls - The Class-Path manifest attribute in C:\Users\bemjsy\.m2\repository\org\bytedeco\librealsense\1.12.4-1.5.9\librealsense-1.12.4-1.5.9.jar referenced one or more files that do not exist: file:/C:/Users/bemjsy/.m2/repository/org/bytedeco/librealsense/1.12.4-1.5.9/javacpp.jar
2025-11-28 17:04:40.539 [restartedMain] INFO  o.s.boot.devtools.restart.ChangeableUrls - The Class-Path manifest attribute in C:\Users\bemjsy\.m2\repository\org\bytedeco\librealsense2\2.53.1-1.5.9\librealsense2-2.53.1-1.5.9.jar referenced one or more files that do not exist: file:/C:/Users/bemjsy/.m2/repository/org/bytedeco/librealsense2/2.53.1-1.5.9/javacpp.jar
2025-11-28 17:04:40.539 [restartedMain] INFO  o.s.boot.devtools.restart.ChangeableUrls - The Class-Path manifest attribute in C:\Users\bemjsy\.m2\repository\org\bytedeco\videoinput\0.200-1.5.9\videoinput-0.200-1.5.9.jar referenced one or more files that do not exist: file:/C:/Users/bemjsy/.m2/repository/org/bytedeco/videoinput/0.200-1.5.9/javacpp.jar
2025-11-28 17:04:40.539 [restartedMain] INFO  o.s.boot.devtools.restart.ChangeableUrls - The Class-Path manifest attribute in C:\Users\bemjsy\.m2\repository\org\bytedeco\artoolkitplus\2.3.1-1.5.9\artoolkitplus-2.3.1-1.5.9.jar referenced one or more files that do not exist: file:/C:/Users/bemjsy/.m2/repository/org/bytedeco/artoolkitplus/2.3.1-1.5.9/javacpp.jar
2025-11-28 17:04:40.539 [restartedMain] INFO  o.s.boot.devtools.restart.ChangeableUrls - The Class-Path manifest attribute in C:\Users\bemjsy\.m2\repository\org\bytedeco\tesseract\5.3.4-1.5.10\tesseract-5.3.4-1.5.10.jar referenced one or more files that do not exist: file:/C:/Users/bemjsy/.m2/repository/org/bytedeco/tesseract/5.3.4-1.5.10/javacpp.jar
2025-11-28 17:04:40.539 [restartedMain] INFO  o.s.boot.devtools.restart.ChangeableUrls - The Class-Path manifest attribute in C:\Users\bemjsy\.m2\repository\org\bytedeco\leptonica\1.84.1-1.5.10\leptonica-1.84.1-1.5.10.jar referenced one or more files that do not exist: file:/C:/Users/bemjsy/.m2/repository/org/bytedeco/leptonica/1.84.1-1.5.10/javacpp.jar
2025-11-28 17:04:40.539 [restartedMain] INFO  o.s.b.d.env.DevToolsPropertyDefaultsPostProcessor - Devtools property defaults active! Set 'spring.devtools.add-properties' to 'false' to disable
2025-11-28 17:04:40.539 [restartedMain] INFO  o.s.b.d.env.DevToolsPropertyDefaultsPostProcessor - For additional web related logging consider setting the 'logging.level.web' property to 'DEBUG'
2025-11-28 17:04:41.605 [restartedMain] INFO  o.s.d.r.config.RepositoryConfigurationDelegate - Multiple Spring Data modules found, entering strict repository configuration mode
2025-11-28 17:04:41.606 [restartedMain] INFO  o.s.d.r.config.RepositoryConfigurationDelegate - Bootstrapping Spring Data JDBC repositories in DEFAULT mode.
2025-11-28 17:04:41.638 [restartedMain] INFO  o.s.d.r.config.RepositoryConfigurationDelegate - Finished Spring Data repository scanning in 26 ms. Found 0 JDBC repository interfaces.
2025-11-28 17:04:41.653 [restartedMain] INFO  o.s.d.r.config.RepositoryConfigurationDelegate - Multiple Spring Data modules found, entering strict repository configuration mode
2025-11-28 17:04:41.654 [restartedMain] INFO  o.s.d.r.config.RepositoryConfigurationDelegate - Bootstrapping Spring Data Redis repositories in DEFAULT mode.
2025-11-28 17:04:41.672 [restartedMain] INFO  o.s.d.r.config.RepositoryConfigurationDelegate - Finished Spring Data repository scanning in 10 ms. Found 0 Redis repository interfaces.
2025-11-28 17:04:42.218 [restartedMain] WARN  o.s.c.s.PostProcessorRegistrationDelegate$BeanPostProcessorChecker - Bean 'redisCacheConfig' of type [org.bem.iot.config.RedisCacheConfig$$SpringCGLIB$$0] is not eligible for getting processed by all BeanPostProcessors (for example: not eligible for auto-proxying). Is this bean getting eagerly injected into a currently created BeanPostProcessor [projectingArgumentResolverBeanPostProcessor]? Check the corresponding BeanPostProcessor declaration and its dependencies.
2025-11-28 17:04:42.546 [restartedMain] WARN  io.undertow.websockets.jsr - UT026010: Buffer pool was not set on WebSocketDeploymentInfo, the default pool will be used
2025-11-28 17:04:42.568 [restartedMain] INFO  io.undertow.servlet - Initializing Spring embedded WebApplicationContext
2025-11-28 17:04:42.570 [restartedMain] INFO  o.s.b.w.s.c.ServletWebServerApplicationContext - Root WebApplicationContext: initialization completed in 2029 ms
2025-11-28 17:04:42.754 [restartedMain] DEBUG c.b.m.e.spring.MybatisSqlSessionFactoryBean - Registered plugin: 'com.baomidou.mybatisplus.extension.plugins.MybatisPlusInterceptor@df21540'
2025-11-28 17:04:42.756 [restartedMain] DEBUG c.b.m.e.spring.MybatisSqlSessionFactoryBean - Property 'mapperLocations' was not specified.
2025-11-28 17:04:44.559 [restartedMain] INFO  org.bem.iot.media.context.MediaServerContext - 【MediaServer】HTTP流媒体服务启动：成功，端口：7080
2025-11-28 17:04:44.560 [restartedMain] INFO  org.bem.iot.media.context.MediaServerContext - 【MediaServer】RTSP流媒体服务启动：成功，端口：7554
2025-11-28 17:04:44.561 [restartedMain] INFO  org.bem.iot.media.context.MediaServerContext - 【MediaServer】RTMP流媒体服务启动：成功，端口：7935
2025-11-28 17:04:44.563 [restartedMain] INFO  org.bem.iot.media.context.MediaServerContext - 【MediaServer】RTC流媒体服务启动：成功，端口：8000
2025-11-28 17:04:44.563 [restartedMain] INFO  org.bem.iot.media.context.MediaServerContext - 【MediaServer】初始化MediaServer程序成功
2025-11-28 17:04:45.355 [restartedMain] INFO  com.zaxxer.hikari.HikariDataSource - HikariPool-1 - Starting...
2025-11-28 17:04:45.565 [restartedMain] INFO  com.zaxxer.hikari.pool.HikariPool - HikariPool-1 - Added connection org.postgresql.jdbc.PgConnection@585f2e88
2025-11-28 17:04:45.568 [restartedMain] INFO  com.zaxxer.hikari.HikariDataSource - HikariPool-1 - Start completed.
2025-11-28 17:04:45.838 [restartedMain] INFO  o.s.b.d.autoconfigure.OptionalLiveReloadServer - LiveReload server is running on port 35729
2025-11-28 17:04:45.910 [restartedMain] INFO  io.undertow - starting server: Undertow - 2.3.12.Final
2025-11-28 17:04:45.918 [restartedMain] INFO  org.xnio - XNIO version 3.8.8.Final
2025-11-28 17:04:45.927 [restartedMain] INFO  org.xnio.nio - XNIO NIO Implementation Version 3.8.8.Final
2025-11-28 17:04:45.957 [restartedMain] INFO  org.jboss.threads - JBoss Threads version 3.5.0.Final
2025-11-28 17:04:46.315 [restartedMain] INFO  o.s.boot.web.embedded.undertow.UndertowWebServer - Undertow started on port 8010 (http)
2025-11-28 17:04:46.325 [restartedMain] INFO  org.bem.iot.BemiotApplication - Started BemiotApplication in 6.349 seconds (process running for 7.984)
2025-11-28 17:04:46.328 [restartedMain] DEBUG c.b.mybatisplus.autoconfigure.DdlApplicationRunner -   ...  DDL start create  ...  
2025-11-28 17:04:46.328 [restartedMain] DEBUG c.b.mybatisplus.autoconfigure.DdlApplicationRunner -   ...  DDL end create  ...  
2025-11-28 17:05:34.819 [XNIO-1 task-2] INFO  io.undertow.servlet - Initializing Spring DispatcherServlet 'dispatcherServlet'
2025-11-28 17:05:34.819 [XNIO-1 task-2] INFO  org.springframework.web.servlet.DispatcherServlet - Initializing Servlet 'dispatcherServlet'
2025-11-28 17:05:34.821 [XNIO-1 task-2] INFO  org.springframework.web.servlet.DispatcherServlet - Completed initialization in 2 ms
2025-11-28 17:09:13.269 [SpringApplicationShutdownHook] INFO  io.undertow - stopping server: Undertow - 2.3.12.Final
2025-11-28 17:09:13.290 [SpringApplicationShutdownHook] INFO  io.undertow.servlet - Destroying Spring FrameworkServlet 'dispatcherServlet'
2025-11-28 17:09:13.420 [SpringApplicationShutdownHook] INFO  org.bem.iot.media.context.MediaServerContext - 【MediaServer】关闭所有流媒体服务
2025-11-28 17:09:13.431 [SpringApplicationShutdownHook] INFO  com.zaxxer.hikari.HikariDataSource - HikariPool-1 - Shutdown initiated...
2025-11-28 17:09:13.434 [SpringApplicationShutdownHook] INFO  com.zaxxer.hikari.HikariDataSource - HikariPool-1 - Shutdown completed.
2025-11-28 17:09:17.536 [background-preinit] INFO  org.hibernate.validator.internal.util.Version - HV000001: Hibernate Validator 8.0.1.Final
2025-11-28 17:09:17.587 [restartedMain] INFO  org.bem.iot.BemiotApplication - Starting BemiotApplication using Java 17.0.15 with PID 1924 (D:\www\AIOT\bemiot\bemiot\out\production\classes started by bemjsy in D:\www\AIOT\bemiot\bemiot)
2025-11-28 17:09:17.589 [restartedMain] INFO  org.bem.iot.BemiotApplication - The following 1 profile is active: "dev"
2025-11-28 17:09:17.644 [restartedMain] INFO  o.s.boot.devtools.restart.ChangeableUrls - The Class-Path manifest attribute in C:\Users\bemjsy\.m2\repository\org\bytedeco\javacv\1.5.10\javacv-1.5.10.jar referenced one or more files that do not exist: file:/C:/Users/bemjsy/.m2/repository/org/bytedeco/javacv/1.5.10/javacpp.jar,file:/C:/Users/bemjsy/.m2/repository/org/bytedeco/javacv/1.5.10/openblas.jar,file:/C:/Users/bemjsy/.m2/repository/org/bytedeco/javacv/1.5.10/opencv.jar,file:/C:/Users/bemjsy/.m2/repository/org/bytedeco/javacv/1.5.10/ffmpeg.jar,file:/C:/Users/bemjsy/.m2/repository/org/bytedeco/javacv/1.5.10/flycapture.jar,file:/C:/Users/bemjsy/.m2/repository/org/bytedeco/javacv/1.5.10/libdc1394.jar,file:/C:/Users/bemjsy/.m2/repository/org/bytedeco/javacv/1.5.10/libfreenect.jar,file:/C:/Users/bemjsy/.m2/repository/org/bytedeco/javacv/1.5.10/libfreenect2.jar,file:/C:/Users/bemjsy/.m2/repository/org/bytedeco/javacv/1.5.10/librealsense.jar,file:/C:/Users/bemjsy/.m2/repository/org/bytedeco/javacv/1.5.10/librealsense2.jar,file:/C:/Users/bemjsy/.m2/repository/org/bytedeco/javacv/1.5.10/videoinput.jar,file:/C:/Users/bemjsy/.m2/repository/org/bytedeco/javacv/1.5.10/artoolkitplus.jar,file:/C:/Users/bemjsy/.m2/repository/org/bytedeco/javacv/1.5.10/flandmark.jar,file:/C:/Users/bemjsy/.m2/repository/org/bytedeco/javacv/1.5.10/leptonica.jar,file:/C:/Users/bemjsy/.m2/repository/org/bytedeco/javacv/1.5.10/tesseract.jar,file:/C:/Users/bemjsy/.m2/repository/org/bytedeco/javacv/1.5.10/javacpp-1.5.10.jar,file:/C:/Users/bemjsy/.m2/repository/org/bytedeco/javacv/1.5.10/openblas-0.3.26-1.5.10.jar,file:/C:/Users/bemjsy/.m2/repository/org/bytedeco/javacv/1.5.10/opencv-4.9.0-1.5.10.jar,file:/C:/Users/bemjsy/.m2/repository/org/bytedeco/javacv/1.5.10/ffmpeg-6.1.1-1.5.10.jar,file:/C:/Users/bemjsy/.m2/repository/org/bytedeco/javacv/1.5.10/flycapture-2.13.3.31-1.5.9.jar,file:/C:/Users/bemjsy/.m2/repository/org/bytedeco/javacv/1.5.10/libdc1394-2.2.6-1.5.9.jar,file:/C:/Users/bemjsy/.m2/repository/org/bytedeco/javacv/1.5.10/libfreenect-0.5.7-1.5.9.jar,file:/C:/Users/bemjsy/.m2/repository/org/bytedeco/javacv/1.5.10/libfreenect2-0.2.0-1.5.9.jar,file:/C:/Users/bemjsy/.m2/repository/org/bytedeco/javacv/1.5.10/librealsense-1.12.4-1.5.9.jar,file:/C:/Users/bemjsy/.m2/repository/org/bytedeco/javacv/1.5.10/librealsense2-2.53.1-1.5.9.jar,file:/C:/Users/bemjsy/.m2/repository/org/bytedeco/javacv/1.5.10/videoinput-0.200-1.5.9.jar,file:/C:/Users/bemjsy/.m2/repository/org/bytedeco/javacv/1.5.10/artoolkitplus-2.3.1-1.5.9.jar,file:/C:/Users/bemjsy/.m2/repository/org/bytedeco/javacv/1.5.10/leptonica-1.84.1-1.5.10.jar,file:/C:/Users/bemjsy/.m2/repository/org/bytedeco/javacv/1.5.10/tesseract-5.3.4-1.5.10.jar,file:/C:/Users/bemjsy/.m2/repository/org/bytedeco/javacv/1.5.10/android-4.1.1.4.jar,file:/C:/Users/bemjsy/.m2/repository/org/bytedeco/javacv/1.5.10/gluegen-rt-main-2.3.2.jar,file:/C:/Users/bemjsy/.m2/repository/org/bytedeco/javacv/1.5.10/gluegen-rt-2.3.2.jar,file:/C:/Users/bemjsy/.m2/repository/org/bytedeco/javacv/1.5.10/gluegen-rt-2.3.2-natives-android-aarch64.jar,file:/C:/Users/bemjsy/.m2/repository/org/bytedeco/javacv/1.5.10/gluegen-rt-2.3.2-natives-android-armv6.jar,file:/C:/Users/bemjsy/.m2/repository/org/bytedeco/javacv/1.5.10/gluegen-rt-2.3.2-natives-linux-amd64.jar,file:/C:/Users/bemjsy/.m2/repository/org/bytedeco/javacv/1.5.10/gluegen-rt-2.3.2-natives-linux-armv6.jar,file:/C:/Users/bemjsy/.m2/repository/org/bytedeco/javacv/1.5.10/gluegen-rt-2.3.2-natives-linux-armv6hf.jar,file:/C:/Users/bemjsy/.m2/repository/org/bytedeco/javacv/1.5.10/gluegen-rt-2.3.2-natives-linux-i586.jar,file:/C:/Users/bemjsy/.m2/repository/org/bytedeco/javacv/1.5.10/gluegen-rt-2.3.2-natives-macosx-universal.jar,file:/C:/Users/bemjsy/.m2/repository/org/bytedeco/javacv/1.5.10/gluegen-rt-2.3.2-natives-solaris-amd64.jar,file:/C:/Users/bemjsy/.m2/repository/org/bytedeco/javacv/1.5.10/gluegen-rt-2.3.2-natives-solaris-i586.jar,file:/C:/Users/bemjsy/.m2/repository/org/bytedeco/javacv/1.5.10/gluegen-rt-2.3.2-natives-windows-amd64.jar,file:/C:/Users/bemjsy/.m2/repository/org/bytedeco/javacv/1.5.10/gluegen-rt-2.3.2-natives-windows-i586.jar,file:/C:/Users/bemjsy/.m2/repository/org/bytedeco/javacv/1.5.10/jogl-all-main-2.3.2.jar,file:/C:/Users/bemjsy/.m2/repository/org/bytedeco/javacv/1.5.10/jogl-all-2.3.2.jar,file:/C:/Users/bemjsy/.m2/repository/org/bytedeco/javacv/1.5.10/jogl-all-2.3.2-natives-android-aarch64.jar,file:/C:/Users/bemjsy/.m2/repository/org/bytedeco/javacv/1.5.10/jogl-all-2.3.2-natives-android-armv6.jar,file:/C:/Users/bemjsy/.m2/repository/org/bytedeco/javacv/1.5.10/jogl-all-2.3.2-natives-linux-amd64.jar,file:/C:/Users/bemjsy/.m2/repository/org/bytedeco/javacv/1.5.10/jogl-all-2.3.2-natives-linux-armv6.jar,file:/C:/Users/bemjsy/.m2/repository/org/bytedeco/javacv/1.5.10/jogl-all-2.3.2-natives-linux-armv6hf.jar,file:/C:/Users/bemjsy/.m2/repository/org/bytedeco/javacv/1.5.10/jogl-all-2.3.2-natives-linux-i586.jar,file:/C:/Users/bemjsy/.m2/repository/org/bytedeco/javacv/1.5.10/jogl-all-2.3.2-natives-macosx-universal.jar,file:/C:/Users/bemjsy/.m2/repository/org/bytedeco/javacv/1.5.10/jogl-all-2.3.2-natives-solaris-amd64.jar,file:/C:/Users/bemjsy/.m2/repository/org/bytedeco/javacv/1.5.10/jogl-all-2.3.2-natives-solaris-i586.jar,file:/C:/Users/bemjsy/.m2/repository/org/bytedeco/javacv/1.5.10/jogl-all-2.3.2-natives-windows-amd64.jar,file:/C:/Users/bemjsy/.m2/repository/org/bytedeco/javacv/1.5.10/jogl-all-2.3.2-natives-windows-i586.jar,file:/C:/Users/bemjsy/.m2/repository/org/bytedeco/javacv/1.5.10/jocl-main-2.3.2.jar,file:/C:/Users/bemjsy/.m2/repository/org/bytedeco/javacv/1.5.10/jocl-2.3.2.jar,file:/C:/Users/bemjsy/.m2/repository/org/bytedeco/javacv/1.5.10/jocl-2.3.2-natives-android-aarch64.jar,file:/C:/Users/bemjsy/.m2/repository/org/bytedeco/javacv/1.5.10/jocl-2.3.2-natives-android-armv6.jar,file:/C:/Users/bemjsy/.m2/repository/org/bytedeco/javacv/1.5.10/jocl-2.3.2-natives-linux-amd64.jar,file:/C:/Users/bemjsy/.m2/repository/org/bytedeco/javacv/1.5.10/jocl-2.3.2-natives-linux-armv6.jar,file:/C:/Users/bemjsy/.m2/repository/org/bytedeco/javacv/1.5.10/jocl-2.3.2-natives-linux-armv6hf.jar,file:/C:/Users/bemjsy/.m2/repository/org/bytedeco/javacv/1.5.10/jocl-2.3.2-natives-linux-i586.jar,file:/C:/Users/bemjsy/.m2/repository/org/bytedeco/javacv/1.5.10/jocl-2.3.2-natives-macosx-universal.jar,file:/C:/Users/bemjsy/.m2/repository/org/bytedeco/javacv/1.5.10/jocl-2.3.2-natives-solaris-amd64.jar,file:/C:/Users/bemjsy/.m2/repository/org/bytedeco/javacv/1.5.10/jocl-2.3.2-natives-solaris-i586.jar,file:/C:/Users/bemjsy/.m2/repository/org/bytedeco/javacv/1.5.10/jocl-2.3.2-natives-windows-amd64.jar,file:/C:/Users/bemjsy/.m2/repository/org/bytedeco/javacv/1.5.10/jocl-2.3.2-natives-windows-i586.jar
2025-11-28 17:09:17.645 [restartedMain] INFO  o.s.boot.devtools.restart.ChangeableUrls - The Class-Path manifest attribute in C:\Users\bemjsy\.m2\repository\org\bytedeco\ffmpeg\6.1.1-1.5.10\ffmpeg-6.1.1-1.5.10.jar referenced one or more files that do not exist: file:/C:/Users/bemjsy/.m2/repository/org/bytedeco/ffmpeg/6.1.1-1.5.10/javacpp.jar
2025-11-28 17:09:17.645 [restartedMain] INFO  o.s.boot.devtools.restart.ChangeableUrls - The Class-Path manifest attribute in C:\Users\bemjsy\.m2\repository\org\bytedeco\opencv\4.9.0-1.5.10\opencv-4.9.0-1.5.10.jar referenced one or more files that do not exist: file:/C:/Users/bemjsy/.m2/repository/org/bytedeco/opencv/4.9.0-1.5.10/javacpp.jar
2025-11-28 17:09:17.645 [restartedMain] INFO  o.s.boot.devtools.restart.ChangeableUrls - The Class-Path manifest attribute in C:\Users\bemjsy\.m2\repository\org\bytedeco\openblas\0.3.26-1.5.10\openblas-0.3.26-1.5.10.jar referenced one or more files that do not exist: file:/C:/Users/bemjsy/.m2/repository/org/bytedeco/openblas/0.3.26-1.5.10/javacpp.jar
2025-11-28 17:09:17.645 [restartedMain] INFO  o.s.boot.devtools.restart.ChangeableUrls - The Class-Path manifest attribute in C:\Users\bemjsy\.m2\repository\org\bytedeco\flycapture\2.13.3.31-1.5.9\flycapture-2.13.3.31-1.5.9.jar referenced one or more files that do not exist: file:/C:/Users/bemjsy/.m2/repository/org/bytedeco/flycapture/2.13.3.31-1.5.9/javacpp.jar
2025-11-28 17:09:17.645 [restartedMain] INFO  o.s.boot.devtools.restart.ChangeableUrls - The Class-Path manifest attribute in C:\Users\bemjsy\.m2\repository\org\bytedeco\libdc1394\2.2.6-1.5.9\libdc1394-2.2.6-1.5.9.jar referenced one or more files that do not exist: file:/C:/Users/bemjsy/.m2/repository/org/bytedeco/libdc1394/2.2.6-1.5.9/javacpp.jar
2025-11-28 17:09:17.646 [restartedMain] INFO  o.s.boot.devtools.restart.ChangeableUrls - The Class-Path manifest attribute in C:\Users\bemjsy\.m2\repository\org\bytedeco\libfreenect\0.5.7-1.5.9\libfreenect-0.5.7-1.5.9.jar referenced one or more files that do not exist: file:/C:/Users/bemjsy/.m2/repository/org/bytedeco/libfreenect/0.5.7-1.5.9/javacpp.jar
2025-11-28 17:09:17.646 [restartedMain] INFO  o.s.boot.devtools.restart.ChangeableUrls - The Class-Path manifest attribute in C:\Users\bemjsy\.m2\repository\org\bytedeco\libfreenect2\0.2.0-1.5.9\libfreenect2-0.2.0-1.5.9.jar referenced one or more files that do not exist: file:/C:/Users/bemjsy/.m2/repository/org/bytedeco/libfreenect2/0.2.0-1.5.9/javacpp.jar
2025-11-28 17:09:17.646 [restartedMain] INFO  o.s.boot.devtools.restart.ChangeableUrls - The Class-Path manifest attribute in C:\Users\bemjsy\.m2\repository\org\bytedeco\librealsense\1.12.4-1.5.9\librealsense-1.12.4-1.5.9.jar referenced one or more files that do not exist: file:/C:/Users/bemjsy/.m2/repository/org/bytedeco/librealsense/1.12.4-1.5.9/javacpp.jar
2025-11-28 17:09:17.646 [restartedMain] INFO  o.s.boot.devtools.restart.ChangeableUrls - The Class-Path manifest attribute in C:\Users\bemjsy\.m2\repository\org\bytedeco\librealsense2\2.53.1-1.5.9\librealsense2-2.53.1-1.5.9.jar referenced one or more files that do not exist: file:/C:/Users/bemjsy/.m2/repository/org/bytedeco/librealsense2/2.53.1-1.5.9/javacpp.jar
2025-11-28 17:09:17.646 [restartedMain] INFO  o.s.boot.devtools.restart.ChangeableUrls - The Class-Path manifest attribute in C:\Users\bemjsy\.m2\repository\org\bytedeco\videoinput\0.200-1.5.9\videoinput-0.200-1.5.9.jar referenced one or more files that do not exist: file:/C:/Users/bemjsy/.m2/repository/org/bytedeco/videoinput/0.200-1.5.9/javacpp.jar
2025-11-28 17:09:17.646 [restartedMain] INFO  o.s.boot.devtools.restart.ChangeableUrls - The Class-Path manifest attribute in C:\Users\bemjsy\.m2\repository\org\bytedeco\artoolkitplus\2.3.1-1.5.9\artoolkitplus-2.3.1-1.5.9.jar referenced one or more files that do not exist: file:/C:/Users/bemjsy/.m2/repository/org/bytedeco/artoolkitplus/2.3.1-1.5.9/javacpp.jar
2025-11-28 17:09:17.646 [restartedMain] INFO  o.s.boot.devtools.restart.ChangeableUrls - The Class-Path manifest attribute in C:\Users\bemjsy\.m2\repository\org\bytedeco\tesseract\5.3.4-1.5.10\tesseract-5.3.4-1.5.10.jar referenced one or more files that do not exist: file:/C:/Users/bemjsy/.m2/repository/org/bytedeco/tesseract/5.3.4-1.5.10/javacpp.jar
2025-11-28 17:09:17.646 [restartedMain] INFO  o.s.boot.devtools.restart.ChangeableUrls - The Class-Path manifest attribute in C:\Users\bemjsy\.m2\repository\org\bytedeco\leptonica\1.84.1-1.5.10\leptonica-1.84.1-1.5.10.jar referenced one or more files that do not exist: file:/C:/Users/bemjsy/.m2/repository/org/bytedeco/leptonica/1.84.1-1.5.10/javacpp.jar
2025-11-28 17:09:17.646 [restartedMain] INFO  o.s.b.d.env.DevToolsPropertyDefaultsPostProcessor - Devtools property defaults active! Set 'spring.devtools.add-properties' to 'false' to disable
2025-11-28 17:09:17.646 [restartedMain] INFO  o.s.b.d.env.DevToolsPropertyDefaultsPostProcessor - For additional web related logging consider setting the 'logging.level.web' property to 'DEBUG'
2025-11-28 17:09:18.621 [restartedMain] INFO  o.s.d.r.config.RepositoryConfigurationDelegate - Multiple Spring Data modules found, entering strict repository configuration mode
2025-11-28 17:09:18.623 [restartedMain] INFO  o.s.d.r.config.RepositoryConfigurationDelegate - Bootstrapping Spring Data JDBC repositories in DEFAULT mode.
2025-11-28 17:09:18.655 [restartedMain] INFO  o.s.d.r.config.RepositoryConfigurationDelegate - Finished Spring Data repository scanning in 27 ms. Found 0 JDBC repository interfaces.
2025-11-28 17:09:18.670 [restartedMain] INFO  o.s.d.r.config.RepositoryConfigurationDelegate - Multiple Spring Data modules found, entering strict repository configuration mode
2025-11-28 17:09:18.671 [restartedMain] INFO  o.s.d.r.config.RepositoryConfigurationDelegate - Bootstrapping Spring Data Redis repositories in DEFAULT mode.
2025-11-28 17:09:18.687 [restartedMain] INFO  o.s.d.r.config.RepositoryConfigurationDelegate - Finished Spring Data repository scanning in 8 ms. Found 0 Redis repository interfaces.
2025-11-28 17:09:19.202 [restartedMain] WARN  o.s.c.s.PostProcessorRegistrationDelegate$BeanPostProcessorChecker - Bean 'redisCacheConfig' of type [org.bem.iot.config.RedisCacheConfig$$SpringCGLIB$$0] is not eligible for getting processed by all BeanPostProcessors (for example: not eligible for auto-proxying). Is this bean getting eagerly injected into a currently created BeanPostProcessor [projectingArgumentResolverBeanPostProcessor]? Check the corresponding BeanPostProcessor declaration and its dependencies.
2025-11-28 17:09:19.483 [restartedMain] WARN  io.undertow.websockets.jsr - UT026010: Buffer pool was not set on WebSocketDeploymentInfo, the default pool will be used
2025-11-28 17:09:19.505 [restartedMain] INFO  io.undertow.servlet - Initializing Spring embedded WebApplicationContext
2025-11-28 17:09:19.512 [restartedMain] INFO  o.s.b.w.s.c.ServletWebServerApplicationContext - Root WebApplicationContext: initialization completed in 1858 ms
2025-11-28 17:09:19.690 [restartedMain] DEBUG c.b.m.e.spring.MybatisSqlSessionFactoryBean - Registered plugin: 'com.baomidou.mybatisplus.extension.plugins.MybatisPlusInterceptor@16e4db50'
2025-11-28 17:09:19.692 [restartedMain] DEBUG c.b.m.e.spring.MybatisSqlSessionFactoryBean - Property 'mapperLocations' was not specified.
2025-11-28 17:09:21.572 [restartedMain] INFO  org.bem.iot.media.context.MediaServerContext - 【MediaServer】HTTP流媒体服务启动：成功，端口：7080
2025-11-28 17:09:21.573 [restartedMain] INFO  org.bem.iot.media.context.MediaServerContext - 【MediaServer】RTSP流媒体服务启动：成功，端口：7554
2025-11-28 17:09:21.574 [restartedMain] INFO  org.bem.iot.media.context.MediaServerContext - 【MediaServer】RTMP流媒体服务启动：成功，端口：7935
2025-11-28 17:09:21.576 [restartedMain] INFO  org.bem.iot.media.context.MediaServerContext - 【MediaServer】RTC流媒体服务启动：成功，端口：8000
2025-11-28 17:09:21.576 [restartedMain] INFO  org.bem.iot.media.context.MediaServerContext - 【MediaServer】初始化MediaServer程序成功
2025-11-28 17:09:22.363 [restartedMain] INFO  com.zaxxer.hikari.HikariDataSource - HikariPool-1 - Starting...
2025-11-28 17:09:22.576 [restartedMain] INFO  com.zaxxer.hikari.pool.HikariPool - HikariPool-1 - Added connection org.postgresql.jdbc.PgConnection@17bc50b5
2025-11-28 17:09:22.578 [restartedMain] INFO  com.zaxxer.hikari.HikariDataSource - HikariPool-1 - Start completed.
2025-11-28 17:09:22.868 [restartedMain] INFO  o.s.b.d.autoconfigure.OptionalLiveReloadServer - LiveReload server is running on port 35729
2025-11-28 17:09:22.935 [restartedMain] INFO  io.undertow - starting server: Undertow - 2.3.12.Final
2025-11-28 17:09:22.945 [restartedMain] INFO  org.xnio - XNIO version 3.8.8.Final
2025-11-28 17:09:22.958 [restartedMain] INFO  org.xnio.nio - XNIO NIO Implementation Version 3.8.8.Final
2025-11-28 17:09:22.988 [restartedMain] INFO  org.jboss.threads - JBoss Threads version 3.5.0.Final
2025-11-28 17:09:23.369 [restartedMain] INFO  o.s.boot.web.embedded.undertow.UndertowWebServer - Undertow started on port 8010 (http)
2025-11-28 17:09:23.380 [restartedMain] INFO  org.bem.iot.BemiotApplication - Started BemiotApplication in 6.244 seconds (process running for 7.606)
2025-11-28 17:09:23.383 [restartedMain] DEBUG c.b.mybatisplus.autoconfigure.DdlApplicationRunner -   ...  DDL start create  ...  
2025-11-28 17:09:23.384 [restartedMain] DEBUG c.b.mybatisplus.autoconfigure.DdlApplicationRunner -   ...  DDL end create  ...  
2025-11-28 17:09:30.133 [XNIO-1 task-2] INFO  io.undertow.servlet - Initializing Spring DispatcherServlet 'dispatcherServlet'
2025-11-28 17:09:30.134 [XNIO-1 task-2] INFO  org.springframework.web.servlet.DispatcherServlet - Initializing Servlet 'dispatcherServlet'
2025-11-28 17:09:30.137 [XNIO-1 task-2] INFO  org.springframework.web.servlet.DispatcherServlet - Completed initialization in 3 ms
2025-11-28 17:10:10.108 [HikariPool-1 housekeeper] WARN  com.zaxxer.hikari.pool.HikariPool - HikariPool-1 - Thread starvation or clock leap detected (housekeeper delta=47s426ms187µs).
2025-11-28 17:31:32.011 [SpringApplicationShutdownHook] INFO  io.undertow - stopping server: Undertow - 2.3.12.Final
2025-11-28 17:31:32.032 [SpringApplicationShutdownHook] INFO  io.undertow.servlet - Destroying Spring FrameworkServlet 'dispatcherServlet'
2025-11-28 17:31:32.211 [SpringApplicationShutdownHook] INFO  org.bem.iot.media.context.MediaServerContext - 【MediaServer】关闭所有流媒体服务
2025-11-28 17:31:32.238 [SpringApplicationShutdownHook] INFO  com.zaxxer.hikari.HikariDataSource - HikariPool-1 - Shutdown initiated...
2025-11-28 17:31:32.255 [SpringApplicationShutdownHook] INFO  com.zaxxer.hikari.HikariDataSource - HikariPool-1 - Shutdown completed.
