2025-12-22 11:29:46.502 [Test worker] INFO  o.s.t.c.support.AnnotationConfigContextLoaderUtils - Could not detect default configuration classes for test class [org.bem.iot.BemiotApplicationTests]: BemiotApplicationTests does not declare any static, non-private, non-final, nested classes annotated with @Configuration.
2025-12-22 11:29:46.668 [Test worker] INFO  o.s.b.t.context.SpringBootTestContextBootstrapper - Found @SpringBootConfiguration org.bem.iot.BemiotApplication for test class org.bem.iot.BemiotApplicationTests
2025-12-22 11:29:46.898 [Test worker] INFO  o.s.b.devtools.restart.RestartApplicationListener - Restart disabled due to context in which it is running
2025-12-22 11:29:47.229 [background-preinit] INFO  org.hibernate.validator.internal.util.Version - HV000001: Hibernate Validator 8.0.1.Final
2025-12-22 11:29:47.258 [Test worker] INFO  org.bem.iot.BemiotApplicationTests - Starting BemiotApplicationTests using Java 17.0.15 with PID 11920 (started by bemjsy in D:\www\AIOT\bemiot\bemiot)
2025-12-22 11:29:47.259 [Test worker] INFO  org.bem.iot.BemiotApplicationTests - The following 1 profile is active: "dev"
2025-12-22 11:29:48.485 [Test worker] INFO  o.s.d.r.config.RepositoryConfigurationDelegate - Multiple Spring Data modules found, entering strict repository configuration mode
2025-12-22 11:29:48.488 [Test worker] INFO  o.s.d.r.config.RepositoryConfigurationDelegate - Bootstrapping Spring Data JDBC repositories in DEFAULT mode.
2025-12-22 11:29:48.544 [Test worker] INFO  o.s.d.r.config.RepositoryConfigurationDelegate - Finished Spring Data repository scanning in 45 ms. Found 0 JDBC repository interfaces.
2025-12-22 11:29:48.670 [Test worker] INFO  o.s.d.r.config.RepositoryConfigurationDelegate - Multiple Spring Data modules found, entering strict repository configuration mode
2025-12-22 11:29:48.673 [Test worker] INFO  o.s.d.r.config.RepositoryConfigurationDelegate - Bootstrapping Spring Data Redis repositories in DEFAULT mode.
2025-12-22 11:29:48.705 [Test worker] INFO  o.s.d.r.config.RepositoryConfigurationDelegate - Finished Spring Data repository scanning in 17 ms. Found 0 Redis repository interfaces.
2025-12-22 11:29:49.337 [Test worker] WARN  o.s.c.s.PostProcessorRegistrationDelegate$BeanPostProcessorChecker - Bean 'redisCacheConfig' of type [org.bem.iot.config.RedisCacheConfig$$SpringCGLIB$$0] is not eligible for getting processed by all BeanPostProcessors (for example: not eligible for auto-proxying). Is this bean getting eagerly injected into a currently created BeanPostProcessor [projectingArgumentResolverBeanPostProcessor]? Check the corresponding BeanPostProcessor declaration and its dependencies.
2025-12-22 11:29:49.513 [Test worker] DEBUG c.b.m.e.spring.MybatisSqlSessionFactoryBean - Registered plugin: 'com.baomidou.mybatisplus.extension.plugins.MybatisPlusInterceptor@78b9155e'
2025-12-22 11:29:49.515 [Test worker] DEBUG c.b.m.e.spring.MybatisSqlSessionFactoryBean - Property 'mapperLocations' was not specified.
2025-12-22 11:29:51.945 [Test worker] INFO  org.bem.iot.media.context.MediaServerContext - 【MediaServer】HTTP流媒体服务启动：成功，端口：7080
2025-12-22 11:29:51.946 [Test worker] INFO  org.bem.iot.media.context.MediaServerContext - 【MediaServer】RTSP流媒体服务启动：成功，端口：7554
2025-12-22 11:29:51.947 [Test worker] INFO  org.bem.iot.media.context.MediaServerContext - 【MediaServer】RTMP流媒体服务启动：成功，端口：7935
2025-12-22 11:29:51.949 [Test worker] INFO  org.bem.iot.media.context.MediaServerContext - 【MediaServer】RTC流媒体服务启动：成功，端口：8000
2025-12-22 11:29:51.950 [Test worker] INFO  org.bem.iot.media.context.MediaServerContext - 【MediaServer】初始化MediaServer程序成功
2025-12-22 11:29:53.137 [Test worker] INFO  com.zaxxer.hikari.HikariDataSource - HikariPool-1 - Starting...
2025-12-22 11:29:53.456 [Test worker] INFO  com.zaxxer.hikari.pool.HikariPool - HikariPool-1 - Added connection org.postgresql.jdbc.PgConnection@60739eca
2025-12-22 11:29:53.460 [Test worker] INFO  com.zaxxer.hikari.HikariDataSource - HikariPool-1 - Start completed.
2025-12-22 11:29:53.772 [Test worker] INFO  org.bem.iot.BemiotApplicationTests - Started BemiotApplicationTests in 6.891 seconds (process running for 8.867)
2025-12-22 11:29:53.776 [Test worker] DEBUG c.b.mybatisplus.autoconfigure.DdlApplicationRunner -   ...  DDL start create  ...  
2025-12-22 11:29:53.777 [Test worker] DEBUG c.b.mybatisplus.autoconfigure.DdlApplicationRunner -   ...  DDL end create  ...  
2025-12-22 11:29:56.789 [Test worker] INFO  o.s.t.c.support.AnnotationConfigContextLoaderUtils - Could not detect default configuration classes for test class [org.bem.iot.SqlTest]: SqlTest does not declare any static, non-private, non-final, nested classes annotated with @Configuration.
2025-12-22 11:29:56.791 [Test worker] INFO  o.s.b.t.context.SpringBootTestContextBootstrapper - Found @SpringBootConfiguration org.bem.iot.BemiotApplication for test class org.bem.iot.SqlTest
2025-12-22 11:29:57.350 [SpringApplicationShutdownHook] INFO  org.bem.iot.media.context.MediaServerContext - 【MediaServer】关闭所有流媒体服务
2025-12-22 11:29:57.377 [SpringApplicationShutdownHook] INFO  com.zaxxer.hikari.HikariDataSource - HikariPool-1 - Shutdown initiated...
2025-12-22 11:29:57.387 [SpringApplicationShutdownHook] INFO  com.zaxxer.hikari.HikariDataSource - HikariPool-1 - Shutdown completed.
2025-12-22 11:31:22.757 [Test worker] INFO  o.s.t.c.support.AnnotationConfigContextLoaderUtils - Could not detect default configuration classes for test class [org.bem.iot.BemiotApplicationTests]: BemiotApplicationTests does not declare any static, non-private, non-final, nested classes annotated with @Configuration.
2025-12-22 11:31:22.881 [Test worker] INFO  o.s.b.t.context.SpringBootTestContextBootstrapper - Found @SpringBootConfiguration org.bem.iot.BemiotApplication for test class org.bem.iot.BemiotApplicationTests
2025-12-22 11:31:23.053 [Test worker] INFO  o.s.b.devtools.restart.RestartApplicationListener - Restart disabled due to context in which it is running
2025-12-22 11:31:23.330 [background-preinit] INFO  org.hibernate.validator.internal.util.Version - HV000001: Hibernate Validator 8.0.1.Final
2025-12-22 11:31:23.354 [Test worker] INFO  org.bem.iot.BemiotApplicationTests - Starting BemiotApplicationTests using Java 17.0.15 with PID 12536 (started by bemjsy in D:\www\AIOT\bemiot\bemiot)
2025-12-22 11:31:23.355 [Test worker] INFO  org.bem.iot.BemiotApplicationTests - The following 1 profile is active: "dev"
2025-12-22 11:31:24.569 [Test worker] INFO  o.s.d.r.config.RepositoryConfigurationDelegate - Multiple Spring Data modules found, entering strict repository configuration mode
2025-12-22 11:31:24.571 [Test worker] INFO  o.s.d.r.config.RepositoryConfigurationDelegate - Bootstrapping Spring Data JDBC repositories in DEFAULT mode.
2025-12-22 11:31:24.617 [Test worker] INFO  o.s.d.r.config.RepositoryConfigurationDelegate - Finished Spring Data repository scanning in 40 ms. Found 0 JDBC repository interfaces.
2025-12-22 11:31:24.640 [Test worker] INFO  o.s.d.r.config.RepositoryConfigurationDelegate - Multiple Spring Data modules found, entering strict repository configuration mode
2025-12-22 11:31:24.642 [Test worker] INFO  o.s.d.r.config.RepositoryConfigurationDelegate - Bootstrapping Spring Data Redis repositories in DEFAULT mode.
2025-12-22 11:31:24.669 [Test worker] INFO  o.s.d.r.config.RepositoryConfigurationDelegate - Finished Spring Data repository scanning in 14 ms. Found 0 Redis repository interfaces.
2025-12-22 11:31:25.285 [Test worker] WARN  o.s.c.s.PostProcessorRegistrationDelegate$BeanPostProcessorChecker - Bean 'redisCacheConfig' of type [org.bem.iot.config.RedisCacheConfig$$SpringCGLIB$$0] is not eligible for getting processed by all BeanPostProcessors (for example: not eligible for auto-proxying). Is this bean getting eagerly injected into a currently created BeanPostProcessor [projectingArgumentResolverBeanPostProcessor]? Check the corresponding BeanPostProcessor declaration and its dependencies.
2025-12-22 11:31:25.445 [Test worker] DEBUG c.b.m.e.spring.MybatisSqlSessionFactoryBean - Registered plugin: 'com.baomidou.mybatisplus.extension.plugins.MybatisPlusInterceptor@54234569'
2025-12-22 11:31:25.447 [Test worker] DEBUG c.b.m.e.spring.MybatisSqlSessionFactoryBean - Property 'mapperLocations' was not specified.
2025-12-22 11:31:27.594 [Test worker] INFO  org.bem.iot.media.context.MediaServerContext - 【MediaServer】HTTP流媒体服务启动：成功，端口：7080
2025-12-22 11:31:27.596 [Test worker] INFO  org.bem.iot.media.context.MediaServerContext - 【MediaServer】RTSP流媒体服务启动：成功，端口：7554
2025-12-22 11:31:27.597 [Test worker] INFO  org.bem.iot.media.context.MediaServerContext - 【MediaServer】RTMP流媒体服务启动：成功，端口：7935
2025-12-22 11:31:27.599 [Test worker] INFO  org.bem.iot.media.context.MediaServerContext - 【MediaServer】RTC流媒体服务启动：成功，端口：8000
2025-12-22 11:31:27.599 [Test worker] INFO  org.bem.iot.media.context.MediaServerContext - 【MediaServer】初始化MediaServer程序成功
2025-12-22 11:31:28.768 [Test worker] INFO  com.zaxxer.hikari.HikariDataSource - HikariPool-1 - Starting...
2025-12-22 11:31:29.281 [Test worker] INFO  com.zaxxer.hikari.pool.HikariPool - HikariPool-1 - Added connection org.postgresql.jdbc.PgConnection@3ec98000
2025-12-22 11:31:29.283 [Test worker] INFO  com.zaxxer.hikari.HikariDataSource - HikariPool-1 - Start completed.
2025-12-22 11:31:29.565 [Test worker] INFO  org.bem.iot.BemiotApplicationTests - Started BemiotApplicationTests in 6.525 seconds (process running for 8.169)
2025-12-22 11:31:29.569 [Test worker] DEBUG c.b.mybatisplus.autoconfigure.DdlApplicationRunner -   ...  DDL start create  ...  
2025-12-22 11:31:29.570 [Test worker] DEBUG c.b.mybatisplus.autoconfigure.DdlApplicationRunner -   ...  DDL end create  ...  
2025-12-22 11:31:57.408 [Test worker] INFO  o.s.t.c.support.AnnotationConfigContextLoaderUtils - Could not detect default configuration classes for test class [org.bem.iot.SqlTest]: SqlTest does not declare any static, non-private, non-final, nested classes annotated with @Configuration.
2025-12-22 11:31:57.409 [Test worker] INFO  o.s.b.t.context.SpringBootTestContextBootstrapper - Found @SpringBootConfiguration org.bem.iot.BemiotApplication for test class org.bem.iot.SqlTest
2025-12-22 11:31:57.449 [SpringApplicationShutdownHook] INFO  org.bem.iot.media.context.MediaServerContext - 【MediaServer】关闭所有流媒体服务
2025-12-22 11:31:57.461 [SpringApplicationShutdownHook] INFO  com.zaxxer.hikari.HikariDataSource - HikariPool-1 - Shutdown initiated...
2025-12-22 11:31:57.470 [SpringApplicationShutdownHook] INFO  com.zaxxer.hikari.HikariDataSource - HikariPool-1 - Shutdown completed.
2025-12-22 11:41:52.900 [Test worker] INFO  o.s.t.c.support.AnnotationConfigContextLoaderUtils - Could not detect default configuration classes for test class [org.bem.iot.BemiotApplicationTests]: BemiotApplicationTests does not declare any static, non-private, non-final, nested classes annotated with @Configuration.
2025-12-22 11:41:53.039 [Test worker] INFO  o.s.b.t.context.SpringBootTestContextBootstrapper - Found @SpringBootConfiguration org.bem.iot.BemiotApplication for test class org.bem.iot.BemiotApplicationTests
2025-12-22 11:41:53.225 [Test worker] INFO  o.s.b.devtools.restart.RestartApplicationListener - Restart disabled due to context in which it is running
2025-12-22 11:41:54.100 [background-preinit] INFO  org.hibernate.validator.internal.util.Version - HV000001: Hibernate Validator 8.0.1.Final
2025-12-22 11:41:54.170 [Test worker] INFO  org.bem.iot.BemiotApplicationTests - Starting BemiotApplicationTests using Java 17.0.15 with PID 14960 (started by bemjsy in D:\www\AIOT\bemiot\bemiot)
2025-12-22 11:41:54.172 [Test worker] INFO  org.bem.iot.BemiotApplicationTests - The following 1 profile is active: "dev"
2025-12-22 11:41:55.603 [Test worker] INFO  o.s.d.r.config.RepositoryConfigurationDelegate - Multiple Spring Data modules found, entering strict repository configuration mode
2025-12-22 11:41:55.605 [Test worker] INFO  o.s.d.r.config.RepositoryConfigurationDelegate - Bootstrapping Spring Data JDBC repositories in DEFAULT mode.
2025-12-22 11:41:55.650 [Test worker] INFO  o.s.d.r.config.RepositoryConfigurationDelegate - Finished Spring Data repository scanning in 37 ms. Found 0 JDBC repository interfaces.
2025-12-22 11:41:55.670 [Test worker] INFO  o.s.d.r.config.RepositoryConfigurationDelegate - Multiple Spring Data modules found, entering strict repository configuration mode
2025-12-22 11:41:55.672 [Test worker] INFO  o.s.d.r.config.RepositoryConfigurationDelegate - Bootstrapping Spring Data Redis repositories in DEFAULT mode.
2025-12-22 11:41:55.704 [Test worker] INFO  o.s.d.r.config.RepositoryConfigurationDelegate - Finished Spring Data repository scanning in 18 ms. Found 0 Redis repository interfaces.
2025-12-22 11:41:56.617 [Test worker] WARN  o.s.c.s.PostProcessorRegistrationDelegate$BeanPostProcessorChecker - Bean 'redisCacheConfig' of type [org.bem.iot.config.RedisCacheConfig$$SpringCGLIB$$0] is not eligible for getting processed by all BeanPostProcessors (for example: not eligible for auto-proxying). Is this bean getting eagerly injected into a currently created BeanPostProcessor [projectingArgumentResolverBeanPostProcessor]? Check the corresponding BeanPostProcessor declaration and its dependencies.
2025-12-22 11:41:56.861 [Test worker] DEBUG c.b.m.e.spring.MybatisSqlSessionFactoryBean - Registered plugin: 'com.baomidou.mybatisplus.extension.plugins.MybatisPlusInterceptor@5b0e9e0c'
2025-12-22 11:41:56.863 [Test worker] DEBUG c.b.m.e.spring.MybatisSqlSessionFactoryBean - Property 'mapperLocations' was not specified.
2025-12-22 11:42:00.287 [Test worker] INFO  org.bem.iot.media.context.MediaServerContext - 【MediaServer】HTTP流媒体服务启动：成功，端口：7080
2025-12-22 11:42:00.288 [Test worker] INFO  org.bem.iot.media.context.MediaServerContext - 【MediaServer】RTSP流媒体服务启动：成功，端口：7554
2025-12-22 11:42:00.290 [Test worker] INFO  org.bem.iot.media.context.MediaServerContext - 【MediaServer】RTMP流媒体服务启动：成功，端口：7935
2025-12-22 11:42:00.293 [Test worker] INFO  org.bem.iot.media.context.MediaServerContext - 【MediaServer】RTC流媒体服务启动：成功，端口：8000
2025-12-22 11:42:00.293 [Test worker] INFO  org.bem.iot.media.context.MediaServerContext - 【MediaServer】初始化MediaServer程序成功
2025-12-22 11:42:01.315 [Test worker] INFO  com.zaxxer.hikari.HikariDataSource - HikariPool-1 - Starting...
2025-12-22 11:42:01.638 [Test worker] INFO  com.zaxxer.hikari.pool.HikariPool - HikariPool-1 - Added connection org.postgresql.jdbc.PgConnection@3e563293
2025-12-22 11:42:01.641 [Test worker] INFO  com.zaxxer.hikari.HikariDataSource - HikariPool-1 - Start completed.
2025-12-22 11:42:01.973 [Test worker] INFO  org.bem.iot.BemiotApplicationTests - Started BemiotApplicationTests in 8.759 seconds (process running for 12.787)
2025-12-22 11:42:01.991 [Test worker] DEBUG c.b.mybatisplus.autoconfigure.DdlApplicationRunner -   ...  DDL start create  ...  
2025-12-22 11:42:01.992 [Test worker] DEBUG c.b.mybatisplus.autoconfigure.DdlApplicationRunner -   ...  DDL end create  ...  
2025-12-22 11:42:03.342 [Test worker] INFO  o.s.t.c.support.AnnotationConfigContextLoaderUtils - Could not detect default configuration classes for test class [org.bem.iot.SqlTest]: SqlTest does not declare any static, non-private, non-final, nested classes annotated with @Configuration.
2025-12-22 11:42:03.344 [Test worker] INFO  o.s.b.t.context.SpringBootTestContextBootstrapper - Found @SpringBootConfiguration org.bem.iot.BemiotApplication for test class org.bem.iot.SqlTest
2025-12-22 11:42:03.394 [SpringApplicationShutdownHook] INFO  org.bem.iot.media.context.MediaServerContext - 【MediaServer】关闭所有流媒体服务
2025-12-22 11:42:03.406 [SpringApplicationShutdownHook] INFO  com.zaxxer.hikari.HikariDataSource - HikariPool-1 - Shutdown initiated...
2025-12-22 11:42:03.410 [SpringApplicationShutdownHook] INFO  com.zaxxer.hikari.HikariDataSource - HikariPool-1 - Shutdown completed.
2025-12-22 14:30:23.458 [background-preinit] INFO  org.hibernate.validator.internal.util.Version - HV000001: Hibernate Validator 8.0.1.Final
2025-12-22 14:30:23.506 [restartedMain] INFO  org.bem.iot.BemiotApplication - Starting BemiotApplication using Java 17.0.15 with PID 11072 (D:\www\AIOT\bemiot\bemiot\out\production\classes started by bemjsy in D:\www\AIOT\bemiot\bemiot)
2025-12-22 14:30:23.507 [restartedMain] INFO  org.bem.iot.BemiotApplication - The following 1 profile is active: "dev"
2025-12-22 14:30:23.564 [restartedMain] INFO  o.s.boot.devtools.restart.ChangeableUrls - The Class-Path manifest attribute in C:\Users\bemjsy\.m2\repository\org\bytedeco\javacv\1.5.10\javacv-1.5.10.jar referenced one or more files that do not exist: file:/C:/Users/bemjsy/.m2/repository/org/bytedeco/javacv/1.5.10/javacpp.jar,file:/C:/Users/bemjsy/.m2/repository/org/bytedeco/javacv/1.5.10/openblas.jar,file:/C:/Users/bemjsy/.m2/repository/org/bytedeco/javacv/1.5.10/opencv.jar,file:/C:/Users/bemjsy/.m2/repository/org/bytedeco/javacv/1.5.10/ffmpeg.jar,file:/C:/Users/bemjsy/.m2/repository/org/bytedeco/javacv/1.5.10/flycapture.jar,file:/C:/Users/bemjsy/.m2/repository/org/bytedeco/javacv/1.5.10/libdc1394.jar,file:/C:/Users/bemjsy/.m2/repository/org/bytedeco/javacv/1.5.10/libfreenect.jar,file:/C:/Users/bemjsy/.m2/repository/org/bytedeco/javacv/1.5.10/libfreenect2.jar,file:/C:/Users/bemjsy/.m2/repository/org/bytedeco/javacv/1.5.10/librealsense.jar,file:/C:/Users/bemjsy/.m2/repository/org/bytedeco/javacv/1.5.10/librealsense2.jar,file:/C:/Users/bemjsy/.m2/repository/org/bytedeco/javacv/1.5.10/videoinput.jar,file:/C:/Users/bemjsy/.m2/repository/org/bytedeco/javacv/1.5.10/artoolkitplus.jar,file:/C:/Users/bemjsy/.m2/repository/org/bytedeco/javacv/1.5.10/flandmark.jar,file:/C:/Users/bemjsy/.m2/repository/org/bytedeco/javacv/1.5.10/leptonica.jar,file:/C:/Users/bemjsy/.m2/repository/org/bytedeco/javacv/1.5.10/tesseract.jar,file:/C:/Users/bemjsy/.m2/repository/org/bytedeco/javacv/1.5.10/javacpp-1.5.10.jar,file:/C:/Users/bemjsy/.m2/repository/org/bytedeco/javacv/1.5.10/openblas-0.3.26-1.5.10.jar,file:/C:/Users/bemjsy/.m2/repository/org/bytedeco/javacv/1.5.10/opencv-4.9.0-1.5.10.jar,file:/C:/Users/bemjsy/.m2/repository/org/bytedeco/javacv/1.5.10/ffmpeg-6.1.1-1.5.10.jar,file:/C:/Users/bemjsy/.m2/repository/org/bytedeco/javacv/1.5.10/flycapture-2.13.3.31-1.5.9.jar,file:/C:/Users/bemjsy/.m2/repository/org/bytedeco/javacv/1.5.10/libdc1394-2.2.6-1.5.9.jar,file:/C:/Users/bemjsy/.m2/repository/org/bytedeco/javacv/1.5.10/libfreenect-0.5.7-1.5.9.jar,file:/C:/Users/bemjsy/.m2/repository/org/bytedeco/javacv/1.5.10/libfreenect2-0.2.0-1.5.9.jar,file:/C:/Users/bemjsy/.m2/repository/org/bytedeco/javacv/1.5.10/librealsense-1.12.4-1.5.9.jar,file:/C:/Users/bemjsy/.m2/repository/org/bytedeco/javacv/1.5.10/librealsense2-2.53.1-1.5.9.jar,file:/C:/Users/bemjsy/.m2/repository/org/bytedeco/javacv/1.5.10/videoinput-0.200-1.5.9.jar,file:/C:/Users/bemjsy/.m2/repository/org/bytedeco/javacv/1.5.10/artoolkitplus-2.3.1-1.5.9.jar,file:/C:/Users/bemjsy/.m2/repository/org/bytedeco/javacv/1.5.10/leptonica-1.84.1-1.5.10.jar,file:/C:/Users/bemjsy/.m2/repository/org/bytedeco/javacv/1.5.10/tesseract-5.3.4-1.5.10.jar,file:/C:/Users/bemjsy/.m2/repository/org/bytedeco/javacv/1.5.10/android-4.1.1.4.jar,file:/C:/Users/bemjsy/.m2/repository/org/bytedeco/javacv/1.5.10/gluegen-rt-main-2.3.2.jar,file:/C:/Users/bemjsy/.m2/repository/org/bytedeco/javacv/1.5.10/gluegen-rt-2.3.2.jar,file:/C:/Users/bemjsy/.m2/repository/org/bytedeco/javacv/1.5.10/gluegen-rt-2.3.2-natives-android-aarch64.jar,file:/C:/Users/bemjsy/.m2/repository/org/bytedeco/javacv/1.5.10/gluegen-rt-2.3.2-natives-android-armv6.jar,file:/C:/Users/bemjsy/.m2/repository/org/bytedeco/javacv/1.5.10/gluegen-rt-2.3.2-natives-linux-amd64.jar,file:/C:/Users/bemjsy/.m2/repository/org/bytedeco/javacv/1.5.10/gluegen-rt-2.3.2-natives-linux-armv6.jar,file:/C:/Users/bemjsy/.m2/repository/org/bytedeco/javacv/1.5.10/gluegen-rt-2.3.2-natives-linux-armv6hf.jar,file:/C:/Users/bemjsy/.m2/repository/org/bytedeco/javacv/1.5.10/gluegen-rt-2.3.2-natives-linux-i586.jar,file:/C:/Users/bemjsy/.m2/repository/org/bytedeco/javacv/1.5.10/gluegen-rt-2.3.2-natives-macosx-universal.jar,file:/C:/Users/bemjsy/.m2/repository/org/bytedeco/javacv/1.5.10/gluegen-rt-2.3.2-natives-solaris-amd64.jar,file:/C:/Users/bemjsy/.m2/repository/org/bytedeco/javacv/1.5.10/gluegen-rt-2.3.2-natives-solaris-i586.jar,file:/C:/Users/bemjsy/.m2/repository/org/bytedeco/javacv/1.5.10/gluegen-rt-2.3.2-natives-windows-amd64.jar,file:/C:/Users/bemjsy/.m2/repository/org/bytedeco/javacv/1.5.10/gluegen-rt-2.3.2-natives-windows-i586.jar,file:/C:/Users/bemjsy/.m2/repository/org/bytedeco/javacv/1.5.10/jogl-all-main-2.3.2.jar,file:/C:/Users/bemjsy/.m2/repository/org/bytedeco/javacv/1.5.10/jogl-all-2.3.2.jar,file:/C:/Users/bemjsy/.m2/repository/org/bytedeco/javacv/1.5.10/jogl-all-2.3.2-natives-android-aarch64.jar,file:/C:/Users/bemjsy/.m2/repository/org/bytedeco/javacv/1.5.10/jogl-all-2.3.2-natives-android-armv6.jar,file:/C:/Users/bemjsy/.m2/repository/org/bytedeco/javacv/1.5.10/jogl-all-2.3.2-natives-linux-amd64.jar,file:/C:/Users/bemjsy/.m2/repository/org/bytedeco/javacv/1.5.10/jogl-all-2.3.2-natives-linux-armv6.jar,file:/C:/Users/bemjsy/.m2/repository/org/bytedeco/javacv/1.5.10/jogl-all-2.3.2-natives-linux-armv6hf.jar,file:/C:/Users/bemjsy/.m2/repository/org/bytedeco/javacv/1.5.10/jogl-all-2.3.2-natives-linux-i586.jar,file:/C:/Users/bemjsy/.m2/repository/org/bytedeco/javacv/1.5.10/jogl-all-2.3.2-natives-macosx-universal.jar,file:/C:/Users/bemjsy/.m2/repository/org/bytedeco/javacv/1.5.10/jogl-all-2.3.2-natives-solaris-amd64.jar,file:/C:/Users/bemjsy/.m2/repository/org/bytedeco/javacv/1.5.10/jogl-all-2.3.2-natives-solaris-i586.jar,file:/C:/Users/bemjsy/.m2/repository/org/bytedeco/javacv/1.5.10/jogl-all-2.3.2-natives-windows-amd64.jar,file:/C:/Users/bemjsy/.m2/repository/org/bytedeco/javacv/1.5.10/jogl-all-2.3.2-natives-windows-i586.jar,file:/C:/Users/bemjsy/.m2/repository/org/bytedeco/javacv/1.5.10/jocl-main-2.3.2.jar,file:/C:/Users/bemjsy/.m2/repository/org/bytedeco/javacv/1.5.10/jocl-2.3.2.jar,file:/C:/Users/bemjsy/.m2/repository/org/bytedeco/javacv/1.5.10/jocl-2.3.2-natives-android-aarch64.jar,file:/C:/Users/bemjsy/.m2/repository/org/bytedeco/javacv/1.5.10/jocl-2.3.2-natives-android-armv6.jar,file:/C:/Users/bemjsy/.m2/repository/org/bytedeco/javacv/1.5.10/jocl-2.3.2-natives-linux-amd64.jar,file:/C:/Users/bemjsy/.m2/repository/org/bytedeco/javacv/1.5.10/jocl-2.3.2-natives-linux-armv6.jar,file:/C:/Users/bemjsy/.m2/repository/org/bytedeco/javacv/1.5.10/jocl-2.3.2-natives-linux-armv6hf.jar,file:/C:/Users/bemjsy/.m2/repository/org/bytedeco/javacv/1.5.10/jocl-2.3.2-natives-linux-i586.jar,file:/C:/Users/bemjsy/.m2/repository/org/bytedeco/javacv/1.5.10/jocl-2.3.2-natives-macosx-universal.jar,file:/C:/Users/bemjsy/.m2/repository/org/bytedeco/javacv/1.5.10/jocl-2.3.2-natives-solaris-amd64.jar,file:/C:/Users/bemjsy/.m2/repository/org/bytedeco/javacv/1.5.10/jocl-2.3.2-natives-solaris-i586.jar,file:/C:/Users/bemjsy/.m2/repository/org/bytedeco/javacv/1.5.10/jocl-2.3.2-natives-windows-amd64.jar,file:/C:/Users/bemjsy/.m2/repository/org/bytedeco/javacv/1.5.10/jocl-2.3.2-natives-windows-i586.jar
2025-12-22 14:30:23.564 [restartedMain] INFO  o.s.boot.devtools.restart.ChangeableUrls - The Class-Path manifest attribute in C:\Users\bemjsy\.m2\repository\org\bytedeco\ffmpeg\6.1.1-1.5.10\ffmpeg-6.1.1-1.5.10.jar referenced one or more files that do not exist: file:/C:/Users/bemjsy/.m2/repository/org/bytedeco/ffmpeg/6.1.1-1.5.10/javacpp.jar
2025-12-22 14:30:23.564 [restartedMain] INFO  o.s.boot.devtools.restart.ChangeableUrls - The Class-Path manifest attribute in C:\Users\bemjsy\.m2\repository\org\bytedeco\opencv\4.9.0-1.5.10\opencv-4.9.0-1.5.10.jar referenced one or more files that do not exist: file:/C:/Users/bemjsy/.m2/repository/org/bytedeco/opencv/4.9.0-1.5.10/javacpp.jar
2025-12-22 14:30:23.564 [restartedMain] INFO  o.s.boot.devtools.restart.ChangeableUrls - The Class-Path manifest attribute in C:\Users\bemjsy\.m2\repository\org\bytedeco\openblas\0.3.26-1.5.10\openblas-0.3.26-1.5.10.jar referenced one or more files that do not exist: file:/C:/Users/bemjsy/.m2/repository/org/bytedeco/openblas/0.3.26-1.5.10/javacpp.jar
2025-12-22 14:30:23.565 [restartedMain] INFO  o.s.boot.devtools.restart.ChangeableUrls - The Class-Path manifest attribute in C:\Users\bemjsy\.m2\repository\org\bytedeco\flycapture\2.13.3.31-1.5.9\flycapture-2.13.3.31-1.5.9.jar referenced one or more files that do not exist: file:/C:/Users/bemjsy/.m2/repository/org/bytedeco/flycapture/2.13.3.31-1.5.9/javacpp.jar
2025-12-22 14:30:23.565 [restartedMain] INFO  o.s.boot.devtools.restart.ChangeableUrls - The Class-Path manifest attribute in C:\Users\bemjsy\.m2\repository\org\bytedeco\libdc1394\2.2.6-1.5.9\libdc1394-2.2.6-1.5.9.jar referenced one or more files that do not exist: file:/C:/Users/bemjsy/.m2/repository/org/bytedeco/libdc1394/2.2.6-1.5.9/javacpp.jar
2025-12-22 14:30:23.565 [restartedMain] INFO  o.s.boot.devtools.restart.ChangeableUrls - The Class-Path manifest attribute in C:\Users\bemjsy\.m2\repository\org\bytedeco\libfreenect\0.5.7-1.5.9\libfreenect-0.5.7-1.5.9.jar referenced one or more files that do not exist: file:/C:/Users/bemjsy/.m2/repository/org/bytedeco/libfreenect/0.5.7-1.5.9/javacpp.jar
2025-12-22 14:30:23.565 [restartedMain] INFO  o.s.boot.devtools.restart.ChangeableUrls - The Class-Path manifest attribute in C:\Users\bemjsy\.m2\repository\org\bytedeco\libfreenect2\0.2.0-1.5.9\libfreenect2-0.2.0-1.5.9.jar referenced one or more files that do not exist: file:/C:/Users/bemjsy/.m2/repository/org/bytedeco/libfreenect2/0.2.0-1.5.9/javacpp.jar
2025-12-22 14:30:23.565 [restartedMain] INFO  o.s.boot.devtools.restart.ChangeableUrls - The Class-Path manifest attribute in C:\Users\bemjsy\.m2\repository\org\bytedeco\librealsense\1.12.4-1.5.9\librealsense-1.12.4-1.5.9.jar referenced one or more files that do not exist: file:/C:/Users/bemjsy/.m2/repository/org/bytedeco/librealsense/1.12.4-1.5.9/javacpp.jar
2025-12-22 14:30:23.565 [restartedMain] INFO  o.s.boot.devtools.restart.ChangeableUrls - The Class-Path manifest attribute in C:\Users\bemjsy\.m2\repository\org\bytedeco\librealsense2\2.53.1-1.5.9\librealsense2-2.53.1-1.5.9.jar referenced one or more files that do not exist: file:/C:/Users/bemjsy/.m2/repository/org/bytedeco/librealsense2/2.53.1-1.5.9/javacpp.jar
2025-12-22 14:30:23.565 [restartedMain] INFO  o.s.boot.devtools.restart.ChangeableUrls - The Class-Path manifest attribute in C:\Users\bemjsy\.m2\repository\org\bytedeco\videoinput\0.200-1.5.9\videoinput-0.200-1.5.9.jar referenced one or more files that do not exist: file:/C:/Users/bemjsy/.m2/repository/org/bytedeco/videoinput/0.200-1.5.9/javacpp.jar
2025-12-22 14:30:23.565 [restartedMain] INFO  o.s.boot.devtools.restart.ChangeableUrls - The Class-Path manifest attribute in C:\Users\bemjsy\.m2\repository\org\bytedeco\artoolkitplus\2.3.1-1.5.9\artoolkitplus-2.3.1-1.5.9.jar referenced one or more files that do not exist: file:/C:/Users/bemjsy/.m2/repository/org/bytedeco/artoolkitplus/2.3.1-1.5.9/javacpp.jar
2025-12-22 14:30:23.565 [restartedMain] INFO  o.s.boot.devtools.restart.ChangeableUrls - The Class-Path manifest attribute in C:\Users\bemjsy\.m2\repository\org\bytedeco\tesseract\5.3.4-1.5.10\tesseract-5.3.4-1.5.10.jar referenced one or more files that do not exist: file:/C:/Users/bemjsy/.m2/repository/org/bytedeco/tesseract/5.3.4-1.5.10/javacpp.jar
2025-12-22 14:30:23.565 [restartedMain] INFO  o.s.boot.devtools.restart.ChangeableUrls - The Class-Path manifest attribute in C:\Users\bemjsy\.m2\repository\org\bytedeco\leptonica\1.84.1-1.5.10\leptonica-1.84.1-1.5.10.jar referenced one or more files that do not exist: file:/C:/Users/bemjsy/.m2/repository/org/bytedeco/leptonica/1.84.1-1.5.10/javacpp.jar
2025-12-22 14:30:23.565 [restartedMain] INFO  o.s.b.d.env.DevToolsPropertyDefaultsPostProcessor - Devtools property defaults active! Set 'spring.devtools.add-properties' to 'false' to disable
2025-12-22 14:30:23.565 [restartedMain] INFO  o.s.b.d.env.DevToolsPropertyDefaultsPostProcessor - For additional web related logging consider setting the 'logging.level.web' property to 'DEBUG'
2025-12-22 14:30:24.634 [restartedMain] INFO  o.s.d.r.config.RepositoryConfigurationDelegate - Multiple Spring Data modules found, entering strict repository configuration mode
2025-12-22 14:30:24.636 [restartedMain] INFO  o.s.d.r.config.RepositoryConfigurationDelegate - Bootstrapping Spring Data JDBC repositories in DEFAULT mode.
2025-12-22 14:30:24.667 [restartedMain] INFO  o.s.d.r.config.RepositoryConfigurationDelegate - Finished Spring Data repository scanning in 25 ms. Found 0 JDBC repository interfaces.
2025-12-22 14:30:24.685 [restartedMain] INFO  o.s.d.r.config.RepositoryConfigurationDelegate - Multiple Spring Data modules found, entering strict repository configuration mode
2025-12-22 14:30:24.687 [restartedMain] INFO  o.s.d.r.config.RepositoryConfigurationDelegate - Bootstrapping Spring Data Redis repositories in DEFAULT mode.
2025-12-22 14:30:24.704 [restartedMain] INFO  o.s.d.r.config.RepositoryConfigurationDelegate - Finished Spring Data repository scanning in 9 ms. Found 0 Redis repository interfaces.
2025-12-22 14:30:25.252 [restartedMain] WARN  o.s.c.s.PostProcessorRegistrationDelegate$BeanPostProcessorChecker - Bean 'redisCacheConfig' of type [org.bem.iot.config.RedisCacheConfig$$SpringCGLIB$$0] is not eligible for getting processed by all BeanPostProcessors (for example: not eligible for auto-proxying). Is this bean getting eagerly injected into a currently created BeanPostProcessor [projectingArgumentResolverBeanPostProcessor]? Check the corresponding BeanPostProcessor declaration and its dependencies.
2025-12-22 14:30:25.541 [restartedMain] WARN  io.undertow.websockets.jsr - UT026010: Buffer pool was not set on WebSocketDeploymentInfo, the default pool will be used
2025-12-22 14:30:25.567 [restartedMain] INFO  io.undertow.servlet - Initializing Spring embedded WebApplicationContext
2025-12-22 14:30:25.568 [restartedMain] INFO  o.s.b.w.s.c.ServletWebServerApplicationContext - Root WebApplicationContext: initialization completed in 2001 ms
2025-12-22 14:30:25.731 [restartedMain] DEBUG c.b.m.e.spring.MybatisSqlSessionFactoryBean - Registered plugin: 'com.baomidou.mybatisplus.extension.plugins.MybatisPlusInterceptor@375474a1'
2025-12-22 14:30:25.733 [restartedMain] DEBUG c.b.m.e.spring.MybatisSqlSessionFactoryBean - Property 'mapperLocations' was not specified.
2025-12-22 14:30:27.616 [restartedMain] INFO  org.bem.iot.media.context.MediaServerContext - 【MediaServer】HTTP流媒体服务启动：成功，端口：7080
2025-12-22 14:30:27.617 [restartedMain] INFO  org.bem.iot.media.context.MediaServerContext - 【MediaServer】RTSP流媒体服务启动：成功，端口：7554
2025-12-22 14:30:27.618 [restartedMain] INFO  org.bem.iot.media.context.MediaServerContext - 【MediaServer】RTMP流媒体服务启动：成功，端口：7935
2025-12-22 14:30:27.619 [restartedMain] INFO  org.bem.iot.media.context.MediaServerContext - 【MediaServer】RTC流媒体服务启动：成功，端口：8000
2025-12-22 14:30:27.619 [restartedMain] INFO  org.bem.iot.media.context.MediaServerContext - 【MediaServer】初始化MediaServer程序成功
2025-12-22 14:30:28.379 [restartedMain] INFO  com.zaxxer.hikari.HikariDataSource - HikariPool-1 - Starting...
2025-12-22 14:30:28.729 [restartedMain] INFO  com.zaxxer.hikari.pool.HikariPool - HikariPool-1 - Added connection org.postgresql.jdbc.PgConnection@13669d7e
2025-12-22 14:30:28.732 [restartedMain] INFO  com.zaxxer.hikari.HikariDataSource - HikariPool-1 - Start completed.
2025-12-22 14:30:28.977 [restartedMain] INFO  o.s.b.d.autoconfigure.OptionalLiveReloadServer - LiveReload server is running on port 35729
2025-12-22 14:30:29.021 [restartedMain] INFO  io.undertow - starting server: Undertow - 2.3.12.Final
2025-12-22 14:30:29.030 [restartedMain] INFO  org.xnio - XNIO version 3.8.8.Final
2025-12-22 14:30:29.039 [restartedMain] INFO  org.xnio.nio - XNIO NIO Implementation Version 3.8.8.Final
2025-12-22 14:30:29.071 [restartedMain] INFO  org.jboss.threads - JBoss Threads version 3.5.0.Final
2025-12-22 14:30:29.445 [restartedMain] INFO  o.s.boot.web.embedded.undertow.UndertowWebServer - Undertow started on port 8010 (http)
2025-12-22 14:30:29.456 [restartedMain] INFO  org.bem.iot.BemiotApplication - Started BemiotApplication in 6.474 seconds (process running for 8.999)
2025-12-22 14:30:29.458 [restartedMain] DEBUG c.b.mybatisplus.autoconfigure.DdlApplicationRunner -   ...  DDL start create  ...  
2025-12-22 14:30:29.459 [restartedMain] DEBUG c.b.mybatisplus.autoconfigure.DdlApplicationRunner -   ...  DDL end create  ...  
2025-12-22 14:30:48.152 [XNIO-1 task-2] INFO  io.undertow.servlet - Initializing Spring DispatcherServlet 'dispatcherServlet'
2025-12-22 14:30:48.153 [XNIO-1 task-2] INFO  org.springframework.web.servlet.DispatcherServlet - Initializing Servlet 'dispatcherServlet'
2025-12-22 14:30:48.156 [XNIO-1 task-2] INFO  org.springframework.web.servlet.DispatcherServlet - Completed initialization in 3 ms
2025-12-22 14:31:24.044 [HikariPool-1 housekeeper] WARN  com.zaxxer.hikari.pool.HikariPool - HikariPool-1 - Thread starvation or clock leap detected (housekeeper delta=55s203ms65µs700ns).
2025-12-22 14:38:20.946 [SpringApplicationShutdownHook] INFO  io.undertow - stopping server: Undertow - 2.3.12.Final
2025-12-22 14:38:20.962 [SpringApplicationShutdownHook] INFO  io.undertow.servlet - Destroying Spring FrameworkServlet 'dispatcherServlet'
2025-12-22 14:38:21.111 [SpringApplicationShutdownHook] INFO  org.bem.iot.media.context.MediaServerContext - 【MediaServer】关闭所有流媒体服务
2025-12-22 14:38:21.128 [SpringApplicationShutdownHook] INFO  com.zaxxer.hikari.HikariDataSource - HikariPool-1 - Shutdown initiated...
2025-12-22 14:38:21.136 [SpringApplicationShutdownHook] INFO  com.zaxxer.hikari.HikariDataSource - HikariPool-1 - Shutdown completed.
2025-12-22 17:45:38.841 [background-preinit] INFO  org.hibernate.validator.internal.util.Version - HV000001: Hibernate Validator 8.0.1.Final
2025-12-22 17:45:38.891 [restartedMain] INFO  org.bem.iot.BemiotApplication - Starting BemiotApplication using Java 17.0.15 with PID 2624 (D:\www\AIOT\bemiot\bemiot\out\production\classes started by bemjsy in D:\www\AIOT\bemiot\bemiot)
2025-12-22 17:45:38.892 [restartedMain] INFO  org.bem.iot.BemiotApplication - The following 1 profile is active: "dev"
2025-12-22 17:45:38.958 [restartedMain] INFO  o.s.boot.devtools.restart.ChangeableUrls - The Class-Path manifest attribute in C:\Users\bemjsy\.m2\repository\org\bytedeco\javacv\1.5.10\javacv-1.5.10.jar referenced one or more files that do not exist: file:/C:/Users/bemjsy/.m2/repository/org/bytedeco/javacv/1.5.10/javacpp.jar,file:/C:/Users/bemjsy/.m2/repository/org/bytedeco/javacv/1.5.10/openblas.jar,file:/C:/Users/bemjsy/.m2/repository/org/bytedeco/javacv/1.5.10/opencv.jar,file:/C:/Users/bemjsy/.m2/repository/org/bytedeco/javacv/1.5.10/ffmpeg.jar,file:/C:/Users/bemjsy/.m2/repository/org/bytedeco/javacv/1.5.10/flycapture.jar,file:/C:/Users/bemjsy/.m2/repository/org/bytedeco/javacv/1.5.10/libdc1394.jar,file:/C:/Users/bemjsy/.m2/repository/org/bytedeco/javacv/1.5.10/libfreenect.jar,file:/C:/Users/bemjsy/.m2/repository/org/bytedeco/javacv/1.5.10/libfreenect2.jar,file:/C:/Users/bemjsy/.m2/repository/org/bytedeco/javacv/1.5.10/librealsense.jar,file:/C:/Users/bemjsy/.m2/repository/org/bytedeco/javacv/1.5.10/librealsense2.jar,file:/C:/Users/bemjsy/.m2/repository/org/bytedeco/javacv/1.5.10/videoinput.jar,file:/C:/Users/bemjsy/.m2/repository/org/bytedeco/javacv/1.5.10/artoolkitplus.jar,file:/C:/Users/bemjsy/.m2/repository/org/bytedeco/javacv/1.5.10/flandmark.jar,file:/C:/Users/bemjsy/.m2/repository/org/bytedeco/javacv/1.5.10/leptonica.jar,file:/C:/Users/bemjsy/.m2/repository/org/bytedeco/javacv/1.5.10/tesseract.jar,file:/C:/Users/bemjsy/.m2/repository/org/bytedeco/javacv/1.5.10/javacpp-1.5.10.jar,file:/C:/Users/bemjsy/.m2/repository/org/bytedeco/javacv/1.5.10/openblas-0.3.26-1.5.10.jar,file:/C:/Users/bemjsy/.m2/repository/org/bytedeco/javacv/1.5.10/opencv-4.9.0-1.5.10.jar,file:/C:/Users/bemjsy/.m2/repository/org/bytedeco/javacv/1.5.10/ffmpeg-6.1.1-1.5.10.jar,file:/C:/Users/bemjsy/.m2/repository/org/bytedeco/javacv/1.5.10/flycapture-2.13.3.31-1.5.9.jar,file:/C:/Users/bemjsy/.m2/repository/org/bytedeco/javacv/1.5.10/libdc1394-2.2.6-1.5.9.jar,file:/C:/Users/bemjsy/.m2/repository/org/bytedeco/javacv/1.5.10/libfreenect-0.5.7-1.5.9.jar,file:/C:/Users/bemjsy/.m2/repository/org/bytedeco/javacv/1.5.10/libfreenect2-0.2.0-1.5.9.jar,file:/C:/Users/bemjsy/.m2/repository/org/bytedeco/javacv/1.5.10/librealsense-1.12.4-1.5.9.jar,file:/C:/Users/bemjsy/.m2/repository/org/bytedeco/javacv/1.5.10/librealsense2-2.53.1-1.5.9.jar,file:/C:/Users/bemjsy/.m2/repository/org/bytedeco/javacv/1.5.10/videoinput-0.200-1.5.9.jar,file:/C:/Users/bemjsy/.m2/repository/org/bytedeco/javacv/1.5.10/artoolkitplus-2.3.1-1.5.9.jar,file:/C:/Users/bemjsy/.m2/repository/org/bytedeco/javacv/1.5.10/leptonica-1.84.1-1.5.10.jar,file:/C:/Users/bemjsy/.m2/repository/org/bytedeco/javacv/1.5.10/tesseract-5.3.4-1.5.10.jar,file:/C:/Users/bemjsy/.m2/repository/org/bytedeco/javacv/1.5.10/android-4.1.1.4.jar,file:/C:/Users/bemjsy/.m2/repository/org/bytedeco/javacv/1.5.10/gluegen-rt-main-2.3.2.jar,file:/C:/Users/bemjsy/.m2/repository/org/bytedeco/javacv/1.5.10/gluegen-rt-2.3.2.jar,file:/C:/Users/bemjsy/.m2/repository/org/bytedeco/javacv/1.5.10/gluegen-rt-2.3.2-natives-android-aarch64.jar,file:/C:/Users/bemjsy/.m2/repository/org/bytedeco/javacv/1.5.10/gluegen-rt-2.3.2-natives-android-armv6.jar,file:/C:/Users/bemjsy/.m2/repository/org/bytedeco/javacv/1.5.10/gluegen-rt-2.3.2-natives-linux-amd64.jar,file:/C:/Users/bemjsy/.m2/repository/org/bytedeco/javacv/1.5.10/gluegen-rt-2.3.2-natives-linux-armv6.jar,file:/C:/Users/bemjsy/.m2/repository/org/bytedeco/javacv/1.5.10/gluegen-rt-2.3.2-natives-linux-armv6hf.jar,file:/C:/Users/bemjsy/.m2/repository/org/bytedeco/javacv/1.5.10/gluegen-rt-2.3.2-natives-linux-i586.jar,file:/C:/Users/bemjsy/.m2/repository/org/bytedeco/javacv/1.5.10/gluegen-rt-2.3.2-natives-macosx-universal.jar,file:/C:/Users/bemjsy/.m2/repository/org/bytedeco/javacv/1.5.10/gluegen-rt-2.3.2-natives-solaris-amd64.jar,file:/C:/Users/bemjsy/.m2/repository/org/bytedeco/javacv/1.5.10/gluegen-rt-2.3.2-natives-solaris-i586.jar,file:/C:/Users/bemjsy/.m2/repository/org/bytedeco/javacv/1.5.10/gluegen-rt-2.3.2-natives-windows-amd64.jar,file:/C:/Users/bemjsy/.m2/repository/org/bytedeco/javacv/1.5.10/gluegen-rt-2.3.2-natives-windows-i586.jar,file:/C:/Users/bemjsy/.m2/repository/org/bytedeco/javacv/1.5.10/jogl-all-main-2.3.2.jar,file:/C:/Users/bemjsy/.m2/repository/org/bytedeco/javacv/1.5.10/jogl-all-2.3.2.jar,file:/C:/Users/bemjsy/.m2/repository/org/bytedeco/javacv/1.5.10/jogl-all-2.3.2-natives-android-aarch64.jar,file:/C:/Users/bemjsy/.m2/repository/org/bytedeco/javacv/1.5.10/jogl-all-2.3.2-natives-android-armv6.jar,file:/C:/Users/bemjsy/.m2/repository/org/bytedeco/javacv/1.5.10/jogl-all-2.3.2-natives-linux-amd64.jar,file:/C:/Users/bemjsy/.m2/repository/org/bytedeco/javacv/1.5.10/jogl-all-2.3.2-natives-linux-armv6.jar,file:/C:/Users/bemjsy/.m2/repository/org/bytedeco/javacv/1.5.10/jogl-all-2.3.2-natives-linux-armv6hf.jar,file:/C:/Users/bemjsy/.m2/repository/org/bytedeco/javacv/1.5.10/jogl-all-2.3.2-natives-linux-i586.jar,file:/C:/Users/bemjsy/.m2/repository/org/bytedeco/javacv/1.5.10/jogl-all-2.3.2-natives-macosx-universal.jar,file:/C:/Users/bemjsy/.m2/repository/org/bytedeco/javacv/1.5.10/jogl-all-2.3.2-natives-solaris-amd64.jar,file:/C:/Users/bemjsy/.m2/repository/org/bytedeco/javacv/1.5.10/jogl-all-2.3.2-natives-solaris-i586.jar,file:/C:/Users/bemjsy/.m2/repository/org/bytedeco/javacv/1.5.10/jogl-all-2.3.2-natives-windows-amd64.jar,file:/C:/Users/bemjsy/.m2/repository/org/bytedeco/javacv/1.5.10/jogl-all-2.3.2-natives-windows-i586.jar,file:/C:/Users/bemjsy/.m2/repository/org/bytedeco/javacv/1.5.10/jocl-main-2.3.2.jar,file:/C:/Users/bemjsy/.m2/repository/org/bytedeco/javacv/1.5.10/jocl-2.3.2.jar,file:/C:/Users/bemjsy/.m2/repository/org/bytedeco/javacv/1.5.10/jocl-2.3.2-natives-android-aarch64.jar,file:/C:/Users/bemjsy/.m2/repository/org/bytedeco/javacv/1.5.10/jocl-2.3.2-natives-android-armv6.jar,file:/C:/Users/bemjsy/.m2/repository/org/bytedeco/javacv/1.5.10/jocl-2.3.2-natives-linux-amd64.jar,file:/C:/Users/bemjsy/.m2/repository/org/bytedeco/javacv/1.5.10/jocl-2.3.2-natives-linux-armv6.jar,file:/C:/Users/bemjsy/.m2/repository/org/bytedeco/javacv/1.5.10/jocl-2.3.2-natives-linux-armv6hf.jar,file:/C:/Users/bemjsy/.m2/repository/org/bytedeco/javacv/1.5.10/jocl-2.3.2-natives-linux-i586.jar,file:/C:/Users/bemjsy/.m2/repository/org/bytedeco/javacv/1.5.10/jocl-2.3.2-natives-macosx-universal.jar,file:/C:/Users/bemjsy/.m2/repository/org/bytedeco/javacv/1.5.10/jocl-2.3.2-natives-solaris-amd64.jar,file:/C:/Users/bemjsy/.m2/repository/org/bytedeco/javacv/1.5.10/jocl-2.3.2-natives-solaris-i586.jar,file:/C:/Users/bemjsy/.m2/repository/org/bytedeco/javacv/1.5.10/jocl-2.3.2-natives-windows-amd64.jar,file:/C:/Users/bemjsy/.m2/repository/org/bytedeco/javacv/1.5.10/jocl-2.3.2-natives-windows-i586.jar
2025-12-22 17:45:38.959 [restartedMain] INFO  o.s.boot.devtools.restart.ChangeableUrls - The Class-Path manifest attribute in C:\Users\bemjsy\.m2\repository\org\bytedeco\ffmpeg\6.1.1-1.5.10\ffmpeg-6.1.1-1.5.10.jar referenced one or more files that do not exist: file:/C:/Users/bemjsy/.m2/repository/org/bytedeco/ffmpeg/6.1.1-1.5.10/javacpp.jar
2025-12-22 17:45:38.959 [restartedMain] INFO  o.s.boot.devtools.restart.ChangeableUrls - The Class-Path manifest attribute in C:\Users\bemjsy\.m2\repository\org\bytedeco\opencv\4.9.0-1.5.10\opencv-4.9.0-1.5.10.jar referenced one or more files that do not exist: file:/C:/Users/bemjsy/.m2/repository/org/bytedeco/opencv/4.9.0-1.5.10/javacpp.jar
2025-12-22 17:45:38.959 [restartedMain] INFO  o.s.boot.devtools.restart.ChangeableUrls - The Class-Path manifest attribute in C:\Users\bemjsy\.m2\repository\org\bytedeco\openblas\0.3.26-1.5.10\openblas-0.3.26-1.5.10.jar referenced one or more files that do not exist: file:/C:/Users/bemjsy/.m2/repository/org/bytedeco/openblas/0.3.26-1.5.10/javacpp.jar
2025-12-22 17:45:38.959 [restartedMain] INFO  o.s.boot.devtools.restart.ChangeableUrls - The Class-Path manifest attribute in C:\Users\bemjsy\.m2\repository\org\bytedeco\flycapture\2.13.3.31-1.5.9\flycapture-2.13.3.31-1.5.9.jar referenced one or more files that do not exist: file:/C:/Users/bemjsy/.m2/repository/org/bytedeco/flycapture/2.13.3.31-1.5.9/javacpp.jar
2025-12-22 17:45:38.959 [restartedMain] INFO  o.s.boot.devtools.restart.ChangeableUrls - The Class-Path manifest attribute in C:\Users\bemjsy\.m2\repository\org\bytedeco\libdc1394\2.2.6-1.5.9\libdc1394-2.2.6-1.5.9.jar referenced one or more files that do not exist: file:/C:/Users/bemjsy/.m2/repository/org/bytedeco/libdc1394/2.2.6-1.5.9/javacpp.jar
2025-12-22 17:45:38.959 [restartedMain] INFO  o.s.boot.devtools.restart.ChangeableUrls - The Class-Path manifest attribute in C:\Users\bemjsy\.m2\repository\org\bytedeco\libfreenect\0.5.7-1.5.9\libfreenect-0.5.7-1.5.9.jar referenced one or more files that do not exist: file:/C:/Users/bemjsy/.m2/repository/org/bytedeco/libfreenect/0.5.7-1.5.9/javacpp.jar
2025-12-22 17:45:38.959 [restartedMain] INFO  o.s.boot.devtools.restart.ChangeableUrls - The Class-Path manifest attribute in C:\Users\bemjsy\.m2\repository\org\bytedeco\libfreenect2\0.2.0-1.5.9\libfreenect2-0.2.0-1.5.9.jar referenced one or more files that do not exist: file:/C:/Users/bemjsy/.m2/repository/org/bytedeco/libfreenect2/0.2.0-1.5.9/javacpp.jar
2025-12-22 17:45:38.959 [restartedMain] INFO  o.s.boot.devtools.restart.ChangeableUrls - The Class-Path manifest attribute in C:\Users\bemjsy\.m2\repository\org\bytedeco\librealsense\1.12.4-1.5.9\librealsense-1.12.4-1.5.9.jar referenced one or more files that do not exist: file:/C:/Users/bemjsy/.m2/repository/org/bytedeco/librealsense/1.12.4-1.5.9/javacpp.jar
2025-12-22 17:45:38.959 [restartedMain] INFO  o.s.boot.devtools.restart.ChangeableUrls - The Class-Path manifest attribute in C:\Users\bemjsy\.m2\repository\org\bytedeco\librealsense2\2.53.1-1.5.9\librealsense2-2.53.1-1.5.9.jar referenced one or more files that do not exist: file:/C:/Users/bemjsy/.m2/repository/org/bytedeco/librealsense2/2.53.1-1.5.9/javacpp.jar
2025-12-22 17:45:38.959 [restartedMain] INFO  o.s.boot.devtools.restart.ChangeableUrls - The Class-Path manifest attribute in C:\Users\bemjsy\.m2\repository\org\bytedeco\videoinput\0.200-1.5.9\videoinput-0.200-1.5.9.jar referenced one or more files that do not exist: file:/C:/Users/bemjsy/.m2/repository/org/bytedeco/videoinput/0.200-1.5.9/javacpp.jar
2025-12-22 17:45:38.959 [restartedMain] INFO  o.s.boot.devtools.restart.ChangeableUrls - The Class-Path manifest attribute in C:\Users\bemjsy\.m2\repository\org\bytedeco\artoolkitplus\2.3.1-1.5.9\artoolkitplus-2.3.1-1.5.9.jar referenced one or more files that do not exist: file:/C:/Users/bemjsy/.m2/repository/org/bytedeco/artoolkitplus/2.3.1-1.5.9/javacpp.jar
2025-12-22 17:45:38.960 [restartedMain] INFO  o.s.boot.devtools.restart.ChangeableUrls - The Class-Path manifest attribute in C:\Users\bemjsy\.m2\repository\org\bytedeco\tesseract\5.3.4-1.5.10\tesseract-5.3.4-1.5.10.jar referenced one or more files that do not exist: file:/C:/Users/bemjsy/.m2/repository/org/bytedeco/tesseract/5.3.4-1.5.10/javacpp.jar
2025-12-22 17:45:38.960 [restartedMain] INFO  o.s.boot.devtools.restart.ChangeableUrls - The Class-Path manifest attribute in C:\Users\bemjsy\.m2\repository\org\bytedeco\leptonica\1.84.1-1.5.10\leptonica-1.84.1-1.5.10.jar referenced one or more files that do not exist: file:/C:/Users/bemjsy/.m2/repository/org/bytedeco/leptonica/1.84.1-1.5.10/javacpp.jar
2025-12-22 17:45:38.960 [restartedMain] INFO  o.s.b.d.env.DevToolsPropertyDefaultsPostProcessor - Devtools property defaults active! Set 'spring.devtools.add-properties' to 'false' to disable
2025-12-22 17:45:38.960 [restartedMain] INFO  o.s.b.d.env.DevToolsPropertyDefaultsPostProcessor - For additional web related logging consider setting the 'logging.level.web' property to 'DEBUG'
2025-12-22 17:45:40.057 [restartedMain] INFO  o.s.d.r.config.RepositoryConfigurationDelegate - Multiple Spring Data modules found, entering strict repository configuration mode
2025-12-22 17:45:40.059 [restartedMain] INFO  o.s.d.r.config.RepositoryConfigurationDelegate - Bootstrapping Spring Data JDBC repositories in DEFAULT mode.
2025-12-22 17:45:40.094 [restartedMain] INFO  o.s.d.r.config.RepositoryConfigurationDelegate - Finished Spring Data repository scanning in 30 ms. Found 0 JDBC repository interfaces.
2025-12-22 17:45:40.109 [restartedMain] INFO  o.s.d.r.config.RepositoryConfigurationDelegate - Multiple Spring Data modules found, entering strict repository configuration mode
2025-12-22 17:45:40.111 [restartedMain] INFO  o.s.d.r.config.RepositoryConfigurationDelegate - Bootstrapping Spring Data Redis repositories in DEFAULT mode.
2025-12-22 17:45:40.127 [restartedMain] INFO  o.s.d.r.config.RepositoryConfigurationDelegate - Finished Spring Data repository scanning in 8 ms. Found 0 Redis repository interfaces.
2025-12-22 17:45:40.642 [restartedMain] WARN  o.s.c.s.PostProcessorRegistrationDelegate$BeanPostProcessorChecker - Bean 'redisCacheConfig' of type [org.bem.iot.config.RedisCacheConfig$$SpringCGLIB$$0] is not eligible for getting processed by all BeanPostProcessors (for example: not eligible for auto-proxying). Is this bean getting eagerly injected into a currently created BeanPostProcessor [projectingArgumentResolverBeanPostProcessor]? Check the corresponding BeanPostProcessor declaration and its dependencies.
2025-12-22 17:45:40.920 [restartedMain] WARN  io.undertow.websockets.jsr - UT026010: Buffer pool was not set on WebSocketDeploymentInfo, the default pool will be used
2025-12-22 17:45:40.944 [restartedMain] INFO  io.undertow.servlet - Initializing Spring embedded WebApplicationContext
2025-12-22 17:45:40.945 [restartedMain] INFO  o.s.b.w.s.c.ServletWebServerApplicationContext - Root WebApplicationContext: initialization completed in 1984 ms
2025-12-22 17:45:41.110 [restartedMain] DEBUG c.b.m.e.spring.MybatisSqlSessionFactoryBean - Registered plugin: 'com.baomidou.mybatisplus.extension.plugins.MybatisPlusInterceptor@29ebcf6e'
2025-12-22 17:45:41.111 [restartedMain] DEBUG c.b.m.e.spring.MybatisSqlSessionFactoryBean - Property 'mapperLocations' was not specified.
2025-12-22 17:45:42.905 [restartedMain] INFO  org.bem.iot.media.context.MediaServerContext - 【MediaServer】HTTP流媒体服务启动：成功，端口：7080
2025-12-22 17:45:42.907 [restartedMain] INFO  org.bem.iot.media.context.MediaServerContext - 【MediaServer】RTSP流媒体服务启动：成功，端口：7554
2025-12-22 17:45:42.907 [restartedMain] INFO  org.bem.iot.media.context.MediaServerContext - 【MediaServer】RTMP流媒体服务启动：成功，端口：7935
2025-12-22 17:45:42.909 [restartedMain] INFO  org.bem.iot.media.context.MediaServerContext - 【MediaServer】RTC流媒体服务启动：成功，端口：8000
2025-12-22 17:45:42.909 [restartedMain] INFO  org.bem.iot.media.context.MediaServerContext - 【MediaServer】初始化MediaServer程序成功
2025-12-22 17:45:43.659 [restartedMain] INFO  com.zaxxer.hikari.HikariDataSource - HikariPool-1 - Starting...
2025-12-22 17:45:43.856 [restartedMain] INFO  com.zaxxer.hikari.pool.HikariPool - HikariPool-1 - Added connection org.postgresql.jdbc.PgConnection@43342abb
2025-12-22 17:45:43.858 [restartedMain] INFO  com.zaxxer.hikari.HikariDataSource - HikariPool-1 - Start completed.
2025-12-22 17:45:44.112 [restartedMain] INFO  o.s.b.d.autoconfigure.OptionalLiveReloadServer - LiveReload server is running on port 35729
2025-12-22 17:45:44.152 [restartedMain] INFO  io.undertow - starting server: Undertow - 2.3.12.Final
2025-12-22 17:45:44.160 [restartedMain] INFO  org.xnio - XNIO version 3.8.8.Final
2025-12-22 17:45:44.170 [restartedMain] INFO  org.xnio.nio - XNIO NIO Implementation Version 3.8.8.Final
2025-12-22 17:45:44.199 [restartedMain] INFO  org.jboss.threads - JBoss Threads version 3.5.0.Final
2025-12-22 17:45:44.571 [restartedMain] INFO  o.s.boot.web.embedded.undertow.UndertowWebServer - Undertow started on port 8010 (http)
2025-12-22 17:45:44.584 [restartedMain] INFO  org.bem.iot.BemiotApplication - Started BemiotApplication in 6.147 seconds (process running for 7.96)
2025-12-22 17:45:44.588 [restartedMain] DEBUG c.b.mybatisplus.autoconfigure.DdlApplicationRunner -   ...  DDL start create  ...  
2025-12-22 17:45:44.589 [restartedMain] DEBUG c.b.mybatisplus.autoconfigure.DdlApplicationRunner -   ...  DDL end create  ...  
2025-12-22 17:45:49.039 [SpringApplicationShutdownHook] INFO  io.undertow - stopping server: Undertow - 2.3.12.Final
2025-12-22 17:45:49.096 [SpringApplicationShutdownHook] INFO  org.bem.iot.media.context.MediaServerContext - 【MediaServer】关闭所有流媒体服务
2025-12-22 17:45:49.106 [SpringApplicationShutdownHook] INFO  com.zaxxer.hikari.HikariDataSource - HikariPool-1 - Shutdown initiated...
2025-12-22 17:45:49.108 [SpringApplicationShutdownHook] INFO  com.zaxxer.hikari.HikariDataSource - HikariPool-1 - Shutdown completed.
