2025-10-30 08:26:52.020 [background-preinit] INFO  org.hibernate.validator.internal.util.Version - HV000001: Hibernate Validator 8.0.1.Final
2025-10-30 08:26:52.081 [restartedMain] INFO  org.bem.iot.BemiotApplication - Starting BemiotApplication using Java 17.0.15 with PID 18920 (D:\www\AIOT\bemiot\bemiot\out\production\classes started by bemjsy in D:\www\AIOT\bemiot\bemiot)
2025-10-30 08:26:52.082 [restartedMain] INFO  org.bem.iot.BemiotApplication - The following 1 profile is active: "dev"
2025-10-30 08:26:52.149 [restartedMain] INFO  o.s.b.d.env.DevToolsPropertyDefaultsPostProcessor - Devtools property defaults active! Set 'spring.devtools.add-properties' to 'false' to disable
2025-10-30 08:26:52.149 [restartedMain] INFO  o.s.b.d.env.DevToolsPropertyDefaultsPostProcessor - For additional web related logging consider setting the 'logging.level.web' property to 'DEBUG'
2025-10-30 08:26:53.809 [restartedMain] INFO  o.s.d.r.config.RepositoryConfigurationDelegate - Multiple Spring Data modules found, entering strict repository configuration mode
2025-10-30 08:26:53.812 [restartedMain] INFO  o.s.d.r.config.RepositoryConfigurationDelegate - Bootstrapping Spring Data JDBC repositories in DEFAULT mode.
2025-10-30 08:26:53.854 [restartedMain] INFO  o.s.d.r.config.RepositoryConfigurationDelegate - Finished Spring Data repository scanning in 32 ms. Found 0 JDBC repository interfaces.
2025-10-30 08:26:53.877 [restartedMain] INFO  o.s.d.r.config.RepositoryConfigurationDelegate - Multiple Spring Data modules found, entering strict repository configuration mode
2025-10-30 08:26:53.879 [restartedMain] INFO  o.s.d.r.config.RepositoryConfigurationDelegate - Bootstrapping Spring Data Redis repositories in DEFAULT mode.
2025-10-30 08:26:53.899 [restartedMain] INFO  o.s.d.r.config.RepositoryConfigurationDelegate - Finished Spring Data repository scanning in 7 ms. Found 0 Redis repository interfaces.
2025-10-30 08:26:54.969 [restartedMain] WARN  o.s.c.s.PostProcessorRegistrationDelegate$BeanPostProcessorChecker - Bean 'redisCacheConfig' of type [org.bem.iot.config.RedisCacheConfig$$SpringCGLIB$$0] is not eligible for getting processed by all BeanPostProcessors (for example: not eligible for auto-proxying). Is this bean getting eagerly injected into a currently created BeanPostProcessor [projectingArgumentResolverBeanPostProcessor]? Check the corresponding BeanPostProcessor declaration and its dependencies.
2025-10-30 08:26:55.648 [restartedMain] WARN  io.undertow.websockets.jsr - UT026010: Buffer pool was not set on WebSocketDeploymentInfo, the default pool will be used
2025-10-30 08:26:55.695 [restartedMain] INFO  io.undertow.servlet - Initializing Spring embedded WebApplicationContext
2025-10-30 08:26:55.697 [restartedMain] INFO  o.s.b.w.s.c.ServletWebServerApplicationContext - Root WebApplicationContext: initialization completed in 3546 ms
2025-10-30 08:26:56.130 [restartedMain] DEBUG c.b.m.e.spring.MybatisSqlSessionFactoryBean - Registered plugin: 'MybatisPlusInterceptor{interceptors=[PaginationInnerInterceptor(logger=org.apache.ibatis.logging.slf4j.Slf4jImpl@5a9f2293, overflow=true, maxLimit=null, dbType=POSTGRE_SQL, dialect=null, optimizeJoin=true)]}'
2025-10-30 08:26:56.132 [restartedMain] DEBUG c.b.m.e.spring.MybatisSqlSessionFactoryBean - Property 'mapperLocations' was not specified.
2025-10-30 08:26:59.785 [restartedMain] INFO  c.b.m.e.spring.MybatisPlusApplicationContextAware - Register ApplicationContext instances org.springframework.boot.web.servlet.context.AnnotationConfigServletWebServerApplicationContext@6ffba3a1
2025-10-30 08:26:59.871 [restartedMain] INFO  com.zaxxer.hikari.HikariDataSource - HikariPool-1 - Starting...
2025-10-30 08:27:00.295 [restartedMain] INFO  com.zaxxer.hikari.pool.HikariPool - HikariPool-1 - Added connection org.postgresql.jdbc.PgConnection@118b31f1
2025-10-30 08:27:00.298 [restartedMain] INFO  com.zaxxer.hikari.HikariDataSource - HikariPool-1 - Start completed.
2025-10-30 08:27:00.689 [restartedMain] INFO  o.s.b.d.autoconfigure.OptionalLiveReloadServer - LiveReload server is running on port 35729
2025-10-30 08:27:00.798 [restartedMain] INFO  io.undertow - starting server: Undertow - 2.3.12.Final
2025-10-30 08:27:00.812 [restartedMain] INFO  org.xnio - XNIO version 3.8.8.Final
2025-10-30 08:27:00.824 [restartedMain] INFO  org.xnio.nio - XNIO NIO Implementation Version 3.8.8.Final
2025-10-30 08:27:00.861 [restartedMain] INFO  org.jboss.threads - JBoss Threads version 3.5.0.Final
2025-10-30 08:27:01.374 [restartedMain] INFO  o.s.boot.web.embedded.undertow.UndertowWebServer - Undertow started on port 8010 (http)
2025-10-30 08:27:01.387 [restartedMain] INFO  org.bem.iot.BemiotApplication - Started BemiotApplication in 9.877 seconds (process running for 13.93)
2025-10-30 08:28:10.346 [XNIO-1 task-2] INFO  io.undertow.servlet - Initializing Spring DispatcherServlet 'dispatcherServlet'
2025-10-30 08:28:10.347 [XNIO-1 task-2] INFO  org.springframework.web.servlet.DispatcherServlet - Initializing Servlet 'dispatcherServlet'
2025-10-30 08:28:10.352 [XNIO-1 task-2] INFO  org.springframework.web.servlet.DispatcherServlet - Completed initialization in 5 ms
2025-10-30 11:02:42.125 [SpringApplicationShutdownHook] INFO  io.undertow - stopping server: Undertow - 2.3.12.Final
2025-10-30 11:02:42.131 [SpringApplicationShutdownHook] INFO  io.undertow.servlet - Destroying Spring FrameworkServlet 'dispatcherServlet'
2025-10-30 11:02:42.290 [SpringApplicationShutdownHook] INFO  com.zaxxer.hikari.HikariDataSource - HikariPool-1 - Shutdown initiated...
2025-10-30 11:02:42.294 [SpringApplicationShutdownHook] INFO  com.zaxxer.hikari.HikariDataSource - HikariPool-1 - Shutdown completed.
2025-10-30 11:38:59.012 [background-preinit] INFO  org.hibernate.validator.internal.util.Version - HV000001: Hibernate Validator 8.0.1.Final
2025-10-30 11:38:59.048 [restartedMain] INFO  org.bem.iot.BemiotApplication - Starting BemiotApplication using Java 17.0.15 with PID 20188 (D:\www\AIOT\bemiot\bemiot\out\production\classes started by bemjsy in D:\www\AIOT\bemiot\bemiot)
2025-10-30 11:38:59.049 [restartedMain] INFO  org.bem.iot.BemiotApplication - The following 1 profile is active: "dev"
2025-10-30 11:38:59.095 [restartedMain] INFO  o.s.b.d.env.DevToolsPropertyDefaultsPostProcessor - Devtools property defaults active! Set 'spring.devtools.add-properties' to 'false' to disable
2025-10-30 11:38:59.096 [restartedMain] INFO  o.s.b.d.env.DevToolsPropertyDefaultsPostProcessor - For additional web related logging consider setting the 'logging.level.web' property to 'DEBUG'
2025-10-30 11:39:00.002 [restartedMain] INFO  o.s.d.r.config.RepositoryConfigurationDelegate - Multiple Spring Data modules found, entering strict repository configuration mode
2025-10-30 11:39:00.003 [restartedMain] INFO  o.s.d.r.config.RepositoryConfigurationDelegate - Bootstrapping Spring Data JDBC repositories in DEFAULT mode.
2025-10-30 11:39:00.030 [restartedMain] INFO  o.s.d.r.config.RepositoryConfigurationDelegate - Finished Spring Data repository scanning in 22 ms. Found 0 JDBC repository interfaces.
2025-10-30 11:39:00.045 [restartedMain] INFO  o.s.d.r.config.RepositoryConfigurationDelegate - Multiple Spring Data modules found, entering strict repository configuration mode
2025-10-30 11:39:00.047 [restartedMain] INFO  o.s.d.r.config.RepositoryConfigurationDelegate - Bootstrapping Spring Data Redis repositories in DEFAULT mode.
2025-10-30 11:39:00.062 [restartedMain] INFO  o.s.d.r.config.RepositoryConfigurationDelegate - Finished Spring Data repository scanning in 7 ms. Found 0 Redis repository interfaces.
2025-10-30 11:39:00.534 [restartedMain] WARN  o.s.c.s.PostProcessorRegistrationDelegate$BeanPostProcessorChecker - Bean 'redisCacheConfig' of type [org.bem.iot.config.RedisCacheConfig$$SpringCGLIB$$0] is not eligible for getting processed by all BeanPostProcessors (for example: not eligible for auto-proxying). Is this bean getting eagerly injected into a currently created BeanPostProcessor [projectingArgumentResolverBeanPostProcessor]? Check the corresponding BeanPostProcessor declaration and its dependencies.
2025-10-30 11:39:00.818 [restartedMain] WARN  io.undertow.websockets.jsr - UT026010: Buffer pool was not set on WebSocketDeploymentInfo, the default pool will be used
2025-10-30 11:39:00.841 [restartedMain] INFO  io.undertow.servlet - Initializing Spring embedded WebApplicationContext
2025-10-30 11:39:00.843 [restartedMain] INFO  o.s.b.w.s.c.ServletWebServerApplicationContext - Root WebApplicationContext: initialization completed in 1746 ms
2025-10-30 11:39:01.020 [restartedMain] DEBUG c.b.m.e.spring.MybatisSqlSessionFactoryBean - Registered plugin: 'MybatisPlusInterceptor{interceptors=[PaginationInnerInterceptor(logger=org.apache.ibatis.logging.slf4j.Slf4jImpl@5a9f2293, overflow=true, maxLimit=null, dbType=POSTGRE_SQL, dialect=null, optimizeJoin=true)]}'
2025-10-30 11:39:01.022 [restartedMain] DEBUG c.b.m.e.spring.MybatisSqlSessionFactoryBean - Property 'mapperLocations' was not specified.
2025-10-30 11:39:03.102 [restartedMain] INFO  c.b.m.e.spring.MybatisPlusApplicationContextAware - Register ApplicationContext instances org.springframework.boot.web.servlet.context.AnnotationConfigServletWebServerApplicationContext@6ffba3a1
2025-10-30 11:39:03.168 [restartedMain] INFO  com.zaxxer.hikari.HikariDataSource - HikariPool-1 - Starting...
2025-10-30 11:39:03.376 [restartedMain] INFO  com.zaxxer.hikari.pool.HikariPool - HikariPool-1 - Added connection org.postgresql.jdbc.PgConnection@118b31f1
2025-10-30 11:39:03.378 [restartedMain] INFO  com.zaxxer.hikari.HikariDataSource - HikariPool-1 - Start completed.
2025-10-30 11:39:03.634 [restartedMain] INFO  o.s.b.d.autoconfigure.OptionalLiveReloadServer - LiveReload server is running on port 35729
2025-10-30 11:39:03.715 [restartedMain] INFO  io.undertow - starting server: Undertow - 2.3.12.Final
2025-10-30 11:39:03.723 [restartedMain] INFO  org.xnio - XNIO version 3.8.8.Final
2025-10-30 11:39:03.733 [restartedMain] INFO  org.xnio.nio - XNIO NIO Implementation Version 3.8.8.Final
2025-10-30 11:39:03.763 [restartedMain] INFO  org.jboss.threads - JBoss Threads version 3.5.0.Final
2025-10-30 11:39:04.078 [restartedMain] INFO  o.s.boot.web.embedded.undertow.UndertowWebServer - Undertow started on port 8010 (http)
2025-10-30 11:39:04.090 [restartedMain] INFO  org.bem.iot.BemiotApplication - Started BemiotApplication in 5.454 seconds (process running for 6.92)
2025-10-30 11:40:22.748 [XNIO-1 task-2] INFO  io.undertow.servlet - Initializing Spring DispatcherServlet 'dispatcherServlet'
2025-10-30 11:40:22.748 [XNIO-1 task-2] INFO  org.springframework.web.servlet.DispatcherServlet - Initializing Servlet 'dispatcherServlet'
2025-10-30 11:40:22.751 [XNIO-1 task-2] INFO  org.springframework.web.servlet.DispatcherServlet - Completed initialization in 3 ms
2025-10-30 11:44:59.808 [SpringApplicationShutdownHook] INFO  io.undertow - stopping server: Undertow - 2.3.12.Final
2025-10-30 11:44:59.823 [SpringApplicationShutdownHook] INFO  io.undertow.servlet - Destroying Spring FrameworkServlet 'dispatcherServlet'
2025-10-30 11:44:59.966 [SpringApplicationShutdownHook] INFO  com.zaxxer.hikari.HikariDataSource - HikariPool-1 - Shutdown initiated...
2025-10-30 11:44:59.970 [SpringApplicationShutdownHook] INFO  com.zaxxer.hikari.HikariDataSource - HikariPool-1 - Shutdown completed.
2025-10-30 11:45:25.227 [main] INFO  o.s.t.c.support.AnnotationConfigContextLoaderUtils - Could not detect default configuration classes for test class [org.bem.iot.BemiotApplicationTests]: BemiotApplicationTests does not declare any static, non-private, non-final, nested classes annotated with @Configuration.
2025-10-30 11:45:25.374 [main] INFO  o.s.b.t.context.SpringBootTestContextBootstrapper - Found @SpringBootConfiguration org.bem.iot.BemiotApplication for test class org.bem.iot.BemiotApplicationTests
2025-10-30 11:45:25.581 [main] INFO  o.s.b.devtools.restart.RestartApplicationListener - Restart disabled due to context in which it is running
2025-10-30 11:45:25.901 [background-preinit] INFO  org.hibernate.validator.internal.util.Version - HV000001: Hibernate Validator 8.0.1.Final
2025-10-30 11:45:25.926 [main] INFO  org.bem.iot.BemiotApplicationTests - Starting BemiotApplicationTests using Java 17.0.15 with PID 9956 (started by bemjsy in D:\www\AIOT\bemiot\bemiot)
2025-10-30 11:45:25.927 [main] INFO  org.bem.iot.BemiotApplicationTests - The following 1 profile is active: "dev"
2025-10-30 11:45:27.088 [main] INFO  o.s.d.r.config.RepositoryConfigurationDelegate - Multiple Spring Data modules found, entering strict repository configuration mode
2025-10-30 11:45:27.090 [main] INFO  o.s.d.r.config.RepositoryConfigurationDelegate - Bootstrapping Spring Data JDBC repositories in DEFAULT mode.
2025-10-30 11:45:27.126 [main] INFO  o.s.d.r.config.RepositoryConfigurationDelegate - Finished Spring Data repository scanning in 30 ms. Found 0 JDBC repository interfaces.
2025-10-30 11:45:27.154 [main] INFO  o.s.d.r.config.RepositoryConfigurationDelegate - Multiple Spring Data modules found, entering strict repository configuration mode
2025-10-30 11:45:27.155 [main] INFO  o.s.d.r.config.RepositoryConfigurationDelegate - Bootstrapping Spring Data Redis repositories in DEFAULT mode.
2025-10-30 11:45:27.176 [main] INFO  o.s.d.r.config.RepositoryConfigurationDelegate - Finished Spring Data repository scanning in 8 ms. Found 0 Redis repository interfaces.
2025-10-30 11:45:27.821 [main] WARN  o.s.c.s.PostProcessorRegistrationDelegate$BeanPostProcessorChecker - Bean 'redisCacheConfig' of type [org.bem.iot.config.RedisCacheConfig$$SpringCGLIB$$0] is not eligible for getting processed by all BeanPostProcessors (for example: not eligible for auto-proxying). Is this bean getting eagerly injected into a currently created BeanPostProcessor [projectingArgumentResolverBeanPostProcessor]? Check the corresponding BeanPostProcessor declaration and its dependencies.
2025-10-30 11:45:28.019 [main] DEBUG c.b.m.e.spring.MybatisSqlSessionFactoryBean - Registered plugin: 'MybatisPlusInterceptor{interceptors=[PaginationInnerInterceptor(logger=org.apache.ibatis.logging.slf4j.Slf4jImpl@2b01c689, overflow=true, maxLimit=null, dbType=POSTGRE_SQL, dialect=null, optimizeJoin=true)]}'
2025-10-30 11:45:28.021 [main] DEBUG c.b.m.e.spring.MybatisSqlSessionFactoryBean - Property 'mapperLocations' was not specified.
2025-10-30 11:45:31.329 [main] INFO  c.b.m.e.spring.MybatisPlusApplicationContextAware - Register ApplicationContext instances org.springframework.web.context.support.GenericWebApplicationContext@6d4a65c6
2025-10-30 11:45:31.392 [main] INFO  com.zaxxer.hikari.HikariDataSource - HikariPool-1 - Starting...
2025-10-30 11:45:31.778 [main] INFO  com.zaxxer.hikari.pool.HikariPool - HikariPool-1 - Added connection org.postgresql.jdbc.PgConnection@550f522b
2025-10-30 11:45:31.781 [main] INFO  com.zaxxer.hikari.HikariDataSource - HikariPool-1 - Start completed.
2025-10-30 11:45:32.164 [main] INFO  org.bem.iot.BemiotApplicationTests - Started BemiotApplicationTests in 6.598 seconds (process running for 8.347)
2025-10-30 11:45:33.750 [SpringApplicationShutdownHook] INFO  com.zaxxer.hikari.HikariDataSource - HikariPool-1 - Shutdown initiated...
2025-10-30 11:45:33.756 [SpringApplicationShutdownHook] INFO  com.zaxxer.hikari.HikariDataSource - HikariPool-1 - Shutdown completed.
2025-10-30 11:50:17.188 [main] INFO  o.s.t.c.support.AnnotationConfigContextLoaderUtils - Could not detect default configuration classes for test class [org.bem.iot.BemiotApplicationTests]: BemiotApplicationTests does not declare any static, non-private, non-final, nested classes annotated with @Configuration.
2025-10-30 11:50:17.330 [main] INFO  o.s.b.t.context.SpringBootTestContextBootstrapper - Found @SpringBootConfiguration org.bem.iot.BemiotApplication for test class org.bem.iot.BemiotApplicationTests
2025-10-30 11:50:17.529 [main] INFO  o.s.b.devtools.restart.RestartApplicationListener - Restart disabled due to context in which it is running
2025-10-30 11:50:17.843 [background-preinit] INFO  org.hibernate.validator.internal.util.Version - HV000001: Hibernate Validator 8.0.1.Final
2025-10-30 11:50:17.865 [main] INFO  org.bem.iot.BemiotApplicationTests - Starting BemiotApplicationTests using Java 17.0.15 with PID 17916 (started by bemjsy in D:\www\AIOT\bemiot\bemiot)
2025-10-30 11:50:17.866 [main] INFO  org.bem.iot.BemiotApplicationTests - The following 1 profile is active: "dev"
2025-10-30 11:50:19.010 [main] INFO  o.s.d.r.config.RepositoryConfigurationDelegate - Multiple Spring Data modules found, entering strict repository configuration mode
2025-10-30 11:50:19.012 [main] INFO  o.s.d.r.config.RepositoryConfigurationDelegate - Bootstrapping Spring Data JDBC repositories in DEFAULT mode.
2025-10-30 11:50:19.041 [main] INFO  o.s.d.r.config.RepositoryConfigurationDelegate - Finished Spring Data repository scanning in 25 ms. Found 0 JDBC repository interfaces.
2025-10-30 11:50:19.060 [main] INFO  o.s.d.r.config.RepositoryConfigurationDelegate - Multiple Spring Data modules found, entering strict repository configuration mode
2025-10-30 11:50:19.062 [main] INFO  o.s.d.r.config.RepositoryConfigurationDelegate - Bootstrapping Spring Data Redis repositories in DEFAULT mode.
2025-10-30 11:50:19.080 [main] INFO  o.s.d.r.config.RepositoryConfigurationDelegate - Finished Spring Data repository scanning in 7 ms. Found 0 Redis repository interfaces.
2025-10-30 11:50:19.738 [main] WARN  o.s.c.s.PostProcessorRegistrationDelegate$BeanPostProcessorChecker - Bean 'redisCacheConfig' of type [org.bem.iot.config.RedisCacheConfig$$SpringCGLIB$$0] is not eligible for getting processed by all BeanPostProcessors (for example: not eligible for auto-proxying). Is this bean getting eagerly injected into a currently created BeanPostProcessor [projectingArgumentResolverBeanPostProcessor]? Check the corresponding BeanPostProcessor declaration and its dependencies.
2025-10-30 11:50:19.941 [main] DEBUG c.b.m.e.spring.MybatisSqlSessionFactoryBean - Registered plugin: 'MybatisPlusInterceptor{interceptors=[PaginationInnerInterceptor(logger=org.apache.ibatis.logging.slf4j.Slf4jImpl@721bf7ad, overflow=true, maxLimit=null, dbType=POSTGRE_SQL, dialect=null, optimizeJoin=true)]}'
2025-10-30 11:50:19.944 [main] DEBUG c.b.m.e.spring.MybatisSqlSessionFactoryBean - Property 'mapperLocations' was not specified.
2025-10-30 11:50:23.186 [main] INFO  c.b.m.e.spring.MybatisPlusApplicationContextAware - Register ApplicationContext instances org.springframework.web.context.support.GenericWebApplicationContext@6d4a65c6
2025-10-30 11:50:23.253 [main] INFO  com.zaxxer.hikari.HikariDataSource - HikariPool-1 - Starting...
2025-10-30 11:50:23.610 [main] INFO  com.zaxxer.hikari.pool.HikariPool - HikariPool-1 - Added connection org.postgresql.jdbc.PgConnection@1bbc1b90
2025-10-30 11:50:23.613 [main] INFO  com.zaxxer.hikari.HikariDataSource - HikariPool-1 - Start completed.
2025-10-30 11:50:23.987 [main] INFO  org.bem.iot.BemiotApplicationTests - Started BemiotApplicationTests in 6.476 seconds (process running for 8.319)
2025-10-30 11:50:25.616 [SpringApplicationShutdownHook] INFO  com.zaxxer.hikari.HikariDataSource - HikariPool-1 - Shutdown initiated...
2025-10-30 11:50:25.622 [SpringApplicationShutdownHook] INFO  com.zaxxer.hikari.HikariDataSource - HikariPool-1 - Shutdown completed.
2025-10-30 11:53:26.095 [main] INFO  o.s.t.c.support.AnnotationConfigContextLoaderUtils - Could not detect default configuration classes for test class [org.bem.iot.BemiotApplicationTests]: BemiotApplicationTests does not declare any static, non-private, non-final, nested classes annotated with @Configuration.
2025-10-30 11:53:26.235 [main] INFO  o.s.b.t.context.SpringBootTestContextBootstrapper - Found @SpringBootConfiguration org.bem.iot.BemiotApplication for test class org.bem.iot.BemiotApplicationTests
2025-10-30 11:53:26.443 [main] INFO  o.s.b.devtools.restart.RestartApplicationListener - Restart disabled due to context in which it is running
2025-10-30 11:53:26.749 [background-preinit] INFO  org.hibernate.validator.internal.util.Version - HV000001: Hibernate Validator 8.0.1.Final
2025-10-30 11:53:26.772 [main] INFO  org.bem.iot.BemiotApplicationTests - Starting BemiotApplicationTests using Java 17.0.15 with PID 14400 (started by bemjsy in D:\www\AIOT\bemiot\bemiot)
2025-10-30 11:53:26.772 [main] INFO  org.bem.iot.BemiotApplicationTests - The following 1 profile is active: "dev"
2025-10-30 11:53:27.864 [main] INFO  o.s.d.r.config.RepositoryConfigurationDelegate - Multiple Spring Data modules found, entering strict repository configuration mode
2025-10-30 11:53:27.866 [main] INFO  o.s.d.r.config.RepositoryConfigurationDelegate - Bootstrapping Spring Data JDBC repositories in DEFAULT mode.
2025-10-30 11:53:27.899 [main] INFO  o.s.d.r.config.RepositoryConfigurationDelegate - Finished Spring Data repository scanning in 29 ms. Found 0 JDBC repository interfaces.
2025-10-30 11:53:27.920 [main] INFO  o.s.d.r.config.RepositoryConfigurationDelegate - Multiple Spring Data modules found, entering strict repository configuration mode
2025-10-30 11:53:27.921 [main] INFO  o.s.d.r.config.RepositoryConfigurationDelegate - Bootstrapping Spring Data Redis repositories in DEFAULT mode.
2025-10-30 11:53:27.941 [main] INFO  o.s.d.r.config.RepositoryConfigurationDelegate - Finished Spring Data repository scanning in 8 ms. Found 0 Redis repository interfaces.
2025-10-30 11:53:28.565 [main] WARN  o.s.c.s.PostProcessorRegistrationDelegate$BeanPostProcessorChecker - Bean 'redisCacheConfig' of type [org.bem.iot.config.RedisCacheConfig$$SpringCGLIB$$0] is not eligible for getting processed by all BeanPostProcessors (for example: not eligible for auto-proxying). Is this bean getting eagerly injected into a currently created BeanPostProcessor [projectingArgumentResolverBeanPostProcessor]? Check the corresponding BeanPostProcessor declaration and its dependencies.
2025-10-30 11:53:28.757 [main] DEBUG c.b.m.e.spring.MybatisSqlSessionFactoryBean - Registered plugin: 'MybatisPlusInterceptor{interceptors=[PaginationInnerInterceptor(logger=org.apache.ibatis.logging.slf4j.Slf4jImpl@51424203, overflow=true, maxLimit=null, dbType=POSTGRE_SQL, dialect=null, optimizeJoin=true)]}'
2025-10-30 11:53:28.759 [main] DEBUG c.b.m.e.spring.MybatisSqlSessionFactoryBean - Property 'mapperLocations' was not specified.
2025-10-30 11:53:31.922 [main] INFO  c.b.m.e.spring.MybatisPlusApplicationContextAware - Register ApplicationContext instances org.springframework.web.context.support.GenericWebApplicationContext@6d4a65c6
2025-10-30 11:53:31.980 [main] INFO  com.zaxxer.hikari.HikariDataSource - HikariPool-1 - Starting...
2025-10-30 11:53:32.338 [main] INFO  com.zaxxer.hikari.pool.HikariPool - HikariPool-1 - Added connection org.postgresql.jdbc.PgConnection@1842dc39
2025-10-30 11:53:32.342 [main] INFO  com.zaxxer.hikari.HikariDataSource - HikariPool-1 - Start completed.
2025-10-30 11:53:32.758 [main] INFO  org.bem.iot.BemiotApplicationTests - Started BemiotApplicationTests in 6.33 seconds (process running for 8.009)
2025-10-30 11:53:34.285 [SpringApplicationShutdownHook] INFO  com.zaxxer.hikari.HikariDataSource - HikariPool-1 - Shutdown initiated...
2025-10-30 11:53:34.289 [SpringApplicationShutdownHook] INFO  com.zaxxer.hikari.HikariDataSource - HikariPool-1 - Shutdown completed.
2025-10-30 11:54:22.583 [background-preinit] INFO  org.hibernate.validator.internal.util.Version - HV000001: Hibernate Validator 8.0.1.Final
2025-10-30 11:54:22.623 [restartedMain] INFO  org.bem.iot.BemiotApplication - Starting BemiotApplication using Java 17.0.15 with PID 18796 (D:\www\AIOT\bemiot\bemiot\out\production\classes started by bemjsy in D:\www\AIOT\bemiot\bemiot)
2025-10-30 11:54:22.624 [restartedMain] INFO  org.bem.iot.BemiotApplication - The following 1 profile is active: "dev"
2025-10-30 11:54:22.677 [restartedMain] INFO  o.s.b.d.env.DevToolsPropertyDefaultsPostProcessor - Devtools property defaults active! Set 'spring.devtools.add-properties' to 'false' to disable
2025-10-30 11:54:22.677 [restartedMain] INFO  o.s.b.d.env.DevToolsPropertyDefaultsPostProcessor - For additional web related logging consider setting the 'logging.level.web' property to 'DEBUG'
2025-10-30 11:54:23.520 [restartedMain] INFO  o.s.d.r.config.RepositoryConfigurationDelegate - Multiple Spring Data modules found, entering strict repository configuration mode
2025-10-30 11:54:23.521 [restartedMain] INFO  o.s.d.r.config.RepositoryConfigurationDelegate - Bootstrapping Spring Data JDBC repositories in DEFAULT mode.
2025-10-30 11:54:23.547 [restartedMain] INFO  o.s.d.r.config.RepositoryConfigurationDelegate - Finished Spring Data repository scanning in 21 ms. Found 0 JDBC repository interfaces.
2025-10-30 11:54:23.561 [restartedMain] INFO  o.s.d.r.config.RepositoryConfigurationDelegate - Multiple Spring Data modules found, entering strict repository configuration mode
2025-10-30 11:54:23.563 [restartedMain] INFO  o.s.d.r.config.RepositoryConfigurationDelegate - Bootstrapping Spring Data Redis repositories in DEFAULT mode.
2025-10-30 11:54:23.580 [restartedMain] INFO  o.s.d.r.config.RepositoryConfigurationDelegate - Finished Spring Data repository scanning in 10 ms. Found 0 Redis repository interfaces.
2025-10-30 11:54:24.044 [restartedMain] WARN  o.s.c.s.PostProcessorRegistrationDelegate$BeanPostProcessorChecker - Bean 'redisCacheConfig' of type [org.bem.iot.config.RedisCacheConfig$$SpringCGLIB$$0] is not eligible for getting processed by all BeanPostProcessors (for example: not eligible for auto-proxying). Is this bean getting eagerly injected into a currently created BeanPostProcessor [projectingArgumentResolverBeanPostProcessor]? Check the corresponding BeanPostProcessor declaration and its dependencies.
2025-10-30 11:54:24.331 [restartedMain] WARN  io.undertow.websockets.jsr - UT026010: Buffer pool was not set on WebSocketDeploymentInfo, the default pool will be used
2025-10-30 11:54:24.357 [restartedMain] INFO  io.undertow.servlet - Initializing Spring embedded WebApplicationContext
2025-10-30 11:54:24.357 [restartedMain] INFO  o.s.b.w.s.c.ServletWebServerApplicationContext - Root WebApplicationContext: initialization completed in 1679 ms
2025-10-30 11:54:24.528 [restartedMain] DEBUG c.b.m.e.spring.MybatisSqlSessionFactoryBean - Registered plugin: 'MybatisPlusInterceptor{interceptors=[PaginationInnerInterceptor(logger=org.apache.ibatis.logging.slf4j.Slf4jImpl@52d6850f, overflow=true, maxLimit=null, dbType=POSTGRE_SQL, dialect=null, optimizeJoin=true)]}'
2025-10-30 11:54:24.530 [restartedMain] DEBUG c.b.m.e.spring.MybatisSqlSessionFactoryBean - Property 'mapperLocations' was not specified.
2025-10-30 11:54:26.637 [restartedMain] INFO  c.b.m.e.spring.MybatisPlusApplicationContextAware - Register ApplicationContext instances org.springframework.boot.web.servlet.context.AnnotationConfigServletWebServerApplicationContext@1d3015b4
2025-10-30 11:54:26.700 [restartedMain] INFO  com.zaxxer.hikari.HikariDataSource - HikariPool-1 - Starting...
2025-10-30 11:54:26.881 [restartedMain] INFO  com.zaxxer.hikari.pool.HikariPool - HikariPool-1 - Added connection org.postgresql.jdbc.PgConnection@1c3fab38
2025-10-30 11:54:26.884 [restartedMain] INFO  com.zaxxer.hikari.HikariDataSource - HikariPool-1 - Start completed.
2025-10-30 11:54:27.111 [restartedMain] INFO  o.s.b.d.autoconfigure.OptionalLiveReloadServer - LiveReload server is running on port 35729
2025-10-30 11:54:27.195 [restartedMain] INFO  io.undertow - starting server: Undertow - 2.3.12.Final
2025-10-30 11:54:27.204 [restartedMain] INFO  org.xnio - XNIO version 3.8.8.Final
2025-10-30 11:54:27.213 [restartedMain] INFO  org.xnio.nio - XNIO NIO Implementation Version 3.8.8.Final
2025-10-30 11:54:27.241 [restartedMain] INFO  org.jboss.threads - JBoss Threads version 3.5.0.Final
2025-10-30 11:54:27.554 [restartedMain] INFO  o.s.boot.web.embedded.undertow.UndertowWebServer - Undertow started on port 8010 (http)
2025-10-30 11:54:27.566 [restartedMain] INFO  org.bem.iot.BemiotApplication - Started BemiotApplication in 5.321 seconds (process running for 6.493)
2025-10-30 11:54:37.172 [XNIO-1 task-4] INFO  io.undertow.servlet - Initializing Spring DispatcherServlet 'dispatcherServlet'
2025-10-30 11:54:37.172 [XNIO-1 task-4] INFO  org.springframework.web.servlet.DispatcherServlet - Initializing Servlet 'dispatcherServlet'
2025-10-30 11:54:37.173 [XNIO-1 task-4] INFO  org.springframework.web.servlet.DispatcherServlet - Completed initialization in 1 ms
2025-10-30 15:17:54.160 [XNIO-1 task-11] WARN  o.s.w.s.m.m.a.ExceptionHandlerExceptionResolver - Resolved [org.springframework.web.servlet.resource.NoResourceFoundException: No static resource device_controls/getProductPageList.]
2025-10-30 15:17:54.210 [XNIO-1 task-11] WARN  o.s.w.s.m.m.a.ExceptionHandlerExceptionResolver - Resolved [org.springframework.web.servlet.resource.NoResourceFoundException: No static resource device_controls/getProductPageList.]
2025-10-30 15:20:01.191 [SpringApplicationShutdownHook] INFO  io.undertow - stopping server: Undertow - 2.3.12.Final
2025-10-30 15:20:01.198 [SpringApplicationShutdownHook] INFO  io.undertow.servlet - Destroying Spring FrameworkServlet 'dispatcherServlet'
2025-10-30 15:20:01.339 [SpringApplicationShutdownHook] INFO  com.zaxxer.hikari.HikariDataSource - HikariPool-1 - Shutdown initiated...
2025-10-30 15:20:01.341 [SpringApplicationShutdownHook] INFO  com.zaxxer.hikari.HikariDataSource - HikariPool-1 - Shutdown completed.
2025-10-30 15:20:07.344 [background-preinit] INFO  org.hibernate.validator.internal.util.Version - HV000001: Hibernate Validator 8.0.1.Final
2025-10-30 15:20:07.382 [restartedMain] INFO  org.bem.iot.BemiotApplication - Starting BemiotApplication using Java 17.0.15 with PID 19412 (D:\www\AIOT\bemiot\bemiot\out\production\classes started by bemjsy in D:\www\AIOT\bemiot\bemiot)
2025-10-30 15:20:07.383 [restartedMain] INFO  org.bem.iot.BemiotApplication - The following 1 profile is active: "dev"
2025-10-30 15:20:07.440 [restartedMain] INFO  o.s.b.d.env.DevToolsPropertyDefaultsPostProcessor - Devtools property defaults active! Set 'spring.devtools.add-properties' to 'false' to disable
2025-10-30 15:20:07.440 [restartedMain] INFO  o.s.b.d.env.DevToolsPropertyDefaultsPostProcessor - For additional web related logging consider setting the 'logging.level.web' property to 'DEBUG'
2025-10-30 15:20:08.446 [restartedMain] INFO  o.s.d.r.config.RepositoryConfigurationDelegate - Multiple Spring Data modules found, entering strict repository configuration mode
2025-10-30 15:20:08.449 [restartedMain] INFO  o.s.d.r.config.RepositoryConfigurationDelegate - Bootstrapping Spring Data JDBC repositories in DEFAULT mode.
2025-10-30 15:20:08.481 [restartedMain] INFO  o.s.d.r.config.RepositoryConfigurationDelegate - Finished Spring Data repository scanning in 27 ms. Found 0 JDBC repository interfaces.
2025-10-30 15:20:08.499 [restartedMain] INFO  o.s.d.r.config.RepositoryConfigurationDelegate - Multiple Spring Data modules found, entering strict repository configuration mode
2025-10-30 15:20:08.501 [restartedMain] INFO  o.s.d.r.config.RepositoryConfigurationDelegate - Bootstrapping Spring Data Redis repositories in DEFAULT mode.
2025-10-30 15:20:08.522 [restartedMain] INFO  o.s.d.r.config.RepositoryConfigurationDelegate - Finished Spring Data repository scanning in 9 ms. Found 0 Redis repository interfaces.
2025-10-30 15:20:09.042 [restartedMain] WARN  o.s.c.s.PostProcessorRegistrationDelegate$BeanPostProcessorChecker - Bean 'redisCacheConfig' of type [org.bem.iot.config.RedisCacheConfig$$SpringCGLIB$$0] is not eligible for getting processed by all BeanPostProcessors (for example: not eligible for auto-proxying). Is this bean getting eagerly injected into a currently created BeanPostProcessor [projectingArgumentResolverBeanPostProcessor]? Check the corresponding BeanPostProcessor declaration and its dependencies.
2025-10-30 15:20:09.317 [restartedMain] WARN  io.undertow.websockets.jsr - UT026010: Buffer pool was not set on WebSocketDeploymentInfo, the default pool will be used
2025-10-30 15:20:09.339 [restartedMain] INFO  io.undertow.servlet - Initializing Spring embedded WebApplicationContext
2025-10-30 15:20:09.340 [restartedMain] INFO  o.s.b.w.s.c.ServletWebServerApplicationContext - Root WebApplicationContext: initialization completed in 1898 ms
2025-10-30 15:20:09.523 [restartedMain] DEBUG c.b.m.e.spring.MybatisSqlSessionFactoryBean - Registered plugin: 'MybatisPlusInterceptor{interceptors=[PaginationInnerInterceptor(logger=org.apache.ibatis.logging.slf4j.Slf4jImpl@151add00, overflow=true, maxLimit=null, dbType=POSTGRE_SQL, dialect=null, optimizeJoin=true)]}'
2025-10-30 15:20:09.524 [restartedMain] DEBUG c.b.m.e.spring.MybatisSqlSessionFactoryBean - Property 'mapperLocations' was not specified.
2025-10-30 15:20:11.742 [restartedMain] INFO  c.b.m.e.spring.MybatisPlusApplicationContextAware - Register ApplicationContext instances org.springframework.boot.web.servlet.context.AnnotationConfigServletWebServerApplicationContext@689b0513
2025-10-30 15:20:11.809 [restartedMain] INFO  com.zaxxer.hikari.HikariDataSource - HikariPool-1 - Starting...
2025-10-30 15:20:12.018 [restartedMain] INFO  com.zaxxer.hikari.pool.HikariPool - HikariPool-1 - Added connection org.postgresql.jdbc.PgConnection@41153f54
2025-10-30 15:20:12.020 [restartedMain] INFO  com.zaxxer.hikari.HikariDataSource - HikariPool-1 - Start completed.
2025-10-30 15:20:12.282 [restartedMain] INFO  o.s.b.d.autoconfigure.OptionalLiveReloadServer - LiveReload server is running on port 35729
2025-10-30 15:20:12.361 [restartedMain] INFO  io.undertow - starting server: Undertow - 2.3.12.Final
2025-10-30 15:20:12.369 [restartedMain] INFO  org.xnio - XNIO version 3.8.8.Final
2025-10-30 15:20:12.377 [restartedMain] INFO  org.xnio.nio - XNIO NIO Implementation Version 3.8.8.Final
2025-10-30 15:20:12.404 [restartedMain] INFO  org.jboss.threads - JBoss Threads version 3.5.0.Final
2025-10-30 15:20:12.741 [restartedMain] INFO  o.s.boot.web.embedded.undertow.UndertowWebServer - Undertow started on port 8010 (http)
2025-10-30 15:20:12.753 [restartedMain] INFO  org.bem.iot.BemiotApplication - Started BemiotApplication in 5.818 seconds (process running for 7.174)
2025-10-30 15:20:22.290 [SpringApplicationShutdownHook] INFO  io.undertow - stopping server: Undertow - 2.3.12.Final
2025-10-30 15:20:22.337 [SpringApplicationShutdownHook] INFO  com.zaxxer.hikari.HikariDataSource - HikariPool-1 - Shutdown initiated...
2025-10-30 15:20:22.342 [SpringApplicationShutdownHook] INFO  com.zaxxer.hikari.HikariDataSource - HikariPool-1 - Shutdown completed.
2025-10-30 15:20:29.454 [background-preinit] INFO  org.hibernate.validator.internal.util.Version - HV000001: Hibernate Validator 8.0.1.Final
2025-10-30 15:20:29.493 [restartedMain] INFO  org.bem.iot.BemiotApplication - Starting BemiotApplication using Java 17.0.15 with PID 7328 (D:\www\AIOT\bemiot\bemiot\out\production\classes started by bemjsy in D:\www\AIOT\bemiot\bemiot)
2025-10-30 15:20:29.494 [restartedMain] INFO  org.bem.iot.BemiotApplication - The following 1 profile is active: "dev"
2025-10-30 15:20:29.543 [restartedMain] INFO  o.s.b.d.env.DevToolsPropertyDefaultsPostProcessor - Devtools property defaults active! Set 'spring.devtools.add-properties' to 'false' to disable
2025-10-30 15:20:29.543 [restartedMain] INFO  o.s.b.d.env.DevToolsPropertyDefaultsPostProcessor - For additional web related logging consider setting the 'logging.level.web' property to 'DEBUG'
2025-10-30 15:20:30.494 [restartedMain] INFO  o.s.d.r.config.RepositoryConfigurationDelegate - Multiple Spring Data modules found, entering strict repository configuration mode
2025-10-30 15:20:30.496 [restartedMain] INFO  o.s.d.r.config.RepositoryConfigurationDelegate - Bootstrapping Spring Data JDBC repositories in DEFAULT mode.
2025-10-30 15:20:30.521 [restartedMain] INFO  o.s.d.r.config.RepositoryConfigurationDelegate - Finished Spring Data repository scanning in 21 ms. Found 0 JDBC repository interfaces.
2025-10-30 15:20:30.536 [restartedMain] INFO  o.s.d.r.config.RepositoryConfigurationDelegate - Multiple Spring Data modules found, entering strict repository configuration mode
2025-10-30 15:20:30.537 [restartedMain] INFO  o.s.d.r.config.RepositoryConfigurationDelegate - Bootstrapping Spring Data Redis repositories in DEFAULT mode.
2025-10-30 15:20:30.552 [restartedMain] INFO  o.s.d.r.config.RepositoryConfigurationDelegate - Finished Spring Data repository scanning in 6 ms. Found 0 Redis repository interfaces.
2025-10-30 15:20:31.038 [restartedMain] WARN  o.s.c.s.PostProcessorRegistrationDelegate$BeanPostProcessorChecker - Bean 'redisCacheConfig' of type [org.bem.iot.config.RedisCacheConfig$$SpringCGLIB$$0] is not eligible for getting processed by all BeanPostProcessors (for example: not eligible for auto-proxying). Is this bean getting eagerly injected into a currently created BeanPostProcessor [projectingArgumentResolverBeanPostProcessor]? Check the corresponding BeanPostProcessor declaration and its dependencies.
2025-10-30 15:20:31.308 [restartedMain] WARN  io.undertow.websockets.jsr - UT026010: Buffer pool was not set on WebSocketDeploymentInfo, the default pool will be used
2025-10-30 15:20:31.333 [restartedMain] INFO  io.undertow.servlet - Initializing Spring embedded WebApplicationContext
2025-10-30 15:20:31.334 [restartedMain] INFO  o.s.b.w.s.c.ServletWebServerApplicationContext - Root WebApplicationContext: initialization completed in 1790 ms
2025-10-30 15:20:31.500 [restartedMain] DEBUG c.b.m.e.spring.MybatisSqlSessionFactoryBean - Registered plugin: 'MybatisPlusInterceptor{interceptors=[PaginationInnerInterceptor(logger=org.apache.ibatis.logging.slf4j.Slf4jImpl@6507394b, overflow=true, maxLimit=null, dbType=POSTGRE_SQL, dialect=null, optimizeJoin=true)]}'
2025-10-30 15:20:31.502 [restartedMain] DEBUG c.b.m.e.spring.MybatisSqlSessionFactoryBean - Property 'mapperLocations' was not specified.
2025-10-30 15:20:34.000 [restartedMain] INFO  c.b.m.e.spring.MybatisPlusApplicationContextAware - Register ApplicationContext instances org.springframework.boot.web.servlet.context.AnnotationConfigServletWebServerApplicationContext@ff8009d
2025-10-30 15:20:34.077 [restartedMain] INFO  com.zaxxer.hikari.HikariDataSource - HikariPool-1 - Starting...
2025-10-30 15:20:34.263 [restartedMain] INFO  com.zaxxer.hikari.pool.HikariPool - HikariPool-1 - Added connection org.postgresql.jdbc.PgConnection@f065024
2025-10-30 15:20:34.265 [restartedMain] INFO  com.zaxxer.hikari.HikariDataSource - HikariPool-1 - Start completed.
2025-10-30 15:20:34.511 [restartedMain] INFO  o.s.b.d.autoconfigure.OptionalLiveReloadServer - LiveReload server is running on port 35729
2025-10-30 15:20:34.579 [restartedMain] INFO  io.undertow - starting server: Undertow - 2.3.12.Final
2025-10-30 15:20:34.587 [restartedMain] INFO  org.xnio - XNIO version 3.8.8.Final
2025-10-30 15:20:34.596 [restartedMain] INFO  org.xnio.nio - XNIO NIO Implementation Version 3.8.8.Final
2025-10-30 15:20:34.628 [restartedMain] INFO  org.jboss.threads - JBoss Threads version 3.5.0.Final
2025-10-30 15:20:34.953 [restartedMain] INFO  o.s.boot.web.embedded.undertow.UndertowWebServer - Undertow started on port 8010 (http)
2025-10-30 15:20:34.967 [restartedMain] INFO  org.bem.iot.BemiotApplication - Started BemiotApplication in 5.867 seconds (process running for 7.087)
2025-10-30 15:23:32.194 [SpringApplicationShutdownHook] INFO  io.undertow - stopping server: Undertow - 2.3.12.Final
2025-10-30 15:23:32.239 [SpringApplicationShutdownHook] INFO  com.zaxxer.hikari.HikariDataSource - HikariPool-1 - Shutdown initiated...
2025-10-30 15:23:32.242 [SpringApplicationShutdownHook] INFO  com.zaxxer.hikari.HikariDataSource - HikariPool-1 - Shutdown completed.
2025-10-30 15:23:38.654 [background-preinit] INFO  org.hibernate.validator.internal.util.Version - HV000001: Hibernate Validator 8.0.1.Final
2025-10-30 15:23:38.695 [restartedMain] INFO  org.bem.iot.BemiotApplication - Starting BemiotApplication using Java 17.0.15 with PID 20808 (D:\www\AIOT\bemiot\bemiot\out\production\classes started by bemjsy in D:\www\AIOT\bemiot\bemiot)
2025-10-30 15:23:38.697 [restartedMain] INFO  org.bem.iot.BemiotApplication - The following 1 profile is active: "dev"
2025-10-30 15:23:38.756 [restartedMain] INFO  o.s.b.d.env.DevToolsPropertyDefaultsPostProcessor - Devtools property defaults active! Set 'spring.devtools.add-properties' to 'false' to disable
2025-10-30 15:23:38.756 [restartedMain] INFO  o.s.b.d.env.DevToolsPropertyDefaultsPostProcessor - For additional web related logging consider setting the 'logging.level.web' property to 'DEBUG'
2025-10-30 15:23:39.728 [restartedMain] INFO  o.s.d.r.config.RepositoryConfigurationDelegate - Multiple Spring Data modules found, entering strict repository configuration mode
2025-10-30 15:23:39.730 [restartedMain] INFO  o.s.d.r.config.RepositoryConfigurationDelegate - Bootstrapping Spring Data JDBC repositories in DEFAULT mode.
2025-10-30 15:23:39.755 [restartedMain] INFO  o.s.d.r.config.RepositoryConfigurationDelegate - Finished Spring Data repository scanning in 21 ms. Found 0 JDBC repository interfaces.
2025-10-30 15:23:39.769 [restartedMain] INFO  o.s.d.r.config.RepositoryConfigurationDelegate - Multiple Spring Data modules found, entering strict repository configuration mode
2025-10-30 15:23:39.770 [restartedMain] INFO  o.s.d.r.config.RepositoryConfigurationDelegate - Bootstrapping Spring Data Redis repositories in DEFAULT mode.
2025-10-30 15:23:39.784 [restartedMain] INFO  o.s.d.r.config.RepositoryConfigurationDelegate - Finished Spring Data repository scanning in 6 ms. Found 0 Redis repository interfaces.
2025-10-30 15:23:40.269 [restartedMain] WARN  o.s.c.s.PostProcessorRegistrationDelegate$BeanPostProcessorChecker - Bean 'redisCacheConfig' of type [org.bem.iot.config.RedisCacheConfig$$SpringCGLIB$$0] is not eligible for getting processed by all BeanPostProcessors (for example: not eligible for auto-proxying). Is this bean getting eagerly injected into a currently created BeanPostProcessor [projectingArgumentResolverBeanPostProcessor]? Check the corresponding BeanPostProcessor declaration and its dependencies.
2025-10-30 15:23:40.543 [restartedMain] WARN  io.undertow.websockets.jsr - UT026010: Buffer pool was not set on WebSocketDeploymentInfo, the default pool will be used
2025-10-30 15:23:40.570 [restartedMain] INFO  io.undertow.servlet - Initializing Spring embedded WebApplicationContext
2025-10-30 15:23:40.570 [restartedMain] INFO  o.s.b.w.s.c.ServletWebServerApplicationContext - Root WebApplicationContext: initialization completed in 1814 ms
2025-10-30 15:23:40.745 [restartedMain] DEBUG c.b.m.e.spring.MybatisSqlSessionFactoryBean - Registered plugin: 'MybatisPlusInterceptor{interceptors=[PaginationInnerInterceptor(logger=org.apache.ibatis.logging.slf4j.Slf4jImpl@11c9cd03, overflow=true, maxLimit=null, dbType=POSTGRE_SQL, dialect=null, optimizeJoin=true)]}'
2025-10-30 15:23:40.747 [restartedMain] DEBUG c.b.m.e.spring.MybatisSqlSessionFactoryBean - Property 'mapperLocations' was not specified.
2025-10-30 15:23:43.137 [restartedMain] INFO  c.b.m.e.spring.MybatisPlusApplicationContextAware - Register ApplicationContext instances org.springframework.boot.web.servlet.context.AnnotationConfigServletWebServerApplicationContext@159fded3
2025-10-30 15:23:43.226 [restartedMain] INFO  com.zaxxer.hikari.HikariDataSource - HikariPool-1 - Starting...
2025-10-30 15:23:43.541 [restartedMain] INFO  com.zaxxer.hikari.pool.HikariPool - HikariPool-1 - Added connection org.postgresql.jdbc.PgConnection@3a81036b
2025-10-30 15:23:43.543 [restartedMain] INFO  com.zaxxer.hikari.HikariDataSource - HikariPool-1 - Start completed.
2025-10-30 15:23:43.854 [restartedMain] INFO  o.s.b.d.autoconfigure.OptionalLiveReloadServer - LiveReload server is running on port 35729
2025-10-30 15:23:43.936 [restartedMain] INFO  io.undertow - starting server: Undertow - 2.3.12.Final
2025-10-30 15:23:43.945 [restartedMain] INFO  org.xnio - XNIO version 3.8.8.Final
2025-10-30 15:23:43.955 [restartedMain] INFO  org.xnio.nio - XNIO NIO Implementation Version 3.8.8.Final
2025-10-30 15:23:43.984 [restartedMain] INFO  org.jboss.threads - JBoss Threads version 3.5.0.Final
2025-10-30 15:23:44.442 [restartedMain] INFO  o.s.boot.web.embedded.undertow.UndertowWebServer - Undertow started on port 8010 (http)
2025-10-30 15:23:44.458 [restartedMain] INFO  org.bem.iot.BemiotApplication - Started BemiotApplication in 6.2 seconds (process running for 7.297)
2025-10-30 15:29:55.215 [XNIO-1 task-2] INFO  io.undertow.servlet - Initializing Spring DispatcherServlet 'dispatcherServlet'
2025-10-30 15:29:55.215 [XNIO-1 task-2] INFO  org.springframework.web.servlet.DispatcherServlet - Initializing Servlet 'dispatcherServlet'
2025-10-30 15:29:55.219 [XNIO-1 task-2] INFO  org.springframework.web.servlet.DispatcherServlet - Completed initialization in 4 ms
2025-10-30 16:51:26.213 [SpringApplicationShutdownHook] INFO  io.undertow - stopping server: Undertow - 2.3.12.Final
2025-10-30 16:51:26.226 [SpringApplicationShutdownHook] INFO  io.undertow.servlet - Destroying Spring FrameworkServlet 'dispatcherServlet'
2025-10-30 16:51:26.369 [SpringApplicationShutdownHook] INFO  com.zaxxer.hikari.HikariDataSource - HikariPool-1 - Shutdown initiated...
2025-10-30 16:51:26.372 [SpringApplicationShutdownHook] INFO  com.zaxxer.hikari.HikariDataSource - HikariPool-1 - Shutdown completed.
2025-10-30 16:51:32.421 [background-preinit] INFO  org.hibernate.validator.internal.util.Version - HV000001: Hibernate Validator 8.0.1.Final
2025-10-30 16:51:32.463 [restartedMain] INFO  org.bem.iot.BemiotApplication - Starting BemiotApplication using Java 17.0.15 with PID 18988 (D:\www\AIOT\bemiot\bemiot\out\production\classes started by bemjsy in D:\www\AIOT\bemiot\bemiot)
2025-10-30 16:51:32.465 [restartedMain] INFO  org.bem.iot.BemiotApplication - The following 1 profile is active: "dev"
2025-10-30 16:51:32.519 [restartedMain] INFO  o.s.b.d.env.DevToolsPropertyDefaultsPostProcessor - Devtools property defaults active! Set 'spring.devtools.add-properties' to 'false' to disable
2025-10-30 16:51:32.519 [restartedMain] INFO  o.s.b.d.env.DevToolsPropertyDefaultsPostProcessor - For additional web related logging consider setting the 'logging.level.web' property to 'DEBUG'
2025-10-30 16:51:33.439 [restartedMain] INFO  o.s.d.r.config.RepositoryConfigurationDelegate - Multiple Spring Data modules found, entering strict repository configuration mode
2025-10-30 16:51:33.440 [restartedMain] INFO  o.s.d.r.config.RepositoryConfigurationDelegate - Bootstrapping Spring Data JDBC repositories in DEFAULT mode.
2025-10-30 16:51:33.467 [restartedMain] INFO  o.s.d.r.config.RepositoryConfigurationDelegate - Finished Spring Data repository scanning in 22 ms. Found 0 JDBC repository interfaces.
2025-10-30 16:51:33.480 [restartedMain] INFO  o.s.d.r.config.RepositoryConfigurationDelegate - Multiple Spring Data modules found, entering strict repository configuration mode
2025-10-30 16:51:33.481 [restartedMain] INFO  o.s.d.r.config.RepositoryConfigurationDelegate - Bootstrapping Spring Data Redis repositories in DEFAULT mode.
2025-10-30 16:51:33.497 [restartedMain] INFO  o.s.d.r.config.RepositoryConfigurationDelegate - Finished Spring Data repository scanning in 8 ms. Found 0 Redis repository interfaces.
2025-10-30 16:51:33.990 [restartedMain] WARN  o.s.c.s.PostProcessorRegistrationDelegate$BeanPostProcessorChecker - Bean 'redisCacheConfig' of type [org.bem.iot.config.RedisCacheConfig$$SpringCGLIB$$0] is not eligible for getting processed by all BeanPostProcessors (for example: not eligible for auto-proxying). Is this bean getting eagerly injected into a currently created BeanPostProcessor [projectingArgumentResolverBeanPostProcessor]? Check the corresponding BeanPostProcessor declaration and its dependencies.
2025-10-30 16:51:34.272 [restartedMain] WARN  io.undertow.websockets.jsr - UT026010: Buffer pool was not set on WebSocketDeploymentInfo, the default pool will be used
2025-10-30 16:51:34.298 [restartedMain] INFO  io.undertow.servlet - Initializing Spring embedded WebApplicationContext
2025-10-30 16:51:34.299 [restartedMain] INFO  o.s.b.w.s.c.ServletWebServerApplicationContext - Root WebApplicationContext: initialization completed in 1780 ms
2025-10-30 16:51:34.465 [restartedMain] DEBUG c.b.m.e.spring.MybatisSqlSessionFactoryBean - Registered plugin: 'MybatisPlusInterceptor{interceptors=[PaginationInnerInterceptor(logger=org.apache.ibatis.logging.slf4j.Slf4jImpl@1a2ca193, overflow=true, maxLimit=null, dbType=POSTGRE_SQL, dialect=null, optimizeJoin=true)]}'
2025-10-30 16:51:34.466 [restartedMain] DEBUG c.b.m.e.spring.MybatisSqlSessionFactoryBean - Property 'mapperLocations' was not specified.
2025-10-30 16:51:36.661 [restartedMain] INFO  c.b.m.e.spring.MybatisPlusApplicationContextAware - Register ApplicationContext instances org.springframework.boot.web.servlet.context.AnnotationConfigServletWebServerApplicationContext@9a99c0f
2025-10-30 16:51:36.723 [restartedMain] INFO  com.zaxxer.hikari.HikariDataSource - HikariPool-1 - Starting...
2025-10-30 16:51:37.012 [restartedMain] INFO  com.zaxxer.hikari.pool.HikariPool - HikariPool-1 - Added connection org.postgresql.jdbc.PgConnection@c41ed67
2025-10-30 16:51:37.015 [restartedMain] INFO  com.zaxxer.hikari.HikariDataSource - HikariPool-1 - Start completed.
2025-10-30 16:51:37.252 [restartedMain] INFO  o.s.b.d.autoconfigure.OptionalLiveReloadServer - LiveReload server is running on port 35729
2025-10-30 16:51:37.334 [restartedMain] INFO  io.undertow - starting server: Undertow - 2.3.12.Final
2025-10-30 16:51:37.343 [restartedMain] INFO  org.xnio - XNIO version 3.8.8.Final
2025-10-30 16:51:37.353 [restartedMain] INFO  org.xnio.nio - XNIO NIO Implementation Version 3.8.8.Final
2025-10-30 16:51:37.380 [restartedMain] INFO  org.jboss.threads - JBoss Threads version 3.5.0.Final
2025-10-30 16:51:37.730 [restartedMain] INFO  o.s.boot.web.embedded.undertow.UndertowWebServer - Undertow started on port 8010 (http)
2025-10-30 16:51:37.742 [restartedMain] INFO  org.bem.iot.BemiotApplication - Started BemiotApplication in 5.756 seconds (process running for 6.914)
2025-10-30 16:52:12.339 [XNIO-1 task-2] INFO  io.undertow.servlet - Initializing Spring DispatcherServlet 'dispatcherServlet'
2025-10-30 16:52:12.339 [XNIO-1 task-2] INFO  org.springframework.web.servlet.DispatcherServlet - Initializing Servlet 'dispatcherServlet'
2025-10-30 16:52:12.341 [XNIO-1 task-2] INFO  org.springframework.web.servlet.DispatcherServlet - Completed initialization in 2 ms
2025-10-30 17:24:01.032 [SpringApplicationShutdownHook] INFO  io.undertow - stopping server: Undertow - 2.3.12.Final
2025-10-30 17:24:01.043 [SpringApplicationShutdownHook] INFO  io.undertow.servlet - Destroying Spring FrameworkServlet 'dispatcherServlet'
2025-10-30 17:24:01.194 [SpringApplicationShutdownHook] INFO  com.zaxxer.hikari.HikariDataSource - HikariPool-1 - Shutdown initiated...
2025-10-30 17:24:01.200 [SpringApplicationShutdownHook] INFO  com.zaxxer.hikari.HikariDataSource - HikariPool-1 - Shutdown completed.
