2025-10-27 08:41:02.191 [background-preinit] INFO  org.hibernate.validator.internal.util.Version - HV000001: Hibernate Validator 8.0.1.Final
2025-10-27 08:41:02.253 [restartedMain] INFO  org.bem.iot.BemiotApplication - Starting BemiotApplication using Java 17.0.15 with PID 17388 (D:\www\AIOT\bemiot\bemiot\out\production\classes started by bemjsy in D:\www\AIOT\bemiot\bemiot)
2025-10-27 08:41:02.253 [restartedMain] INFO  org.bem.iot.BemiotApplication - The following 1 profile is active: "dev"
2025-10-27 08:41:02.304 [restartedMain] INFO  o.s.b.d.env.DevToolsPropertyDefaultsPostProcessor - Devtools property defaults active! Set 'spring.devtools.add-properties' to 'false' to disable
2025-10-27 08:41:02.304 [restartedMain] INFO  o.s.b.d.env.DevToolsPropertyDefaultsPostProcessor - For additional web related logging consider setting the 'logging.level.web' property to 'DEBUG'
2025-10-27 08:41:03.351 [restartedMain] INFO  o.s.d.r.config.RepositoryConfigurationDelegate - Multiple Spring Data modules found, entering strict repository configuration mode
2025-10-27 08:41:03.353 [restartedMain] INFO  o.s.d.r.config.RepositoryConfigurationDelegate - Bootstrapping Spring Data JDBC repositories in DEFAULT mode.
2025-10-27 08:41:03.384 [restartedMain] INFO  o.s.d.r.config.RepositoryConfigurationDelegate - Finished Spring Data repository scanning in 23 ms. Found 0 JDBC repository interfaces.
2025-10-27 08:41:03.417 [restartedMain] INFO  o.s.d.r.config.RepositoryConfigurationDelegate - Multiple Spring Data modules found, entering strict repository configuration mode
2025-10-27 08:41:03.418 [restartedMain] INFO  o.s.d.r.config.RepositoryConfigurationDelegate - Bootstrapping Spring Data Redis repositories in DEFAULT mode.
2025-10-27 08:41:03.447 [restartedMain] INFO  o.s.d.r.config.RepositoryConfigurationDelegate - Finished Spring Data repository scanning in 6 ms. Found 0 Redis repository interfaces.
2025-10-27 08:41:04.165 [restartedMain] WARN  o.s.c.s.PostProcessorRegistrationDelegate$BeanPostProcessorChecker - Bean 'redisCacheConfig' of type [org.bem.iot.config.RedisCacheConfig$$SpringCGLIB$$0] is not eligible for getting processed by all BeanPostProcessors (for example: not eligible for auto-proxying). Is this bean getting eagerly injected into a currently created BeanPostProcessor [projectingArgumentResolverBeanPostProcessor]? Check the corresponding BeanPostProcessor declaration and its dependencies.
2025-10-27 08:41:04.457 [restartedMain] WARN  io.undertow.websockets.jsr - UT026010: Buffer pool was not set on WebSocketDeploymentInfo, the default pool will be used
2025-10-27 08:41:04.480 [restartedMain] INFO  io.undertow.servlet - Initializing Spring embedded WebApplicationContext
2025-10-27 08:41:04.481 [restartedMain] INFO  o.s.b.w.s.c.ServletWebServerApplicationContext - Root WebApplicationContext: initialization completed in 2176 ms
2025-10-27 08:41:04.750 [restartedMain] DEBUG c.b.m.e.spring.MybatisSqlSessionFactoryBean - Registered plugin: 'MybatisPlusInterceptor{interceptors=[PaginationInnerInterceptor(logger=org.apache.ibatis.logging.slf4j.Slf4jImpl@71625fd9, overflow=true, maxLimit=null, dbType=POSTGRE_SQL, dialect=null, optimizeJoin=true)]}'
2025-10-27 08:41:04.751 [restartedMain] DEBUG c.b.m.e.spring.MybatisSqlSessionFactoryBean - Property 'mapperLocations' was not specified.
2025-10-27 08:41:07.163 [restartedMain] INFO  c.b.m.e.spring.MybatisPlusApplicationContextAware - Register ApplicationContext instances org.springframework.boot.web.servlet.context.AnnotationConfigServletWebServerApplicationContext@6ffba3a1
2025-10-27 08:41:07.229 [restartedMain] INFO  com.zaxxer.hikari.HikariDataSource - HikariPool-1 - Starting...
2025-10-27 08:41:07.514 [restartedMain] INFO  com.zaxxer.hikari.pool.HikariPool - HikariPool-1 - Added connection org.postgresql.jdbc.PgConnection@4dcc0f13
2025-10-27 08:41:07.516 [restartedMain] INFO  com.zaxxer.hikari.HikariDataSource - HikariPool-1 - Start completed.
2025-10-27 08:41:07.899 [restartedMain] INFO  o.s.b.d.autoconfigure.OptionalLiveReloadServer - LiveReload server is running on port 35729
2025-10-27 08:41:07.979 [restartedMain] INFO  io.undertow - starting server: Undertow - 2.3.12.Final
2025-10-27 08:41:07.991 [restartedMain] INFO  org.xnio - XNIO version 3.8.8.Final
2025-10-27 08:41:08.003 [restartedMain] INFO  org.xnio.nio - XNIO NIO Implementation Version 3.8.8.Final
2025-10-27 08:41:08.055 [restartedMain] INFO  org.jboss.threads - JBoss Threads version 3.5.0.Final
2025-10-27 08:41:08.413 [restartedMain] INFO  o.s.boot.web.embedded.undertow.UndertowWebServer - Undertow started on port 8010 (http)
2025-10-27 08:41:08.425 [restartedMain] INFO  org.bem.iot.BemiotApplication - Started BemiotApplication in 6.863 seconds (process running for 11.948)
2025-10-27 08:42:35.593 [XNIO-1 task-5] INFO  io.undertow.servlet - Initializing Spring DispatcherServlet 'dispatcherServlet'
2025-10-27 08:42:35.593 [XNIO-1 task-5] INFO  org.springframework.web.servlet.DispatcherServlet - Initializing Servlet 'dispatcherServlet'
2025-10-27 08:42:35.595 [XNIO-1 task-5] INFO  org.springframework.web.servlet.DispatcherServlet - Completed initialization in 2 ms
2025-10-27 13:35:21.022 [XNIO-1 task-7] WARN  o.s.w.s.m.m.a.ExceptionHandlerExceptionResolver - Resolved [org.springframework.web.bind.MethodArgumentNotValidException: Validation failed for argument [0] in public void org.bem.iot.controller.LoginController.chkLogin(org.bem.iot.entity.Login) with 2 errors: [Field error in object 'login' on field 'userName': rejected value []; codes [NotEmpty.login.userName,NotEmpty.userName,NotEmpty.java.lang.String,NotEmpty]; arguments [org.springframework.context.support.DefaultMessageSourceResolvable: codes [login.userName,userName]; arguments []; default message [userName]]; default message [账号不能为空]] [Field error in object 'login' on field 'userName': rejected value []; codes [Size.login.userName,Size.userName,Size.java.lang.String,Size]; arguments [org.springframework.context.support.DefaultMessageSourceResolvable: codes [login.userName,userName]; arguments []; default message [userName],20,4]; default message [账号长度必须是4-20个字符]] ]
2025-10-27 13:35:25.148 [XNIO-1 task-7] WARN  o.s.w.s.m.m.a.ExceptionHandlerExceptionResolver - Resolved [org.springframework.web.bind.MethodArgumentNotValidException: Validation failed for argument [0] in public void org.bem.iot.controller.LoginController.chkLogin(org.bem.iot.entity.Login) with 2 errors: [Field error in object 'login' on field 'userName': rejected value []; codes [Size.login.userName,Size.userName,Size.java.lang.String,Size]; arguments [org.springframework.context.support.DefaultMessageSourceResolvable: codes [login.userName,userName]; arguments []; default message [userName],20,4]; default message [账号长度必须是4-20个字符]] [Field error in object 'login' on field 'userName': rejected value []; codes [NotEmpty.login.userName,NotEmpty.userName,NotEmpty.java.lang.String,NotEmpty]; arguments [org.springframework.context.support.DefaultMessageSourceResolvable: codes [login.userName,userName]; arguments []; default message [userName]]; default message [账号不能为空]] ]
2025-10-27 15:29:59.429 [SpringApplicationShutdownHook] INFO  io.undertow - stopping server: Undertow - 2.3.12.Final
2025-10-27 15:29:59.442 [SpringApplicationShutdownHook] INFO  io.undertow.servlet - Destroying Spring FrameworkServlet 'dispatcherServlet'
2025-10-27 15:29:59.598 [SpringApplicationShutdownHook] INFO  com.zaxxer.hikari.HikariDataSource - HikariPool-1 - Shutdown initiated...
2025-10-27 15:29:59.601 [SpringApplicationShutdownHook] INFO  com.zaxxer.hikari.HikariDataSource - HikariPool-1 - Shutdown completed.
2025-10-27 15:30:06.171 [background-preinit] INFO  org.hibernate.validator.internal.util.Version - HV000001: Hibernate Validator 8.0.1.Final
2025-10-27 15:30:06.229 [restartedMain] INFO  org.bem.iot.BemiotApplication - Starting BemiotApplication using Java 17.0.15 with PID 6788 (D:\www\AIOT\bemiot\bemiot\out\production\classes started by bemjsy in D:\www\AIOT\bemiot\bemiot)
2025-10-27 15:30:06.230 [restartedMain] INFO  org.bem.iot.BemiotApplication - The following 1 profile is active: "dev"
2025-10-27 15:30:06.279 [restartedMain] INFO  o.s.b.d.env.DevToolsPropertyDefaultsPostProcessor - Devtools property defaults active! Set 'spring.devtools.add-properties' to 'false' to disable
2025-10-27 15:30:06.280 [restartedMain] INFO  o.s.b.d.env.DevToolsPropertyDefaultsPostProcessor - For additional web related logging consider setting the 'logging.level.web' property to 'DEBUG'
2025-10-27 15:30:07.350 [restartedMain] INFO  o.s.d.r.config.RepositoryConfigurationDelegate - Multiple Spring Data modules found, entering strict repository configuration mode
2025-10-27 15:30:07.352 [restartedMain] INFO  o.s.d.r.config.RepositoryConfigurationDelegate - Bootstrapping Spring Data JDBC repositories in DEFAULT mode.
2025-10-27 15:30:07.383 [restartedMain] INFO  o.s.d.r.config.RepositoryConfigurationDelegate - Finished Spring Data repository scanning in 24 ms. Found 0 JDBC repository interfaces.
2025-10-27 15:30:07.400 [restartedMain] INFO  o.s.d.r.config.RepositoryConfigurationDelegate - Multiple Spring Data modules found, entering strict repository configuration mode
2025-10-27 15:30:07.401 [restartedMain] INFO  o.s.d.r.config.RepositoryConfigurationDelegate - Bootstrapping Spring Data Redis repositories in DEFAULT mode.
2025-10-27 15:30:07.418 [restartedMain] INFO  o.s.d.r.config.RepositoryConfigurationDelegate - Finished Spring Data repository scanning in 7 ms. Found 0 Redis repository interfaces.
2025-10-27 15:30:07.982 [restartedMain] WARN  o.s.c.s.PostProcessorRegistrationDelegate$BeanPostProcessorChecker - Bean 'redisCacheConfig' of type [org.bem.iot.config.RedisCacheConfig$$SpringCGLIB$$0] is not eligible for getting processed by all BeanPostProcessors (for example: not eligible for auto-proxying). Is this bean getting eagerly injected into a currently created BeanPostProcessor [projectingArgumentResolverBeanPostProcessor]? Check the corresponding BeanPostProcessor declaration and its dependencies.
2025-10-27 15:30:08.320 [restartedMain] WARN  io.undertow.websockets.jsr - UT026010: Buffer pool was not set on WebSocketDeploymentInfo, the default pool will be used
2025-10-27 15:30:08.349 [restartedMain] INFO  io.undertow.servlet - Initializing Spring embedded WebApplicationContext
2025-10-27 15:30:08.350 [restartedMain] INFO  o.s.b.w.s.c.ServletWebServerApplicationContext - Root WebApplicationContext: initialization completed in 2069 ms
2025-10-27 15:30:08.555 [restartedMain] DEBUG c.b.m.e.spring.MybatisSqlSessionFactoryBean - Registered plugin: 'MybatisPlusInterceptor{interceptors=[PaginationInnerInterceptor(logger=org.apache.ibatis.logging.slf4j.Slf4jImpl@74d6a954, overflow=true, maxLimit=null, dbType=POSTGRE_SQL, dialect=null, optimizeJoin=true)]}'
2025-10-27 15:30:08.557 [restartedMain] DEBUG c.b.m.e.spring.MybatisSqlSessionFactoryBean - Property 'mapperLocations' was not specified.
2025-10-27 15:30:11.390 [restartedMain] INFO  c.b.m.e.spring.MybatisPlusApplicationContextAware - Register ApplicationContext instances org.springframework.boot.web.servlet.context.AnnotationConfigServletWebServerApplicationContext@ff8009d
2025-10-27 15:30:11.453 [restartedMain] INFO  com.zaxxer.hikari.HikariDataSource - HikariPool-1 - Starting...
2025-10-27 15:30:11.669 [restartedMain] INFO  com.zaxxer.hikari.pool.HikariPool - HikariPool-1 - Added connection org.postgresql.jdbc.PgConnection@509a71b2
2025-10-27 15:30:11.670 [restartedMain] INFO  com.zaxxer.hikari.HikariDataSource - HikariPool-1 - Start completed.
2025-10-27 15:30:11.919 [restartedMain] INFO  o.s.b.d.autoconfigure.OptionalLiveReloadServer - LiveReload server is running on port 35729
2025-10-27 15:30:11.980 [restartedMain] INFO  io.undertow - starting server: Undertow - 2.3.12.Final
2025-10-27 15:30:11.991 [restartedMain] INFO  org.xnio - XNIO version 3.8.8.Final
2025-10-27 15:30:12.001 [restartedMain] INFO  org.xnio.nio - XNIO NIO Implementation Version 3.8.8.Final
2025-10-27 15:30:12.029 [restartedMain] INFO  org.jboss.threads - JBoss Threads version 3.5.0.Final
2025-10-27 15:30:12.387 [restartedMain] INFO  o.s.boot.web.embedded.undertow.UndertowWebServer - Undertow started on port 8010 (http)
2025-10-27 15:30:12.397 [restartedMain] INFO  org.bem.iot.BemiotApplication - Started BemiotApplication in 6.633 seconds (process running for 7.946)
2025-10-27 15:39:21.386 [SpringApplicationShutdownHook] INFO  io.undertow - stopping server: Undertow - 2.3.12.Final
2025-10-27 15:39:21.429 [SpringApplicationShutdownHook] INFO  com.zaxxer.hikari.HikariDataSource - HikariPool-1 - Shutdown initiated...
2025-10-27 15:39:21.432 [SpringApplicationShutdownHook] INFO  com.zaxxer.hikari.HikariDataSource - HikariPool-1 - Shutdown completed.
2025-10-27 15:39:27.182 [background-preinit] INFO  org.hibernate.validator.internal.util.Version - HV000001: Hibernate Validator 8.0.1.Final
2025-10-27 15:39:27.223 [restartedMain] INFO  org.bem.iot.BemiotApplication - Starting BemiotApplication using Java 17.0.15 with PID 21388 (D:\www\AIOT\bemiot\bemiot\out\production\classes started by bemjsy in D:\www\AIOT\bemiot\bemiot)
2025-10-27 15:39:27.225 [restartedMain] INFO  org.bem.iot.BemiotApplication - The following 1 profile is active: "dev"
2025-10-27 15:39:27.277 [restartedMain] INFO  o.s.b.d.env.DevToolsPropertyDefaultsPostProcessor - Devtools property defaults active! Set 'spring.devtools.add-properties' to 'false' to disable
2025-10-27 15:39:27.278 [restartedMain] INFO  o.s.b.d.env.DevToolsPropertyDefaultsPostProcessor - For additional web related logging consider setting the 'logging.level.web' property to 'DEBUG'
2025-10-27 15:39:28.101 [restartedMain] INFO  o.s.d.r.config.RepositoryConfigurationDelegate - Multiple Spring Data modules found, entering strict repository configuration mode
2025-10-27 15:39:28.103 [restartedMain] INFO  o.s.d.r.config.RepositoryConfigurationDelegate - Bootstrapping Spring Data JDBC repositories in DEFAULT mode.
2025-10-27 15:39:28.130 [restartedMain] INFO  o.s.d.r.config.RepositoryConfigurationDelegate - Finished Spring Data repository scanning in 22 ms. Found 0 JDBC repository interfaces.
2025-10-27 15:39:28.143 [restartedMain] INFO  o.s.d.r.config.RepositoryConfigurationDelegate - Multiple Spring Data modules found, entering strict repository configuration mode
2025-10-27 15:39:28.144 [restartedMain] INFO  o.s.d.r.config.RepositoryConfigurationDelegate - Bootstrapping Spring Data Redis repositories in DEFAULT mode.
2025-10-27 15:39:28.159 [restartedMain] INFO  o.s.d.r.config.RepositoryConfigurationDelegate - Finished Spring Data repository scanning in 7 ms. Found 0 Redis repository interfaces.
2025-10-27 15:39:28.626 [restartedMain] WARN  o.s.c.s.PostProcessorRegistrationDelegate$BeanPostProcessorChecker - Bean 'redisCacheConfig' of type [org.bem.iot.config.RedisCacheConfig$$SpringCGLIB$$0] is not eligible for getting processed by all BeanPostProcessors (for example: not eligible for auto-proxying). Is this bean getting eagerly injected into a currently created BeanPostProcessor [projectingArgumentResolverBeanPostProcessor]? Check the corresponding BeanPostProcessor declaration and its dependencies.
2025-10-27 15:39:28.885 [restartedMain] WARN  io.undertow.websockets.jsr - UT026010: Buffer pool was not set on WebSocketDeploymentInfo, the default pool will be used
2025-10-27 15:39:28.908 [restartedMain] INFO  io.undertow.servlet - Initializing Spring embedded WebApplicationContext
2025-10-27 15:39:28.908 [restartedMain] INFO  o.s.b.w.s.c.ServletWebServerApplicationContext - Root WebApplicationContext: initialization completed in 1630 ms
2025-10-27 15:39:29.062 [restartedMain] DEBUG c.b.m.e.spring.MybatisSqlSessionFactoryBean - Registered plugin: 'MybatisPlusInterceptor{interceptors=[PaginationInnerInterceptor(logger=org.apache.ibatis.logging.slf4j.Slf4jImpl@5e04a048, overflow=true, maxLimit=null, dbType=POSTGRE_SQL, dialect=null, optimizeJoin=true)]}'
2025-10-27 15:39:29.064 [restartedMain] DEBUG c.b.m.e.spring.MybatisSqlSessionFactoryBean - Property 'mapperLocations' was not specified.
2025-10-27 15:39:31.179 [restartedMain] INFO  c.b.m.e.spring.MybatisPlusApplicationContextAware - Register ApplicationContext instances org.springframework.boot.web.servlet.context.AnnotationConfigServletWebServerApplicationContext@ff8009d
2025-10-27 15:39:31.243 [restartedMain] INFO  com.zaxxer.hikari.HikariDataSource - HikariPool-1 - Starting...
2025-10-27 15:39:31.591 [restartedMain] INFO  com.zaxxer.hikari.pool.HikariPool - HikariPool-1 - Added connection org.postgresql.jdbc.PgConnection@58fd2ed8
2025-10-27 15:39:31.593 [restartedMain] INFO  com.zaxxer.hikari.HikariDataSource - HikariPool-1 - Start completed.
2025-10-27 15:39:31.845 [restartedMain] INFO  o.s.b.d.autoconfigure.OptionalLiveReloadServer - LiveReload server is running on port 35729
2025-10-27 15:39:31.918 [restartedMain] INFO  io.undertow - starting server: Undertow - 2.3.12.Final
2025-10-27 15:39:31.925 [restartedMain] INFO  org.xnio - XNIO version 3.8.8.Final
2025-10-27 15:39:31.934 [restartedMain] INFO  org.xnio.nio - XNIO NIO Implementation Version 3.8.8.Final
2025-10-27 15:39:31.963 [restartedMain] INFO  org.jboss.threads - JBoss Threads version 3.5.0.Final
2025-10-27 15:39:32.341 [restartedMain] INFO  o.s.boot.web.embedded.undertow.UndertowWebServer - Undertow started on port 8010 (http)
2025-10-27 15:39:32.353 [restartedMain] INFO  org.bem.iot.BemiotApplication - Started BemiotApplication in 5.502 seconds (process running for 6.754)
2025-10-27 15:40:36.617 [SpringApplicationShutdownHook] INFO  io.undertow - stopping server: Undertow - 2.3.12.Final
2025-10-27 15:40:36.661 [SpringApplicationShutdownHook] INFO  com.zaxxer.hikari.HikariDataSource - HikariPool-1 - Shutdown initiated...
2025-10-27 15:40:36.664 [SpringApplicationShutdownHook] INFO  com.zaxxer.hikari.HikariDataSource - HikariPool-1 - Shutdown completed.
2025-10-27 15:40:49.190 [background-preinit] INFO  org.hibernate.validator.internal.util.Version - HV000001: Hibernate Validator 8.0.1.Final
2025-10-27 15:40:49.230 [restartedMain] INFO  org.bem.iot.BemiotApplication - Starting BemiotApplication using Java 17.0.15 with PID 19928 (D:\www\AIOT\bemiot\bemiot\out\production\classes started by bemjsy in D:\www\AIOT\bemiot\bemiot)
2025-10-27 15:40:49.231 [restartedMain] INFO  org.bem.iot.BemiotApplication - The following 1 profile is active: "dev"
2025-10-27 15:40:49.278 [restartedMain] INFO  o.s.b.d.env.DevToolsPropertyDefaultsPostProcessor - Devtools property defaults active! Set 'spring.devtools.add-properties' to 'false' to disable
2025-10-27 15:40:49.279 [restartedMain] INFO  o.s.b.d.env.DevToolsPropertyDefaultsPostProcessor - For additional web related logging consider setting the 'logging.level.web' property to 'DEBUG'
2025-10-27 15:40:50.155 [restartedMain] INFO  o.s.d.r.config.RepositoryConfigurationDelegate - Multiple Spring Data modules found, entering strict repository configuration mode
2025-10-27 15:40:50.156 [restartedMain] INFO  o.s.d.r.config.RepositoryConfigurationDelegate - Bootstrapping Spring Data JDBC repositories in DEFAULT mode.
2025-10-27 15:40:50.181 [restartedMain] INFO  o.s.d.r.config.RepositoryConfigurationDelegate - Finished Spring Data repository scanning in 21 ms. Found 0 JDBC repository interfaces.
2025-10-27 15:40:50.196 [restartedMain] INFO  o.s.d.r.config.RepositoryConfigurationDelegate - Multiple Spring Data modules found, entering strict repository configuration mode
2025-10-27 15:40:50.197 [restartedMain] INFO  o.s.d.r.config.RepositoryConfigurationDelegate - Bootstrapping Spring Data Redis repositories in DEFAULT mode.
2025-10-27 15:40:50.211 [restartedMain] INFO  o.s.d.r.config.RepositoryConfigurationDelegate - Finished Spring Data repository scanning in 6 ms. Found 0 Redis repository interfaces.
2025-10-27 15:40:50.726 [restartedMain] WARN  o.s.c.s.PostProcessorRegistrationDelegate$BeanPostProcessorChecker - Bean 'redisCacheConfig' of type [org.bem.iot.config.RedisCacheConfig$$SpringCGLIB$$0] is not eligible for getting processed by all BeanPostProcessors (for example: not eligible for auto-proxying). Is this bean getting eagerly injected into a currently created BeanPostProcessor [projectingArgumentResolverBeanPostProcessor]? Check the corresponding BeanPostProcessor declaration and its dependencies.
2025-10-27 15:40:51.052 [restartedMain] WARN  io.undertow.websockets.jsr - UT026010: Buffer pool was not set on WebSocketDeploymentInfo, the default pool will be used
2025-10-27 15:40:51.079 [restartedMain] INFO  io.undertow.servlet - Initializing Spring embedded WebApplicationContext
2025-10-27 15:40:51.080 [restartedMain] INFO  o.s.b.w.s.c.ServletWebServerApplicationContext - Root WebApplicationContext: initialization completed in 1800 ms
2025-10-27 15:40:51.255 [restartedMain] DEBUG c.b.m.e.spring.MybatisSqlSessionFactoryBean - Registered plugin: 'MybatisPlusInterceptor{interceptors=[PaginationInnerInterceptor(logger=org.apache.ibatis.logging.slf4j.Slf4jImpl@62640541, overflow=true, maxLimit=null, dbType=POSTGRE_SQL, dialect=null, optimizeJoin=true)]}'
2025-10-27 15:40:51.257 [restartedMain] DEBUG c.b.m.e.spring.MybatisSqlSessionFactoryBean - Property 'mapperLocations' was not specified.
2025-10-27 15:40:53.639 [restartedMain] INFO  c.b.m.e.spring.MybatisPlusApplicationContextAware - Register ApplicationContext instances org.springframework.boot.web.servlet.context.AnnotationConfigServletWebServerApplicationContext@280e2d59
2025-10-27 15:40:53.701 [restartedMain] INFO  com.zaxxer.hikari.HikariDataSource - HikariPool-1 - Starting...
2025-10-27 15:40:53.897 [restartedMain] INFO  com.zaxxer.hikari.pool.HikariPool - HikariPool-1 - Added connection org.postgresql.jdbc.PgConnection@4f48f2e1
2025-10-27 15:40:53.899 [restartedMain] INFO  com.zaxxer.hikari.HikariDataSource - HikariPool-1 - Start completed.
2025-10-27 15:40:54.143 [restartedMain] INFO  o.s.b.d.autoconfigure.OptionalLiveReloadServer - LiveReload server is running on port 35729
2025-10-27 15:40:54.203 [restartedMain] INFO  io.undertow - starting server: Undertow - 2.3.12.Final
2025-10-27 15:40:54.210 [restartedMain] INFO  org.xnio - XNIO version 3.8.8.Final
2025-10-27 15:40:54.218 [restartedMain] INFO  org.xnio.nio - XNIO NIO Implementation Version 3.8.8.Final
2025-10-27 15:40:54.244 [restartedMain] INFO  org.jboss.threads - JBoss Threads version 3.5.0.Final
2025-10-27 15:40:54.563 [restartedMain] INFO  o.s.boot.web.embedded.undertow.UndertowWebServer - Undertow started on port 8010 (http)
2025-10-27 15:40:54.575 [restartedMain] INFO  org.bem.iot.BemiotApplication - Started BemiotApplication in 5.728 seconds (process running for 6.778)
2025-10-27 15:40:59.834 [SpringApplicationShutdownHook] INFO  io.undertow - stopping server: Undertow - 2.3.12.Final
2025-10-27 15:40:59.882 [SpringApplicationShutdownHook] INFO  com.zaxxer.hikari.HikariDataSource - HikariPool-1 - Shutdown initiated...
2025-10-27 15:40:59.886 [SpringApplicationShutdownHook] INFO  com.zaxxer.hikari.HikariDataSource - HikariPool-1 - Shutdown completed.
2025-10-27 15:41:05.445 [background-preinit] INFO  org.hibernate.validator.internal.util.Version - HV000001: Hibernate Validator 8.0.1.Final
2025-10-27 15:41:05.490 [restartedMain] INFO  org.bem.iot.BemiotApplication - Starting BemiotApplication using Java 17.0.15 with PID 4904 (D:\www\AIOT\bemiot\bemiot\out\production\classes started by bemjsy in D:\www\AIOT\bemiot\bemiot)
2025-10-27 15:41:05.491 [restartedMain] INFO  org.bem.iot.BemiotApplication - The following 1 profile is active: "dev"
2025-10-27 15:41:05.553 [restartedMain] INFO  o.s.b.d.env.DevToolsPropertyDefaultsPostProcessor - Devtools property defaults active! Set 'spring.devtools.add-properties' to 'false' to disable
2025-10-27 15:41:05.553 [restartedMain] INFO  o.s.b.d.env.DevToolsPropertyDefaultsPostProcessor - For additional web related logging consider setting the 'logging.level.web' property to 'DEBUG'
2025-10-27 15:41:06.569 [restartedMain] INFO  o.s.d.r.config.RepositoryConfigurationDelegate - Multiple Spring Data modules found, entering strict repository configuration mode
2025-10-27 15:41:06.571 [restartedMain] INFO  o.s.d.r.config.RepositoryConfigurationDelegate - Bootstrapping Spring Data JDBC repositories in DEFAULT mode.
2025-10-27 15:41:06.600 [restartedMain] INFO  o.s.d.r.config.RepositoryConfigurationDelegate - Finished Spring Data repository scanning in 23 ms. Found 0 JDBC repository interfaces.
2025-10-27 15:41:06.617 [restartedMain] INFO  o.s.d.r.config.RepositoryConfigurationDelegate - Multiple Spring Data modules found, entering strict repository configuration mode
2025-10-27 15:41:06.618 [restartedMain] INFO  o.s.d.r.config.RepositoryConfigurationDelegate - Bootstrapping Spring Data Redis repositories in DEFAULT mode.
2025-10-27 15:41:06.634 [restartedMain] INFO  o.s.d.r.config.RepositoryConfigurationDelegate - Finished Spring Data repository scanning in 7 ms. Found 0 Redis repository interfaces.
2025-10-27 15:41:07.192 [restartedMain] WARN  o.s.c.s.PostProcessorRegistrationDelegate$BeanPostProcessorChecker - Bean 'redisCacheConfig' of type [org.bem.iot.config.RedisCacheConfig$$SpringCGLIB$$0] is not eligible for getting processed by all BeanPostProcessors (for example: not eligible for auto-proxying). Is this bean getting eagerly injected into a currently created BeanPostProcessor [projectingArgumentResolverBeanPostProcessor]? Check the corresponding BeanPostProcessor declaration and its dependencies.
2025-10-27 15:41:07.485 [restartedMain] WARN  io.undertow.websockets.jsr - UT026010: Buffer pool was not set on WebSocketDeploymentInfo, the default pool will be used
2025-10-27 15:41:07.513 [restartedMain] INFO  io.undertow.servlet - Initializing Spring embedded WebApplicationContext
2025-10-27 15:41:07.513 [restartedMain] INFO  o.s.b.w.s.c.ServletWebServerApplicationContext - Root WebApplicationContext: initialization completed in 1959 ms
2025-10-27 15:41:07.706 [restartedMain] DEBUG c.b.m.e.spring.MybatisSqlSessionFactoryBean - Registered plugin: 'MybatisPlusInterceptor{interceptors=[PaginationInnerInterceptor(logger=org.apache.ibatis.logging.slf4j.Slf4jImpl@5e04a048, overflow=true, maxLimit=null, dbType=POSTGRE_SQL, dialect=null, optimizeJoin=true)]}'
2025-10-27 15:41:07.708 [restartedMain] DEBUG c.b.m.e.spring.MybatisSqlSessionFactoryBean - Property 'mapperLocations' was not specified.
2025-10-27 15:41:09.950 [restartedMain] INFO  c.b.m.e.spring.MybatisPlusApplicationContextAware - Register ApplicationContext instances org.springframework.boot.web.servlet.context.AnnotationConfigServletWebServerApplicationContext@ff8009d
2025-10-27 15:41:10.034 [restartedMain] INFO  com.zaxxer.hikari.HikariDataSource - HikariPool-1 - Starting...
2025-10-27 15:41:10.230 [restartedMain] INFO  com.zaxxer.hikari.pool.HikariPool - HikariPool-1 - Added connection org.postgresql.jdbc.PgConnection@58fd2ed8
2025-10-27 15:41:10.231 [restartedMain] INFO  com.zaxxer.hikari.HikariDataSource - HikariPool-1 - Start completed.
2025-10-27 15:41:10.478 [restartedMain] INFO  o.s.b.d.autoconfigure.OptionalLiveReloadServer - LiveReload server is running on port 35729
2025-10-27 15:41:10.543 [restartedMain] INFO  io.undertow - starting server: Undertow - 2.3.12.Final
2025-10-27 15:41:10.551 [restartedMain] INFO  org.xnio - XNIO version 3.8.8.Final
2025-10-27 15:41:10.559 [restartedMain] INFO  org.xnio.nio - XNIO NIO Implementation Version 3.8.8.Final
2025-10-27 15:41:10.585 [restartedMain] INFO  org.jboss.threads - JBoss Threads version 3.5.0.Final
2025-10-27 15:41:10.934 [restartedMain] INFO  o.s.boot.web.embedded.undertow.UndertowWebServer - Undertow started on port 8010 (http)
2025-10-27 15:41:10.949 [restartedMain] INFO  org.bem.iot.BemiotApplication - Started BemiotApplication in 5.886 seconds (process running for 7.093)
2025-10-27 15:52:40.748 [XNIO-1 task-2] INFO  io.undertow.servlet - Initializing Spring DispatcherServlet 'dispatcherServlet'
2025-10-27 15:52:40.748 [XNIO-1 task-2] INFO  org.springframework.web.servlet.DispatcherServlet - Initializing Servlet 'dispatcherServlet'
2025-10-27 15:52:40.751 [XNIO-1 task-2] INFO  org.springframework.web.servlet.DispatcherServlet - Completed initialization in 2 ms
2025-10-27 16:42:48.169 [SpringApplicationShutdownHook] INFO  io.undertow - stopping server: Undertow - 2.3.12.Final
2025-10-27 16:42:48.174 [SpringApplicationShutdownHook] INFO  io.undertow.servlet - Destroying Spring FrameworkServlet 'dispatcherServlet'
2025-10-27 16:42:48.385 [SpringApplicationShutdownHook] INFO  com.zaxxer.hikari.HikariDataSource - HikariPool-1 - Shutdown initiated...
2025-10-27 16:42:48.389 [SpringApplicationShutdownHook] INFO  com.zaxxer.hikari.HikariDataSource - HikariPool-1 - Shutdown completed.
2025-10-27 16:42:58.759 [background-preinit] INFO  org.hibernate.validator.internal.util.Version - HV000001: Hibernate Validator 8.0.1.Final
2025-10-27 16:42:58.801 [restartedMain] INFO  org.bem.iot.BemiotApplication - Starting BemiotApplication using Java 17.0.15 with PID 6472 (D:\www\AIOT\bemiot\bemiot\out\production\classes started by bemjsy in D:\www\AIOT\bemiot\bemiot)
2025-10-27 16:42:58.801 [restartedMain] INFO  org.bem.iot.BemiotApplication - The following 1 profile is active: "dev"
2025-10-27 16:42:58.848 [restartedMain] INFO  o.s.b.d.env.DevToolsPropertyDefaultsPostProcessor - Devtools property defaults active! Set 'spring.devtools.add-properties' to 'false' to disable
2025-10-27 16:42:58.848 [restartedMain] INFO  o.s.b.d.env.DevToolsPropertyDefaultsPostProcessor - For additional web related logging consider setting the 'logging.level.web' property to 'DEBUG'
2025-10-27 16:42:59.842 [restartedMain] INFO  o.s.d.r.config.RepositoryConfigurationDelegate - Multiple Spring Data modules found, entering strict repository configuration mode
2025-10-27 16:42:59.844 [restartedMain] INFO  o.s.d.r.config.RepositoryConfigurationDelegate - Bootstrapping Spring Data JDBC repositories in DEFAULT mode.
2025-10-27 16:42:59.871 [restartedMain] INFO  o.s.d.r.config.RepositoryConfigurationDelegate - Finished Spring Data repository scanning in 22 ms. Found 0 JDBC repository interfaces.
2025-10-27 16:42:59.885 [restartedMain] INFO  o.s.d.r.config.RepositoryConfigurationDelegate - Multiple Spring Data modules found, entering strict repository configuration mode
2025-10-27 16:42:59.886 [restartedMain] INFO  o.s.d.r.config.RepositoryConfigurationDelegate - Bootstrapping Spring Data Redis repositories in DEFAULT mode.
2025-10-27 16:42:59.900 [restartedMain] INFO  o.s.d.r.config.RepositoryConfigurationDelegate - Finished Spring Data repository scanning in 6 ms. Found 0 Redis repository interfaces.
2025-10-27 16:43:00.398 [restartedMain] WARN  o.s.c.s.PostProcessorRegistrationDelegate$BeanPostProcessorChecker - Bean 'redisCacheConfig' of type [org.bem.iot.config.RedisCacheConfig$$SpringCGLIB$$0] is not eligible for getting processed by all BeanPostProcessors (for example: not eligible for auto-proxying). Is this bean getting eagerly injected into a currently created BeanPostProcessor [projectingArgumentResolverBeanPostProcessor]? Check the corresponding BeanPostProcessor declaration and its dependencies.
2025-10-27 16:43:00.684 [restartedMain] WARN  io.undertow.websockets.jsr - UT026010: Buffer pool was not set on WebSocketDeploymentInfo, the default pool will be used
2025-10-27 16:43:00.711 [restartedMain] INFO  io.undertow.servlet - Initializing Spring embedded WebApplicationContext
2025-10-27 16:43:00.711 [restartedMain] INFO  o.s.b.w.s.c.ServletWebServerApplicationContext - Root WebApplicationContext: initialization completed in 1862 ms
2025-10-27 16:43:00.896 [restartedMain] DEBUG c.b.m.e.spring.MybatisSqlSessionFactoryBean - Registered plugin: 'MybatisPlusInterceptor{interceptors=[PaginationInnerInterceptor(logger=org.apache.ibatis.logging.slf4j.Slf4jImpl@5e04a048, overflow=true, maxLimit=null, dbType=POSTGRE_SQL, dialect=null, optimizeJoin=true)]}'
2025-10-27 16:43:00.898 [restartedMain] DEBUG c.b.m.e.spring.MybatisSqlSessionFactoryBean - Property 'mapperLocations' was not specified.
2025-10-27 16:43:03.098 [restartedMain] INFO  c.b.m.e.spring.MybatisPlusApplicationContextAware - Register ApplicationContext instances org.springframework.boot.web.servlet.context.AnnotationConfigServletWebServerApplicationContext@ff8009d
2025-10-27 16:43:03.160 [restartedMain] INFO  com.zaxxer.hikari.HikariDataSource - HikariPool-1 - Starting...
2025-10-27 16:43:03.387 [restartedMain] INFO  com.zaxxer.hikari.pool.HikariPool - HikariPool-1 - Added connection org.postgresql.jdbc.PgConnection@76b17078
2025-10-27 16:43:03.389 [restartedMain] INFO  com.zaxxer.hikari.HikariDataSource - HikariPool-1 - Start completed.
2025-10-27 16:43:03.619 [restartedMain] INFO  o.s.b.d.autoconfigure.OptionalLiveReloadServer - LiveReload server is running on port 35729
2025-10-27 16:43:03.687 [restartedMain] INFO  io.undertow - starting server: Undertow - 2.3.12.Final
2025-10-27 16:43:03.695 [restartedMain] INFO  org.xnio - XNIO version 3.8.8.Final
2025-10-27 16:43:03.703 [restartedMain] INFO  org.xnio.nio - XNIO NIO Implementation Version 3.8.8.Final
2025-10-27 16:43:03.727 [restartedMain] INFO  org.jboss.threads - JBoss Threads version 3.5.0.Final
2025-10-27 16:43:04.054 [restartedMain] INFO  o.s.boot.web.embedded.undertow.UndertowWebServer - Undertow started on port 8010 (http)
2025-10-27 16:43:04.065 [restartedMain] INFO  org.bem.iot.BemiotApplication - Started BemiotApplication in 5.696 seconds (process running for 6.906)
2025-10-27 16:46:30.333 [XNIO-1 task-2] INFO  io.undertow.servlet - Initializing Spring DispatcherServlet 'dispatcherServlet'
2025-10-27 16:46:30.333 [XNIO-1 task-2] INFO  org.springframework.web.servlet.DispatcherServlet - Initializing Servlet 'dispatcherServlet'
2025-10-27 16:46:30.334 [XNIO-1 task-2] INFO  org.springframework.web.servlet.DispatcherServlet - Completed initialization in 1 ms
2025-10-27 16:54:37.560 [SpringApplicationShutdownHook] INFO  io.undertow - stopping server: Undertow - 2.3.12.Final
2025-10-27 16:54:37.576 [SpringApplicationShutdownHook] INFO  io.undertow.servlet - Destroying Spring FrameworkServlet 'dispatcherServlet'
2025-10-27 16:54:37.752 [SpringApplicationShutdownHook] INFO  com.zaxxer.hikari.HikariDataSource - HikariPool-1 - Shutdown initiated...
2025-10-27 16:54:37.760 [SpringApplicationShutdownHook] INFO  com.zaxxer.hikari.HikariDataSource - HikariPool-1 - Shutdown completed.
2025-10-27 16:54:45.227 [background-preinit] INFO  org.hibernate.validator.internal.util.Version - HV000001: Hibernate Validator 8.0.1.Final
2025-10-27 16:54:45.265 [restartedMain] INFO  org.bem.iot.BemiotApplication - Starting BemiotApplication using Java 17.0.15 with PID 20516 (D:\www\AIOT\bemiot\bemiot\out\production\classes started by bemjsy in D:\www\AIOT\bemiot\bemiot)
2025-10-27 16:54:45.266 [restartedMain] INFO  org.bem.iot.BemiotApplication - The following 1 profile is active: "dev"
2025-10-27 16:54:45.319 [restartedMain] INFO  o.s.b.d.env.DevToolsPropertyDefaultsPostProcessor - Devtools property defaults active! Set 'spring.devtools.add-properties' to 'false' to disable
2025-10-27 16:54:45.319 [restartedMain] INFO  o.s.b.d.env.DevToolsPropertyDefaultsPostProcessor - For additional web related logging consider setting the 'logging.level.web' property to 'DEBUG'
2025-10-27 16:54:46.169 [restartedMain] INFO  o.s.d.r.config.RepositoryConfigurationDelegate - Multiple Spring Data modules found, entering strict repository configuration mode
2025-10-27 16:54:46.170 [restartedMain] INFO  o.s.d.r.config.RepositoryConfigurationDelegate - Bootstrapping Spring Data JDBC repositories in DEFAULT mode.
2025-10-27 16:54:46.195 [restartedMain] INFO  o.s.d.r.config.RepositoryConfigurationDelegate - Finished Spring Data repository scanning in 21 ms. Found 0 JDBC repository interfaces.
2025-10-27 16:54:46.209 [restartedMain] INFO  o.s.d.r.config.RepositoryConfigurationDelegate - Multiple Spring Data modules found, entering strict repository configuration mode
2025-10-27 16:54:46.211 [restartedMain] INFO  o.s.d.r.config.RepositoryConfigurationDelegate - Bootstrapping Spring Data Redis repositories in DEFAULT mode.
2025-10-27 16:54:46.225 [restartedMain] INFO  o.s.d.r.config.RepositoryConfigurationDelegate - Finished Spring Data repository scanning in 6 ms. Found 0 Redis repository interfaces.
2025-10-27 16:54:46.732 [restartedMain] WARN  o.s.c.s.PostProcessorRegistrationDelegate$BeanPostProcessorChecker - Bean 'redisCacheConfig' of type [org.bem.iot.config.RedisCacheConfig$$SpringCGLIB$$0] is not eligible for getting processed by all BeanPostProcessors (for example: not eligible for auto-proxying). Is this bean getting eagerly injected into a currently created BeanPostProcessor [projectingArgumentResolverBeanPostProcessor]? Check the corresponding BeanPostProcessor declaration and its dependencies.
2025-10-27 16:54:47.025 [restartedMain] WARN  io.undertow.websockets.jsr - UT026010: Buffer pool was not set on WebSocketDeploymentInfo, the default pool will be used
2025-10-27 16:54:47.051 [restartedMain] INFO  io.undertow.servlet - Initializing Spring embedded WebApplicationContext
2025-10-27 16:54:47.051 [restartedMain] INFO  o.s.b.w.s.c.ServletWebServerApplicationContext - Root WebApplicationContext: initialization completed in 1731 ms
2025-10-27 16:54:47.218 [restartedMain] DEBUG c.b.m.e.spring.MybatisSqlSessionFactoryBean - Registered plugin: 'MybatisPlusInterceptor{interceptors=[PaginationInnerInterceptor(logger=org.apache.ibatis.logging.slf4j.Slf4jImpl@3920f54b, overflow=true, maxLimit=null, dbType=POSTGRE_SQL, dialect=null, optimizeJoin=true)]}'
2025-10-27 16:54:47.219 [restartedMain] DEBUG c.b.m.e.spring.MybatisSqlSessionFactoryBean - Property 'mapperLocations' was not specified.
2025-10-27 16:54:49.804 [restartedMain] INFO  c.b.m.e.spring.MybatisPlusApplicationContextAware - Register ApplicationContext instances org.springframework.boot.web.servlet.context.AnnotationConfigServletWebServerApplicationContext@1eb941bf
2025-10-27 16:54:49.871 [restartedMain] INFO  com.zaxxer.hikari.HikariDataSource - HikariPool-1 - Starting...
2025-10-27 16:54:50.077 [restartedMain] INFO  com.zaxxer.hikari.pool.HikariPool - HikariPool-1 - Added connection org.postgresql.jdbc.PgConnection@410a457d
2025-10-27 16:54:50.079 [restartedMain] INFO  com.zaxxer.hikari.HikariDataSource - HikariPool-1 - Start completed.
2025-10-27 16:54:50.327 [restartedMain] INFO  o.s.b.d.autoconfigure.OptionalLiveReloadServer - LiveReload server is running on port 35729
2025-10-27 16:54:50.396 [restartedMain] INFO  io.undertow - starting server: Undertow - 2.3.12.Final
2025-10-27 16:54:50.405 [restartedMain] INFO  org.xnio - XNIO version 3.8.8.Final
2025-10-27 16:54:50.413 [restartedMain] INFO  org.xnio.nio - XNIO NIO Implementation Version 3.8.8.Final
2025-10-27 16:54:50.442 [restartedMain] INFO  org.jboss.threads - JBoss Threads version 3.5.0.Final
2025-10-27 16:54:50.786 [restartedMain] INFO  o.s.boot.web.embedded.undertow.UndertowWebServer - Undertow started on port 8010 (http)
2025-10-27 16:54:50.806 [restartedMain] INFO  org.bem.iot.BemiotApplication - Started BemiotApplication in 5.938 seconds (process running for 7.074)
2025-10-27 16:58:15.648 [XNIO-1 task-3] INFO  io.undertow.servlet - Initializing Spring DispatcherServlet 'dispatcherServlet'
2025-10-27 16:58:15.648 [XNIO-1 task-3] INFO  org.springframework.web.servlet.DispatcherServlet - Initializing Servlet 'dispatcherServlet'
2025-10-27 16:58:15.651 [XNIO-1 task-3] INFO  org.springframework.web.servlet.DispatcherServlet - Completed initialization in 2 ms
2025-10-27 17:24:21.697 [SpringApplicationShutdownHook] INFO  io.undertow - stopping server: Undertow - 2.3.12.Final
2025-10-27 17:24:21.714 [SpringApplicationShutdownHook] INFO  io.undertow.servlet - Destroying Spring FrameworkServlet 'dispatcherServlet'
2025-10-27 17:24:21.865 [SpringApplicationShutdownHook] INFO  com.zaxxer.hikari.HikariDataSource - HikariPool-1 - Shutdown initiated...
2025-10-27 17:24:21.868 [SpringApplicationShutdownHook] INFO  com.zaxxer.hikari.HikariDataSource - HikariPool-1 - Shutdown completed.
