2025-12-16 13:51:17.023 [background-preinit] INFO  org.hibernate.validator.internal.util.Version - HV000001: Hibernate Validator 8.0.1.Final
2025-12-16 13:51:17.086 [restartedMain] INFO  org.bem.iot.BemiotApplication - Starting BemiotApplication using Java 17.0.15 with PID 18520 (D:\www\AIOT\bemiot\bemiot\out\production\classes started by bemjsy in D:\www\AIOT\bemiot\bemiot)
2025-12-16 13:51:17.088 [restartedMain] INFO  org.bem.iot.BemiotApplication - The following 1 profile is active: "dev"
2025-12-16 13:51:17.149 [restartedMain] INFO  o.s.boot.devtools.restart.ChangeableUrls - The Class-Path manifest attribute in C:\Users\bemjsy\.m2\repository\org\bytedeco\javacv\1.5.10\javacv-1.5.10.jar referenced one or more files that do not exist: file:/C:/Users/bemjsy/.m2/repository/org/bytedeco/javacv/1.5.10/javacpp.jar,file:/C:/Users/bemjsy/.m2/repository/org/bytedeco/javacv/1.5.10/openblas.jar,file:/C:/Users/bemjsy/.m2/repository/org/bytedeco/javacv/1.5.10/opencv.jar,file:/C:/Users/bemjsy/.m2/repository/org/bytedeco/javacv/1.5.10/ffmpeg.jar,file:/C:/Users/bemjsy/.m2/repository/org/bytedeco/javacv/1.5.10/flycapture.jar,file:/C:/Users/bemjsy/.m2/repository/org/bytedeco/javacv/1.5.10/libdc1394.jar,file:/C:/Users/bemjsy/.m2/repository/org/bytedeco/javacv/1.5.10/libfreenect.jar,file:/C:/Users/bemjsy/.m2/repository/org/bytedeco/javacv/1.5.10/libfreenect2.jar,file:/C:/Users/bemjsy/.m2/repository/org/bytedeco/javacv/1.5.10/librealsense.jar,file:/C:/Users/bemjsy/.m2/repository/org/bytedeco/javacv/1.5.10/librealsense2.jar,file:/C:/Users/bemjsy/.m2/repository/org/bytedeco/javacv/1.5.10/videoinput.jar,file:/C:/Users/bemjsy/.m2/repository/org/bytedeco/javacv/1.5.10/artoolkitplus.jar,file:/C:/Users/bemjsy/.m2/repository/org/bytedeco/javacv/1.5.10/flandmark.jar,file:/C:/Users/bemjsy/.m2/repository/org/bytedeco/javacv/1.5.10/leptonica.jar,file:/C:/Users/bemjsy/.m2/repository/org/bytedeco/javacv/1.5.10/tesseract.jar,file:/C:/Users/bemjsy/.m2/repository/org/bytedeco/javacv/1.5.10/javacpp-1.5.10.jar,file:/C:/Users/bemjsy/.m2/repository/org/bytedeco/javacv/1.5.10/openblas-0.3.26-1.5.10.jar,file:/C:/Users/bemjsy/.m2/repository/org/bytedeco/javacv/1.5.10/opencv-4.9.0-1.5.10.jar,file:/C:/Users/bemjsy/.m2/repository/org/bytedeco/javacv/1.5.10/ffmpeg-6.1.1-1.5.10.jar,file:/C:/Users/bemjsy/.m2/repository/org/bytedeco/javacv/1.5.10/flycapture-2.13.3.31-1.5.9.jar,file:/C:/Users/bemjsy/.m2/repository/org/bytedeco/javacv/1.5.10/libdc1394-2.2.6-1.5.9.jar,file:/C:/Users/bemjsy/.m2/repository/org/bytedeco/javacv/1.5.10/libfreenect-0.5.7-1.5.9.jar,file:/C:/Users/bemjsy/.m2/repository/org/bytedeco/javacv/1.5.10/libfreenect2-0.2.0-1.5.9.jar,file:/C:/Users/bemjsy/.m2/repository/org/bytedeco/javacv/1.5.10/librealsense-1.12.4-1.5.9.jar,file:/C:/Users/bemjsy/.m2/repository/org/bytedeco/javacv/1.5.10/librealsense2-2.53.1-1.5.9.jar,file:/C:/Users/bemjsy/.m2/repository/org/bytedeco/javacv/1.5.10/videoinput-0.200-1.5.9.jar,file:/C:/Users/bemjsy/.m2/repository/org/bytedeco/javacv/1.5.10/artoolkitplus-2.3.1-1.5.9.jar,file:/C:/Users/bemjsy/.m2/repository/org/bytedeco/javacv/1.5.10/leptonica-1.84.1-1.5.10.jar,file:/C:/Users/bemjsy/.m2/repository/org/bytedeco/javacv/1.5.10/tesseract-5.3.4-1.5.10.jar,file:/C:/Users/bemjsy/.m2/repository/org/bytedeco/javacv/1.5.10/android-4.1.1.4.jar,file:/C:/Users/bemjsy/.m2/repository/org/bytedeco/javacv/1.5.10/gluegen-rt-main-2.3.2.jar,file:/C:/Users/bemjsy/.m2/repository/org/bytedeco/javacv/1.5.10/gluegen-rt-2.3.2.jar,file:/C:/Users/bemjsy/.m2/repository/org/bytedeco/javacv/1.5.10/gluegen-rt-2.3.2-natives-android-aarch64.jar,file:/C:/Users/bemjsy/.m2/repository/org/bytedeco/javacv/1.5.10/gluegen-rt-2.3.2-natives-android-armv6.jar,file:/C:/Users/bemjsy/.m2/repository/org/bytedeco/javacv/1.5.10/gluegen-rt-2.3.2-natives-linux-amd64.jar,file:/C:/Users/bemjsy/.m2/repository/org/bytedeco/javacv/1.5.10/gluegen-rt-2.3.2-natives-linux-armv6.jar,file:/C:/Users/bemjsy/.m2/repository/org/bytedeco/javacv/1.5.10/gluegen-rt-2.3.2-natives-linux-armv6hf.jar,file:/C:/Users/bemjsy/.m2/repository/org/bytedeco/javacv/1.5.10/gluegen-rt-2.3.2-natives-linux-i586.jar,file:/C:/Users/bemjsy/.m2/repository/org/bytedeco/javacv/1.5.10/gluegen-rt-2.3.2-natives-macosx-universal.jar,file:/C:/Users/bemjsy/.m2/repository/org/bytedeco/javacv/1.5.10/gluegen-rt-2.3.2-natives-solaris-amd64.jar,file:/C:/Users/bemjsy/.m2/repository/org/bytedeco/javacv/1.5.10/gluegen-rt-2.3.2-natives-solaris-i586.jar,file:/C:/Users/bemjsy/.m2/repository/org/bytedeco/javacv/1.5.10/gluegen-rt-2.3.2-natives-windows-amd64.jar,file:/C:/Users/bemjsy/.m2/repository/org/bytedeco/javacv/1.5.10/gluegen-rt-2.3.2-natives-windows-i586.jar,file:/C:/Users/bemjsy/.m2/repository/org/bytedeco/javacv/1.5.10/jogl-all-main-2.3.2.jar,file:/C:/Users/bemjsy/.m2/repository/org/bytedeco/javacv/1.5.10/jogl-all-2.3.2.jar,file:/C:/Users/bemjsy/.m2/repository/org/bytedeco/javacv/1.5.10/jogl-all-2.3.2-natives-android-aarch64.jar,file:/C:/Users/bemjsy/.m2/repository/org/bytedeco/javacv/1.5.10/jogl-all-2.3.2-natives-android-armv6.jar,file:/C:/Users/bemjsy/.m2/repository/org/bytedeco/javacv/1.5.10/jogl-all-2.3.2-natives-linux-amd64.jar,file:/C:/Users/bemjsy/.m2/repository/org/bytedeco/javacv/1.5.10/jogl-all-2.3.2-natives-linux-armv6.jar,file:/C:/Users/bemjsy/.m2/repository/org/bytedeco/javacv/1.5.10/jogl-all-2.3.2-natives-linux-armv6hf.jar,file:/C:/Users/bemjsy/.m2/repository/org/bytedeco/javacv/1.5.10/jogl-all-2.3.2-natives-linux-i586.jar,file:/C:/Users/bemjsy/.m2/repository/org/bytedeco/javacv/1.5.10/jogl-all-2.3.2-natives-macosx-universal.jar,file:/C:/Users/bemjsy/.m2/repository/org/bytedeco/javacv/1.5.10/jogl-all-2.3.2-natives-solaris-amd64.jar,file:/C:/Users/bemjsy/.m2/repository/org/bytedeco/javacv/1.5.10/jogl-all-2.3.2-natives-solaris-i586.jar,file:/C:/Users/bemjsy/.m2/repository/org/bytedeco/javacv/1.5.10/jogl-all-2.3.2-natives-windows-amd64.jar,file:/C:/Users/bemjsy/.m2/repository/org/bytedeco/javacv/1.5.10/jogl-all-2.3.2-natives-windows-i586.jar,file:/C:/Users/bemjsy/.m2/repository/org/bytedeco/javacv/1.5.10/jocl-main-2.3.2.jar,file:/C:/Users/bemjsy/.m2/repository/org/bytedeco/javacv/1.5.10/jocl-2.3.2.jar,file:/C:/Users/bemjsy/.m2/repository/org/bytedeco/javacv/1.5.10/jocl-2.3.2-natives-android-aarch64.jar,file:/C:/Users/bemjsy/.m2/repository/org/bytedeco/javacv/1.5.10/jocl-2.3.2-natives-android-armv6.jar,file:/C:/Users/bemjsy/.m2/repository/org/bytedeco/javacv/1.5.10/jocl-2.3.2-natives-linux-amd64.jar,file:/C:/Users/bemjsy/.m2/repository/org/bytedeco/javacv/1.5.10/jocl-2.3.2-natives-linux-armv6.jar,file:/C:/Users/bemjsy/.m2/repository/org/bytedeco/javacv/1.5.10/jocl-2.3.2-natives-linux-armv6hf.jar,file:/C:/Users/bemjsy/.m2/repository/org/bytedeco/javacv/1.5.10/jocl-2.3.2-natives-linux-i586.jar,file:/C:/Users/bemjsy/.m2/repository/org/bytedeco/javacv/1.5.10/jocl-2.3.2-natives-macosx-universal.jar,file:/C:/Users/bemjsy/.m2/repository/org/bytedeco/javacv/1.5.10/jocl-2.3.2-natives-solaris-amd64.jar,file:/C:/Users/bemjsy/.m2/repository/org/bytedeco/javacv/1.5.10/jocl-2.3.2-natives-solaris-i586.jar,file:/C:/Users/bemjsy/.m2/repository/org/bytedeco/javacv/1.5.10/jocl-2.3.2-natives-windows-amd64.jar,file:/C:/Users/bemjsy/.m2/repository/org/bytedeco/javacv/1.5.10/jocl-2.3.2-natives-windows-i586.jar
2025-12-16 13:51:17.150 [restartedMain] INFO  o.s.boot.devtools.restart.ChangeableUrls - The Class-Path manifest attribute in C:\Users\bemjsy\.m2\repository\org\bytedeco\ffmpeg\6.1.1-1.5.10\ffmpeg-6.1.1-1.5.10.jar referenced one or more files that do not exist: file:/C:/Users/bemjsy/.m2/repository/org/bytedeco/ffmpeg/6.1.1-1.5.10/javacpp.jar
2025-12-16 13:51:17.150 [restartedMain] INFO  o.s.boot.devtools.restart.ChangeableUrls - The Class-Path manifest attribute in C:\Users\bemjsy\.m2\repository\org\bytedeco\opencv\4.9.0-1.5.10\opencv-4.9.0-1.5.10.jar referenced one or more files that do not exist: file:/C:/Users/bemjsy/.m2/repository/org/bytedeco/opencv/4.9.0-1.5.10/javacpp.jar
2025-12-16 13:51:17.150 [restartedMain] INFO  o.s.boot.devtools.restart.ChangeableUrls - The Class-Path manifest attribute in C:\Users\bemjsy\.m2\repository\org\bytedeco\openblas\0.3.26-1.5.10\openblas-0.3.26-1.5.10.jar referenced one or more files that do not exist: file:/C:/Users/bemjsy/.m2/repository/org/bytedeco/openblas/0.3.26-1.5.10/javacpp.jar
2025-12-16 13:51:17.150 [restartedMain] INFO  o.s.boot.devtools.restart.ChangeableUrls - The Class-Path manifest attribute in C:\Users\bemjsy\.m2\repository\org\bytedeco\flycapture\2.13.3.31-1.5.9\flycapture-2.13.3.31-1.5.9.jar referenced one or more files that do not exist: file:/C:/Users/bemjsy/.m2/repository/org/bytedeco/flycapture/2.13.3.31-1.5.9/javacpp.jar
2025-12-16 13:51:17.150 [restartedMain] INFO  o.s.boot.devtools.restart.ChangeableUrls - The Class-Path manifest attribute in C:\Users\bemjsy\.m2\repository\org\bytedeco\libdc1394\2.2.6-1.5.9\libdc1394-2.2.6-1.5.9.jar referenced one or more files that do not exist: file:/C:/Users/bemjsy/.m2/repository/org/bytedeco/libdc1394/2.2.6-1.5.9/javacpp.jar
2025-12-16 13:51:17.150 [restartedMain] INFO  o.s.boot.devtools.restart.ChangeableUrls - The Class-Path manifest attribute in C:\Users\bemjsy\.m2\repository\org\bytedeco\libfreenect\0.5.7-1.5.9\libfreenect-0.5.7-1.5.9.jar referenced one or more files that do not exist: file:/C:/Users/bemjsy/.m2/repository/org/bytedeco/libfreenect/0.5.7-1.5.9/javacpp.jar
2025-12-16 13:51:17.150 [restartedMain] INFO  o.s.boot.devtools.restart.ChangeableUrls - The Class-Path manifest attribute in C:\Users\bemjsy\.m2\repository\org\bytedeco\libfreenect2\0.2.0-1.5.9\libfreenect2-0.2.0-1.5.9.jar referenced one or more files that do not exist: file:/C:/Users/bemjsy/.m2/repository/org/bytedeco/libfreenect2/0.2.0-1.5.9/javacpp.jar
2025-12-16 13:51:17.150 [restartedMain] INFO  o.s.boot.devtools.restart.ChangeableUrls - The Class-Path manifest attribute in C:\Users\bemjsy\.m2\repository\org\bytedeco\librealsense\1.12.4-1.5.9\librealsense-1.12.4-1.5.9.jar referenced one or more files that do not exist: file:/C:/Users/bemjsy/.m2/repository/org/bytedeco/librealsense/1.12.4-1.5.9/javacpp.jar
2025-12-16 13:51:17.150 [restartedMain] INFO  o.s.boot.devtools.restart.ChangeableUrls - The Class-Path manifest attribute in C:\Users\bemjsy\.m2\repository\org\bytedeco\librealsense2\2.53.1-1.5.9\librealsense2-2.53.1-1.5.9.jar referenced one or more files that do not exist: file:/C:/Users/bemjsy/.m2/repository/org/bytedeco/librealsense2/2.53.1-1.5.9/javacpp.jar
2025-12-16 13:51:17.150 [restartedMain] INFO  o.s.boot.devtools.restart.ChangeableUrls - The Class-Path manifest attribute in C:\Users\bemjsy\.m2\repository\org\bytedeco\videoinput\0.200-1.5.9\videoinput-0.200-1.5.9.jar referenced one or more files that do not exist: file:/C:/Users/bemjsy/.m2/repository/org/bytedeco/videoinput/0.200-1.5.9/javacpp.jar
2025-12-16 13:51:17.150 [restartedMain] INFO  o.s.boot.devtools.restart.ChangeableUrls - The Class-Path manifest attribute in C:\Users\bemjsy\.m2\repository\org\bytedeco\artoolkitplus\2.3.1-1.5.9\artoolkitplus-2.3.1-1.5.9.jar referenced one or more files that do not exist: file:/C:/Users/bemjsy/.m2/repository/org/bytedeco/artoolkitplus/2.3.1-1.5.9/javacpp.jar
2025-12-16 13:51:17.150 [restartedMain] INFO  o.s.boot.devtools.restart.ChangeableUrls - The Class-Path manifest attribute in C:\Users\bemjsy\.m2\repository\org\bytedeco\tesseract\5.3.4-1.5.10\tesseract-5.3.4-1.5.10.jar referenced one or more files that do not exist: file:/C:/Users/bemjsy/.m2/repository/org/bytedeco/tesseract/5.3.4-1.5.10/javacpp.jar
2025-12-16 13:51:17.151 [restartedMain] INFO  o.s.boot.devtools.restart.ChangeableUrls - The Class-Path manifest attribute in C:\Users\bemjsy\.m2\repository\org\bytedeco\leptonica\1.84.1-1.5.10\leptonica-1.84.1-1.5.10.jar referenced one or more files that do not exist: file:/C:/Users/bemjsy/.m2/repository/org/bytedeco/leptonica/1.84.1-1.5.10/javacpp.jar
2025-12-16 13:51:17.151 [restartedMain] INFO  o.s.b.d.env.DevToolsPropertyDefaultsPostProcessor - Devtools property defaults active! Set 'spring.devtools.add-properties' to 'false' to disable
2025-12-16 13:51:17.151 [restartedMain] INFO  o.s.b.d.env.DevToolsPropertyDefaultsPostProcessor - For additional web related logging consider setting the 'logging.level.web' property to 'DEBUG'
2025-12-16 13:51:18.495 [restartedMain] INFO  o.s.d.r.config.RepositoryConfigurationDelegate - Multiple Spring Data modules found, entering strict repository configuration mode
2025-12-16 13:51:18.497 [restartedMain] INFO  o.s.d.r.config.RepositoryConfigurationDelegate - Bootstrapping Spring Data JDBC repositories in DEFAULT mode.
2025-12-16 13:51:18.533 [restartedMain] INFO  o.s.d.r.config.RepositoryConfigurationDelegate - Finished Spring Data repository scanning in 29 ms. Found 0 JDBC repository interfaces.
2025-12-16 13:51:18.551 [restartedMain] INFO  o.s.d.r.config.RepositoryConfigurationDelegate - Multiple Spring Data modules found, entering strict repository configuration mode
2025-12-16 13:51:18.552 [restartedMain] INFO  o.s.d.r.config.RepositoryConfigurationDelegate - Bootstrapping Spring Data Redis repositories in DEFAULT mode.
2025-12-16 13:51:18.570 [restartedMain] INFO  o.s.d.r.config.RepositoryConfigurationDelegate - Finished Spring Data repository scanning in 8 ms. Found 0 Redis repository interfaces.
2025-12-16 13:51:19.172 [restartedMain] WARN  o.s.c.s.PostProcessorRegistrationDelegate$BeanPostProcessorChecker - Bean 'redisCacheConfig' of type [org.bem.iot.config.RedisCacheConfig$$SpringCGLIB$$0] is not eligible for getting processed by all BeanPostProcessors (for example: not eligible for auto-proxying). Is this bean getting eagerly injected into a currently created BeanPostProcessor [projectingArgumentResolverBeanPostProcessor]? Check the corresponding BeanPostProcessor declaration and its dependencies.
2025-12-16 13:51:19.501 [restartedMain] WARN  io.undertow.websockets.jsr - UT026010: Buffer pool was not set on WebSocketDeploymentInfo, the default pool will be used
2025-12-16 13:51:19.529 [restartedMain] INFO  io.undertow.servlet - Initializing Spring embedded WebApplicationContext
2025-12-16 13:51:19.530 [restartedMain] INFO  o.s.b.w.s.c.ServletWebServerApplicationContext - Root WebApplicationContext: initialization completed in 2379 ms
2025-12-16 13:51:19.734 [restartedMain] DEBUG c.b.m.e.spring.MybatisSqlSessionFactoryBean - Registered plugin: 'com.baomidou.mybatisplus.extension.plugins.MybatisPlusInterceptor@643f7373'
2025-12-16 13:51:19.735 [restartedMain] DEBUG c.b.m.e.spring.MybatisSqlSessionFactoryBean - Property 'mapperLocations' was not specified.
2025-12-16 13:51:21.624 [restartedMain] INFO  org.bem.iot.media.context.MediaServerContext - 【MediaServer】HTTP流媒体服务启动：成功，端口：7080
2025-12-16 13:51:21.626 [restartedMain] INFO  org.bem.iot.media.context.MediaServerContext - 【MediaServer】RTSP流媒体服务启动：成功，端口：7554
2025-12-16 13:51:21.626 [restartedMain] INFO  org.bem.iot.media.context.MediaServerContext - 【MediaServer】RTMP流媒体服务启动：成功，端口：7935
2025-12-16 13:51:21.628 [restartedMain] INFO  org.bem.iot.media.context.MediaServerContext - 【MediaServer】RTC流媒体服务启动：成功，端口：8000
2025-12-16 13:51:21.628 [restartedMain] INFO  org.bem.iot.media.context.MediaServerContext - 【MediaServer】初始化MediaServer程序成功
2025-12-16 13:51:22.131 [restartedMain] WARN  o.s.b.w.s.c.AnnotationConfigServletWebServerApplicationContext - Exception encountered during context initialization - cancelling refresh attempt: org.springframework.beans.factory.BeanCreationException: Error creating bean with name 'requestMappingHandlerMapping' defined in class path resource [org/springframework/boot/autoconfigure/web/servlet/WebMvcAutoConfiguration$EnableWebMvcConfiguration.class]: Ambiguous mapping. Cannot map 'iotController' method 
org.bem.iot.controller.IotController#realTimeData(String)
to {GET [/iot/realTimeData]}: There is already 'iotController' bean method
org.bem.iot.controller.IotController#historicalDataQuery(String, String, String, String, Integer) mapped.
2025-12-16 13:51:22.132 [restartedMain] INFO  org.bem.iot.media.context.MediaServerContext - 【MediaServer】关闭所有流媒体服务
2025-12-16 13:51:22.164 [restartedMain] INFO  o.s.b.a.logging.ConditionEvaluationReportLogger - 

Error starting ApplicationContext. To display the condition evaluation report re-run your application with 'debug' enabled.
2025-12-16 13:51:22.185 [restartedMain] ERROR org.springframework.boot.SpringApplication - Application run failed
org.springframework.beans.factory.BeanCreationException: Error creating bean with name 'requestMappingHandlerMapping' defined in class path resource [org/springframework/boot/autoconfigure/web/servlet/WebMvcAutoConfiguration$EnableWebMvcConfiguration.class]: Ambiguous mapping. Cannot map 'iotController' method 
org.bem.iot.controller.IotController#realTimeData(String)
to {GET [/iot/realTimeData]}: There is already 'iotController' bean method
org.bem.iot.controller.IotController#historicalDataQuery(String, String, String, String, Integer) mapped.
	at org.springframework.beans.factory.support.AbstractAutowireCapableBeanFactory.initializeBean(AbstractAutowireCapableBeanFactory.java:1786)
	at org.springframework.beans.factory.support.AbstractAutowireCapableBeanFactory.doCreateBean(AbstractAutowireCapableBeanFactory.java:600)
	at org.springframework.beans.factory.support.AbstractAutowireCapableBeanFactory.createBean(AbstractAutowireCapableBeanFactory.java:522)
	at org.springframework.beans.factory.support.AbstractBeanFactory.lambda$doGetBean$0(AbstractBeanFactory.java:325)
	at org.springframework.beans.factory.support.DefaultSingletonBeanRegistry.getSingleton(DefaultSingletonBeanRegistry.java:234)
	at org.springframework.beans.factory.support.AbstractBeanFactory.doGetBean(AbstractBeanFactory.java:323)
	at org.springframework.beans.factory.support.AbstractBeanFactory.getBean(AbstractBeanFactory.java:199)
	at org.springframework.beans.factory.support.DefaultListableBeanFactory.preInstantiateSingletons(DefaultListableBeanFactory.java:975)
	at org.springframework.context.support.AbstractApplicationContext.finishBeanFactoryInitialization(AbstractApplicationContext.java:959)
	at org.springframework.context.support.AbstractApplicationContext.refresh(AbstractApplicationContext.java:624)
	at org.springframework.boot.web.servlet.context.ServletWebServerApplicationContext.refresh(ServletWebServerApplicationContext.java:146)
	at org.springframework.boot.SpringApplication.refresh(SpringApplication.java:754)
	at org.springframework.boot.SpringApplication.refreshContext(SpringApplication.java:456)
	at org.springframework.boot.SpringApplication.run(SpringApplication.java:334)
	at org.springframework.boot.SpringApplication.run(SpringApplication.java:1354)
	at org.springframework.boot.SpringApplication.run(SpringApplication.java:1343)
	at org.bem.iot.BemiotApplication.main(BemiotApplication.java:17)
	at java.base/jdk.internal.reflect.NativeMethodAccessorImpl.invoke0(Native Method)
	at java.base/jdk.internal.reflect.NativeMethodAccessorImpl.invoke(NativeMethodAccessorImpl.java:77)
	at java.base/jdk.internal.reflect.DelegatingMethodAccessorImpl.invoke(DelegatingMethodAccessorImpl.java:43)
	at java.base/java.lang.reflect.Method.invoke(Method.java:569)
	at org.springframework.boot.devtools.restart.RestartLauncher.run(RestartLauncher.java:50)
Caused by: java.lang.IllegalStateException: Ambiguous mapping. Cannot map 'iotController' method 
org.bem.iot.controller.IotController#realTimeData(String)
to {GET [/iot/realTimeData]}: There is already 'iotController' bean method
org.bem.iot.controller.IotController#historicalDataQuery(String, String, String, String, Integer) mapped.
	at org.springframework.web.servlet.handler.AbstractHandlerMethodMapping$MappingRegistry.validateMethodMapping(AbstractHandlerMethodMapping.java:672)
	at org.springframework.web.servlet.handler.AbstractHandlerMethodMapping$MappingRegistry.register(AbstractHandlerMethodMapping.java:634)
	at org.springframework.web.servlet.handler.AbstractHandlerMethodMapping.registerHandlerMethod(AbstractHandlerMethodMapping.java:331)
	at org.springframework.web.servlet.mvc.method.annotation.RequestMappingHandlerMapping.registerHandlerMethod(RequestMappingHandlerMapping.java:508)
	at org.springframework.web.servlet.mvc.method.annotation.RequestMappingHandlerMapping.registerHandlerMethod(RequestMappingHandlerMapping.java:84)
	at org.springframework.web.servlet.handler.AbstractHandlerMethodMapping.lambda$detectHandlerMethods$2(AbstractHandlerMethodMapping.java:298)
	at java.base/java.util.LinkedHashMap.forEach(LinkedHashMap.java:721)
	at org.springframework.web.servlet.handler.AbstractHandlerMethodMapping.detectHandlerMethods(AbstractHandlerMethodMapping.java:296)
	at org.springframework.web.servlet.handler.AbstractHandlerMethodMapping.processCandidateBean(AbstractHandlerMethodMapping.java:265)
	at org.springframework.web.servlet.handler.AbstractHandlerMethodMapping.initHandlerMethods(AbstractHandlerMethodMapping.java:224)
	at org.springframework.web.servlet.handler.AbstractHandlerMethodMapping.afterPropertiesSet(AbstractHandlerMethodMapping.java:212)
	at org.springframework.web.servlet.mvc.method.annotation.RequestMappingHandlerMapping.afterPropertiesSet(RequestMappingHandlerMapping.java:239)
	at org.springframework.beans.factory.support.AbstractAutowireCapableBeanFactory.invokeInitMethods(AbstractAutowireCapableBeanFactory.java:1833)
	at org.springframework.beans.factory.support.AbstractAutowireCapableBeanFactory.initializeBean(AbstractAutowireCapableBeanFactory.java:1782)
	... 21 common frames omitted
2025-12-16 13:52:01.352 [background-preinit] INFO  org.hibernate.validator.internal.util.Version - HV000001: Hibernate Validator 8.0.1.Final
2025-12-16 13:52:01.403 [restartedMain] INFO  org.bem.iot.BemiotApplication - Starting BemiotApplication using Java 17.0.15 with PID 21404 (D:\www\AIOT\bemiot\bemiot\out\production\classes started by bemjsy in D:\www\AIOT\bemiot\bemiot)
2025-12-16 13:52:01.404 [restartedMain] INFO  org.bem.iot.BemiotApplication - The following 1 profile is active: "dev"
2025-12-16 13:52:01.457 [restartedMain] INFO  o.s.boot.devtools.restart.ChangeableUrls - The Class-Path manifest attribute in C:\Users\bemjsy\.m2\repository\org\bytedeco\javacv\1.5.10\javacv-1.5.10.jar referenced one or more files that do not exist: file:/C:/Users/bemjsy/.m2/repository/org/bytedeco/javacv/1.5.10/javacpp.jar,file:/C:/Users/bemjsy/.m2/repository/org/bytedeco/javacv/1.5.10/openblas.jar,file:/C:/Users/bemjsy/.m2/repository/org/bytedeco/javacv/1.5.10/opencv.jar,file:/C:/Users/bemjsy/.m2/repository/org/bytedeco/javacv/1.5.10/ffmpeg.jar,file:/C:/Users/bemjsy/.m2/repository/org/bytedeco/javacv/1.5.10/flycapture.jar,file:/C:/Users/bemjsy/.m2/repository/org/bytedeco/javacv/1.5.10/libdc1394.jar,file:/C:/Users/bemjsy/.m2/repository/org/bytedeco/javacv/1.5.10/libfreenect.jar,file:/C:/Users/bemjsy/.m2/repository/org/bytedeco/javacv/1.5.10/libfreenect2.jar,file:/C:/Users/bemjsy/.m2/repository/org/bytedeco/javacv/1.5.10/librealsense.jar,file:/C:/Users/bemjsy/.m2/repository/org/bytedeco/javacv/1.5.10/librealsense2.jar,file:/C:/Users/bemjsy/.m2/repository/org/bytedeco/javacv/1.5.10/videoinput.jar,file:/C:/Users/bemjsy/.m2/repository/org/bytedeco/javacv/1.5.10/artoolkitplus.jar,file:/C:/Users/bemjsy/.m2/repository/org/bytedeco/javacv/1.5.10/flandmark.jar,file:/C:/Users/bemjsy/.m2/repository/org/bytedeco/javacv/1.5.10/leptonica.jar,file:/C:/Users/bemjsy/.m2/repository/org/bytedeco/javacv/1.5.10/tesseract.jar,file:/C:/Users/bemjsy/.m2/repository/org/bytedeco/javacv/1.5.10/javacpp-1.5.10.jar,file:/C:/Users/bemjsy/.m2/repository/org/bytedeco/javacv/1.5.10/openblas-0.3.26-1.5.10.jar,file:/C:/Users/bemjsy/.m2/repository/org/bytedeco/javacv/1.5.10/opencv-4.9.0-1.5.10.jar,file:/C:/Users/bemjsy/.m2/repository/org/bytedeco/javacv/1.5.10/ffmpeg-6.1.1-1.5.10.jar,file:/C:/Users/bemjsy/.m2/repository/org/bytedeco/javacv/1.5.10/flycapture-2.13.3.31-1.5.9.jar,file:/C:/Users/bemjsy/.m2/repository/org/bytedeco/javacv/1.5.10/libdc1394-2.2.6-1.5.9.jar,file:/C:/Users/bemjsy/.m2/repository/org/bytedeco/javacv/1.5.10/libfreenect-0.5.7-1.5.9.jar,file:/C:/Users/bemjsy/.m2/repository/org/bytedeco/javacv/1.5.10/libfreenect2-0.2.0-1.5.9.jar,file:/C:/Users/bemjsy/.m2/repository/org/bytedeco/javacv/1.5.10/librealsense-1.12.4-1.5.9.jar,file:/C:/Users/bemjsy/.m2/repository/org/bytedeco/javacv/1.5.10/librealsense2-2.53.1-1.5.9.jar,file:/C:/Users/bemjsy/.m2/repository/org/bytedeco/javacv/1.5.10/videoinput-0.200-1.5.9.jar,file:/C:/Users/bemjsy/.m2/repository/org/bytedeco/javacv/1.5.10/artoolkitplus-2.3.1-1.5.9.jar,file:/C:/Users/bemjsy/.m2/repository/org/bytedeco/javacv/1.5.10/leptonica-1.84.1-1.5.10.jar,file:/C:/Users/bemjsy/.m2/repository/org/bytedeco/javacv/1.5.10/tesseract-5.3.4-1.5.10.jar,file:/C:/Users/bemjsy/.m2/repository/org/bytedeco/javacv/1.5.10/android-4.1.1.4.jar,file:/C:/Users/bemjsy/.m2/repository/org/bytedeco/javacv/1.5.10/gluegen-rt-main-2.3.2.jar,file:/C:/Users/bemjsy/.m2/repository/org/bytedeco/javacv/1.5.10/gluegen-rt-2.3.2.jar,file:/C:/Users/bemjsy/.m2/repository/org/bytedeco/javacv/1.5.10/gluegen-rt-2.3.2-natives-android-aarch64.jar,file:/C:/Users/bemjsy/.m2/repository/org/bytedeco/javacv/1.5.10/gluegen-rt-2.3.2-natives-android-armv6.jar,file:/C:/Users/bemjsy/.m2/repository/org/bytedeco/javacv/1.5.10/gluegen-rt-2.3.2-natives-linux-amd64.jar,file:/C:/Users/bemjsy/.m2/repository/org/bytedeco/javacv/1.5.10/gluegen-rt-2.3.2-natives-linux-armv6.jar,file:/C:/Users/bemjsy/.m2/repository/org/bytedeco/javacv/1.5.10/gluegen-rt-2.3.2-natives-linux-armv6hf.jar,file:/C:/Users/bemjsy/.m2/repository/org/bytedeco/javacv/1.5.10/gluegen-rt-2.3.2-natives-linux-i586.jar,file:/C:/Users/bemjsy/.m2/repository/org/bytedeco/javacv/1.5.10/gluegen-rt-2.3.2-natives-macosx-universal.jar,file:/C:/Users/bemjsy/.m2/repository/org/bytedeco/javacv/1.5.10/gluegen-rt-2.3.2-natives-solaris-amd64.jar,file:/C:/Users/bemjsy/.m2/repository/org/bytedeco/javacv/1.5.10/gluegen-rt-2.3.2-natives-solaris-i586.jar,file:/C:/Users/bemjsy/.m2/repository/org/bytedeco/javacv/1.5.10/gluegen-rt-2.3.2-natives-windows-amd64.jar,file:/C:/Users/bemjsy/.m2/repository/org/bytedeco/javacv/1.5.10/gluegen-rt-2.3.2-natives-windows-i586.jar,file:/C:/Users/bemjsy/.m2/repository/org/bytedeco/javacv/1.5.10/jogl-all-main-2.3.2.jar,file:/C:/Users/bemjsy/.m2/repository/org/bytedeco/javacv/1.5.10/jogl-all-2.3.2.jar,file:/C:/Users/bemjsy/.m2/repository/org/bytedeco/javacv/1.5.10/jogl-all-2.3.2-natives-android-aarch64.jar,file:/C:/Users/bemjsy/.m2/repository/org/bytedeco/javacv/1.5.10/jogl-all-2.3.2-natives-android-armv6.jar,file:/C:/Users/bemjsy/.m2/repository/org/bytedeco/javacv/1.5.10/jogl-all-2.3.2-natives-linux-amd64.jar,file:/C:/Users/bemjsy/.m2/repository/org/bytedeco/javacv/1.5.10/jogl-all-2.3.2-natives-linux-armv6.jar,file:/C:/Users/bemjsy/.m2/repository/org/bytedeco/javacv/1.5.10/jogl-all-2.3.2-natives-linux-armv6hf.jar,file:/C:/Users/bemjsy/.m2/repository/org/bytedeco/javacv/1.5.10/jogl-all-2.3.2-natives-linux-i586.jar,file:/C:/Users/bemjsy/.m2/repository/org/bytedeco/javacv/1.5.10/jogl-all-2.3.2-natives-macosx-universal.jar,file:/C:/Users/bemjsy/.m2/repository/org/bytedeco/javacv/1.5.10/jogl-all-2.3.2-natives-solaris-amd64.jar,file:/C:/Users/bemjsy/.m2/repository/org/bytedeco/javacv/1.5.10/jogl-all-2.3.2-natives-solaris-i586.jar,file:/C:/Users/bemjsy/.m2/repository/org/bytedeco/javacv/1.5.10/jogl-all-2.3.2-natives-windows-amd64.jar,file:/C:/Users/bemjsy/.m2/repository/org/bytedeco/javacv/1.5.10/jogl-all-2.3.2-natives-windows-i586.jar,file:/C:/Users/bemjsy/.m2/repository/org/bytedeco/javacv/1.5.10/jocl-main-2.3.2.jar,file:/C:/Users/bemjsy/.m2/repository/org/bytedeco/javacv/1.5.10/jocl-2.3.2.jar,file:/C:/Users/bemjsy/.m2/repository/org/bytedeco/javacv/1.5.10/jocl-2.3.2-natives-android-aarch64.jar,file:/C:/Users/bemjsy/.m2/repository/org/bytedeco/javacv/1.5.10/jocl-2.3.2-natives-android-armv6.jar,file:/C:/Users/bemjsy/.m2/repository/org/bytedeco/javacv/1.5.10/jocl-2.3.2-natives-linux-amd64.jar,file:/C:/Users/bemjsy/.m2/repository/org/bytedeco/javacv/1.5.10/jocl-2.3.2-natives-linux-armv6.jar,file:/C:/Users/bemjsy/.m2/repository/org/bytedeco/javacv/1.5.10/jocl-2.3.2-natives-linux-armv6hf.jar,file:/C:/Users/bemjsy/.m2/repository/org/bytedeco/javacv/1.5.10/jocl-2.3.2-natives-linux-i586.jar,file:/C:/Users/bemjsy/.m2/repository/org/bytedeco/javacv/1.5.10/jocl-2.3.2-natives-macosx-universal.jar,file:/C:/Users/bemjsy/.m2/repository/org/bytedeco/javacv/1.5.10/jocl-2.3.2-natives-solaris-amd64.jar,file:/C:/Users/bemjsy/.m2/repository/org/bytedeco/javacv/1.5.10/jocl-2.3.2-natives-solaris-i586.jar,file:/C:/Users/bemjsy/.m2/repository/org/bytedeco/javacv/1.5.10/jocl-2.3.2-natives-windows-amd64.jar,file:/C:/Users/bemjsy/.m2/repository/org/bytedeco/javacv/1.5.10/jocl-2.3.2-natives-windows-i586.jar
2025-12-16 13:52:01.457 [restartedMain] INFO  o.s.boot.devtools.restart.ChangeableUrls - The Class-Path manifest attribute in C:\Users\bemjsy\.m2\repository\org\bytedeco\ffmpeg\6.1.1-1.5.10\ffmpeg-6.1.1-1.5.10.jar referenced one or more files that do not exist: file:/C:/Users/bemjsy/.m2/repository/org/bytedeco/ffmpeg/6.1.1-1.5.10/javacpp.jar
2025-12-16 13:52:01.457 [restartedMain] INFO  o.s.boot.devtools.restart.ChangeableUrls - The Class-Path manifest attribute in C:\Users\bemjsy\.m2\repository\org\bytedeco\opencv\4.9.0-1.5.10\opencv-4.9.0-1.5.10.jar referenced one or more files that do not exist: file:/C:/Users/bemjsy/.m2/repository/org/bytedeco/opencv/4.9.0-1.5.10/javacpp.jar
2025-12-16 13:52:01.458 [restartedMain] INFO  o.s.boot.devtools.restart.ChangeableUrls - The Class-Path manifest attribute in C:\Users\bemjsy\.m2\repository\org\bytedeco\openblas\0.3.26-1.5.10\openblas-0.3.26-1.5.10.jar referenced one or more files that do not exist: file:/C:/Users/bemjsy/.m2/repository/org/bytedeco/openblas/0.3.26-1.5.10/javacpp.jar
2025-12-16 13:52:01.458 [restartedMain] INFO  o.s.boot.devtools.restart.ChangeableUrls - The Class-Path manifest attribute in C:\Users\bemjsy\.m2\repository\org\bytedeco\flycapture\2.13.3.31-1.5.9\flycapture-2.13.3.31-1.5.9.jar referenced one or more files that do not exist: file:/C:/Users/bemjsy/.m2/repository/org/bytedeco/flycapture/2.13.3.31-1.5.9/javacpp.jar
2025-12-16 13:52:01.458 [restartedMain] INFO  o.s.boot.devtools.restart.ChangeableUrls - The Class-Path manifest attribute in C:\Users\bemjsy\.m2\repository\org\bytedeco\libdc1394\2.2.6-1.5.9\libdc1394-2.2.6-1.5.9.jar referenced one or more files that do not exist: file:/C:/Users/bemjsy/.m2/repository/org/bytedeco/libdc1394/2.2.6-1.5.9/javacpp.jar
2025-12-16 13:52:01.458 [restartedMain] INFO  o.s.boot.devtools.restart.ChangeableUrls - The Class-Path manifest attribute in C:\Users\bemjsy\.m2\repository\org\bytedeco\libfreenect\0.5.7-1.5.9\libfreenect-0.5.7-1.5.9.jar referenced one or more files that do not exist: file:/C:/Users/bemjsy/.m2/repository/org/bytedeco/libfreenect/0.5.7-1.5.9/javacpp.jar
2025-12-16 13:52:01.458 [restartedMain] INFO  o.s.boot.devtools.restart.ChangeableUrls - The Class-Path manifest attribute in C:\Users\bemjsy\.m2\repository\org\bytedeco\libfreenect2\0.2.0-1.5.9\libfreenect2-0.2.0-1.5.9.jar referenced one or more files that do not exist: file:/C:/Users/bemjsy/.m2/repository/org/bytedeco/libfreenect2/0.2.0-1.5.9/javacpp.jar
2025-12-16 13:52:01.458 [restartedMain] INFO  o.s.boot.devtools.restart.ChangeableUrls - The Class-Path manifest attribute in C:\Users\bemjsy\.m2\repository\org\bytedeco\librealsense\1.12.4-1.5.9\librealsense-1.12.4-1.5.9.jar referenced one or more files that do not exist: file:/C:/Users/bemjsy/.m2/repository/org/bytedeco/librealsense/1.12.4-1.5.9/javacpp.jar
2025-12-16 13:52:01.458 [restartedMain] INFO  o.s.boot.devtools.restart.ChangeableUrls - The Class-Path manifest attribute in C:\Users\bemjsy\.m2\repository\org\bytedeco\librealsense2\2.53.1-1.5.9\librealsense2-2.53.1-1.5.9.jar referenced one or more files that do not exist: file:/C:/Users/bemjsy/.m2/repository/org/bytedeco/librealsense2/2.53.1-1.5.9/javacpp.jar
2025-12-16 13:52:01.458 [restartedMain] INFO  o.s.boot.devtools.restart.ChangeableUrls - The Class-Path manifest attribute in C:\Users\bemjsy\.m2\repository\org\bytedeco\videoinput\0.200-1.5.9\videoinput-0.200-1.5.9.jar referenced one or more files that do not exist: file:/C:/Users/bemjsy/.m2/repository/org/bytedeco/videoinput/0.200-1.5.9/javacpp.jar
2025-12-16 13:52:01.458 [restartedMain] INFO  o.s.boot.devtools.restart.ChangeableUrls - The Class-Path manifest attribute in C:\Users\bemjsy\.m2\repository\org\bytedeco\artoolkitplus\2.3.1-1.5.9\artoolkitplus-2.3.1-1.5.9.jar referenced one or more files that do not exist: file:/C:/Users/bemjsy/.m2/repository/org/bytedeco/artoolkitplus/2.3.1-1.5.9/javacpp.jar
2025-12-16 13:52:01.459 [restartedMain] INFO  o.s.boot.devtools.restart.ChangeableUrls - The Class-Path manifest attribute in C:\Users\bemjsy\.m2\repository\org\bytedeco\tesseract\5.3.4-1.5.10\tesseract-5.3.4-1.5.10.jar referenced one or more files that do not exist: file:/C:/Users/bemjsy/.m2/repository/org/bytedeco/tesseract/5.3.4-1.5.10/javacpp.jar
2025-12-16 13:52:01.459 [restartedMain] INFO  o.s.boot.devtools.restart.ChangeableUrls - The Class-Path manifest attribute in C:\Users\bemjsy\.m2\repository\org\bytedeco\leptonica\1.84.1-1.5.10\leptonica-1.84.1-1.5.10.jar referenced one or more files that do not exist: file:/C:/Users/bemjsy/.m2/repository/org/bytedeco/leptonica/1.84.1-1.5.10/javacpp.jar
2025-12-16 13:52:01.459 [restartedMain] INFO  o.s.b.d.env.DevToolsPropertyDefaultsPostProcessor - Devtools property defaults active! Set 'spring.devtools.add-properties' to 'false' to disable
2025-12-16 13:52:01.459 [restartedMain] INFO  o.s.b.d.env.DevToolsPropertyDefaultsPostProcessor - For additional web related logging consider setting the 'logging.level.web' property to 'DEBUG'
2025-12-16 13:52:02.423 [restartedMain] INFO  o.s.d.r.config.RepositoryConfigurationDelegate - Multiple Spring Data modules found, entering strict repository configuration mode
2025-12-16 13:52:02.425 [restartedMain] INFO  o.s.d.r.config.RepositoryConfigurationDelegate - Bootstrapping Spring Data JDBC repositories in DEFAULT mode.
2025-12-16 13:52:02.458 [restartedMain] INFO  o.s.d.r.config.RepositoryConfigurationDelegate - Finished Spring Data repository scanning in 28 ms. Found 0 JDBC repository interfaces.
2025-12-16 13:52:02.473 [restartedMain] INFO  o.s.d.r.config.RepositoryConfigurationDelegate - Multiple Spring Data modules found, entering strict repository configuration mode
2025-12-16 13:52:02.474 [restartedMain] INFO  o.s.d.r.config.RepositoryConfigurationDelegate - Bootstrapping Spring Data Redis repositories in DEFAULT mode.
2025-12-16 13:52:02.491 [restartedMain] INFO  o.s.d.r.config.RepositoryConfigurationDelegate - Finished Spring Data repository scanning in 9 ms. Found 0 Redis repository interfaces.
2025-12-16 13:52:03.027 [restartedMain] WARN  o.s.c.s.PostProcessorRegistrationDelegate$BeanPostProcessorChecker - Bean 'redisCacheConfig' of type [org.bem.iot.config.RedisCacheConfig$$SpringCGLIB$$0] is not eligible for getting processed by all BeanPostProcessors (for example: not eligible for auto-proxying). Is this bean getting eagerly injected into a currently created BeanPostProcessor [projectingArgumentResolverBeanPostProcessor]? Check the corresponding BeanPostProcessor declaration and its dependencies.
2025-12-16 13:52:03.318 [restartedMain] WARN  io.undertow.websockets.jsr - UT026010: Buffer pool was not set on WebSocketDeploymentInfo, the default pool will be used
2025-12-16 13:52:03.343 [restartedMain] INFO  io.undertow.servlet - Initializing Spring embedded WebApplicationContext
2025-12-16 13:52:03.344 [restartedMain] INFO  o.s.b.w.s.c.ServletWebServerApplicationContext - Root WebApplicationContext: initialization completed in 1884 ms
2025-12-16 13:52:03.516 [restartedMain] DEBUG c.b.m.e.spring.MybatisSqlSessionFactoryBean - Registered plugin: 'com.baomidou.mybatisplus.extension.plugins.MybatisPlusInterceptor@343324c6'
2025-12-16 13:52:03.518 [restartedMain] DEBUG c.b.m.e.spring.MybatisSqlSessionFactoryBean - Property 'mapperLocations' was not specified.
2025-12-16 13:52:10.766 [restartedMain] INFO  org.bem.iot.media.context.MediaServerContext - 【MediaServer】HTTP流媒体服务启动：成功，端口：7080
2025-12-16 13:52:10.768 [restartedMain] INFO  org.bem.iot.media.context.MediaServerContext - 【MediaServer】RTSP流媒体服务启动：成功，端口：7554
2025-12-16 13:52:10.770 [restartedMain] INFO  org.bem.iot.media.context.MediaServerContext - 【MediaServer】RTMP流媒体服务启动：成功，端口：7935
2025-12-16 13:52:10.772 [restartedMain] INFO  org.bem.iot.media.context.MediaServerContext - 【MediaServer】RTC流媒体服务启动：成功，端口：8000
2025-12-16 13:52:10.773 [restartedMain] INFO  org.bem.iot.media.context.MediaServerContext - 【MediaServer】初始化MediaServer程序成功
2025-12-16 13:52:11.682 [restartedMain] INFO  com.zaxxer.hikari.HikariDataSource - HikariPool-1 - Starting...
2025-12-16 13:52:12.306 [restartedMain] INFO  com.zaxxer.hikari.pool.HikariPool - HikariPool-1 - Added connection org.postgresql.jdbc.PgConnection@2514f1f7
2025-12-16 13:52:12.307 [restartedMain] INFO  com.zaxxer.hikari.HikariDataSource - HikariPool-1 - Start completed.
2025-12-16 13:52:12.648 [restartedMain] INFO  o.s.b.d.autoconfigure.OptionalLiveReloadServer - LiveReload server is running on port 35729
2025-12-16 13:52:12.692 [restartedMain] INFO  io.undertow - starting server: Undertow - 2.3.12.Final
2025-12-16 13:52:12.705 [restartedMain] INFO  org.xnio - XNIO version 3.8.8.Final
2025-12-16 13:52:12.724 [restartedMain] INFO  org.xnio.nio - XNIO NIO Implementation Version 3.8.8.Final
2025-12-16 13:52:12.765 [restartedMain] INFO  org.jboss.threads - JBoss Threads version 3.5.0.Final
2025-12-16 13:52:13.225 [restartedMain] INFO  o.s.boot.web.embedded.undertow.UndertowWebServer - Undertow started on port 8010 (http)
2025-12-16 13:52:13.238 [restartedMain] INFO  org.bem.iot.BemiotApplication - Started BemiotApplication in 12.263 seconds (process running for 13.49)
2025-12-16 13:52:13.242 [restartedMain] DEBUG c.b.mybatisplus.autoconfigure.DdlApplicationRunner -   ...  DDL start create  ...  
2025-12-16 13:52:13.243 [restartedMain] DEBUG c.b.mybatisplus.autoconfigure.DdlApplicationRunner -   ...  DDL end create  ...  
2025-12-16 13:52:15.091 [SpringApplicationShutdownHook] INFO  io.undertow - stopping server: Undertow - 2.3.12.Final
2025-12-16 13:52:15.165 [SpringApplicationShutdownHook] INFO  org.bem.iot.media.context.MediaServerContext - 【MediaServer】关闭所有流媒体服务
2025-12-16 13:52:15.177 [SpringApplicationShutdownHook] INFO  com.zaxxer.hikari.HikariDataSource - HikariPool-1 - Shutdown initiated...
2025-12-16 13:52:15.182 [SpringApplicationShutdownHook] INFO  com.zaxxer.hikari.HikariDataSource - HikariPool-1 - Shutdown completed.
2025-12-16 13:57:31.073 [background-preinit] INFO  org.hibernate.validator.internal.util.Version - HV000001: Hibernate Validator 8.0.1.Final
2025-12-16 13:57:31.136 [restartedMain] INFO  org.bem.iot.BemiotApplication - Starting BemiotApplication using Java 17.0.15 with PID 6920 (D:\www\AIOT\bemiot\bemiot\out\production\classes started by bemjsy in D:\www\AIOT\bemiot\bemiot)
2025-12-16 13:57:31.136 [restartedMain] INFO  org.bem.iot.BemiotApplication - The following 1 profile is active: "dev"
2025-12-16 13:57:31.186 [restartedMain] INFO  o.s.boot.devtools.restart.ChangeableUrls - The Class-Path manifest attribute in C:\Users\bemjsy\.m2\repository\org\bytedeco\javacv\1.5.10\javacv-1.5.10.jar referenced one or more files that do not exist: file:/C:/Users/bemjsy/.m2/repository/org/bytedeco/javacv/1.5.10/javacpp.jar,file:/C:/Users/bemjsy/.m2/repository/org/bytedeco/javacv/1.5.10/openblas.jar,file:/C:/Users/bemjsy/.m2/repository/org/bytedeco/javacv/1.5.10/opencv.jar,file:/C:/Users/bemjsy/.m2/repository/org/bytedeco/javacv/1.5.10/ffmpeg.jar,file:/C:/Users/bemjsy/.m2/repository/org/bytedeco/javacv/1.5.10/flycapture.jar,file:/C:/Users/bemjsy/.m2/repository/org/bytedeco/javacv/1.5.10/libdc1394.jar,file:/C:/Users/bemjsy/.m2/repository/org/bytedeco/javacv/1.5.10/libfreenect.jar,file:/C:/Users/bemjsy/.m2/repository/org/bytedeco/javacv/1.5.10/libfreenect2.jar,file:/C:/Users/bemjsy/.m2/repository/org/bytedeco/javacv/1.5.10/librealsense.jar,file:/C:/Users/bemjsy/.m2/repository/org/bytedeco/javacv/1.5.10/librealsense2.jar,file:/C:/Users/bemjsy/.m2/repository/org/bytedeco/javacv/1.5.10/videoinput.jar,file:/C:/Users/bemjsy/.m2/repository/org/bytedeco/javacv/1.5.10/artoolkitplus.jar,file:/C:/Users/bemjsy/.m2/repository/org/bytedeco/javacv/1.5.10/flandmark.jar,file:/C:/Users/bemjsy/.m2/repository/org/bytedeco/javacv/1.5.10/leptonica.jar,file:/C:/Users/bemjsy/.m2/repository/org/bytedeco/javacv/1.5.10/tesseract.jar,file:/C:/Users/bemjsy/.m2/repository/org/bytedeco/javacv/1.5.10/javacpp-1.5.10.jar,file:/C:/Users/bemjsy/.m2/repository/org/bytedeco/javacv/1.5.10/openblas-0.3.26-1.5.10.jar,file:/C:/Users/bemjsy/.m2/repository/org/bytedeco/javacv/1.5.10/opencv-4.9.0-1.5.10.jar,file:/C:/Users/bemjsy/.m2/repository/org/bytedeco/javacv/1.5.10/ffmpeg-6.1.1-1.5.10.jar,file:/C:/Users/bemjsy/.m2/repository/org/bytedeco/javacv/1.5.10/flycapture-2.13.3.31-1.5.9.jar,file:/C:/Users/bemjsy/.m2/repository/org/bytedeco/javacv/1.5.10/libdc1394-2.2.6-1.5.9.jar,file:/C:/Users/bemjsy/.m2/repository/org/bytedeco/javacv/1.5.10/libfreenect-0.5.7-1.5.9.jar,file:/C:/Users/bemjsy/.m2/repository/org/bytedeco/javacv/1.5.10/libfreenect2-0.2.0-1.5.9.jar,file:/C:/Users/bemjsy/.m2/repository/org/bytedeco/javacv/1.5.10/librealsense-1.12.4-1.5.9.jar,file:/C:/Users/bemjsy/.m2/repository/org/bytedeco/javacv/1.5.10/librealsense2-2.53.1-1.5.9.jar,file:/C:/Users/bemjsy/.m2/repository/org/bytedeco/javacv/1.5.10/videoinput-0.200-1.5.9.jar,file:/C:/Users/bemjsy/.m2/repository/org/bytedeco/javacv/1.5.10/artoolkitplus-2.3.1-1.5.9.jar,file:/C:/Users/bemjsy/.m2/repository/org/bytedeco/javacv/1.5.10/leptonica-1.84.1-1.5.10.jar,file:/C:/Users/bemjsy/.m2/repository/org/bytedeco/javacv/1.5.10/tesseract-5.3.4-1.5.10.jar,file:/C:/Users/bemjsy/.m2/repository/org/bytedeco/javacv/1.5.10/android-4.1.1.4.jar,file:/C:/Users/bemjsy/.m2/repository/org/bytedeco/javacv/1.5.10/gluegen-rt-main-2.3.2.jar,file:/C:/Users/bemjsy/.m2/repository/org/bytedeco/javacv/1.5.10/gluegen-rt-2.3.2.jar,file:/C:/Users/bemjsy/.m2/repository/org/bytedeco/javacv/1.5.10/gluegen-rt-2.3.2-natives-android-aarch64.jar,file:/C:/Users/bemjsy/.m2/repository/org/bytedeco/javacv/1.5.10/gluegen-rt-2.3.2-natives-android-armv6.jar,file:/C:/Users/bemjsy/.m2/repository/org/bytedeco/javacv/1.5.10/gluegen-rt-2.3.2-natives-linux-amd64.jar,file:/C:/Users/bemjsy/.m2/repository/org/bytedeco/javacv/1.5.10/gluegen-rt-2.3.2-natives-linux-armv6.jar,file:/C:/Users/bemjsy/.m2/repository/org/bytedeco/javacv/1.5.10/gluegen-rt-2.3.2-natives-linux-armv6hf.jar,file:/C:/Users/bemjsy/.m2/repository/org/bytedeco/javacv/1.5.10/gluegen-rt-2.3.2-natives-linux-i586.jar,file:/C:/Users/bemjsy/.m2/repository/org/bytedeco/javacv/1.5.10/gluegen-rt-2.3.2-natives-macosx-universal.jar,file:/C:/Users/bemjsy/.m2/repository/org/bytedeco/javacv/1.5.10/gluegen-rt-2.3.2-natives-solaris-amd64.jar,file:/C:/Users/bemjsy/.m2/repository/org/bytedeco/javacv/1.5.10/gluegen-rt-2.3.2-natives-solaris-i586.jar,file:/C:/Users/bemjsy/.m2/repository/org/bytedeco/javacv/1.5.10/gluegen-rt-2.3.2-natives-windows-amd64.jar,file:/C:/Users/bemjsy/.m2/repository/org/bytedeco/javacv/1.5.10/gluegen-rt-2.3.2-natives-windows-i586.jar,file:/C:/Users/bemjsy/.m2/repository/org/bytedeco/javacv/1.5.10/jogl-all-main-2.3.2.jar,file:/C:/Users/bemjsy/.m2/repository/org/bytedeco/javacv/1.5.10/jogl-all-2.3.2.jar,file:/C:/Users/bemjsy/.m2/repository/org/bytedeco/javacv/1.5.10/jogl-all-2.3.2-natives-android-aarch64.jar,file:/C:/Users/bemjsy/.m2/repository/org/bytedeco/javacv/1.5.10/jogl-all-2.3.2-natives-android-armv6.jar,file:/C:/Users/bemjsy/.m2/repository/org/bytedeco/javacv/1.5.10/jogl-all-2.3.2-natives-linux-amd64.jar,file:/C:/Users/bemjsy/.m2/repository/org/bytedeco/javacv/1.5.10/jogl-all-2.3.2-natives-linux-armv6.jar,file:/C:/Users/bemjsy/.m2/repository/org/bytedeco/javacv/1.5.10/jogl-all-2.3.2-natives-linux-armv6hf.jar,file:/C:/Users/bemjsy/.m2/repository/org/bytedeco/javacv/1.5.10/jogl-all-2.3.2-natives-linux-i586.jar,file:/C:/Users/bemjsy/.m2/repository/org/bytedeco/javacv/1.5.10/jogl-all-2.3.2-natives-macosx-universal.jar,file:/C:/Users/bemjsy/.m2/repository/org/bytedeco/javacv/1.5.10/jogl-all-2.3.2-natives-solaris-amd64.jar,file:/C:/Users/bemjsy/.m2/repository/org/bytedeco/javacv/1.5.10/jogl-all-2.3.2-natives-solaris-i586.jar,file:/C:/Users/bemjsy/.m2/repository/org/bytedeco/javacv/1.5.10/jogl-all-2.3.2-natives-windows-amd64.jar,file:/C:/Users/bemjsy/.m2/repository/org/bytedeco/javacv/1.5.10/jogl-all-2.3.2-natives-windows-i586.jar,file:/C:/Users/bemjsy/.m2/repository/org/bytedeco/javacv/1.5.10/jocl-main-2.3.2.jar,file:/C:/Users/bemjsy/.m2/repository/org/bytedeco/javacv/1.5.10/jocl-2.3.2.jar,file:/C:/Users/bemjsy/.m2/repository/org/bytedeco/javacv/1.5.10/jocl-2.3.2-natives-android-aarch64.jar,file:/C:/Users/bemjsy/.m2/repository/org/bytedeco/javacv/1.5.10/jocl-2.3.2-natives-android-armv6.jar,file:/C:/Users/bemjsy/.m2/repository/org/bytedeco/javacv/1.5.10/jocl-2.3.2-natives-linux-amd64.jar,file:/C:/Users/bemjsy/.m2/repository/org/bytedeco/javacv/1.5.10/jocl-2.3.2-natives-linux-armv6.jar,file:/C:/Users/bemjsy/.m2/repository/org/bytedeco/javacv/1.5.10/jocl-2.3.2-natives-linux-armv6hf.jar,file:/C:/Users/bemjsy/.m2/repository/org/bytedeco/javacv/1.5.10/jocl-2.3.2-natives-linux-i586.jar,file:/C:/Users/bemjsy/.m2/repository/org/bytedeco/javacv/1.5.10/jocl-2.3.2-natives-macosx-universal.jar,file:/C:/Users/bemjsy/.m2/repository/org/bytedeco/javacv/1.5.10/jocl-2.3.2-natives-solaris-amd64.jar,file:/C:/Users/bemjsy/.m2/repository/org/bytedeco/javacv/1.5.10/jocl-2.3.2-natives-solaris-i586.jar,file:/C:/Users/bemjsy/.m2/repository/org/bytedeco/javacv/1.5.10/jocl-2.3.2-natives-windows-amd64.jar,file:/C:/Users/bemjsy/.m2/repository/org/bytedeco/javacv/1.5.10/jocl-2.3.2-natives-windows-i586.jar
2025-12-16 13:57:31.186 [restartedMain] INFO  o.s.boot.devtools.restart.ChangeableUrls - The Class-Path manifest attribute in C:\Users\bemjsy\.m2\repository\org\bytedeco\ffmpeg\6.1.1-1.5.10\ffmpeg-6.1.1-1.5.10.jar referenced one or more files that do not exist: file:/C:/Users/bemjsy/.m2/repository/org/bytedeco/ffmpeg/6.1.1-1.5.10/javacpp.jar
2025-12-16 13:57:31.186 [restartedMain] INFO  o.s.boot.devtools.restart.ChangeableUrls - The Class-Path manifest attribute in C:\Users\bemjsy\.m2\repository\org\bytedeco\opencv\4.9.0-1.5.10\opencv-4.9.0-1.5.10.jar referenced one or more files that do not exist: file:/C:/Users/bemjsy/.m2/repository/org/bytedeco/opencv/4.9.0-1.5.10/javacpp.jar
2025-12-16 13:57:31.186 [restartedMain] INFO  o.s.boot.devtools.restart.ChangeableUrls - The Class-Path manifest attribute in C:\Users\bemjsy\.m2\repository\org\bytedeco\openblas\0.3.26-1.5.10\openblas-0.3.26-1.5.10.jar referenced one or more files that do not exist: file:/C:/Users/bemjsy/.m2/repository/org/bytedeco/openblas/0.3.26-1.5.10/javacpp.jar
2025-12-16 13:57:31.186 [restartedMain] INFO  o.s.boot.devtools.restart.ChangeableUrls - The Class-Path manifest attribute in C:\Users\bemjsy\.m2\repository\org\bytedeco\flycapture\2.13.3.31-1.5.9\flycapture-2.13.3.31-1.5.9.jar referenced one or more files that do not exist: file:/C:/Users/bemjsy/.m2/repository/org/bytedeco/flycapture/2.13.3.31-1.5.9/javacpp.jar
2025-12-16 13:57:31.186 [restartedMain] INFO  o.s.boot.devtools.restart.ChangeableUrls - The Class-Path manifest attribute in C:\Users\bemjsy\.m2\repository\org\bytedeco\libdc1394\2.2.6-1.5.9\libdc1394-2.2.6-1.5.9.jar referenced one or more files that do not exist: file:/C:/Users/bemjsy/.m2/repository/org/bytedeco/libdc1394/2.2.6-1.5.9/javacpp.jar
2025-12-16 13:57:31.186 [restartedMain] INFO  o.s.boot.devtools.restart.ChangeableUrls - The Class-Path manifest attribute in C:\Users\bemjsy\.m2\repository\org\bytedeco\libfreenect\0.5.7-1.5.9\libfreenect-0.5.7-1.5.9.jar referenced one or more files that do not exist: file:/C:/Users/bemjsy/.m2/repository/org/bytedeco/libfreenect/0.5.7-1.5.9/javacpp.jar
2025-12-16 13:57:31.186 [restartedMain] INFO  o.s.boot.devtools.restart.ChangeableUrls - The Class-Path manifest attribute in C:\Users\bemjsy\.m2\repository\org\bytedeco\libfreenect2\0.2.0-1.5.9\libfreenect2-0.2.0-1.5.9.jar referenced one or more files that do not exist: file:/C:/Users/bemjsy/.m2/repository/org/bytedeco/libfreenect2/0.2.0-1.5.9/javacpp.jar
2025-12-16 13:57:31.186 [restartedMain] INFO  o.s.boot.devtools.restart.ChangeableUrls - The Class-Path manifest attribute in C:\Users\bemjsy\.m2\repository\org\bytedeco\librealsense\1.12.4-1.5.9\librealsense-1.12.4-1.5.9.jar referenced one or more files that do not exist: file:/C:/Users/bemjsy/.m2/repository/org/bytedeco/librealsense/1.12.4-1.5.9/javacpp.jar
2025-12-16 13:57:31.187 [restartedMain] INFO  o.s.boot.devtools.restart.ChangeableUrls - The Class-Path manifest attribute in C:\Users\bemjsy\.m2\repository\org\bytedeco\librealsense2\2.53.1-1.5.9\librealsense2-2.53.1-1.5.9.jar referenced one or more files that do not exist: file:/C:/Users/bemjsy/.m2/repository/org/bytedeco/librealsense2/2.53.1-1.5.9/javacpp.jar
2025-12-16 13:57:31.187 [restartedMain] INFO  o.s.boot.devtools.restart.ChangeableUrls - The Class-Path manifest attribute in C:\Users\bemjsy\.m2\repository\org\bytedeco\videoinput\0.200-1.5.9\videoinput-0.200-1.5.9.jar referenced one or more files that do not exist: file:/C:/Users/bemjsy/.m2/repository/org/bytedeco/videoinput/0.200-1.5.9/javacpp.jar
2025-12-16 13:57:31.187 [restartedMain] INFO  o.s.boot.devtools.restart.ChangeableUrls - The Class-Path manifest attribute in C:\Users\bemjsy\.m2\repository\org\bytedeco\artoolkitplus\2.3.1-1.5.9\artoolkitplus-2.3.1-1.5.9.jar referenced one or more files that do not exist: file:/C:/Users/bemjsy/.m2/repository/org/bytedeco/artoolkitplus/2.3.1-1.5.9/javacpp.jar
2025-12-16 13:57:31.187 [restartedMain] INFO  o.s.boot.devtools.restart.ChangeableUrls - The Class-Path manifest attribute in C:\Users\bemjsy\.m2\repository\org\bytedeco\tesseract\5.3.4-1.5.10\tesseract-5.3.4-1.5.10.jar referenced one or more files that do not exist: file:/C:/Users/bemjsy/.m2/repository/org/bytedeco/tesseract/5.3.4-1.5.10/javacpp.jar
2025-12-16 13:57:31.187 [restartedMain] INFO  o.s.boot.devtools.restart.ChangeableUrls - The Class-Path manifest attribute in C:\Users\bemjsy\.m2\repository\org\bytedeco\leptonica\1.84.1-1.5.10\leptonica-1.84.1-1.5.10.jar referenced one or more files that do not exist: file:/C:/Users/bemjsy/.m2/repository/org/bytedeco/leptonica/1.84.1-1.5.10/javacpp.jar
2025-12-16 13:57:31.187 [restartedMain] INFO  o.s.b.d.env.DevToolsPropertyDefaultsPostProcessor - Devtools property defaults active! Set 'spring.devtools.add-properties' to 'false' to disable
2025-12-16 13:57:31.187 [restartedMain] INFO  o.s.b.d.env.DevToolsPropertyDefaultsPostProcessor - For additional web related logging consider setting the 'logging.level.web' property to 'DEBUG'
2025-12-16 13:57:32.203 [restartedMain] INFO  o.s.d.r.config.RepositoryConfigurationDelegate - Multiple Spring Data modules found, entering strict repository configuration mode
2025-12-16 13:57:32.205 [restartedMain] INFO  o.s.d.r.config.RepositoryConfigurationDelegate - Bootstrapping Spring Data JDBC repositories in DEFAULT mode.
2025-12-16 13:57:32.239 [restartedMain] INFO  o.s.d.r.config.RepositoryConfigurationDelegate - Finished Spring Data repository scanning in 28 ms. Found 0 JDBC repository interfaces.
2025-12-16 13:57:32.254 [restartedMain] INFO  o.s.d.r.config.RepositoryConfigurationDelegate - Multiple Spring Data modules found, entering strict repository configuration mode
2025-12-16 13:57:32.256 [restartedMain] INFO  o.s.d.r.config.RepositoryConfigurationDelegate - Bootstrapping Spring Data Redis repositories in DEFAULT mode.
2025-12-16 13:57:32.273 [restartedMain] INFO  o.s.d.r.config.RepositoryConfigurationDelegate - Finished Spring Data repository scanning in 9 ms. Found 0 Redis repository interfaces.
2025-12-16 13:57:32.803 [restartedMain] WARN  o.s.c.s.PostProcessorRegistrationDelegate$BeanPostProcessorChecker - Bean 'redisCacheConfig' of type [org.bem.iot.config.RedisCacheConfig$$SpringCGLIB$$0] is not eligible for getting processed by all BeanPostProcessors (for example: not eligible for auto-proxying). Is this bean getting eagerly injected into a currently created BeanPostProcessor [projectingArgumentResolverBeanPostProcessor]? Check the corresponding BeanPostProcessor declaration and its dependencies.
2025-12-16 13:57:33.115 [restartedMain] WARN  io.undertow.websockets.jsr - UT026010: Buffer pool was not set on WebSocketDeploymentInfo, the default pool will be used
2025-12-16 13:57:33.143 [restartedMain] INFO  io.undertow.servlet - Initializing Spring embedded WebApplicationContext
2025-12-16 13:57:33.143 [restartedMain] INFO  o.s.b.w.s.c.ServletWebServerApplicationContext - Root WebApplicationContext: initialization completed in 1956 ms
2025-12-16 13:57:33.326 [restartedMain] DEBUG c.b.m.e.spring.MybatisSqlSessionFactoryBean - Registered plugin: 'com.baomidou.mybatisplus.extension.plugins.MybatisPlusInterceptor@6f111e00'
2025-12-16 13:57:33.328 [restartedMain] DEBUG c.b.m.e.spring.MybatisSqlSessionFactoryBean - Property 'mapperLocations' was not specified.
2025-12-16 13:57:35.389 [restartedMain] INFO  org.bem.iot.media.context.MediaServerContext - 【MediaServer】HTTP流媒体服务启动：成功，端口：7080
2025-12-16 13:57:35.390 [restartedMain] INFO  org.bem.iot.media.context.MediaServerContext - 【MediaServer】RTSP流媒体服务启动：成功，端口：7554
2025-12-16 13:57:35.391 [restartedMain] INFO  org.bem.iot.media.context.MediaServerContext - 【MediaServer】RTMP流媒体服务启动：成功，端口：7935
2025-12-16 13:57:35.393 [restartedMain] INFO  org.bem.iot.media.context.MediaServerContext - 【MediaServer】RTC流媒体服务启动：成功，端口：8000
2025-12-16 13:57:35.393 [restartedMain] INFO  org.bem.iot.media.context.MediaServerContext - 【MediaServer】初始化MediaServer程序成功
2025-12-16 13:57:36.179 [restartedMain] INFO  com.zaxxer.hikari.HikariDataSource - HikariPool-1 - Starting...
2025-12-16 13:57:36.378 [restartedMain] INFO  com.zaxxer.hikari.pool.HikariPool - HikariPool-1 - Added connection org.postgresql.jdbc.PgConnection@1f89c246
2025-12-16 13:57:36.380 [restartedMain] INFO  com.zaxxer.hikari.HikariDataSource - HikariPool-1 - Start completed.
2025-12-16 13:57:36.633 [restartedMain] INFO  o.s.b.d.autoconfigure.OptionalLiveReloadServer - LiveReload server is running on port 35729
2025-12-16 13:57:36.679 [restartedMain] INFO  io.undertow - starting server: Undertow - 2.3.12.Final
2025-12-16 13:57:36.688 [restartedMain] INFO  org.xnio - XNIO version 3.8.8.Final
2025-12-16 13:57:36.696 [restartedMain] INFO  org.xnio.nio - XNIO NIO Implementation Version 3.8.8.Final
2025-12-16 13:57:36.725 [restartedMain] INFO  org.jboss.threads - JBoss Threads version 3.5.0.Final
2025-12-16 13:57:37.091 [restartedMain] INFO  o.s.boot.web.embedded.undertow.UndertowWebServer - Undertow started on port 8010 (http)
2025-12-16 13:57:37.103 [restartedMain] INFO  org.bem.iot.BemiotApplication - Started BemiotApplication in 6.444 seconds (process running for 7.761)
2025-12-16 13:57:37.107 [restartedMain] DEBUG c.b.mybatisplus.autoconfigure.DdlApplicationRunner -   ...  DDL start create  ...  
2025-12-16 13:57:37.107 [restartedMain] DEBUG c.b.mybatisplus.autoconfigure.DdlApplicationRunner -   ...  DDL end create  ...  
2025-12-16 13:57:39.090 [SpringApplicationShutdownHook] INFO  io.undertow - stopping server: Undertow - 2.3.12.Final
2025-12-16 13:57:39.134 [SpringApplicationShutdownHook] INFO  org.bem.iot.media.context.MediaServerContext - 【MediaServer】关闭所有流媒体服务
2025-12-16 13:57:39.148 [SpringApplicationShutdownHook] INFO  com.zaxxer.hikari.HikariDataSource - HikariPool-1 - Shutdown initiated...
2025-12-16 13:57:39.153 [SpringApplicationShutdownHook] INFO  com.zaxxer.hikari.HikariDataSource - HikariPool-1 - Shutdown completed.
