2026-02-09 15:13:59.191 [background-preinit] INFO  org.hibernate.validator.internal.util.Version - HV000001: Hibernate Validator 8.0.1.Final
2026-02-09 15:13:59.246 [restartedMain] INFO  org.bem.iot.BemiotApplication - Starting BemiotApplication using Java 17.0.15 with PID 9448 (D:\www\AIOT\bemiot\bemiot\out\production\classes started by bemjsy in D:\www\AIOT\bemiot\bemiot)
2026-02-09 15:13:59.247 [restartedMain] INFO  org.bem.iot.BemiotApplication - The following 1 profile is active: "dev"
2026-02-09 15:13:59.301 [restartedMain] INFO  o.s.boot.devtools.restart.ChangeableUrls - The Class-Path manifest attribute in C:\Users\bemjsy\.m2\repository\org\bytedeco\javacv\1.5.10\javacv-1.5.10.jar referenced one or more files that do not exist: file:/C:/Users/bemjsy/.m2/repository/org/bytedeco/javacv/1.5.10/javacpp.jar,file:/C:/Users/bemjsy/.m2/repository/org/bytedeco/javacv/1.5.10/openblas.jar,file:/C:/Users/bemjsy/.m2/repository/org/bytedeco/javacv/1.5.10/opencv.jar,file:/C:/Users/bemjsy/.m2/repository/org/bytedeco/javacv/1.5.10/ffmpeg.jar,file:/C:/Users/bemjsy/.m2/repository/org/bytedeco/javacv/1.5.10/flycapture.jar,file:/C:/Users/bemjsy/.m2/repository/org/bytedeco/javacv/1.5.10/libdc1394.jar,file:/C:/Users/bemjsy/.m2/repository/org/bytedeco/javacv/1.5.10/libfreenect.jar,file:/C:/Users/bemjsy/.m2/repository/org/bytedeco/javacv/1.5.10/libfreenect2.jar,file:/C:/Users/bemjsy/.m2/repository/org/bytedeco/javacv/1.5.10/librealsense.jar,file:/C:/Users/bemjsy/.m2/repository/org/bytedeco/javacv/1.5.10/librealsense2.jar,file:/C:/Users/bemjsy/.m2/repository/org/bytedeco/javacv/1.5.10/videoinput.jar,file:/C:/Users/bemjsy/.m2/repository/org/bytedeco/javacv/1.5.10/artoolkitplus.jar,file:/C:/Users/bemjsy/.m2/repository/org/bytedeco/javacv/1.5.10/flandmark.jar,file:/C:/Users/bemjsy/.m2/repository/org/bytedeco/javacv/1.5.10/leptonica.jar,file:/C:/Users/bemjsy/.m2/repository/org/bytedeco/javacv/1.5.10/tesseract.jar,file:/C:/Users/bemjsy/.m2/repository/org/bytedeco/javacv/1.5.10/javacpp-1.5.10.jar,file:/C:/Users/bemjsy/.m2/repository/org/bytedeco/javacv/1.5.10/openblas-0.3.26-1.5.10.jar,file:/C:/Users/bemjsy/.m2/repository/org/bytedeco/javacv/1.5.10/opencv-4.9.0-1.5.10.jar,file:/C:/Users/bemjsy/.m2/repository/org/bytedeco/javacv/1.5.10/ffmpeg-6.1.1-1.5.10.jar,file:/C:/Users/bemjsy/.m2/repository/org/bytedeco/javacv/1.5.10/flycapture-2.13.3.31-1.5.9.jar,file:/C:/Users/bemjsy/.m2/repository/org/bytedeco/javacv/1.5.10/libdc1394-2.2.6-1.5.9.jar,file:/C:/Users/bemjsy/.m2/repository/org/bytedeco/javacv/1.5.10/libfreenect-0.5.7-1.5.9.jar,file:/C:/Users/bemjsy/.m2/repository/org/bytedeco/javacv/1.5.10/libfreenect2-0.2.0-1.5.9.jar,file:/C:/Users/bemjsy/.m2/repository/org/bytedeco/javacv/1.5.10/librealsense-1.12.4-1.5.9.jar,file:/C:/Users/bemjsy/.m2/repository/org/bytedeco/javacv/1.5.10/librealsense2-2.53.1-1.5.9.jar,file:/C:/Users/bemjsy/.m2/repository/org/bytedeco/javacv/1.5.10/videoinput-0.200-1.5.9.jar,file:/C:/Users/bemjsy/.m2/repository/org/bytedeco/javacv/1.5.10/artoolkitplus-2.3.1-1.5.9.jar,file:/C:/Users/bemjsy/.m2/repository/org/bytedeco/javacv/1.5.10/leptonica-1.84.1-1.5.10.jar,file:/C:/Users/bemjsy/.m2/repository/org/bytedeco/javacv/1.5.10/tesseract-5.3.4-1.5.10.jar,file:/C:/Users/bemjsy/.m2/repository/org/bytedeco/javacv/1.5.10/android-4.1.1.4.jar,file:/C:/Users/bemjsy/.m2/repository/org/bytedeco/javacv/1.5.10/gluegen-rt-main-2.3.2.jar,file:/C:/Users/bemjsy/.m2/repository/org/bytedeco/javacv/1.5.10/gluegen-rt-2.3.2.jar,file:/C:/Users/bemjsy/.m2/repository/org/bytedeco/javacv/1.5.10/gluegen-rt-2.3.2-natives-android-aarch64.jar,file:/C:/Users/bemjsy/.m2/repository/org/bytedeco/javacv/1.5.10/gluegen-rt-2.3.2-natives-android-armv6.jar,file:/C:/Users/bemjsy/.m2/repository/org/bytedeco/javacv/1.5.10/gluegen-rt-2.3.2-natives-linux-amd64.jar,file:/C:/Users/bemjsy/.m2/repository/org/bytedeco/javacv/1.5.10/gluegen-rt-2.3.2-natives-linux-armv6.jar,file:/C:/Users/bemjsy/.m2/repository/org/bytedeco/javacv/1.5.10/gluegen-rt-2.3.2-natives-linux-armv6hf.jar,file:/C:/Users/bemjsy/.m2/repository/org/bytedeco/javacv/1.5.10/gluegen-rt-2.3.2-natives-linux-i586.jar,file:/C:/Users/bemjsy/.m2/repository/org/bytedeco/javacv/1.5.10/gluegen-rt-2.3.2-natives-macosx-universal.jar,file:/C:/Users/bemjsy/.m2/repository/org/bytedeco/javacv/1.5.10/gluegen-rt-2.3.2-natives-solaris-amd64.jar,file:/C:/Users/bemjsy/.m2/repository/org/bytedeco/javacv/1.5.10/gluegen-rt-2.3.2-natives-solaris-i586.jar,file:/C:/Users/bemjsy/.m2/repository/org/bytedeco/javacv/1.5.10/gluegen-rt-2.3.2-natives-windows-amd64.jar,file:/C:/Users/bemjsy/.m2/repository/org/bytedeco/javacv/1.5.10/gluegen-rt-2.3.2-natives-windows-i586.jar,file:/C:/Users/bemjsy/.m2/repository/org/bytedeco/javacv/1.5.10/jogl-all-main-2.3.2.jar,file:/C:/Users/bemjsy/.m2/repository/org/bytedeco/javacv/1.5.10/jogl-all-2.3.2.jar,file:/C:/Users/bemjsy/.m2/repository/org/bytedeco/javacv/1.5.10/jogl-all-2.3.2-natives-android-aarch64.jar,file:/C:/Users/bemjsy/.m2/repository/org/bytedeco/javacv/1.5.10/jogl-all-2.3.2-natives-android-armv6.jar,file:/C:/Users/bemjsy/.m2/repository/org/bytedeco/javacv/1.5.10/jogl-all-2.3.2-natives-linux-amd64.jar,file:/C:/Users/bemjsy/.m2/repository/org/bytedeco/javacv/1.5.10/jogl-all-2.3.2-natives-linux-armv6.jar,file:/C:/Users/bemjsy/.m2/repository/org/bytedeco/javacv/1.5.10/jogl-all-2.3.2-natives-linux-armv6hf.jar,file:/C:/Users/bemjsy/.m2/repository/org/bytedeco/javacv/1.5.10/jogl-all-2.3.2-natives-linux-i586.jar,file:/C:/Users/bemjsy/.m2/repository/org/bytedeco/javacv/1.5.10/jogl-all-2.3.2-natives-macosx-universal.jar,file:/C:/Users/bemjsy/.m2/repository/org/bytedeco/javacv/1.5.10/jogl-all-2.3.2-natives-solaris-amd64.jar,file:/C:/Users/bemjsy/.m2/repository/org/bytedeco/javacv/1.5.10/jogl-all-2.3.2-natives-solaris-i586.jar,file:/C:/Users/bemjsy/.m2/repository/org/bytedeco/javacv/1.5.10/jogl-all-2.3.2-natives-windows-amd64.jar,file:/C:/Users/bemjsy/.m2/repository/org/bytedeco/javacv/1.5.10/jogl-all-2.3.2-natives-windows-i586.jar,file:/C:/Users/bemjsy/.m2/repository/org/bytedeco/javacv/1.5.10/jocl-main-2.3.2.jar,file:/C:/Users/bemjsy/.m2/repository/org/bytedeco/javacv/1.5.10/jocl-2.3.2.jar,file:/C:/Users/bemjsy/.m2/repository/org/bytedeco/javacv/1.5.10/jocl-2.3.2-natives-android-aarch64.jar,file:/C:/Users/bemjsy/.m2/repository/org/bytedeco/javacv/1.5.10/jocl-2.3.2-natives-android-armv6.jar,file:/C:/Users/bemjsy/.m2/repository/org/bytedeco/javacv/1.5.10/jocl-2.3.2-natives-linux-amd64.jar,file:/C:/Users/bemjsy/.m2/repository/org/bytedeco/javacv/1.5.10/jocl-2.3.2-natives-linux-armv6.jar,file:/C:/Users/bemjsy/.m2/repository/org/bytedeco/javacv/1.5.10/jocl-2.3.2-natives-linux-armv6hf.jar,file:/C:/Users/bemjsy/.m2/repository/org/bytedeco/javacv/1.5.10/jocl-2.3.2-natives-linux-i586.jar,file:/C:/Users/bemjsy/.m2/repository/org/bytedeco/javacv/1.5.10/jocl-2.3.2-natives-macosx-universal.jar,file:/C:/Users/bemjsy/.m2/repository/org/bytedeco/javacv/1.5.10/jocl-2.3.2-natives-solaris-amd64.jar,file:/C:/Users/bemjsy/.m2/repository/org/bytedeco/javacv/1.5.10/jocl-2.3.2-natives-solaris-i586.jar,file:/C:/Users/bemjsy/.m2/repository/org/bytedeco/javacv/1.5.10/jocl-2.3.2-natives-windows-amd64.jar,file:/C:/Users/bemjsy/.m2/repository/org/bytedeco/javacv/1.5.10/jocl-2.3.2-natives-windows-i586.jar
2026-02-09 15:13:59.301 [restartedMain] INFO  o.s.boot.devtools.restart.ChangeableUrls - The Class-Path manifest attribute in C:\Users\bemjsy\.m2\repository\org\bytedeco\ffmpeg\6.1.1-1.5.10\ffmpeg-6.1.1-1.5.10.jar referenced one or more files that do not exist: file:/C:/Users/bemjsy/.m2/repository/org/bytedeco/ffmpeg/6.1.1-1.5.10/javacpp.jar
2026-02-09 15:13:59.301 [restartedMain] INFO  o.s.boot.devtools.restart.ChangeableUrls - The Class-Path manifest attribute in C:\Users\bemjsy\.m2\repository\org\bytedeco\opencv\4.9.0-1.5.10\opencv-4.9.0-1.5.10.jar referenced one or more files that do not exist: file:/C:/Users/bemjsy/.m2/repository/org/bytedeco/opencv/4.9.0-1.5.10/javacpp.jar
2026-02-09 15:13:59.302 [restartedMain] INFO  o.s.boot.devtools.restart.ChangeableUrls - The Class-Path manifest attribute in C:\Users\bemjsy\.m2\repository\org\bytedeco\openblas\0.3.26-1.5.10\openblas-0.3.26-1.5.10.jar referenced one or more files that do not exist: file:/C:/Users/bemjsy/.m2/repository/org/bytedeco/openblas/0.3.26-1.5.10/javacpp.jar
2026-02-09 15:13:59.302 [restartedMain] INFO  o.s.boot.devtools.restart.ChangeableUrls - The Class-Path manifest attribute in C:\Users\bemjsy\.m2\repository\org\bytedeco\flycapture\2.13.3.31-1.5.9\flycapture-2.13.3.31-1.5.9.jar referenced one or more files that do not exist: file:/C:/Users/bemjsy/.m2/repository/org/bytedeco/flycapture/2.13.3.31-1.5.9/javacpp.jar
2026-02-09 15:13:59.302 [restartedMain] INFO  o.s.boot.devtools.restart.ChangeableUrls - The Class-Path manifest attribute in C:\Users\bemjsy\.m2\repository\org\bytedeco\libdc1394\2.2.6-1.5.9\libdc1394-2.2.6-1.5.9.jar referenced one or more files that do not exist: file:/C:/Users/bemjsy/.m2/repository/org/bytedeco/libdc1394/2.2.6-1.5.9/javacpp.jar
2026-02-09 15:13:59.302 [restartedMain] INFO  o.s.boot.devtools.restart.ChangeableUrls - The Class-Path manifest attribute in C:\Users\bemjsy\.m2\repository\org\bytedeco\libfreenect\0.5.7-1.5.9\libfreenect-0.5.7-1.5.9.jar referenced one or more files that do not exist: file:/C:/Users/bemjsy/.m2/repository/org/bytedeco/libfreenect/0.5.7-1.5.9/javacpp.jar
2026-02-09 15:13:59.302 [restartedMain] INFO  o.s.boot.devtools.restart.ChangeableUrls - The Class-Path manifest attribute in C:\Users\bemjsy\.m2\repository\org\bytedeco\libfreenect2\0.2.0-1.5.9\libfreenect2-0.2.0-1.5.9.jar referenced one or more files that do not exist: file:/C:/Users/bemjsy/.m2/repository/org/bytedeco/libfreenect2/0.2.0-1.5.9/javacpp.jar
2026-02-09 15:13:59.302 [restartedMain] INFO  o.s.boot.devtools.restart.ChangeableUrls - The Class-Path manifest attribute in C:\Users\bemjsy\.m2\repository\org\bytedeco\librealsense\1.12.4-1.5.9\librealsense-1.12.4-1.5.9.jar referenced one or more files that do not exist: file:/C:/Users/bemjsy/.m2/repository/org/bytedeco/librealsense/1.12.4-1.5.9/javacpp.jar
2026-02-09 15:13:59.302 [restartedMain] INFO  o.s.boot.devtools.restart.ChangeableUrls - The Class-Path manifest attribute in C:\Users\bemjsy\.m2\repository\org\bytedeco\librealsense2\2.53.1-1.5.9\librealsense2-2.53.1-1.5.9.jar referenced one or more files that do not exist: file:/C:/Users/bemjsy/.m2/repository/org/bytedeco/librealsense2/2.53.1-1.5.9/javacpp.jar
2026-02-09 15:13:59.302 [restartedMain] INFO  o.s.boot.devtools.restart.ChangeableUrls - The Class-Path manifest attribute in C:\Users\bemjsy\.m2\repository\org\bytedeco\videoinput\0.200-1.5.9\videoinput-0.200-1.5.9.jar referenced one or more files that do not exist: file:/C:/Users/bemjsy/.m2/repository/org/bytedeco/videoinput/0.200-1.5.9/javacpp.jar
2026-02-09 15:13:59.302 [restartedMain] INFO  o.s.boot.devtools.restart.ChangeableUrls - The Class-Path manifest attribute in C:\Users\bemjsy\.m2\repository\org\bytedeco\artoolkitplus\2.3.1-1.5.9\artoolkitplus-2.3.1-1.5.9.jar referenced one or more files that do not exist: file:/C:/Users/bemjsy/.m2/repository/org/bytedeco/artoolkitplus/2.3.1-1.5.9/javacpp.jar
2026-02-09 15:13:59.302 [restartedMain] INFO  o.s.boot.devtools.restart.ChangeableUrls - The Class-Path manifest attribute in C:\Users\bemjsy\.m2\repository\org\bytedeco\tesseract\5.3.4-1.5.10\tesseract-5.3.4-1.5.10.jar referenced one or more files that do not exist: file:/C:/Users/bemjsy/.m2/repository/org/bytedeco/tesseract/5.3.4-1.5.10/javacpp.jar
2026-02-09 15:13:59.302 [restartedMain] INFO  o.s.boot.devtools.restart.ChangeableUrls - The Class-Path manifest attribute in C:\Users\bemjsy\.m2\repository\org\bytedeco\leptonica\1.84.1-1.5.10\leptonica-1.84.1-1.5.10.jar referenced one or more files that do not exist: file:/C:/Users/bemjsy/.m2/repository/org/bytedeco/leptonica/1.84.1-1.5.10/javacpp.jar
2026-02-09 15:13:59.302 [restartedMain] INFO  o.s.b.d.env.DevToolsPropertyDefaultsPostProcessor - Devtools property defaults active! Set 'spring.devtools.add-properties' to 'false' to disable
2026-02-09 15:13:59.302 [restartedMain] INFO  o.s.b.d.env.DevToolsPropertyDefaultsPostProcessor - For additional web related logging consider setting the 'logging.level.web' property to 'DEBUG'
2026-02-09 15:14:00.591 [restartedMain] INFO  o.s.d.r.config.RepositoryConfigurationDelegate - Multiple Spring Data modules found, entering strict repository configuration mode
2026-02-09 15:14:00.594 [restartedMain] INFO  o.s.d.r.config.RepositoryConfigurationDelegate - Bootstrapping Spring Data JDBC repositories in DEFAULT mode.
2026-02-09 15:14:00.696 [restartedMain] INFO  o.s.d.r.config.RepositoryConfigurationDelegate - Finished Spring Data repository scanning in 96 ms. Found 0 JDBC repository interfaces.
2026-02-09 15:14:00.713 [restartedMain] INFO  o.s.d.r.config.RepositoryConfigurationDelegate - Multiple Spring Data modules found, entering strict repository configuration mode
2026-02-09 15:14:00.714 [restartedMain] INFO  o.s.d.r.config.RepositoryConfigurationDelegate - Bootstrapping Spring Data Redis repositories in DEFAULT mode.
2026-02-09 15:14:00.732 [restartedMain] INFO  o.s.d.r.config.RepositoryConfigurationDelegate - Finished Spring Data repository scanning in 8 ms. Found 0 Redis repository interfaces.
2026-02-09 15:14:00.940 [restartedMain] INFO  o.s.i.c.DefaultConfiguringBeanFactoryPostProcessor - No bean named 'errorChannel' has been explicitly defined. Therefore, a default PublishSubscribeChannel will be created.
2026-02-09 15:14:00.953 [restartedMain] INFO  o.s.i.c.DefaultConfiguringBeanFactoryPostProcessor - No bean named 'integrationHeaderChannelRegistry' has been explicitly defined. Therefore, a default DefaultHeaderChannelRegistry will be created.
2026-02-09 15:14:01.810 [restartedMain] INFO  io.undertow.servlet - Initializing Spring embedded WebApplicationContext
2026-02-09 15:14:01.812 [restartedMain] INFO  o.s.b.w.s.c.ServletWebServerApplicationContext - Root WebApplicationContext: initialization completed in 2508 ms
2026-02-09 15:14:02.000 [restartedMain] DEBUG c.b.m.e.spring.MybatisSqlSessionFactoryBean - Registered plugin: 'com.baomidou.mybatisplus.extension.plugins.MybatisPlusInterceptor@677289e1'
2026-02-09 15:14:02.002 [restartedMain] DEBUG c.b.m.e.spring.MybatisSqlSessionFactoryBean - Property 'mapperLocations' was not specified.
2026-02-09 15:14:03.893 [restartedMain] INFO  org.bem.iot.media.context.MediaServerContext - 【MediaServer】HTTP流媒体服务启动：成功，端口：7080
2026-02-09 15:14:03.894 [restartedMain] INFO  org.bem.iot.media.context.MediaServerContext - 【MediaServer】RTSP流媒体服务启动：成功，端口：7554
2026-02-09 15:14:03.894 [restartedMain] INFO  org.bem.iot.media.context.MediaServerContext - 【MediaServer】RTMP流媒体服务启动：成功，端口：7935
2026-02-09 15:14:03.895 [restartedMain] INFO  org.bem.iot.media.context.MediaServerContext - 【MediaServer】RTC流媒体服务启动：成功，端口：8000
2026-02-09 15:14:03.896 [restartedMain] INFO  org.bem.iot.media.context.MediaServerContext - 【MediaServer】初始化MediaServer程序成功
2026-02-09 15:14:04.736 [restartedMain] INFO  org.bem.iot.mqtt.config.MqttConfig - 订阅主题: warn_topic
2026-02-09 15:14:04.736 [restartedMain] INFO  org.bem.iot.mqtt.config.MqttConfig - 订阅主题: sensor_data
2026-02-09 15:14:04.737 [restartedMain] INFO  org.bem.iot.mqtt.config.MqttConfig - 订阅主题: device_status
2026-02-09 15:14:04.737 [restartedMain] INFO  org.bem.iot.mqtt.config.MqttConfig - 订阅主题: #
2026-02-09 15:14:04.737 [restartedMain] INFO  org.bem.iot.mqtt.config.MqttConfig - 已成功连接到MQTT服务器并订阅主题
2026-02-09 15:14:05.536 [restartedMain] INFO  com.zaxxer.hikari.HikariDataSource - HikariPool-1 - Starting...
2026-02-09 15:14:06.128 [restartedMain] INFO  com.zaxxer.hikari.pool.HikariPool - HikariPool-1 - Added connection org.postgresql.jdbc.PgConnection@1dafca66
2026-02-09 15:14:06.133 [restartedMain] INFO  com.zaxxer.hikari.HikariDataSource - HikariPool-1 - Start completed.
2026-02-09 15:14:06.410 [restartedMain] INFO  o.s.b.d.autoconfigure.OptionalLiveReloadServer - LiveReload server is running on port 35729
2026-02-09 15:14:06.554 [restartedMain] INFO  o.s.integration.endpoint.EventDrivenConsumer - Adding {logging-channel-adapter:_org.springframework.integration.errorLogger} as a subscriber to the 'errorChannel' channel
2026-02-09 15:14:06.554 [restartedMain] INFO  o.s.integration.channel.PublishSubscribeChannel - Channel 'bemiot.errorChannel' has 1 subscriber(s).
2026-02-09 15:14:06.555 [restartedMain] INFO  o.s.integration.endpoint.EventDrivenConsumer - started bean '_org.springframework.integration.errorLogger'
2026-02-09 15:14:06.570 [restartedMain] INFO  io.undertow - starting server: Undertow - 2.3.12.Final
2026-02-09 15:14:06.590 [restartedMain] INFO  org.xnio - XNIO version 3.8.8.Final
2026-02-09 15:14:06.603 [restartedMain] INFO  org.xnio.nio - XNIO NIO Implementation Version 3.8.8.Final
2026-02-09 15:14:06.644 [restartedMain] INFO  org.jboss.threads - JBoss Threads version 3.5.0.Final
2026-02-09 15:14:06.892 [restartedMain] INFO  o.s.boot.web.embedded.undertow.UndertowWebServer - Undertow started on port 8010 (http)
2026-02-09 15:14:06.907 [restartedMain] INFO  org.bem.iot.BemiotApplication - Started BemiotApplication in 8.149 seconds (process running for 15.139)
2026-02-09 15:14:06.910 [restartedMain] DEBUG c.b.mybatisplus.autoconfigure.DdlApplicationRunner -   ...  DDL start create  ...  
2026-02-09 15:14:06.911 [restartedMain] DEBUG c.b.mybatisplus.autoconfigure.DdlApplicationRunner -   ...  DDL end create  ...  
2026-02-09 15:14:07.828 [taskExecutor-2] INFO  com.zaxxer.hikari.HikariDataSource - HikariPool-2 - Starting...
2026-02-09 15:14:08.181 [taskExecutor-2] INFO  com.zaxxer.hikari.pool.HikariPool - HikariPool-2 - Added connection com.taosdata.jdbc.rs.RestfulConnection@5df1fc50
2026-02-09 15:14:08.181 [taskExecutor-2] INFO  com.zaxxer.hikari.HikariDataSource - HikariPool-2 - Start completed.
2026-02-09 15:15:00.164 [XNIO-1 task-2] INFO  io.undertow.servlet - Initializing Spring DispatcherServlet 'dispatcherServlet'
2026-02-09 15:15:00.165 [XNIO-1 task-2] INFO  org.springframework.web.servlet.DispatcherServlet - Initializing Servlet 'dispatcherServlet'
2026-02-09 15:15:00.169 [XNIO-1 task-2] INFO  org.springframework.web.servlet.DispatcherServlet - Completed initialization in 3 ms
2026-02-09 15:24:58.035 [reactor-http-nio-2] WARN  reactor.netty.http.client.HttpClientConnect - [32496bff-261, L:/172.150.1.32:62101 ! R:/106.14.96.231:15672] The connection observed an error
reactor.netty.http.client.PrematureCloseException: Connection prematurely closed BEFORE response
2026-02-09 15:24:58.159 [taskExecutor-15] ERROR MonitorTask - Connection prematurely closed BEFORE response
2026-02-09 15:28:58.447 [reactor-http-nio-3] WARN  reactor.netty.http.client.HttpClientConnect - [63d166e3-95, L:/172.150.1.32:62789 ! R:/106.14.96.231:15672] The connection observed an error
reactor.netty.http.client.PrematureCloseException: Connection prematurely closed BEFORE response
2026-02-09 15:28:58.566 [taskExecutor-1] ERROR MonitorTask - Connection prematurely closed BEFORE response
2026-02-09 15:45:34.932 [reactor-http-nio-4] WARN  reactor.netty.http.client.HttpClientConnect - [f63e385a-397, L:/172.150.1.32:62972 ! R:/106.14.96.231:15672] The connection observed an error
reactor.netty.http.client.PrematureCloseException: Connection prematurely closed BEFORE response
2026-02-09 15:45:35.044 [taskExecutor-20] ERROR MonitorTask - Connection prematurely closed BEFORE response
2026-02-09 15:46:14.864 [XNIO-1 task-6] WARN  o.s.w.s.m.m.a.ExceptionHandlerExceptionResolver - Resolved [org.springframework.web.bind.MethodArgumentNotValidException: Validation failed for argument [0] in public void org.bem.iot.controller.SceneLinkageController.addSceneLinkage(org.bem.iot.model.scene.SceneLinkage): [Field error in object 'sceneLinkage' on field 'elData': rejected value []; codes [NotEmpty.sceneLinkage.elData,NotEmpty.elData,NotEmpty.java.lang.String,NotEmpty]; arguments [org.springframework.context.support.DefaultMessageSourceResolvable: codes [sceneLinkage.elData,elData]; arguments []; default message [elData]]; default message [规则引擎不能为空]] ]
2026-02-09 15:48:04.936 [XNIO-1 task-2] WARN  o.s.w.s.m.m.a.ExceptionHandlerExceptionResolver - Resolved [org.springframework.web.bind.MethodArgumentNotValidException: Validation failed for argument [0] in public void org.bem.iot.controller.SceneLinkageController.addSceneLinkage(org.bem.iot.model.scene.SceneLinkage): [Field error in object 'sceneLinkage' on field 'elData': rejected value []; codes [NotEmpty.sceneLinkage.elData,NotEmpty.elData,NotEmpty.java.lang.String,NotEmpty]; arguments [org.springframework.context.support.DefaultMessageSourceResolvable: codes [sceneLinkage.elData,elData]; arguments []; default message [elData]]; default message [规则引擎不能为空]] ]
2026-02-09 15:49:40.762 [XNIO-1 task-6] WARN  o.s.w.s.m.m.a.ExceptionHandlerExceptionResolver - Resolved [org.springframework.web.bind.MethodArgumentNotValidException: Validation failed for argument [0] in public void org.bem.iot.controller.SceneLinkageController.addSceneLinkage(org.bem.iot.model.scene.SceneLinkage): [Field error in object 'sceneLinkage' on field 'elData': rejected value []; codes [NotEmpty.sceneLinkage.elData,NotEmpty.elData,NotEmpty.java.lang.String,NotEmpty]; arguments [org.springframework.context.support.DefaultMessageSourceResolvable: codes [sceneLinkage.elData,elData]; arguments []; default message [elData]]; default message [规则引擎不能为空]] ]
2026-02-09 15:54:45.799 [reactor-http-nio-5] WARN  reactor.netty.http.client.HttpClientConnect - [78c477ac-219, L:/172.150.1.32:63747 ! R:/106.14.96.231:15672] The connection observed an error
reactor.netty.http.client.PrematureCloseException: Connection prematurely closed BEFORE response
2026-02-09 15:54:45.902 [taskExecutor-6] ERROR MonitorTask - Connection prematurely closed BEFORE response
2026-02-09 16:17:25.429 [SpringApplicationShutdownHook] INFO  io.undertow - stopping server: Undertow - 2.3.12.Final
2026-02-09 16:17:25.447 [SpringApplicationShutdownHook] INFO  io.undertow.servlet - Destroying Spring FrameworkServlet 'dispatcherServlet'
2026-02-09 16:17:25.605 [SpringApplicationShutdownHook] INFO  o.s.integration.endpoint.EventDrivenConsumer - Removing {logging-channel-adapter:_org.springframework.integration.errorLogger} as a subscriber to the 'errorChannel' channel
2026-02-09 16:17:25.605 [SpringApplicationShutdownHook] INFO  o.s.integration.channel.PublishSubscribeChannel - Channel 'bemiot.errorChannel' has 0 subscriber(s).
2026-02-09 16:17:25.605 [SpringApplicationShutdownHook] INFO  o.s.integration.endpoint.EventDrivenConsumer - stopped bean '_org.springframework.integration.errorLogger'
2026-02-09 16:17:25.616 [SpringApplicationShutdownHook] INFO  org.bem.iot.media.context.MediaServerContext - 【MediaServer】关闭所有流媒体服务
2026-02-09 16:17:25.621 [SpringApplicationShutdownHook] INFO  com.zaxxer.hikari.HikariDataSource - HikariPool-2 - Shutdown initiated...
2026-02-09 16:17:25.623 [SpringApplicationShutdownHook] INFO  com.zaxxer.hikari.HikariDataSource - HikariPool-2 - Shutdown completed.
2026-02-09 16:17:25.627 [SpringApplicationShutdownHook] INFO  com.zaxxer.hikari.HikariDataSource - HikariPool-1 - Shutdown initiated...
2026-02-09 16:17:25.628 [SpringApplicationShutdownHook] INFO  com.zaxxer.hikari.HikariDataSource - HikariPool-1 - Shutdown completed.
2026-02-09 16:25:38.568 [background-preinit] INFO  org.hibernate.validator.internal.util.Version - HV000001: Hibernate Validator 8.0.1.Final
2026-02-09 16:25:38.614 [restartedMain] INFO  org.bem.iot.BemiotApplication - Starting BemiotApplication using Java 17.0.15 with PID 8700 (D:\www\AIOT\bemiot\bemiot\out\production\classes started by bemjsy in D:\www\AIOT\bemiot\bemiot)
2026-02-09 16:25:38.615 [restartedMain] INFO  org.bem.iot.BemiotApplication - The following 1 profile is active: "dev"
2026-02-09 16:25:38.669 [restartedMain] INFO  o.s.boot.devtools.restart.ChangeableUrls - The Class-Path manifest attribute in C:\Users\bemjsy\.m2\repository\org\bytedeco\javacv\1.5.10\javacv-1.5.10.jar referenced one or more files that do not exist: file:/C:/Users/bemjsy/.m2/repository/org/bytedeco/javacv/1.5.10/javacpp.jar,file:/C:/Users/bemjsy/.m2/repository/org/bytedeco/javacv/1.5.10/openblas.jar,file:/C:/Users/bemjsy/.m2/repository/org/bytedeco/javacv/1.5.10/opencv.jar,file:/C:/Users/bemjsy/.m2/repository/org/bytedeco/javacv/1.5.10/ffmpeg.jar,file:/C:/Users/bemjsy/.m2/repository/org/bytedeco/javacv/1.5.10/flycapture.jar,file:/C:/Users/bemjsy/.m2/repository/org/bytedeco/javacv/1.5.10/libdc1394.jar,file:/C:/Users/bemjsy/.m2/repository/org/bytedeco/javacv/1.5.10/libfreenect.jar,file:/C:/Users/bemjsy/.m2/repository/org/bytedeco/javacv/1.5.10/libfreenect2.jar,file:/C:/Users/bemjsy/.m2/repository/org/bytedeco/javacv/1.5.10/librealsense.jar,file:/C:/Users/bemjsy/.m2/repository/org/bytedeco/javacv/1.5.10/librealsense2.jar,file:/C:/Users/bemjsy/.m2/repository/org/bytedeco/javacv/1.5.10/videoinput.jar,file:/C:/Users/bemjsy/.m2/repository/org/bytedeco/javacv/1.5.10/artoolkitplus.jar,file:/C:/Users/bemjsy/.m2/repository/org/bytedeco/javacv/1.5.10/flandmark.jar,file:/C:/Users/bemjsy/.m2/repository/org/bytedeco/javacv/1.5.10/leptonica.jar,file:/C:/Users/bemjsy/.m2/repository/org/bytedeco/javacv/1.5.10/tesseract.jar,file:/C:/Users/bemjsy/.m2/repository/org/bytedeco/javacv/1.5.10/javacpp-1.5.10.jar,file:/C:/Users/bemjsy/.m2/repository/org/bytedeco/javacv/1.5.10/openblas-0.3.26-1.5.10.jar,file:/C:/Users/bemjsy/.m2/repository/org/bytedeco/javacv/1.5.10/opencv-4.9.0-1.5.10.jar,file:/C:/Users/bemjsy/.m2/repository/org/bytedeco/javacv/1.5.10/ffmpeg-6.1.1-1.5.10.jar,file:/C:/Users/bemjsy/.m2/repository/org/bytedeco/javacv/1.5.10/flycapture-2.13.3.31-1.5.9.jar,file:/C:/Users/bemjsy/.m2/repository/org/bytedeco/javacv/1.5.10/libdc1394-2.2.6-1.5.9.jar,file:/C:/Users/bemjsy/.m2/repository/org/bytedeco/javacv/1.5.10/libfreenect-0.5.7-1.5.9.jar,file:/C:/Users/bemjsy/.m2/repository/org/bytedeco/javacv/1.5.10/libfreenect2-0.2.0-1.5.9.jar,file:/C:/Users/bemjsy/.m2/repository/org/bytedeco/javacv/1.5.10/librealsense-1.12.4-1.5.9.jar,file:/C:/Users/bemjsy/.m2/repository/org/bytedeco/javacv/1.5.10/librealsense2-2.53.1-1.5.9.jar,file:/C:/Users/bemjsy/.m2/repository/org/bytedeco/javacv/1.5.10/videoinput-0.200-1.5.9.jar,file:/C:/Users/bemjsy/.m2/repository/org/bytedeco/javacv/1.5.10/artoolkitplus-2.3.1-1.5.9.jar,file:/C:/Users/bemjsy/.m2/repository/org/bytedeco/javacv/1.5.10/leptonica-1.84.1-1.5.10.jar,file:/C:/Users/bemjsy/.m2/repository/org/bytedeco/javacv/1.5.10/tesseract-5.3.4-1.5.10.jar,file:/C:/Users/bemjsy/.m2/repository/org/bytedeco/javacv/1.5.10/android-4.1.1.4.jar,file:/C:/Users/bemjsy/.m2/repository/org/bytedeco/javacv/1.5.10/gluegen-rt-main-2.3.2.jar,file:/C:/Users/bemjsy/.m2/repository/org/bytedeco/javacv/1.5.10/gluegen-rt-2.3.2.jar,file:/C:/Users/bemjsy/.m2/repository/org/bytedeco/javacv/1.5.10/gluegen-rt-2.3.2-natives-android-aarch64.jar,file:/C:/Users/bemjsy/.m2/repository/org/bytedeco/javacv/1.5.10/gluegen-rt-2.3.2-natives-android-armv6.jar,file:/C:/Users/bemjsy/.m2/repository/org/bytedeco/javacv/1.5.10/gluegen-rt-2.3.2-natives-linux-amd64.jar,file:/C:/Users/bemjsy/.m2/repository/org/bytedeco/javacv/1.5.10/gluegen-rt-2.3.2-natives-linux-armv6.jar,file:/C:/Users/bemjsy/.m2/repository/org/bytedeco/javacv/1.5.10/gluegen-rt-2.3.2-natives-linux-armv6hf.jar,file:/C:/Users/bemjsy/.m2/repository/org/bytedeco/javacv/1.5.10/gluegen-rt-2.3.2-natives-linux-i586.jar,file:/C:/Users/bemjsy/.m2/repository/org/bytedeco/javacv/1.5.10/gluegen-rt-2.3.2-natives-macosx-universal.jar,file:/C:/Users/bemjsy/.m2/repository/org/bytedeco/javacv/1.5.10/gluegen-rt-2.3.2-natives-solaris-amd64.jar,file:/C:/Users/bemjsy/.m2/repository/org/bytedeco/javacv/1.5.10/gluegen-rt-2.3.2-natives-solaris-i586.jar,file:/C:/Users/bemjsy/.m2/repository/org/bytedeco/javacv/1.5.10/gluegen-rt-2.3.2-natives-windows-amd64.jar,file:/C:/Users/bemjsy/.m2/repository/org/bytedeco/javacv/1.5.10/gluegen-rt-2.3.2-natives-windows-i586.jar,file:/C:/Users/bemjsy/.m2/repository/org/bytedeco/javacv/1.5.10/jogl-all-main-2.3.2.jar,file:/C:/Users/bemjsy/.m2/repository/org/bytedeco/javacv/1.5.10/jogl-all-2.3.2.jar,file:/C:/Users/bemjsy/.m2/repository/org/bytedeco/javacv/1.5.10/jogl-all-2.3.2-natives-android-aarch64.jar,file:/C:/Users/bemjsy/.m2/repository/org/bytedeco/javacv/1.5.10/jogl-all-2.3.2-natives-android-armv6.jar,file:/C:/Users/bemjsy/.m2/repository/org/bytedeco/javacv/1.5.10/jogl-all-2.3.2-natives-linux-amd64.jar,file:/C:/Users/bemjsy/.m2/repository/org/bytedeco/javacv/1.5.10/jogl-all-2.3.2-natives-linux-armv6.jar,file:/C:/Users/bemjsy/.m2/repository/org/bytedeco/javacv/1.5.10/jogl-all-2.3.2-natives-linux-armv6hf.jar,file:/C:/Users/bemjsy/.m2/repository/org/bytedeco/javacv/1.5.10/jogl-all-2.3.2-natives-linux-i586.jar,file:/C:/Users/bemjsy/.m2/repository/org/bytedeco/javacv/1.5.10/jogl-all-2.3.2-natives-macosx-universal.jar,file:/C:/Users/bemjsy/.m2/repository/org/bytedeco/javacv/1.5.10/jogl-all-2.3.2-natives-solaris-amd64.jar,file:/C:/Users/bemjsy/.m2/repository/org/bytedeco/javacv/1.5.10/jogl-all-2.3.2-natives-solaris-i586.jar,file:/C:/Users/bemjsy/.m2/repository/org/bytedeco/javacv/1.5.10/jogl-all-2.3.2-natives-windows-amd64.jar,file:/C:/Users/bemjsy/.m2/repository/org/bytedeco/javacv/1.5.10/jogl-all-2.3.2-natives-windows-i586.jar,file:/C:/Users/bemjsy/.m2/repository/org/bytedeco/javacv/1.5.10/jocl-main-2.3.2.jar,file:/C:/Users/bemjsy/.m2/repository/org/bytedeco/javacv/1.5.10/jocl-2.3.2.jar,file:/C:/Users/bemjsy/.m2/repository/org/bytedeco/javacv/1.5.10/jocl-2.3.2-natives-android-aarch64.jar,file:/C:/Users/bemjsy/.m2/repository/org/bytedeco/javacv/1.5.10/jocl-2.3.2-natives-android-armv6.jar,file:/C:/Users/bemjsy/.m2/repository/org/bytedeco/javacv/1.5.10/jocl-2.3.2-natives-linux-amd64.jar,file:/C:/Users/bemjsy/.m2/repository/org/bytedeco/javacv/1.5.10/jocl-2.3.2-natives-linux-armv6.jar,file:/C:/Users/bemjsy/.m2/repository/org/bytedeco/javacv/1.5.10/jocl-2.3.2-natives-linux-armv6hf.jar,file:/C:/Users/bemjsy/.m2/repository/org/bytedeco/javacv/1.5.10/jocl-2.3.2-natives-linux-i586.jar,file:/C:/Users/bemjsy/.m2/repository/org/bytedeco/javacv/1.5.10/jocl-2.3.2-natives-macosx-universal.jar,file:/C:/Users/bemjsy/.m2/repository/org/bytedeco/javacv/1.5.10/jocl-2.3.2-natives-solaris-amd64.jar,file:/C:/Users/bemjsy/.m2/repository/org/bytedeco/javacv/1.5.10/jocl-2.3.2-natives-solaris-i586.jar,file:/C:/Users/bemjsy/.m2/repository/org/bytedeco/javacv/1.5.10/jocl-2.3.2-natives-windows-amd64.jar,file:/C:/Users/bemjsy/.m2/repository/org/bytedeco/javacv/1.5.10/jocl-2.3.2-natives-windows-i586.jar
2026-02-09 16:25:38.669 [restartedMain] INFO  o.s.boot.devtools.restart.ChangeableUrls - The Class-Path manifest attribute in C:\Users\bemjsy\.m2\repository\org\bytedeco\ffmpeg\6.1.1-1.5.10\ffmpeg-6.1.1-1.5.10.jar referenced one or more files that do not exist: file:/C:/Users/bemjsy/.m2/repository/org/bytedeco/ffmpeg/6.1.1-1.5.10/javacpp.jar
2026-02-09 16:25:38.669 [restartedMain] INFO  o.s.boot.devtools.restart.ChangeableUrls - The Class-Path manifest attribute in C:\Users\bemjsy\.m2\repository\org\bytedeco\opencv\4.9.0-1.5.10\opencv-4.9.0-1.5.10.jar referenced one or more files that do not exist: file:/C:/Users/bemjsy/.m2/repository/org/bytedeco/opencv/4.9.0-1.5.10/javacpp.jar
2026-02-09 16:25:38.669 [restartedMain] INFO  o.s.boot.devtools.restart.ChangeableUrls - The Class-Path manifest attribute in C:\Users\bemjsy\.m2\repository\org\bytedeco\openblas\0.3.26-1.5.10\openblas-0.3.26-1.5.10.jar referenced one or more files that do not exist: file:/C:/Users/bemjsy/.m2/repository/org/bytedeco/openblas/0.3.26-1.5.10/javacpp.jar
2026-02-09 16:25:38.669 [restartedMain] INFO  o.s.boot.devtools.restart.ChangeableUrls - The Class-Path manifest attribute in C:\Users\bemjsy\.m2\repository\org\bytedeco\flycapture\2.13.3.31-1.5.9\flycapture-2.13.3.31-1.5.9.jar referenced one or more files that do not exist: file:/C:/Users/bemjsy/.m2/repository/org/bytedeco/flycapture/2.13.3.31-1.5.9/javacpp.jar
2026-02-09 16:25:38.670 [restartedMain] INFO  o.s.boot.devtools.restart.ChangeableUrls - The Class-Path manifest attribute in C:\Users\bemjsy\.m2\repository\org\bytedeco\libdc1394\2.2.6-1.5.9\libdc1394-2.2.6-1.5.9.jar referenced one or more files that do not exist: file:/C:/Users/bemjsy/.m2/repository/org/bytedeco/libdc1394/2.2.6-1.5.9/javacpp.jar
2026-02-09 16:25:38.670 [restartedMain] INFO  o.s.boot.devtools.restart.ChangeableUrls - The Class-Path manifest attribute in C:\Users\bemjsy\.m2\repository\org\bytedeco\libfreenect\0.5.7-1.5.9\libfreenect-0.5.7-1.5.9.jar referenced one or more files that do not exist: file:/C:/Users/bemjsy/.m2/repository/org/bytedeco/libfreenect/0.5.7-1.5.9/javacpp.jar
2026-02-09 16:25:38.670 [restartedMain] INFO  o.s.boot.devtools.restart.ChangeableUrls - The Class-Path manifest attribute in C:\Users\bemjsy\.m2\repository\org\bytedeco\libfreenect2\0.2.0-1.5.9\libfreenect2-0.2.0-1.5.9.jar referenced one or more files that do not exist: file:/C:/Users/bemjsy/.m2/repository/org/bytedeco/libfreenect2/0.2.0-1.5.9/javacpp.jar
2026-02-09 16:25:38.670 [restartedMain] INFO  o.s.boot.devtools.restart.ChangeableUrls - The Class-Path manifest attribute in C:\Users\bemjsy\.m2\repository\org\bytedeco\librealsense\1.12.4-1.5.9\librealsense-1.12.4-1.5.9.jar referenced one or more files that do not exist: file:/C:/Users/bemjsy/.m2/repository/org/bytedeco/librealsense/1.12.4-1.5.9/javacpp.jar
2026-02-09 16:25:38.670 [restartedMain] INFO  o.s.boot.devtools.restart.ChangeableUrls - The Class-Path manifest attribute in C:\Users\bemjsy\.m2\repository\org\bytedeco\librealsense2\2.53.1-1.5.9\librealsense2-2.53.1-1.5.9.jar referenced one or more files that do not exist: file:/C:/Users/bemjsy/.m2/repository/org/bytedeco/librealsense2/2.53.1-1.5.9/javacpp.jar
2026-02-09 16:25:38.670 [restartedMain] INFO  o.s.boot.devtools.restart.ChangeableUrls - The Class-Path manifest attribute in C:\Users\bemjsy\.m2\repository\org\bytedeco\videoinput\0.200-1.5.9\videoinput-0.200-1.5.9.jar referenced one or more files that do not exist: file:/C:/Users/bemjsy/.m2/repository/org/bytedeco/videoinput/0.200-1.5.9/javacpp.jar
2026-02-09 16:25:38.670 [restartedMain] INFO  o.s.boot.devtools.restart.ChangeableUrls - The Class-Path manifest attribute in C:\Users\bemjsy\.m2\repository\org\bytedeco\artoolkitplus\2.3.1-1.5.9\artoolkitplus-2.3.1-1.5.9.jar referenced one or more files that do not exist: file:/C:/Users/bemjsy/.m2/repository/org/bytedeco/artoolkitplus/2.3.1-1.5.9/javacpp.jar
2026-02-09 16:25:38.670 [restartedMain] INFO  o.s.boot.devtools.restart.ChangeableUrls - The Class-Path manifest attribute in C:\Users\bemjsy\.m2\repository\org\bytedeco\tesseract\5.3.4-1.5.10\tesseract-5.3.4-1.5.10.jar referenced one or more files that do not exist: file:/C:/Users/bemjsy/.m2/repository/org/bytedeco/tesseract/5.3.4-1.5.10/javacpp.jar
2026-02-09 16:25:38.670 [restartedMain] INFO  o.s.boot.devtools.restart.ChangeableUrls - The Class-Path manifest attribute in C:\Users\bemjsy\.m2\repository\org\bytedeco\leptonica\1.84.1-1.5.10\leptonica-1.84.1-1.5.10.jar referenced one or more files that do not exist: file:/C:/Users/bemjsy/.m2/repository/org/bytedeco/leptonica/1.84.1-1.5.10/javacpp.jar
2026-02-09 16:25:38.670 [restartedMain] INFO  o.s.b.d.env.DevToolsPropertyDefaultsPostProcessor - Devtools property defaults active! Set 'spring.devtools.add-properties' to 'false' to disable
2026-02-09 16:25:38.670 [restartedMain] INFO  o.s.b.d.env.DevToolsPropertyDefaultsPostProcessor - For additional web related logging consider setting the 'logging.level.web' property to 'DEBUG'
2026-02-09 16:25:39.717 [restartedMain] INFO  o.s.d.r.config.RepositoryConfigurationDelegate - Multiple Spring Data modules found, entering strict repository configuration mode
2026-02-09 16:25:39.719 [restartedMain] INFO  o.s.d.r.config.RepositoryConfigurationDelegate - Bootstrapping Spring Data JDBC repositories in DEFAULT mode.
2026-02-09 16:25:39.814 [restartedMain] INFO  o.s.d.r.config.RepositoryConfigurationDelegate - Finished Spring Data repository scanning in 90 ms. Found 0 JDBC repository interfaces.
2026-02-09 16:25:39.828 [restartedMain] INFO  o.s.d.r.config.RepositoryConfigurationDelegate - Multiple Spring Data modules found, entering strict repository configuration mode
2026-02-09 16:25:39.830 [restartedMain] INFO  o.s.d.r.config.RepositoryConfigurationDelegate - Bootstrapping Spring Data Redis repositories in DEFAULT mode.
2026-02-09 16:25:39.845 [restartedMain] INFO  o.s.d.r.config.RepositoryConfigurationDelegate - Finished Spring Data repository scanning in 8 ms. Found 0 Redis repository interfaces.
2026-02-09 16:25:40.021 [restartedMain] INFO  o.s.i.c.DefaultConfiguringBeanFactoryPostProcessor - No bean named 'errorChannel' has been explicitly defined. Therefore, a default PublishSubscribeChannel will be created.
2026-02-09 16:25:40.029 [restartedMain] INFO  o.s.i.c.DefaultConfiguringBeanFactoryPostProcessor - No bean named 'integrationHeaderChannelRegistry' has been explicitly defined. Therefore, a default DefaultHeaderChannelRegistry will be created.
2026-02-09 16:25:40.763 [restartedMain] INFO  io.undertow.servlet - Initializing Spring embedded WebApplicationContext
2026-02-09 16:25:40.763 [restartedMain] INFO  o.s.b.w.s.c.ServletWebServerApplicationContext - Root WebApplicationContext: initialization completed in 2092 ms
2026-02-09 16:25:40.926 [restartedMain] DEBUG c.b.m.e.spring.MybatisSqlSessionFactoryBean - Registered plugin: 'com.baomidou.mybatisplus.extension.plugins.MybatisPlusInterceptor@63ffc983'
2026-02-09 16:25:40.927 [restartedMain] DEBUG c.b.m.e.spring.MybatisSqlSessionFactoryBean - Property 'mapperLocations' was not specified.
2026-02-09 16:25:42.648 [restartedMain] INFO  org.bem.iot.media.context.MediaServerContext - 【MediaServer】HTTP流媒体服务启动：成功，端口：7080
2026-02-09 16:25:42.649 [restartedMain] INFO  org.bem.iot.media.context.MediaServerContext - 【MediaServer】RTSP流媒体服务启动：成功，端口：7554
2026-02-09 16:25:42.650 [restartedMain] INFO  org.bem.iot.media.context.MediaServerContext - 【MediaServer】RTMP流媒体服务启动：成功，端口：7935
2026-02-09 16:25:42.651 [restartedMain] INFO  org.bem.iot.media.context.MediaServerContext - 【MediaServer】RTC流媒体服务启动：成功，端口：8000
2026-02-09 16:25:42.651 [restartedMain] INFO  org.bem.iot.media.context.MediaServerContext - 【MediaServer】初始化MediaServer程序成功
2026-02-09 16:25:43.462 [restartedMain] INFO  org.bem.iot.mqtt.config.MqttConfig - 订阅主题: warn_topic
2026-02-09 16:25:43.463 [restartedMain] INFO  org.bem.iot.mqtt.config.MqttConfig - 订阅主题: sensor_data
2026-02-09 16:25:43.464 [restartedMain] INFO  org.bem.iot.mqtt.config.MqttConfig - 订阅主题: device_status
2026-02-09 16:25:43.465 [restartedMain] INFO  org.bem.iot.mqtt.config.MqttConfig - 订阅主题: #
2026-02-09 16:25:43.465 [restartedMain] INFO  org.bem.iot.mqtt.config.MqttConfig - 已成功连接到MQTT服务器并订阅主题
2026-02-09 16:25:44.235 [restartedMain] INFO  com.zaxxer.hikari.HikariDataSource - HikariPool-1 - Starting...
2026-02-09 16:25:44.727 [restartedMain] INFO  com.zaxxer.hikari.pool.HikariPool - HikariPool-1 - Added connection org.postgresql.jdbc.PgConnection@6483ac70
2026-02-09 16:25:44.731 [restartedMain] INFO  com.zaxxer.hikari.HikariDataSource - HikariPool-1 - Start completed.
2026-02-09 16:25:44.987 [restartedMain] INFO  o.s.b.d.autoconfigure.OptionalLiveReloadServer - LiveReload server is running on port 35729
2026-02-09 16:25:45.128 [restartedMain] INFO  o.s.integration.endpoint.EventDrivenConsumer - Adding {logging-channel-adapter:_org.springframework.integration.errorLogger} as a subscriber to the 'errorChannel' channel
2026-02-09 16:25:45.129 [restartedMain] INFO  o.s.integration.channel.PublishSubscribeChannel - Channel 'bemiot.errorChannel' has 1 subscriber(s).
2026-02-09 16:25:45.129 [restartedMain] INFO  o.s.integration.endpoint.EventDrivenConsumer - started bean '_org.springframework.integration.errorLogger'
2026-02-09 16:25:45.148 [restartedMain] INFO  io.undertow - starting server: Undertow - 2.3.12.Final
2026-02-09 16:25:45.156 [restartedMain] INFO  org.xnio - XNIO version 3.8.8.Final
2026-02-09 16:25:45.164 [restartedMain] INFO  org.xnio.nio - XNIO NIO Implementation Version 3.8.8.Final
2026-02-09 16:25:45.189 [restartedMain] INFO  org.jboss.threads - JBoss Threads version 3.5.0.Final
2026-02-09 16:25:45.413 [restartedMain] INFO  o.s.boot.web.embedded.undertow.UndertowWebServer - Undertow started on port 8010 (http)
2026-02-09 16:25:45.427 [restartedMain] INFO  org.bem.iot.BemiotApplication - Started BemiotApplication in 7.254 seconds (process running for 8.598)
2026-02-09 16:25:45.430 [restartedMain] DEBUG c.b.mybatisplus.autoconfigure.DdlApplicationRunner -   ...  DDL start create  ...  
2026-02-09 16:25:45.431 [restartedMain] DEBUG c.b.mybatisplus.autoconfigure.DdlApplicationRunner -   ...  DDL end create  ...  
2026-02-09 16:25:46.223 [taskExecutor-2] INFO  com.zaxxer.hikari.HikariDataSource - HikariPool-2 - Starting...
2026-02-09 16:25:46.522 [taskExecutor-2] INFO  com.zaxxer.hikari.pool.HikariPool - HikariPool-2 - Added connection com.taosdata.jdbc.rs.RestfulConnection@41e04843
2026-02-09 16:25:46.523 [taskExecutor-2] INFO  com.zaxxer.hikari.HikariDataSource - HikariPool-2 - Start completed.
2026-02-09 16:25:49.000 [SpringApplicationShutdownHook] INFO  io.undertow - stopping server: Undertow - 2.3.12.Final
2026-02-09 16:25:49.062 [SpringApplicationShutdownHook] INFO  o.s.integration.endpoint.EventDrivenConsumer - Removing {logging-channel-adapter:_org.springframework.integration.errorLogger} as a subscriber to the 'errorChannel' channel
2026-02-09 16:25:49.063 [SpringApplicationShutdownHook] INFO  o.s.integration.channel.PublishSubscribeChannel - Channel 'bemiot.errorChannel' has 0 subscriber(s).
2026-02-09 16:25:49.064 [SpringApplicationShutdownHook] INFO  o.s.integration.endpoint.EventDrivenConsumer - stopped bean '_org.springframework.integration.errorLogger'
2026-02-09 16:25:49.078 [SpringApplicationShutdownHook] INFO  org.bem.iot.media.context.MediaServerContext - 【MediaServer】关闭所有流媒体服务
2026-02-09 16:25:49.096 [SpringApplicationShutdownHook] INFO  com.zaxxer.hikari.HikariDataSource - HikariPool-2 - Shutdown initiated...
2026-02-09 16:25:49.099 [SpringApplicationShutdownHook] INFO  com.zaxxer.hikari.HikariDataSource - HikariPool-2 - Shutdown completed.
2026-02-09 16:25:49.111 [SpringApplicationShutdownHook] INFO  com.zaxxer.hikari.HikariDataSource - HikariPool-1 - Shutdown initiated...
2026-02-09 16:25:49.113 [SpringApplicationShutdownHook] INFO  com.zaxxer.hikari.HikariDataSource - HikariPool-1 - Shutdown completed.
2026-02-09 16:27:56.124 [background-preinit] INFO  org.hibernate.validator.internal.util.Version - HV000001: Hibernate Validator 8.0.1.Final
2026-02-09 16:27:56.173 [restartedMain] INFO  org.bem.iot.BemiotApplication - Starting BemiotApplication using Java 17.0.15 with PID 11544 (D:\www\AIOT\bemiot\bemiot\out\production\classes started by bemjsy in D:\www\AIOT\bemiot\bemiot)
2026-02-09 16:27:56.175 [restartedMain] INFO  org.bem.iot.BemiotApplication - The following 1 profile is active: "dev"
2026-02-09 16:27:56.226 [restartedMain] INFO  o.s.boot.devtools.restart.ChangeableUrls - The Class-Path manifest attribute in C:\Users\bemjsy\.m2\repository\org\bytedeco\javacv\1.5.10\javacv-1.5.10.jar referenced one or more files that do not exist: file:/C:/Users/bemjsy/.m2/repository/org/bytedeco/javacv/1.5.10/javacpp.jar,file:/C:/Users/bemjsy/.m2/repository/org/bytedeco/javacv/1.5.10/openblas.jar,file:/C:/Users/bemjsy/.m2/repository/org/bytedeco/javacv/1.5.10/opencv.jar,file:/C:/Users/bemjsy/.m2/repository/org/bytedeco/javacv/1.5.10/ffmpeg.jar,file:/C:/Users/bemjsy/.m2/repository/org/bytedeco/javacv/1.5.10/flycapture.jar,file:/C:/Users/bemjsy/.m2/repository/org/bytedeco/javacv/1.5.10/libdc1394.jar,file:/C:/Users/bemjsy/.m2/repository/org/bytedeco/javacv/1.5.10/libfreenect.jar,file:/C:/Users/bemjsy/.m2/repository/org/bytedeco/javacv/1.5.10/libfreenect2.jar,file:/C:/Users/bemjsy/.m2/repository/org/bytedeco/javacv/1.5.10/librealsense.jar,file:/C:/Users/bemjsy/.m2/repository/org/bytedeco/javacv/1.5.10/librealsense2.jar,file:/C:/Users/bemjsy/.m2/repository/org/bytedeco/javacv/1.5.10/videoinput.jar,file:/C:/Users/bemjsy/.m2/repository/org/bytedeco/javacv/1.5.10/artoolkitplus.jar,file:/C:/Users/bemjsy/.m2/repository/org/bytedeco/javacv/1.5.10/flandmark.jar,file:/C:/Users/bemjsy/.m2/repository/org/bytedeco/javacv/1.5.10/leptonica.jar,file:/C:/Users/bemjsy/.m2/repository/org/bytedeco/javacv/1.5.10/tesseract.jar,file:/C:/Users/bemjsy/.m2/repository/org/bytedeco/javacv/1.5.10/javacpp-1.5.10.jar,file:/C:/Users/bemjsy/.m2/repository/org/bytedeco/javacv/1.5.10/openblas-0.3.26-1.5.10.jar,file:/C:/Users/bemjsy/.m2/repository/org/bytedeco/javacv/1.5.10/opencv-4.9.0-1.5.10.jar,file:/C:/Users/bemjsy/.m2/repository/org/bytedeco/javacv/1.5.10/ffmpeg-6.1.1-1.5.10.jar,file:/C:/Users/bemjsy/.m2/repository/org/bytedeco/javacv/1.5.10/flycapture-2.13.3.31-1.5.9.jar,file:/C:/Users/bemjsy/.m2/repository/org/bytedeco/javacv/1.5.10/libdc1394-2.2.6-1.5.9.jar,file:/C:/Users/bemjsy/.m2/repository/org/bytedeco/javacv/1.5.10/libfreenect-0.5.7-1.5.9.jar,file:/C:/Users/bemjsy/.m2/repository/org/bytedeco/javacv/1.5.10/libfreenect2-0.2.0-1.5.9.jar,file:/C:/Users/bemjsy/.m2/repository/org/bytedeco/javacv/1.5.10/librealsense-1.12.4-1.5.9.jar,file:/C:/Users/bemjsy/.m2/repository/org/bytedeco/javacv/1.5.10/librealsense2-2.53.1-1.5.9.jar,file:/C:/Users/bemjsy/.m2/repository/org/bytedeco/javacv/1.5.10/videoinput-0.200-1.5.9.jar,file:/C:/Users/bemjsy/.m2/repository/org/bytedeco/javacv/1.5.10/artoolkitplus-2.3.1-1.5.9.jar,file:/C:/Users/bemjsy/.m2/repository/org/bytedeco/javacv/1.5.10/leptonica-1.84.1-1.5.10.jar,file:/C:/Users/bemjsy/.m2/repository/org/bytedeco/javacv/1.5.10/tesseract-5.3.4-1.5.10.jar,file:/C:/Users/bemjsy/.m2/repository/org/bytedeco/javacv/1.5.10/android-4.1.1.4.jar,file:/C:/Users/bemjsy/.m2/repository/org/bytedeco/javacv/1.5.10/gluegen-rt-main-2.3.2.jar,file:/C:/Users/bemjsy/.m2/repository/org/bytedeco/javacv/1.5.10/gluegen-rt-2.3.2.jar,file:/C:/Users/bemjsy/.m2/repository/org/bytedeco/javacv/1.5.10/gluegen-rt-2.3.2-natives-android-aarch64.jar,file:/C:/Users/bemjsy/.m2/repository/org/bytedeco/javacv/1.5.10/gluegen-rt-2.3.2-natives-android-armv6.jar,file:/C:/Users/bemjsy/.m2/repository/org/bytedeco/javacv/1.5.10/gluegen-rt-2.3.2-natives-linux-amd64.jar,file:/C:/Users/bemjsy/.m2/repository/org/bytedeco/javacv/1.5.10/gluegen-rt-2.3.2-natives-linux-armv6.jar,file:/C:/Users/bemjsy/.m2/repository/org/bytedeco/javacv/1.5.10/gluegen-rt-2.3.2-natives-linux-armv6hf.jar,file:/C:/Users/bemjsy/.m2/repository/org/bytedeco/javacv/1.5.10/gluegen-rt-2.3.2-natives-linux-i586.jar,file:/C:/Users/bemjsy/.m2/repository/org/bytedeco/javacv/1.5.10/gluegen-rt-2.3.2-natives-macosx-universal.jar,file:/C:/Users/bemjsy/.m2/repository/org/bytedeco/javacv/1.5.10/gluegen-rt-2.3.2-natives-solaris-amd64.jar,file:/C:/Users/bemjsy/.m2/repository/org/bytedeco/javacv/1.5.10/gluegen-rt-2.3.2-natives-solaris-i586.jar,file:/C:/Users/bemjsy/.m2/repository/org/bytedeco/javacv/1.5.10/gluegen-rt-2.3.2-natives-windows-amd64.jar,file:/C:/Users/bemjsy/.m2/repository/org/bytedeco/javacv/1.5.10/gluegen-rt-2.3.2-natives-windows-i586.jar,file:/C:/Users/bemjsy/.m2/repository/org/bytedeco/javacv/1.5.10/jogl-all-main-2.3.2.jar,file:/C:/Users/bemjsy/.m2/repository/org/bytedeco/javacv/1.5.10/jogl-all-2.3.2.jar,file:/C:/Users/bemjsy/.m2/repository/org/bytedeco/javacv/1.5.10/jogl-all-2.3.2-natives-android-aarch64.jar,file:/C:/Users/bemjsy/.m2/repository/org/bytedeco/javacv/1.5.10/jogl-all-2.3.2-natives-android-armv6.jar,file:/C:/Users/bemjsy/.m2/repository/org/bytedeco/javacv/1.5.10/jogl-all-2.3.2-natives-linux-amd64.jar,file:/C:/Users/bemjsy/.m2/repository/org/bytedeco/javacv/1.5.10/jogl-all-2.3.2-natives-linux-armv6.jar,file:/C:/Users/bemjsy/.m2/repository/org/bytedeco/javacv/1.5.10/jogl-all-2.3.2-natives-linux-armv6hf.jar,file:/C:/Users/bemjsy/.m2/repository/org/bytedeco/javacv/1.5.10/jogl-all-2.3.2-natives-linux-i586.jar,file:/C:/Users/bemjsy/.m2/repository/org/bytedeco/javacv/1.5.10/jogl-all-2.3.2-natives-macosx-universal.jar,file:/C:/Users/bemjsy/.m2/repository/org/bytedeco/javacv/1.5.10/jogl-all-2.3.2-natives-solaris-amd64.jar,file:/C:/Users/bemjsy/.m2/repository/org/bytedeco/javacv/1.5.10/jogl-all-2.3.2-natives-solaris-i586.jar,file:/C:/Users/bemjsy/.m2/repository/org/bytedeco/javacv/1.5.10/jogl-all-2.3.2-natives-windows-amd64.jar,file:/C:/Users/bemjsy/.m2/repository/org/bytedeco/javacv/1.5.10/jogl-all-2.3.2-natives-windows-i586.jar,file:/C:/Users/bemjsy/.m2/repository/org/bytedeco/javacv/1.5.10/jocl-main-2.3.2.jar,file:/C:/Users/bemjsy/.m2/repository/org/bytedeco/javacv/1.5.10/jocl-2.3.2.jar,file:/C:/Users/bemjsy/.m2/repository/org/bytedeco/javacv/1.5.10/jocl-2.3.2-natives-android-aarch64.jar,file:/C:/Users/bemjsy/.m2/repository/org/bytedeco/javacv/1.5.10/jocl-2.3.2-natives-android-armv6.jar,file:/C:/Users/bemjsy/.m2/repository/org/bytedeco/javacv/1.5.10/jocl-2.3.2-natives-linux-amd64.jar,file:/C:/Users/bemjsy/.m2/repository/org/bytedeco/javacv/1.5.10/jocl-2.3.2-natives-linux-armv6.jar,file:/C:/Users/bemjsy/.m2/repository/org/bytedeco/javacv/1.5.10/jocl-2.3.2-natives-linux-armv6hf.jar,file:/C:/Users/bemjsy/.m2/repository/org/bytedeco/javacv/1.5.10/jocl-2.3.2-natives-linux-i586.jar,file:/C:/Users/bemjsy/.m2/repository/org/bytedeco/javacv/1.5.10/jocl-2.3.2-natives-macosx-universal.jar,file:/C:/Users/bemjsy/.m2/repository/org/bytedeco/javacv/1.5.10/jocl-2.3.2-natives-solaris-amd64.jar,file:/C:/Users/bemjsy/.m2/repository/org/bytedeco/javacv/1.5.10/jocl-2.3.2-natives-solaris-i586.jar,file:/C:/Users/bemjsy/.m2/repository/org/bytedeco/javacv/1.5.10/jocl-2.3.2-natives-windows-amd64.jar,file:/C:/Users/bemjsy/.m2/repository/org/bytedeco/javacv/1.5.10/jocl-2.3.2-natives-windows-i586.jar
2026-02-09 16:27:56.226 [restartedMain] INFO  o.s.boot.devtools.restart.ChangeableUrls - The Class-Path manifest attribute in C:\Users\bemjsy\.m2\repository\org\bytedeco\ffmpeg\6.1.1-1.5.10\ffmpeg-6.1.1-1.5.10.jar referenced one or more files that do not exist: file:/C:/Users/bemjsy/.m2/repository/org/bytedeco/ffmpeg/6.1.1-1.5.10/javacpp.jar
2026-02-09 16:27:56.226 [restartedMain] INFO  o.s.boot.devtools.restart.ChangeableUrls - The Class-Path manifest attribute in C:\Users\bemjsy\.m2\repository\org\bytedeco\opencv\4.9.0-1.5.10\opencv-4.9.0-1.5.10.jar referenced one or more files that do not exist: file:/C:/Users/bemjsy/.m2/repository/org/bytedeco/opencv/4.9.0-1.5.10/javacpp.jar
2026-02-09 16:27:56.227 [restartedMain] INFO  o.s.boot.devtools.restart.ChangeableUrls - The Class-Path manifest attribute in C:\Users\bemjsy\.m2\repository\org\bytedeco\openblas\0.3.26-1.5.10\openblas-0.3.26-1.5.10.jar referenced one or more files that do not exist: file:/C:/Users/bemjsy/.m2/repository/org/bytedeco/openblas/0.3.26-1.5.10/javacpp.jar
2026-02-09 16:27:56.227 [restartedMain] INFO  o.s.boot.devtools.restart.ChangeableUrls - The Class-Path manifest attribute in C:\Users\bemjsy\.m2\repository\org\bytedeco\flycapture\2.13.3.31-1.5.9\flycapture-2.13.3.31-1.5.9.jar referenced one or more files that do not exist: file:/C:/Users/bemjsy/.m2/repository/org/bytedeco/flycapture/2.13.3.31-1.5.9/javacpp.jar
2026-02-09 16:27:56.227 [restartedMain] INFO  o.s.boot.devtools.restart.ChangeableUrls - The Class-Path manifest attribute in C:\Users\bemjsy\.m2\repository\org\bytedeco\libdc1394\2.2.6-1.5.9\libdc1394-2.2.6-1.5.9.jar referenced one or more files that do not exist: file:/C:/Users/bemjsy/.m2/repository/org/bytedeco/libdc1394/2.2.6-1.5.9/javacpp.jar
2026-02-09 16:27:56.227 [restartedMain] INFO  o.s.boot.devtools.restart.ChangeableUrls - The Class-Path manifest attribute in C:\Users\bemjsy\.m2\repository\org\bytedeco\libfreenect\0.5.7-1.5.9\libfreenect-0.5.7-1.5.9.jar referenced one or more files that do not exist: file:/C:/Users/bemjsy/.m2/repository/org/bytedeco/libfreenect/0.5.7-1.5.9/javacpp.jar
2026-02-09 16:27:56.227 [restartedMain] INFO  o.s.boot.devtools.restart.ChangeableUrls - The Class-Path manifest attribute in C:\Users\bemjsy\.m2\repository\org\bytedeco\libfreenect2\0.2.0-1.5.9\libfreenect2-0.2.0-1.5.9.jar referenced one or more files that do not exist: file:/C:/Users/bemjsy/.m2/repository/org/bytedeco/libfreenect2/0.2.0-1.5.9/javacpp.jar
2026-02-09 16:27:56.227 [restartedMain] INFO  o.s.boot.devtools.restart.ChangeableUrls - The Class-Path manifest attribute in C:\Users\bemjsy\.m2\repository\org\bytedeco\librealsense\1.12.4-1.5.9\librealsense-1.12.4-1.5.9.jar referenced one or more files that do not exist: file:/C:/Users/bemjsy/.m2/repository/org/bytedeco/librealsense/1.12.4-1.5.9/javacpp.jar
2026-02-09 16:27:56.227 [restartedMain] INFO  o.s.boot.devtools.restart.ChangeableUrls - The Class-Path manifest attribute in C:\Users\bemjsy\.m2\repository\org\bytedeco\librealsense2\2.53.1-1.5.9\librealsense2-2.53.1-1.5.9.jar referenced one or more files that do not exist: file:/C:/Users/bemjsy/.m2/repository/org/bytedeco/librealsense2/2.53.1-1.5.9/javacpp.jar
2026-02-09 16:27:56.227 [restartedMain] INFO  o.s.boot.devtools.restart.ChangeableUrls - The Class-Path manifest attribute in C:\Users\bemjsy\.m2\repository\org\bytedeco\videoinput\0.200-1.5.9\videoinput-0.200-1.5.9.jar referenced one or more files that do not exist: file:/C:/Users/bemjsy/.m2/repository/org/bytedeco/videoinput/0.200-1.5.9/javacpp.jar
2026-02-09 16:27:56.227 [restartedMain] INFO  o.s.boot.devtools.restart.ChangeableUrls - The Class-Path manifest attribute in C:\Users\bemjsy\.m2\repository\org\bytedeco\artoolkitplus\2.3.1-1.5.9\artoolkitplus-2.3.1-1.5.9.jar referenced one or more files that do not exist: file:/C:/Users/bemjsy/.m2/repository/org/bytedeco/artoolkitplus/2.3.1-1.5.9/javacpp.jar
2026-02-09 16:27:56.227 [restartedMain] INFO  o.s.boot.devtools.restart.ChangeableUrls - The Class-Path manifest attribute in C:\Users\bemjsy\.m2\repository\org\bytedeco\tesseract\5.3.4-1.5.10\tesseract-5.3.4-1.5.10.jar referenced one or more files that do not exist: file:/C:/Users/bemjsy/.m2/repository/org/bytedeco/tesseract/5.3.4-1.5.10/javacpp.jar
2026-02-09 16:27:56.227 [restartedMain] INFO  o.s.boot.devtools.restart.ChangeableUrls - The Class-Path manifest attribute in C:\Users\bemjsy\.m2\repository\org\bytedeco\leptonica\1.84.1-1.5.10\leptonica-1.84.1-1.5.10.jar referenced one or more files that do not exist: file:/C:/Users/bemjsy/.m2/repository/org/bytedeco/leptonica/1.84.1-1.5.10/javacpp.jar
2026-02-09 16:27:56.227 [restartedMain] INFO  o.s.b.d.env.DevToolsPropertyDefaultsPostProcessor - Devtools property defaults active! Set 'spring.devtools.add-properties' to 'false' to disable
2026-02-09 16:27:56.227 [restartedMain] INFO  o.s.b.d.env.DevToolsPropertyDefaultsPostProcessor - For additional web related logging consider setting the 'logging.level.web' property to 'DEBUG'
2026-02-09 16:27:57.189 [restartedMain] INFO  o.s.d.r.config.RepositoryConfigurationDelegate - Multiple Spring Data modules found, entering strict repository configuration mode
2026-02-09 16:27:57.190 [restartedMain] INFO  o.s.d.r.config.RepositoryConfigurationDelegate - Bootstrapping Spring Data JDBC repositories in DEFAULT mode.
2026-02-09 16:27:57.265 [restartedMain] INFO  o.s.d.r.config.RepositoryConfigurationDelegate - Finished Spring Data repository scanning in 69 ms. Found 0 JDBC repository interfaces.
2026-02-09 16:27:57.277 [restartedMain] INFO  o.s.d.r.config.RepositoryConfigurationDelegate - Multiple Spring Data modules found, entering strict repository configuration mode
2026-02-09 16:27:57.279 [restartedMain] INFO  o.s.d.r.config.RepositoryConfigurationDelegate - Bootstrapping Spring Data Redis repositories in DEFAULT mode.
2026-02-09 16:27:57.297 [restartedMain] INFO  o.s.d.r.config.RepositoryConfigurationDelegate - Finished Spring Data repository scanning in 8 ms. Found 0 Redis repository interfaces.
2026-02-09 16:27:57.467 [restartedMain] INFO  o.s.i.c.DefaultConfiguringBeanFactoryPostProcessor - No bean named 'errorChannel' has been explicitly defined. Therefore, a default PublishSubscribeChannel will be created.
2026-02-09 16:27:57.476 [restartedMain] INFO  o.s.i.c.DefaultConfiguringBeanFactoryPostProcessor - No bean named 'integrationHeaderChannelRegistry' has been explicitly defined. Therefore, a default DefaultHeaderChannelRegistry will be created.
2026-02-09 16:27:58.177 [restartedMain] INFO  io.undertow.servlet - Initializing Spring embedded WebApplicationContext
2026-02-09 16:27:58.178 [restartedMain] INFO  o.s.b.w.s.c.ServletWebServerApplicationContext - Root WebApplicationContext: initialization completed in 1950 ms
2026-02-09 16:27:58.345 [restartedMain] DEBUG c.b.m.e.spring.MybatisSqlSessionFactoryBean - Registered plugin: 'com.baomidou.mybatisplus.extension.plugins.MybatisPlusInterceptor@74e60b54'
2026-02-09 16:27:58.347 [restartedMain] DEBUG c.b.m.e.spring.MybatisSqlSessionFactoryBean - Property 'mapperLocations' was not specified.
2026-02-09 16:28:00.113 [restartedMain] INFO  org.bem.iot.media.context.MediaServerContext - 【MediaServer】HTTP流媒体服务启动：成功，端口：7080
2026-02-09 16:28:00.114 [restartedMain] INFO  org.bem.iot.media.context.MediaServerContext - 【MediaServer】RTSP流媒体服务启动：成功，端口：7554
2026-02-09 16:28:00.115 [restartedMain] INFO  org.bem.iot.media.context.MediaServerContext - 【MediaServer】RTMP流媒体服务启动：成功，端口：7935
2026-02-09 16:28:00.116 [restartedMain] INFO  org.bem.iot.media.context.MediaServerContext - 【MediaServer】RTC流媒体服务启动：成功，端口：8000
2026-02-09 16:28:00.117 [restartedMain] INFO  org.bem.iot.media.context.MediaServerContext - 【MediaServer】初始化MediaServer程序成功
2026-02-09 16:28:00.967 [restartedMain] INFO  org.bem.iot.mqtt.config.MqttConfig - 订阅主题: warn_topic
2026-02-09 16:28:00.967 [restartedMain] INFO  org.bem.iot.mqtt.config.MqttConfig - 订阅主题: sensor_data
2026-02-09 16:28:00.968 [restartedMain] INFO  org.bem.iot.mqtt.config.MqttConfig - 订阅主题: device_status
2026-02-09 16:28:00.968 [restartedMain] INFO  org.bem.iot.mqtt.config.MqttConfig - 订阅主题: #
2026-02-09 16:28:00.969 [restartedMain] INFO  org.bem.iot.mqtt.config.MqttConfig - 已成功连接到MQTT服务器并订阅主题
2026-02-09 16:28:01.709 [restartedMain] INFO  com.zaxxer.hikari.HikariDataSource - HikariPool-1 - Starting...
2026-02-09 16:28:12.774 [restartedMain] ERROR com.zaxxer.hikari.pool.HikariPool - HikariPool-1 - Exception during pool initialization.
org.postgresql.util.PSQLException: 尝试连线已失败。
	at org.postgresql.core.v3.ConnectionFactoryImpl.openConnectionImpl(ConnectionFactoryImpl.java:354)
	at org.postgresql.core.ConnectionFactory.openConnection(ConnectionFactory.java:54)
	at org.postgresql.jdbc.PgConnection.<init>(PgConnection.java:263)
	at org.postgresql.Driver.makeConnection(Driver.java:443)
	at org.postgresql.Driver.connect(Driver.java:297)
	at com.zaxxer.hikari.util.DriverDataSource.getConnection(DriverDataSource.java:138)
	at com.zaxxer.hikari.pool.PoolBase.newConnection(PoolBase.java:359)
	at com.zaxxer.hikari.pool.PoolBase.newPoolEntry(PoolBase.java:201)
	at com.zaxxer.hikari.pool.HikariPool.createPoolEntry(HikariPool.java:470)
	at com.zaxxer.hikari.pool.HikariPool.checkFailFast(HikariPool.java:561)
	at com.zaxxer.hikari.pool.HikariPool.<init>(HikariPool.java:100)
	at com.zaxxer.hikari.HikariDataSource.getConnection(HikariDataSource.java:112)
	at org.springframework.jdbc.datasource.DataSourceUtils.fetchConnection(DataSourceUtils.java:160)
	at org.springframework.jdbc.datasource.DataSourceUtils.doGetConnection(DataSourceUtils.java:118)
	at org.springframework.jdbc.datasource.DataSourceUtils.getConnection(DataSourceUtils.java:81)
	at org.springframework.jdbc.core.JdbcTemplate.execute(JdbcTemplate.java:342)
	at org.springframework.data.jdbc.repository.config.DialectResolver$DefaultDialectProvider.getDialect(DialectResolver.java:108)
	at org.springframework.data.jdbc.repository.config.DialectResolver.lambda$getDialect$0(DialectResolver.java:78)
	at java.base/java.util.stream.ReferencePipeline$3$1.accept(ReferencePipeline.java:197)
	at java.base/java.util.ArrayList$ArrayListSpliterator.tryAdvance(ArrayList.java:1602)
	at java.base/java.util.stream.ReferencePipeline.forEachWithCancel(ReferencePipeline.java:129)
	at java.base/java.util.stream.AbstractPipeline.copyIntoWithCancel(AbstractPipeline.java:527)
	at java.base/java.util.stream.AbstractPipeline.copyInto(AbstractPipeline.java:513)
	at java.base/java.util.stream.AbstractPipeline.wrapAndCopyInto(AbstractPipeline.java:499)
	at java.base/java.util.stream.FindOps$FindOp.evaluateSequential(FindOps.java:150)
	at java.base/java.util.stream.AbstractPipeline.evaluate(AbstractPipeline.java:234)
	at java.base/java.util.stream.ReferencePipeline.findFirst(ReferencePipeline.java:647)
	at org.springframework.data.jdbc.repository.config.DialectResolver.getDialect(DialectResolver.java:80)
	at org.springframework.data.jdbc.repository.config.AbstractJdbcConfiguration.jdbcDialect(AbstractJdbcConfiguration.java:227)
	at org.springframework.boot.autoconfigure.data.jdbc.JdbcRepositoriesAutoConfiguration$SpringBootJdbcConfiguration.jdbcDialect(JdbcRepositoriesAutoConfiguration.java:144)
	at java.base/jdk.internal.reflect.NativeMethodAccessorImpl.invoke0(Native Method)
	at java.base/jdk.internal.reflect.NativeMethodAccessorImpl.invoke(NativeMethodAccessorImpl.java:77)
	at java.base/jdk.internal.reflect.DelegatingMethodAccessorImpl.invoke(DelegatingMethodAccessorImpl.java:43)
	at java.base/java.lang.reflect.Method.invoke(Method.java:569)
	at org.springframework.beans.factory.support.SimpleInstantiationStrategy.instantiate(SimpleInstantiationStrategy.java:140)
	at org.springframework.beans.factory.support.ConstructorResolver.instantiate(ConstructorResolver.java:647)
	at org.springframework.beans.factory.support.ConstructorResolver.instantiateUsingFactoryMethod(ConstructorResolver.java:639)
	at org.springframework.beans.factory.support.AbstractAutowireCapableBeanFactory.instantiateUsingFactoryMethod(AbstractAutowireCapableBeanFactory.java:1335)
	at org.springframework.beans.factory.support.AbstractAutowireCapableBeanFactory.createBeanInstance(AbstractAutowireCapableBeanFactory.java:1165)
	at org.springframework.beans.factory.support.AbstractAutowireCapableBeanFactory.doCreateBean(AbstractAutowireCapableBeanFactory.java:562)
	at org.springframework.beans.factory.support.AbstractAutowireCapableBeanFactory.createBean(AbstractAutowireCapableBeanFactory.java:522)
	at org.springframework.beans.factory.support.AbstractBeanFactory.lambda$doGetBean$0(AbstractBeanFactory.java:325)
	at org.springframework.beans.factory.support.DefaultSingletonBeanRegistry.getSingleton(DefaultSingletonBeanRegistry.java:234)
	at org.springframework.beans.factory.support.AbstractBeanFactory.doGetBean(AbstractBeanFactory.java:323)
	at org.springframework.beans.factory.support.AbstractBeanFactory.getBean(AbstractBeanFactory.java:224)
	at org.springframework.beans.factory.support.DefaultListableBeanFactory.resolveNamedBean(DefaultListableBeanFactory.java:1323)
	at org.springframework.beans.factory.support.DefaultListableBeanFactory.resolveNamedBean(DefaultListableBeanFactory.java:1284)
	at org.springframework.beans.factory.support.DefaultListableBeanFactory.resolveBean(DefaultListableBeanFactory.java:486)
	at org.springframework.beans.factory.support.DefaultListableBeanFactory.getBean(DefaultListableBeanFactory.java:341)
	at org.springframework.beans.factory.support.DefaultListableBeanFactory.getBean(DefaultListableBeanFactory.java:334)
	at org.springframework.context.support.AbstractApplicationContext.getBean(AbstractApplicationContext.java:1249)
	at org.springframework.data.jdbc.repository.config.AbstractJdbcConfiguration.jdbcCustomConversions(AbstractJdbcConfiguration.java:154)
	at org.springframework.boot.autoconfigure.data.jdbc.JdbcRepositoriesAutoConfiguration$SpringBootJdbcConfiguration.jdbcCustomConversions(JdbcRepositoriesAutoConfiguration.java:121)
	at java.base/jdk.internal.reflect.NativeMethodAccessorImpl.invoke0(Native Method)
	at java.base/jdk.internal.reflect.NativeMethodAccessorImpl.invoke(NativeMethodAccessorImpl.java:77)
	at java.base/jdk.internal.reflect.DelegatingMethodAccessorImpl.invoke(DelegatingMethodAccessorImpl.java:43)
	at java.base/java.lang.reflect.Method.invoke(Method.java:569)
	at org.springframework.beans.factory.support.SimpleInstantiationStrategy.instantiate(SimpleInstantiationStrategy.java:140)
	at org.springframework.beans.factory.support.ConstructorResolver.instantiate(ConstructorResolver.java:647)
	at org.springframework.beans.factory.support.ConstructorResolver.instantiateUsingFactoryMethod(ConstructorResolver.java:485)
	at org.springframework.beans.factory.support.AbstractAutowireCapableBeanFactory.instantiateUsingFactoryMethod(AbstractAutowireCapableBeanFactory.java:1335)
	at org.springframework.beans.factory.support.AbstractAutowireCapableBeanFactory.createBeanInstance(AbstractAutowireCapableBeanFactory.java:1165)
	at org.springframework.beans.factory.support.AbstractAutowireCapableBeanFactory.doCreateBean(AbstractAutowireCapableBeanFactory.java:562)
	at org.springframework.beans.factory.support.AbstractAutowireCapableBeanFactory.createBean(AbstractAutowireCapableBeanFactory.java:522)
	at org.springframework.beans.factory.support.AbstractBeanFactory.lambda$doGetBean$0(AbstractBeanFactory.java:325)
	at org.springframework.beans.factory.support.DefaultSingletonBeanRegistry.getSingleton(DefaultSingletonBeanRegistry.java:234)
	at org.springframework.beans.factory.support.AbstractBeanFactory.doGetBean(AbstractBeanFactory.java:323)
	at org.springframework.beans.factory.support.AbstractBeanFactory.getBean(AbstractBeanFactory.java:199)
	at org.springframework.beans.factory.config.DependencyDescriptor.resolveCandidate(DependencyDescriptor.java:254)
	at org.springframework.beans.factory.support.DefaultListableBeanFactory.doResolveDependency(DefaultListableBeanFactory.java:1443)
	at org.springframework.beans.factory.support.DefaultListableBeanFactory.resolveDependency(DefaultListableBeanFactory.java:1353)
	at org.springframework.beans.factory.support.ConstructorResolver.resolveAutowiredArgument(ConstructorResolver.java:907)
	at org.springframework.beans.factory.support.ConstructorResolver.createArgumentArray(ConstructorResolver.java:785)
	at org.springframework.beans.factory.support.ConstructorResolver.instantiateUsingFactoryMethod(ConstructorResolver.java:542)
	at org.springframework.beans.factory.support.AbstractAutowireCapableBeanFactory.instantiateUsingFactoryMethod(AbstractAutowireCapableBeanFactory.java:1335)
	at org.springframework.beans.factory.support.AbstractAutowireCapableBeanFactory.createBeanInstance(AbstractAutowireCapableBeanFactory.java:1165)
	at org.springframework.beans.factory.support.AbstractAutowireCapableBeanFactory.doCreateBean(AbstractAutowireCapableBeanFactory.java:562)
	at org.springframework.beans.factory.support.AbstractAutowireCapableBeanFactory.createBean(AbstractAutowireCapableBeanFactory.java:522)
	at org.springframework.beans.factory.support.AbstractBeanFactory.lambda$doGetBean$0(AbstractBeanFactory.java:325)
	at org.springframework.beans.factory.support.DefaultSingletonBeanRegistry.getSingleton(DefaultSingletonBeanRegistry.java:234)
	at org.springframework.beans.factory.support.AbstractBeanFactory.doGetBean(AbstractBeanFactory.java:323)
	at org.springframework.beans.factory.support.AbstractBeanFactory.getBean(AbstractBeanFactory.java:199)
	at org.springframework.beans.factory.support.DefaultListableBeanFactory.preInstantiateSingletons(DefaultListableBeanFactory.java:975)
	at org.springframework.context.support.AbstractApplicationContext.finishBeanFactoryInitialization(AbstractApplicationContext.java:959)
	at org.springframework.context.support.AbstractApplicationContext.refresh(AbstractApplicationContext.java:624)
	at org.springframework.boot.web.servlet.context.ServletWebServerApplicationContext.refresh(ServletWebServerApplicationContext.java:146)
	at org.springframework.boot.SpringApplication.refresh(SpringApplication.java:754)
	at org.springframework.boot.SpringApplication.refreshContext(SpringApplication.java:456)
	at org.springframework.boot.SpringApplication.run(SpringApplication.java:334)
	at org.springframework.boot.SpringApplication.run(SpringApplication.java:1354)
	at org.springframework.boot.SpringApplication.run(SpringApplication.java:1343)
	at org.bem.iot.BemiotApplication.main(BemiotApplication.java:17)
	at java.base/jdk.internal.reflect.NativeMethodAccessorImpl.invoke0(Native Method)
	at java.base/jdk.internal.reflect.NativeMethodAccessorImpl.invoke(NativeMethodAccessorImpl.java:77)
	at java.base/jdk.internal.reflect.DelegatingMethodAccessorImpl.invoke(DelegatingMethodAccessorImpl.java:43)
	at java.base/java.lang.reflect.Method.invoke(Method.java:569)
	at org.springframework.boot.devtools.restart.RestartLauncher.run(RestartLauncher.java:50)
Caused by: java.net.SocketTimeoutException: Connect timed out
	at java.base/sun.nio.ch.NioSocketImpl.timedFinishConnect(NioSocketImpl.java:551)
	at java.base/sun.nio.ch.NioSocketImpl.connect(NioSocketImpl.java:602)
	at java.base/java.net.SocksSocketImpl.connect(SocksSocketImpl.java:327)
	at java.base/java.net.Socket.connect(Socket.java:633)
	at org.postgresql.core.PGStream.createSocket(PGStream.java:243)
	at org.postgresql.core.PGStream.<init>(PGStream.java:98)
	at org.postgresql.core.v3.ConnectionFactoryImpl.tryConnect(ConnectionFactoryImpl.java:132)
	at org.postgresql.core.v3.ConnectionFactoryImpl.openConnectionImpl(ConnectionFactoryImpl.java:258)
	... 96 common frames omitted
2026-02-09 16:28:12.784 [restartedMain] WARN  o.s.b.w.s.c.AnnotationConfigServletWebServerApplicationContext - Exception encountered during context initialization - cancelling refresh attempt: org.springframework.beans.factory.UnsatisfiedDependencyException: Error creating bean with name 'jdbcMappingContext' defined in class path resource [org/springframework/boot/autoconfigure/data/jdbc/JdbcRepositoriesAutoConfiguration$SpringBootJdbcConfiguration.class]: Unsatisfied dependency expressed through method 'jdbcMappingContext' parameter 1: Error creating bean with name 'jdbcCustomConversions' defined in class path resource [org/springframework/boot/autoconfigure/data/jdbc/JdbcRepositoriesAutoConfiguration$SpringBootJdbcConfiguration.class]: Failed to instantiate [org.springframework.data.jdbc.core.convert.JdbcCustomConversions]: Factory method 'jdbcCustomConversions' threw exception with message: Error creating bean with name 'jdbcDialect' defined in class path resource [org/springframework/boot/autoconfigure/data/jdbc/JdbcRepositoriesAutoConfiguration$SpringBootJdbcConfiguration.class]: Failed to instantiate [org.springframework.data.relational.core.dialect.Dialect]: Factory method 'jdbcDialect' threw exception with message: Failed to obtain JDBC Connection
2026-02-09 16:28:12.792 [restartedMain] INFO  org.bem.iot.media.context.MediaServerContext - 【MediaServer】关闭所有流媒体服务
